[2025-10-06 01:15:07.985] <Wally>    (in) : name
[2025-10-06 01:15:07.986] <Wally>    (in) : version
[2025-10-06 01:15:07.986] <Wally>    (in) : protocol_version
[2025-10-06 01:15:07.986] <Wally>    (in) : list_commands
[2025-10-06 01:15:07.987] <Wally>  (meta) : Engine Started
[2025-10-06 01:15:08.012] <Wally>   (err) :   File "/Users/soohyukyoon/SooGo/Wally.py", line 340
[2025-10-06 01:15:08.013] <Wally>   (err) :     def evaluate(color)
[2025-10-06 01:15:08.013] <Wally>   (err) :                        ^
[2025-10-06 01:15:08.013] <Wally>   (err) : SyntaxError: expected ':'
[2025-10-06 01:15:08.020] <Wally>  (meta) : Engine Stopped
[2025-10-06 01:15:08.021] <Wally>  (meta) : Connection Failed
[2025-10-06 01:15:08.021] <Wally>  (meta) : Connection Failed
[2025-10-06 01:15:08.022] <Wally>  (meta) : Connection Failed
[2025-10-06 01:15:08.022] <Wally>  (meta) : Connection Failed
[2025-10-06 01:15:24.094] <Wally 2>    (in) : name
[2025-10-06 01:15:24.094] <Wally 2>    (in) : version
[2025-10-06 01:15:24.094] <Wally 2>    (in) : protocol_version
[2025-10-06 01:15:24.095] <Wally 2>    (in) : list_commands
[2025-10-06 01:15:24.095] <Wally 2>  (meta) : Engine Started
[2025-10-06 01:15:24.221] <Wally 2>   (out) : = Wally
[2025-10-06 01:15:24.221] <Wally 2>   (out) : 
[2025-10-06 01:15:24.221] <Wally 2>   (out) : = 1.0 
[2025-10-06 01:15:24.222] <Wally 2>   (out) : 
[2025-10-06 01:15:24.222] <Wally 2>   (out) : = 1
[2025-10-06 01:15:24.222] <Wally 2>   (out) : 
[2025-10-06 01:15:24.222] <Wally 2>   (out) : = protocol_version
[2025-10-06 01:15:24.222] <Wally 2>   (out) : 
[2025-10-06 01:15:29.644] <Wally 2>    (in) : komi 6.5
[2025-10-06 01:15:29.677] <Wally 2>   (out) : =
[2025-10-06 01:15:29.677] <Wally 2>   (out) : 
[2025-10-06 01:15:29.683] <Wally 2>    (in) : boardsize 9
[2025-10-06 01:15:29.690] <Wally 2>   (out) : =
[2025-10-06 01:15:29.690] <Wally 2>   (out) : 
[2025-10-06 01:15:29.698] <Wally 2>    (in) : clear_board
[2025-10-06 01:15:29.698] <Wally 2>    (in) : play B G7
[2025-10-06 01:15:29.708] <Wally 2>   (out) : =
[2025-10-06 01:15:29.708] <Wally 2>   (out) : 
[2025-10-06 01:15:29.708] <Wally 2>   (out) : =
[2025-10-06 01:15:29.708] <Wally 2>   (out) : 
[2025-10-06 01:15:29.718] <Wally 2>    (in) : genmove W
[2025-10-06 01:15:29.723] <Wally 2>   (out) : = G8
[2025-10-06 01:15:29.723] <Wally 2>   (out) : 
[2025-10-06 01:15:31.593] <Wally 2>    (in) : play B D7
[2025-10-06 01:15:31.600] <Wally 2>   (out) : =
[2025-10-06 01:15:31.600] <Wally 2>   (out) : 
[2025-10-06 01:15:31.606] <Wally 2>    (in) : genmove W
[2025-10-06 01:15:31.614] <Wally 2>   (out) : = B8
[2025-10-06 01:15:31.615] <Wally 2>   (out) : 
[2025-10-06 01:15:32.621] <Wally 2>    (in) : play B C8
[2025-10-06 01:15:32.629] <Wally 2>   (out) : =
[2025-10-06 01:15:32.629] <Wally 2>   (out) : 
[2025-10-06 01:15:32.634] <Wally 2>    (in) : genmove W
[2025-10-06 01:15:32.639] <Wally 2>   (out) : = F6
[2025-10-06 01:15:32.640] <Wally 2>   (out) : 
[2025-10-06 01:15:33.806] <Wally 2>    (in) : play B F7
[2025-10-06 01:15:33.813] <Wally 2>   (out) : =
[2025-10-06 01:15:33.813] <Wally 2>   (out) : 
[2025-10-06 01:15:33.817] <Wally 2>    (in) : genmove W
[2025-10-06 01:15:33.823] <Wally 2>   (out) : = B4
[2025-10-06 01:15:33.823] <Wally 2>   (out) : 
[2025-10-06 01:15:34.961] <Wally 2>    (in) : play B C4
[2025-10-06 01:15:34.970] <Wally 2>   (out) : =
[2025-10-06 01:15:34.970] <Wally 2>   (out) : 
[2025-10-06 01:15:34.974] <Wally 2>    (in) : genmove W
[2025-10-06 01:15:34.978] <Wally 2>   (out) : = A8
[2025-10-06 01:15:34.979] <Wally 2>   (out) : 
[2025-10-06 01:15:39.363] <Wally 2>    (in) : play B G3
[2025-10-06 01:15:39.370] <Wally 2>   (out) : =
[2025-10-06 01:15:39.371] <Wally 2>   (out) : 
[2025-10-06 01:15:39.374] <Wally 2>    (in) : genmove W
[2025-10-06 01:15:39.379] <Wally 2>   (out) : = E3
[2025-10-06 01:15:39.379] <Wally 2>   (out) : 
[2025-10-06 01:15:42.019] <Wally 2>    (in) : play B E2
[2025-10-06 01:15:42.027] <Wally 2>   (out) : =
[2025-10-06 01:15:42.027] <Wally 2>   (out) : 
[2025-10-06 01:15:42.031] <Wally 2>    (in) : genmove W
[2025-10-06 01:15:42.036] <Wally 2>   (out) : = H1
[2025-10-06 01:15:42.036] <Wally 2>   (out) : 
[2025-10-06 01:15:43.309] <Wally 2>    (in) : play B G1
[2025-10-06 01:15:43.316] <Wally 2>   (out) : =
[2025-10-06 01:15:43.316] <Wally 2>   (out) : 
[2025-10-06 01:15:43.320] <Wally 2>    (in) : genmove W
[2025-10-06 01:15:43.327] <Wally 2>   (out) : = D4
[2025-10-06 01:15:43.327] <Wally 2>   (out) : 
[2025-10-06 01:15:47.531] <Wally 2>    (in) : play B J9
[2025-10-06 01:15:47.539] <Wally 2>   (out) : =
[2025-10-06 01:15:47.539] <Wally 2>   (out) : 
[2025-10-06 01:15:47.543] <Wally 2>    (in) : genmove W
[2025-10-06 01:15:47.548] <Wally 2>   (out) : = C2
[2025-10-06 01:15:47.548] <Wally 2>   (out) : 
[2025-10-06 01:15:50.876] <Wally 2>    (in) : play B D3
[2025-10-06 01:15:50.884] <Wally 2>   (out) : =
[2025-10-06 01:15:50.884] <Wally 2>   (out) : 
[2025-10-06 01:15:50.888] <Wally 2>    (in) : genmove W
[2025-10-06 01:15:50.893] <Wally 2>   (out) : = H2
[2025-10-06 01:15:50.893] <Wally 2>   (out) : 
[2025-10-06 01:15:52.600] <Wally 2>    (in) : play B J1
[2025-10-06 01:15:52.607] <Wally 2>   (out) : =
[2025-10-06 01:15:52.607] <Wally 2>   (out) : 
[2025-10-06 01:15:52.611] <Wally 2>    (in) : genmove W
[2025-10-06 01:15:52.617] <Wally 2>   (out) : = J2
[2025-10-06 01:15:52.617] <Wally 2>   (out) : 
[2025-10-06 01:15:52.624] <Wally 2>   (err) : best move
[2025-10-06 01:15:56.861] <Wally 2>    (in) : play B A9
[2025-10-06 01:15:56.869] <Wally 2>   (out) : =
[2025-10-06 01:15:56.869] <Wally 2>   (out) : 
[2025-10-06 01:15:56.873] <Wally 2>    (in) : genmove W
[2025-10-06 01:15:56.878] <Wally 2>   (out) : = B9
[2025-10-06 01:15:56.878] <Wally 2>   (out) : 
[2025-10-06 01:15:56.887] <Wally 2>   (err) : best move
[2025-10-06 01:16:03.245] <Wally 2>    (in) : play B E4
[2025-10-06 01:16:03.253] <Wally 2>   (out) : =
[2025-10-06 01:16:03.254] <Wally 2>   (out) : 
[2025-10-06 01:16:03.258] <Wally 2>    (in) : genmove W
[2025-10-06 01:16:03.263] <Wally 2>   (out) : = D5
[2025-10-06 01:16:03.264] <Wally 2>   (out) : 
[2025-10-06 01:16:03.272] <Wally 2>   (err) : best move
[2025-10-06 01:16:06.836] <Wally 2>    (in) : play B F4
[2025-10-06 01:16:06.845] <Wally 2>   (out) : =
[2025-10-06 01:16:06.845] <Wally 2>   (out) : 
[2025-10-06 01:16:06.849] <Wally 2>    (in) : genmove W
[2025-10-06 01:16:06.854] <Wally 2>   (out) : = D2
[2025-10-06 01:16:06.854] <Wally 2>   (out) : 
[2025-10-06 01:16:10.071] <Wally 2>    (in) : play B B3
[2025-10-06 01:16:10.078] <Wally 2>   (out) : =
[2025-10-06 01:16:10.078] <Wally 2>   (out) : 
[2025-10-06 01:16:10.082] <Wally 2>    (in) : genmove W
[2025-10-06 01:16:10.088] <Wally 2>   (out) : = C3
[2025-10-06 01:16:10.088] <Wally 2>   (out) : 
[2025-10-06 01:16:10.095] <Wally 2>   (err) : best move
[2025-10-06 01:16:13.631] <Wally 2>    (in) : play B A4
[2025-10-06 01:16:13.642] <Wally 2>   (out) : =
[2025-10-06 01:16:13.642] <Wally 2>   (out) : 
[2025-10-06 01:16:13.646] <Wally 2>    (in) : genmove W
[2025-10-06 01:16:13.652] <Wally 2>   (out) : = C5
[2025-10-06 01:16:13.652] <Wally 2>   (out) : 
[2025-10-06 01:16:13.662] <Wally 2>   (err) : best move
[2025-10-06 01:16:16.063] <Wally 2>    (in) : play B A5
[2025-10-06 01:16:16.071] <Wally 2>   (out) : =
[2025-10-06 01:16:16.072] <Wally 2>   (out) : 
[2025-10-06 01:16:16.076] <Wally 2>    (in) : genmove W
[2025-10-06 01:16:16.083] <Wally 2>   (out) : = F8
[2025-10-06 01:16:16.083] <Wally 2>   (out) : 
[2025-10-06 01:16:17.232] <Wally 2>    (in) : play B B5
[2025-10-06 01:16:17.240] <Wally 2>   (out) : =
[2025-10-06 01:16:17.240] <Wally 2>   (out) : 
[2025-10-06 01:16:17.244] <Wally 2>    (in) : genmove W
[2025-10-06 01:16:17.250] <Wally 2>   (out) : = C4
[2025-10-06 01:16:17.250] <Wally 2>   (out) : 
[2025-10-06 01:16:17.257] <Wally 2>   (err) : best move
