[2025-10-05 15:20:59.821] <Wally>    (in) : name
[2025-10-05 15:20:59.823] <Wally>    (in) : version
[2025-10-05 15:20:59.823] <Wally>    (in) : protocol_version
[2025-10-05 15:20:59.823] <Wally>    (in) : list_commands
[2025-10-05 15:20:59.823] <Wally>  (meta) : Engine Started
[2025-10-05 15:20:59.898] <Wally>   (out) : = Wally
[2025-10-05 15:20:59.898] <Wally>   (out) : 
[2025-10-05 15:20:59.899] <Wally>   (out) : = 1.0 
[2025-10-05 15:20:59.899] <Wally>   (out) : 
[2025-10-05 15:20:59.899] <Wally>   (out) : = 1
[2025-10-05 15:20:59.899] <Wally>   (out) : 
[2025-10-05 15:20:59.899] <Wally>   (out) : = protocol_version
[2025-10-05 15:20:59.899] <Wally>   (out) : 
[2025-10-05 15:21:13.815] <Wally>    (in) : komi 6.5
[2025-10-05 15:21:13.837] <Wally>   (out) : =
[2025-10-05 15:21:13.838] <Wally>   (out) : 
[2025-10-05 15:21:13.846] <Wally>    (in) : boardsize 9
[2025-10-05 15:21:13.854] <Wally>   (out) : =
[2025-10-05 15:21:15.255] <Wally>    (in) : protocol_version
[2025-10-05 15:21:15.272] <Wally>   (out) : = 1
[2025-10-05 15:21:15.273] <Wally>   (out) : 
[2025-10-05 15:21:15.281] <Wally>    (in) : clear_board
[2025-10-05 15:21:15.282] <Wally>    (in) : play B E7
[2025-10-05 15:21:15.282] <Wally>    (in) : play W E5
[2025-10-05 15:21:15.282] <Wally>    (in) : play B G5
[2025-10-05 15:21:15.283] <Wally>    (in) : play W D6
[2025-10-05 15:21:15.283] <Wally>    (in) : play B C7
[2025-10-05 15:21:15.295] <Wally>   (out) : =
[2025-10-05 15:21:15.296] <Wally>   (out) : 
[2025-10-05 15:21:15.296] <Wally>   (out) : =
[2025-10-05 15:21:15.296] <Wally>   (out) : 
[2025-10-05 15:21:15.296] <Wally>   (out) : =
[2025-10-05 15:21:15.297] <Wally>   (out) : 
[2025-10-05 15:21:15.297] <Wally>   (out) : =
[2025-10-05 15:21:15.297] <Wally>   (out) : 
[2025-10-05 15:21:15.297] <Wally>   (out) : =
[2025-10-05 15:21:15.297] <Wally>   (out) : 
[2025-10-05 15:21:15.297] <Wally>   (out) : =
[2025-10-05 15:21:15.298] <Wally>   (out) : 
[2025-10-05 15:24:11.591] <Wally>    (in) : quit
[2025-10-05 15:24:11.635] <Wally>  (meta) : Engine Stopped
[2025-10-05 15:24:11.641] <Wally>  (meta) : Connection Failed
[2025-10-05 15:24:11.641] <Wally>  (meta) : Connection Failed
[2025-10-05 15:24:11.758] <Wally>    (in) : name
[2025-10-05 15:24:11.759] <Wally>    (in) : version
[2025-10-05 15:24:11.759] <Wally>    (in) : protocol_version
[2025-10-05 15:24:11.759] <Wally>    (in) : list_commands
[2025-10-05 15:24:11.760] <Wally>  (meta) : Engine Started
[2025-10-05 15:24:11.760] <Wally>    (in) : komi 6.5
[2025-10-05 15:24:12.952] <Wally>   (out) : = Wally
[2025-10-05 15:24:12.953] <Wally>   (out) : 
[2025-10-05 15:24:12.953] <Wally>   (out) : = 1.0 
[2025-10-05 15:24:12.953] <Wally>   (out) : 
[2025-10-05 15:24:12.953] <Wally>   (out) : = 1
[2025-10-05 15:24:12.954] <Wally>   (out) : 
[2025-10-05 15:24:12.954] <Wally>   (out) : = protocol_version
[2025-10-05 15:24:12.954] <Wally>   (out) : 
[2025-10-05 15:24:12.954] <Wally>   (out) : =
[2025-10-05 15:24:12.954] <Wally>   (out) : 
[2025-10-05 15:24:12.965] <Wally>    (in) : boardsize 9
[2025-10-05 15:24:12.975] <Wally>   (out) : =
[2025-10-05 15:24:12.975] <Wally>   (out) : 
[2025-10-05 15:24:12.980] <Wally>    (in) : clear_board
[2025-10-05 15:24:12.981] <Wally>    (in) : play B E7
[2025-10-05 15:24:12.981] <Wally>    (in) : play W E5
[2025-10-05 15:24:12.981] <Wally>    (in) : play B G5
[2025-10-05 15:24:12.981] <Wally>    (in) : play W D6
[2025-10-05 15:24:12.981] <Wally>    (in) : play B C7
[2025-10-05 15:24:12.981] <Wally>    (in) : play W D7
[2025-10-05 15:24:12.981] <Wally>    (in) : play B F6
[2025-10-05 15:24:12.990] <Wally>   (out) : =
[2025-10-05 15:24:12.991] <Wally>   (out) : 
[2025-10-05 15:24:12.991] <Wally>   (out) : =
[2025-10-05 15:24:12.991] <Wally>   (out) : 
[2025-10-05 15:24:12.991] <Wally>   (out) : =
[2025-10-05 15:24:12.991] <Wally>   (out) : 
[2025-10-05 15:24:12.991] <Wally>   (out) : =
[2025-10-05 15:24:12.991] <Wally>   (out) : 
[2025-10-05 15:24:12.991] <Wally>   (out) : =
[2025-10-05 15:24:12.991] <Wally>   (out) : 
[2025-10-05 15:24:12.991] <Wally>   (out) : =
[2025-10-05 15:24:12.992] <Wally>   (out) : 
[2025-10-05 15:24:12.992] <Wally>   (out) : =
[2025-10-05 15:24:12.992] <Wally>   (out) : 
[2025-10-05 15:24:12.992] <Wally>   (out) : =
[2025-10-05 15:24:12.992] <Wally>   (out) : 
[2025-10-05 15:24:12.998] <Wally>    (in) : genmove W
[2025-10-05 15:24:13.001] <Wally>   (out) : = E2
[2025-10-05 15:24:13.001] <Wally>   (out) : 
[2025-10-05 15:24:14.307] <Wally>    (in) : quit
[2025-10-05 15:24:14.332] <Wally>  (meta) : Engine Stopped
[2025-10-05 15:24:14.343] <Wally>  (meta) : Connection Failed
[2025-10-05 15:24:21.567] <Wally>    (in) : name
[2025-10-05 15:24:21.568] <Wally>    (in) : version
[2025-10-05 15:24:21.568] <Wally>    (in) : protocol_version
[2025-10-05 15:24:21.568] <Wally>    (in) : list_commands
[2025-10-05 15:24:21.568] <Wally>  (meta) : Engine Started
[2025-10-05 15:24:21.645] <Wally>   (out) : = Wally
[2025-10-05 15:24:21.646] <Wally>   (out) : 
[2025-10-05 15:24:21.646] <Wally>   (out) : = 1.0 
[2025-10-05 15:24:21.646] <Wally>   (out) : 
[2025-10-05 15:24:21.646] <Wally>   (out) : = 1
[2025-10-05 15:24:21.646] <Wally>   (out) : 
[2025-10-05 15:24:21.646] <Wally>   (out) : = protocol_version
[2025-10-05 15:24:21.646] <Wally>   (out) : 
[2025-10-05 15:24:25.680] <Wally>    (in) : komi 6.5
[2025-10-05 15:24:25.700] <Wally>   (out) : =
[2025-10-05 15:24:25.700] <Wally>   (out) : 
[2025-10-05 15:24:25.708] <Wally>    (in) : boardsize 9
[2025-10-05 15:24:25.717] <Wally>   (out) : =
[2025-10-05 15:24:25.717] <Wally>   (out) : 
[2025-10-05 15:24:25.723] <Wally>    (in) : clear_board
[2025-10-05 15:24:25.723] <Wally>    (in) : play B E7
[2025-10-05 15:24:25.730] <Wally>   (out) : =
[2025-10-05 15:24:25.731] <Wally>   (out) : 
[2025-10-05 15:24:25.731] <Wally>   (out) : =
[2025-10-05 15:24:25.731] <Wally>   (out) : 
[2025-10-05 15:24:25.736] <Wally>    (in) : genmove W
[2025-10-05 15:24:25.742] <Wally>   (out) : = E2
[2025-10-05 15:24:25.742] <Wally>   (out) : 
[2025-10-05 15:28:53.498] <Wally>    (in) : showboard
[2025-10-05 15:28:53.523] <Wally>   (out) : =
[2025-10-05 15:28:53.524] <Wally>   (out) :     a b c d e f g h j
[2025-10-05 15:28:53.524] <Wally>   (out) :  1  . . . . . . . . .   
[2025-10-05 15:28:53.524] <Wally>   (out) :  2  . . . . . . . . .   
[2025-10-05 15:28:53.524] <Wally>   (out) :  3  . . . . . . . . .   
[2025-10-05 15:28:53.524] <Wally>   (out) :  4  . . . . . . . . .   
[2025-10-05 15:28:53.525] <Wally>   (out) :  5  . . . . . . . . .   
[2025-10-05 15:28:53.525] <Wally>   (out) :  6  . . . . . . . . .   
[2025-10-05 15:28:53.525] <Wally>   (out) :  7  . . . . . . . . .   
[2025-10-05 15:28:53.525] <Wally>   (out) :  8  . . . . . . . . .   
[2025-10-05 15:28:53.525] <Wally>   (out) :  9  . . . . . . . . .   
[2025-10-05 15:28:53.526] <Wally>   (out) :                       
[2025-10-05 15:29:34.799] <Wally>    (in) : protocol_version
[2025-10-05 15:29:34.829] <Wally>   (out) : = 1
[2025-10-05 15:29:34.830] <Wally>   (out) : 
[2025-10-05 15:29:34.843] <Wally>    (in) : play B G5
[2025-10-05 15:29:34.862] <Wally>   (out) : =
[2025-10-05 15:29:34.863] <Wally>   (out) : 
[2025-10-05 15:29:37.954] <Wally>    (in) : protocol_version
[2025-10-05 15:29:37.967] <Wally>   (out) : = 1
[2025-10-05 15:29:37.968] <Wally>   (out) : 
[2025-10-05 15:29:37.975] <Wally>    (in) : showboard
[2025-10-05 15:29:37.981] <Wally>    (in) : protocol_version
[2025-10-05 15:29:37.989] <Wally>   (out) : =
[2025-10-05 15:29:37.989] <Wally>   (out) :     a b c d e f g h j
[2025-10-05 15:29:37.989] <Wally>   (out) :  1  . . . . . . . . .   
[2025-10-05 15:29:37.989] <Wally>   (out) :  2  . . . . . . . . .   
[2025-10-05 15:29:37.989] <Wally>   (out) :  3  . . . . . . . . .   
[2025-10-05 15:29:37.993] <Wally>   (out) :  4  . . . . . . . . .   
[2025-10-05 15:29:37.993] <Wally>   (out) :  5  . . . . . . . . .   
[2025-10-05 15:29:37.993] <Wally>   (out) :  6  . . . . . . . . .   
[2025-10-05 15:29:37.993] <Wally>   (out) :  7  . . . . . . . . .   
[2025-10-05 15:29:37.993] <Wally>   (out) :  8  . . . . . . . . .   
[2025-10-05 15:29:37.993] <Wally>   (out) :  9  . . . . . . . . .   
[2025-10-05 15:29:37.994] <Wally>   (out) :                       
[2025-10-05 15:29:37.994] <Wally>   (out) : = 1
[2025-10-05 15:29:37.994] <Wally>   (out) : 
[2025-10-05 15:29:42.853] <Wally>    (in) : protocol_version
[2025-10-05 15:29:42.865] <Wally>   (out) : = 1
[2025-10-05 15:29:42.865] <Wally>   (out) : 
[2025-10-05 15:29:42.872] <Wally>    (in) : genmove W
[2025-10-05 15:29:42.883] <Wally>   (out) : = E2
[2025-10-05 15:29:42.884] <Wally>   (out) : 
[2025-10-05 15:29:45.375] <Wally>    (in) : protocol_version
[2025-10-05 15:29:45.388] <Wally>   (out) : = 1
[2025-10-05 15:29:45.388] <Wally>   (out) : 
[2025-10-05 15:29:49.574] <Wally>    (in) : protocol_version
[2025-10-05 15:29:49.585] <Wally>   (out) : = 1
[2025-10-05 15:29:49.586] <Wally>   (out) : 
[2025-10-05 15:29:49.594] <Wally>    (in) : clearboard
[2025-10-05 15:29:49.615] <Wally>   (out) : =
[2025-10-05 15:29:49.615] <Wally>   (out) : 
[2025-10-05 15:30:02.945] <Wally>    (in) : quit
[2025-10-05 15:30:02.975] <Wally>  (meta) : Engine Stopped
[2025-10-05 15:30:02.979] <Wally>  (meta) : Connection Failed
[2025-10-05 15:30:02.980] <Wally>  (meta) : Connection Failed
[2025-10-05 15:30:02.981] <Wally>  (meta) : Connection Failed
[2025-10-05 15:30:03.091] <Wally>    (in) : name
[2025-10-05 15:30:03.091] <Wally>    (in) : version
[2025-10-05 15:30:03.092] <Wally>    (in) : protocol_version
[2025-10-05 15:30:03.092] <Wally>    (in) : list_commands
[2025-10-05 15:30:03.092] <Wally>  (meta) : Engine Started
[2025-10-05 15:30:03.092] <Wally>    (in) : clear_board
[2025-10-05 15:30:03.105] <Wally>  (meta) : Engine Stopped
[2025-10-05 15:30:03.105] <Wally>  (meta) : Connection Failed
[2025-10-05 15:30:03.106] <Wally>  (meta) : Connection Failed
[2025-10-05 15:30:03.106] <Wally>  (meta) : Connection Failed
[2025-10-05 15:30:03.106] <Wally>  (meta) : Connection Failed
[2025-10-05 15:30:03.106] <Wally>  (meta) : Connection Failed
[2025-10-05 15:30:03.220] <Wally>    (in) : name
[2025-10-05 15:30:03.220] <Wally>    (in) : version
[2025-10-05 15:30:03.221] <Wally>    (in) : protocol_version
[2025-10-05 15:30:03.221] <Wally>    (in) : list_commands
[2025-10-05 15:30:03.221] <Wally>  (meta) : Engine Started
[2025-10-05 15:30:03.221] <Wally>    (in) : showboard
[2025-10-05 15:30:03.344] <Wally>   (out) : = Wally
[2025-10-05 15:30:03.344] <Wally>   (out) : 
[2025-10-05 15:30:03.344] <Wally>   (out) : = 1.0 
[2025-10-05 15:30:03.344] <Wally>   (out) : 
[2025-10-05 15:30:03.344] <Wally>   (out) : = 1
[2025-10-05 15:30:03.345] <Wally>   (out) : 
[2025-10-05 15:30:03.345] <Wally>   (out) : = protocol_version
[2025-10-05 15:30:03.345] <Wally>   (out) : 
[2025-10-05 15:30:03.345] <Wally>   (out) : =
[2025-10-05 15:30:03.345] <Wally>   (out) : 
[2025-10-05 15:30:04.101] <Wally>    (in) : quit
[2025-10-05 15:30:04.122] <Wally>  (meta) : Engine Stopped
[2025-10-05 15:30:04.130] <Wally>  (meta) : Connection Failed
[2025-10-05 15:30:06.390] <Wally>    (in) : name
[2025-10-05 15:30:06.390] <Wally>    (in) : version
[2025-10-05 15:30:06.390] <Wally>    (in) : protocol_version
[2025-10-05 15:30:06.390] <Wally>    (in) : list_commands
[2025-10-05 15:30:06.390] <Wally>  (meta) : Engine Started
[2025-10-05 15:30:06.442] <Wally>   (out) : = Wally
[2025-10-05 15:30:06.442] <Wally>   (out) : 
[2025-10-05 15:30:06.442] <Wally>   (out) : = 1.0 
[2025-10-05 15:30:06.442] <Wally>   (out) : 
[2025-10-05 15:30:06.442] <Wally>   (out) : = 1
[2025-10-05 15:30:06.442] <Wally>   (out) : 
[2025-10-05 15:30:06.442] <Wally>   (out) : = protocol_version
[2025-10-05 15:30:06.443] <Wally>   (out) : 
[2025-10-05 15:30:09.965] <Wally>    (in) : komi 6.5
[2025-10-05 15:30:09.986] <Wally>   (out) : =
[2025-10-05 15:30:09.986] <Wally>   (out) : 
[2025-10-05 15:30:09.993] <Wally>    (in) : boardsize 9
[2025-10-05 15:30:10.003] <Wally>   (out) : =
[2025-10-05 15:30:10.003] <Wally>   (out) : 
[2025-10-05 15:30:10.012] <Wally>    (in) : clear_board
[2025-10-05 15:30:10.012] <Wally>    (in) : play B E7
[2025-10-05 15:30:10.013] <Wally>    (in) : play W E2
[2025-10-05 15:30:10.013] <Wally>    (in) : play B G5
[2025-10-05 15:30:10.013] <Wally>    (in) : play W D5
[2025-10-05 15:30:10.013] <Wally>    (in) : play B E5
[2025-10-05 15:30:10.022] <Wally>   (out) : =
[2025-10-05 15:30:10.022] <Wally>   (out) : 
[2025-10-05 15:30:10.022] <Wally>   (out) : =
[2025-10-05 15:30:10.022] <Wally>   (out) : 
[2025-10-05 15:30:10.022] <Wally>   (out) : =
[2025-10-05 15:30:10.023] <Wally>   (out) : 
[2025-10-05 15:30:10.023] <Wally>   (out) : =
[2025-10-05 15:30:10.023] <Wally>   (out) : 
[2025-10-05 15:30:10.023] <Wally>   (out) : =
[2025-10-05 15:30:10.024] <Wally>   (out) : 
[2025-10-05 15:30:10.024] <Wally>   (out) : =
[2025-10-05 15:30:10.025] <Wally>   (out) : 
[2025-10-05 15:30:10.031] <Wally>    (in) : genmove W
[2025-10-05 15:30:10.037] <Wally>   (out) : = E2
[2025-10-05 15:30:10.037] <Wally>   (out) : 
[2025-10-05 15:30:13.994] <Wally>    (in) : showboard
[2025-10-05 15:30:14.002] <Wally>   (out) : =
[2025-10-05 15:30:14.002] <Wally>   (out) : 
[2025-10-05 15:30:16.547] <Wally>    (in) : clear_board
[2025-10-05 15:30:16.560] <Wally>   (out) : =
[2025-10-05 15:30:16.560] <Wally>   (out) : 
[2025-10-05 15:30:26.986] <Wally>    (in) : showboard
[2025-10-05 15:30:26.999] <Wally>   (out) : =
[2025-10-05 15:30:27.000] <Wally>   (out) : 
[2025-10-05 15:30:37.296] <Wally>    (in) : quit
[2025-10-05 15:30:37.316] <Wally>  (meta) : Engine Stopped
[2025-10-05 15:30:37.317] <Wally>  (meta) : Connection Failed
[2025-10-05 15:30:40.838] <Wally>    (in) : name
[2025-10-05 15:30:40.838] <Wally>    (in) : version
[2025-10-05 15:30:40.838] <Wally>    (in) : protocol_version
[2025-10-05 15:30:40.838] <Wally>    (in) : list_commands
[2025-10-05 15:30:40.839] <Wally>  (meta) : Engine Started
[2025-10-05 15:30:40.935] <Wally>   (out) : = Wally
[2025-10-05 15:30:40.935] <Wally>   (out) : 
[2025-10-05 15:30:40.935] <Wally>   (out) : = 1.0 
[2025-10-05 15:30:40.935] <Wally>   (out) : 
[2025-10-05 15:30:40.935] <Wally>   (out) : = 1
[2025-10-05 15:30:40.935] <Wally>   (out) : 
[2025-10-05 15:30:40.935] <Wally>   (out) : = protocol_version
[2025-10-05 15:30:40.935] <Wally>   (out) : 
[2025-10-05 15:30:43.453] <Wally>    (in) : komi 6.5
[2025-10-05 15:30:43.466] <Wally>   (out) : =
[2025-10-05 15:30:43.466] <Wally>   (out) : 
[2025-10-05 15:30:43.471] <Wally>    (in) : boardsize 9
[2025-10-05 15:30:43.482] <Wally>   (out) : =
[2025-10-05 15:30:43.482] <Wally>   (out) : 
[2025-10-05 15:30:43.489] <Wally>    (in) : clear_board
[2025-10-05 15:30:43.490] <Wally>    (in) : play B E7
[2025-10-05 15:30:43.490] <Wally>    (in) : play W E2
[2025-10-05 15:30:43.490] <Wally>    (in) : play B G5
[2025-10-05 15:30:43.491] <Wally>    (in) : play W D5
[2025-10-05 15:30:43.491] <Wally>    (in) : play B E5
[2025-10-05 15:30:43.491] <Wally>    (in) : play B C6
[2025-10-05 15:30:43.505] <Wally>   (out) : =
[2025-10-05 15:30:43.506] <Wally>   (out) : 
[2025-10-05 15:30:43.506] <Wally>   (out) : =
[2025-10-05 15:30:43.507] <Wally>   (out) : 
[2025-10-05 15:30:43.507] <Wally>   (out) : =
[2025-10-05 15:30:43.507] <Wally>   (out) : 
[2025-10-05 15:30:43.507] <Wally>   (out) : =
[2025-10-05 15:30:43.507] <Wally>   (out) : 
[2025-10-05 15:30:43.507] <Wally>   (out) : =
[2025-10-05 15:30:43.507] <Wally>   (out) : 
[2025-10-05 15:30:43.509] <Wally>   (out) : =
[2025-10-05 15:30:43.509] <Wally>   (out) : 
[2025-10-05 15:30:43.510] <Wally>   (out) : =
[2025-10-05 15:30:43.510] <Wally>   (out) : 
[2025-10-05 15:30:43.523] <Wally>    (in) : genmove W
[2025-10-05 15:30:43.536] <Wally>   (out) : = E2
[2025-10-05 15:30:43.537] <Wally>   (out) : 
[2025-10-05 15:30:45.932] <Wally>    (in) : showboard
[2025-10-05 15:30:45.946] <Wally>   (out) : =
[2025-10-05 15:30:45.946] <Wally>   (out) : 
[2025-10-05 15:30:49.187] <Wally>    (in) : clear_board
[2025-10-05 15:30:49.200] <Wally>   (out) : =
[2025-10-05 15:30:49.200] <Wally>   (out) : 
[2025-10-05 15:30:56.329] <Wally>    (in) : quit
[2025-10-05 15:30:56.371] <Wally>  (meta) : Engine Stopped
[2025-10-05 15:30:56.372] <Wally>  (meta) : Connection Failed
[2025-10-05 15:30:59.617] <Wally>    (in) : name
[2025-10-05 15:30:59.618] <Wally>    (in) : version
[2025-10-05 15:30:59.618] <Wally>    (in) : protocol_version
[2025-10-05 15:30:59.618] <Wally>    (in) : list_commands
[2025-10-05 15:30:59.618] <Wally>  (meta) : Engine Started
[2025-10-05 15:30:59.695] <Wally>   (out) : = Wally
[2025-10-05 15:30:59.695] <Wally>   (out) : 
[2025-10-05 15:30:59.695] <Wally>   (out) : = 1.0 
[2025-10-05 15:30:59.695] <Wally>   (out) : 
[2025-10-05 15:30:59.696] <Wally>   (out) : = 1
[2025-10-05 15:30:59.696] <Wally>   (out) : 
[2025-10-05 15:30:59.696] <Wally>   (out) : = protocol_version
[2025-10-05 15:30:59.696] <Wally>   (out) : 
[2025-10-05 15:31:02.588] <Wally>    (in) : komi 6.5
[2025-10-05 15:31:02.609] <Wally>   (out) : =
[2025-10-05 15:31:02.609] <Wally>   (out) : 
[2025-10-05 15:31:02.618] <Wally>    (in) : boardsize 9
[2025-10-05 15:31:02.627] <Wally>   (out) : =
[2025-10-05 15:31:02.627] <Wally>   (out) : 
[2025-10-05 15:31:02.633] <Wally>    (in) : clear_board
[2025-10-05 15:31:02.634] <Wally>    (in) : play B E7
[2025-10-05 15:31:02.634] <Wally>    (in) : play W E2
[2025-10-05 15:31:02.634] <Wally>    (in) : play B G5
[2025-10-05 15:31:02.634] <Wally>    (in) : play W D5
[2025-10-05 15:31:02.634] <Wally>    (in) : play B E5
[2025-10-05 15:31:02.635] <Wally>    (in) : play B C6
[2025-10-05 15:31:02.635] <Wally>    (in) : play B G4
[2025-10-05 15:31:02.646] <Wally>   (out) : =
[2025-10-05 15:31:02.647] <Wally>   (out) : 
[2025-10-05 15:31:02.647] <Wally>   (out) : =
[2025-10-05 15:31:02.647] <Wally>   (out) : 
[2025-10-05 15:31:02.647] <Wally>   (out) : =
[2025-10-05 15:31:02.648] <Wally>   (out) : 
[2025-10-05 15:31:02.648] <Wally>   (out) : =
[2025-10-05 15:31:02.648] <Wally>   (out) : 
[2025-10-05 15:31:02.648] <Wally>   (out) : =
[2025-10-05 15:31:02.649] <Wally>   (out) : 
[2025-10-05 15:31:02.649] <Wally>   (out) : =
[2025-10-05 15:31:02.649] <Wally>   (out) : 
[2025-10-05 15:31:02.649] <Wally>   (out) : =
[2025-10-05 15:31:02.649] <Wally>   (out) : 
[2025-10-05 15:31:02.649] <Wally>   (out) : =
[2025-10-05 15:31:02.649] <Wally>   (out) : 
[2025-10-05 15:31:02.655] <Wally>    (in) : genmove W
[2025-10-05 15:31:02.659] <Wally>   (out) : = E2
[2025-10-05 15:31:02.659] <Wally>   (out) : 
[2025-10-05 15:31:04.895] <Wally>    (in) : showboard
[2025-10-05 15:31:04.909] <Wally>   (out) : =
[2025-10-05 15:31:04.910] <Wally>   (out) : 
[2025-10-05 15:31:06.463] <Wally>    (in) : safj;lkasdjfl;kasdj l;fk
[2025-10-05 15:31:06.468] <Wally>   (out) : =
[2025-10-05 15:31:06.468] <Wally>   (out) : 
