[2025-10-05 12:37:14.832] <Wally>    (in) : name
[2025-10-05 12:37:14.843] <Wally>    (in) : version
[2025-10-05 12:37:14.844] <Wally>    (in) : protocol_version
[2025-10-05 12:37:14.851] <Wally>    (in) : list_commands
[2025-10-05 12:37:14.852] <Wally>  (meta) : Engine Started
[2025-10-05 12:37:15.103] <Wally>   (out) : = Wally
[2025-10-05 12:37:15.107] <Wally>   (out) : 
[2025-10-05 12:37:15.108] <Wally>   (out) : = 1.0 
[2025-10-05 12:37:15.108] <Wally>   (out) : 
[2025-10-05 12:37:15.108] <Wally>   (out) : = 1
[2025-10-05 12:37:15.109] <Wally>   (out) : 
[2025-10-05 12:37:15.109] <Wally>   (out) : = protocol_version
[2025-10-05 12:37:15.109] <Wally>   (out) : 
[2025-10-05 12:37:20.271] <Wally>    (in) : komi 6.5
[2025-10-05 12:37:20.333] <Wally>   (out) : =
[2025-10-05 12:37:20.333] <Wally>   (out) : 
[2025-10-05 12:37:20.341] <Wally>    (in) : boardsize 9
[2025-10-05 12:37:20.350] <Wally>   (out) : =
[2025-10-05 12:37:20.350] <Wally>   (out) : 
[2025-10-05 12:37:20.358] <Wally>    (in) : clear_board
[2025-10-05 12:37:20.359] <Wally>    (in) : play B E5
[2025-10-05 12:37:20.373] <Wally>   (out) : =
[2025-10-05 12:37:20.373] <Wally>   (out) : 
[2025-10-05 12:37:20.374] <Wally>   (out) : =
[2025-10-05 12:37:20.374] <Wally>   (out) : 
[2025-10-05 12:37:20.380] <Wally>    (in) : genmove W
[2025-10-05 12:37:20.387] <Wally>   (out) : = E2
[2025-10-05 12:37:20.387] <Wally>   (out) : 
[2025-10-05 12:39:54.470] <Wally>    (in) : quit
[2025-10-05 12:39:54.509] <Wally>  (meta) : Engine Stopped
[2025-10-05 12:39:54.517] <Wally>  (meta) : Connection Failed
[2025-10-05 12:40:06.951] <Wally>    (in) : name
[2025-10-05 12:40:06.952] <Wally>    (in) : version
[2025-10-05 12:40:06.952] <Wally>    (in) : protocol_version
[2025-10-05 12:40:06.953] <Wally>    (in) : list_commands
[2025-10-05 12:40:06.953] <Wally>  (meta) : Engine Started
[2025-10-05 12:40:07.110] <Wally>   (out) : = Wally
[2025-10-05 12:40:07.110] <Wally>   (out) : 
[2025-10-05 12:40:07.110] <Wally>   (out) : = 1.0 
[2025-10-05 12:40:07.110] <Wally>   (out) : 
[2025-10-05 12:40:07.110] <Wally>   (out) : = 1
[2025-10-05 12:40:07.111] <Wally>   (out) : 
[2025-10-05 12:40:07.111] <Wally>   (out) : = protocol_version
[2025-10-05 12:40:07.111] <Wally>   (out) : 
[2025-10-05 12:40:12.587] <Wally>    (in) : komi 6.5
[2025-10-05 12:40:12.609] <Wally>   (out) : =
[2025-10-05 12:40:12.610] <Wally>   (out) : 
[2025-10-05 12:40:12.617] <Wally>    (in) : boardsize 9
[2025-10-05 12:40:12.625] <Wally>   (out) : =
[2025-10-05 12:40:12.625] <Wally>   (out) : 
[2025-10-05 12:40:12.631] <Wally>    (in) : clear_board
[2025-10-05 12:40:12.631] <Wally>    (in) : play B E5
[2025-10-05 12:40:12.639] <Wally>   (out) : =
[2025-10-05 12:40:12.639] <Wally>   (out) : 
[2025-10-05 12:40:12.639] <Wally>   (out) : =
[2025-10-05 12:40:12.639] <Wally>   (out) : 
[2025-10-05 12:40:12.646] <Wally>    (in) : genmove W
[2025-10-05 12:40:12.652] <Wally>   (out) : = E2
[2025-10-05 12:40:12.652] <Wally>   (out) : 
[2025-10-05 12:40:16.048] <Wally>    (in) : showboard
[2025-10-05 12:40:16.064] <Wally>   (out) : =
[2025-10-05 12:40:16.064] <Wally>   (out) : 
[2025-10-05 12:42:25.424] <Wally>    (in) : quit
[2025-10-05 12:42:25.456] <Wally>  (meta) : Engine Stopped
[2025-10-05 12:42:25.457] <Wally>  (meta) : Connection Failed
[2025-10-05 12:44:03.515] <Wally>    (in) : name
[2025-10-05 12:44:03.515] <Wally>    (in) : version
[2025-10-05 12:44:03.515] <Wally>    (in) : protocol_version
[2025-10-05 12:44:03.516] <Wally>    (in) : list_commands
[2025-10-05 12:44:03.516] <Wally>  (meta) : Engine Started
[2025-10-05 12:44:03.629] <Wally>   (out) : = Wally
[2025-10-05 12:44:03.629] <Wally>   (out) : 
[2025-10-05 12:44:03.629] <Wally>   (out) : = 1.0 
[2025-10-05 12:44:03.629] <Wally>   (out) : 
[2025-10-05 12:44:03.629] <Wally>   (out) : = 1
[2025-10-05 12:44:03.629] <Wally>   (out) : 
[2025-10-05 12:44:03.629] <Wally>   (out) : = protocol_version
[2025-10-05 12:44:03.630] <Wally>   (out) : 
[2025-10-05 12:44:10.597] <Wally>    (in) : komi 6.5
[2025-10-05 12:44:10.618] <Wally>   (out) : =
[2025-10-05 12:44:10.619] <Wally>   (out) : 
[2025-10-05 12:44:10.627] <Wally>    (in) : boardsize 9
[2025-10-05 12:44:10.636] <Wally>   (out) : =
[2025-10-05 12:44:10.636] <Wally>   (out) : 
[2025-10-05 12:44:10.641] <Wally>    (in) : clear_board
[2025-10-05 12:44:10.642] <Wally>    (in) : play B E7
[2025-10-05 12:44:10.642] <Wally>    (in) : play W E5
[2025-10-05 12:44:10.642] <Wally>    (in) : play B G5
[2025-10-05 12:44:10.650] <Wally>   (out) : =
[2025-10-05 12:44:10.651] <Wally>   (out) : 
[2025-10-05 12:44:10.651] <Wally>   (out) : =
[2025-10-05 12:44:10.651] <Wally>   (out) : 
[2025-10-05 12:44:10.651] <Wally>   (out) : =
[2025-10-05 12:44:10.651] <Wally>   (out) : 
[2025-10-05 12:44:10.652] <Wally>   (out) : =
[2025-10-05 12:44:10.652] <Wally>   (out) : 
[2025-10-05 12:44:10.657] <Wally>    (in) : genmove W
[2025-10-05 12:44:10.665] <Wally>   (out) : = E2
[2025-10-05 12:44:10.665] <Wally>   (out) : 
[2025-10-05 12:44:14.499] <Wally>    (in) : showboard
[2025-10-05 12:44:14.511] <Wally>   (out) : =
[2025-10-05 12:44:14.511] <Wally>   (out) : 
[2025-10-05 12:46:28.764] <Wally>    (in) : quit
[2025-10-05 12:46:28.798] <Wally>  (meta) : Engine Stopped
[2025-10-05 12:46:28.799] <Wally>  (meta) : Connection Failed
[2025-10-05 12:46:35.297] <Wally>    (in) : name
[2025-10-05 12:46:35.298] <Wally>    (in) : version
[2025-10-05 12:46:35.298] <Wally>    (in) : protocol_version
[2025-10-05 12:46:35.298] <Wally>    (in) : list_commands
[2025-10-05 12:46:35.299] <Wally>  (meta) : Engine Started
[2025-10-05 12:46:35.419] <Wally>   (out) : = Wally
[2025-10-05 12:46:35.420] <Wally>   (out) : 
[2025-10-05 12:46:35.420] <Wally>   (out) : = 1.0 
[2025-10-05 12:46:35.420] <Wally>   (out) : 
[2025-10-05 12:46:35.420] <Wally>   (out) : = 1
[2025-10-05 12:46:35.420] <Wally>   (out) : 
[2025-10-05 12:46:35.420] <Wally>   (out) : = protocol_version
[2025-10-05 12:46:35.420] <Wally>   (out) : 
[2025-10-05 12:46:38.602] <Wally>    (in) : komi 6.5
[2025-10-05 12:46:38.623] <Wally>   (out) : =
[2025-10-05 12:46:38.624] <Wally>   (out) : 
[2025-10-05 12:46:38.631] <Wally>    (in) : boardsize 9
[2025-10-05 12:46:38.643] <Wally>   (out) : =
[2025-10-05 12:46:38.644] <Wally>   (out) : 
[2025-10-05 12:46:38.651] <Wally>    (in) : clear_board
[2025-10-05 12:46:38.652] <Wally>    (in) : play B E5
[2025-10-05 12:46:38.662] <Wally>   (out) : =
[2025-10-05 12:46:38.662] <Wally>   (out) : 
[2025-10-05 12:46:38.663] <Wally>   (out) : =
[2025-10-05 12:46:38.663] <Wally>   (out) : 
[2025-10-05 12:46:38.668] <Wally>    (in) : genmove W
[2025-10-05 12:46:38.673] <Wally>   (out) : = E2
[2025-10-05 12:46:38.673] <Wally>   (out) : 
[2025-10-05 12:46:42.351] <Wally>    (in) : showboard
[2025-10-05 12:46:42.365] <Wally>   (out) : =
[2025-10-05 12:46:42.365] <Wally>   (out) : 
[2025-10-05 12:49:05.392] <Wally>    (in) : quit
[2025-10-05 12:49:05.412] <Wally>  (meta) : Engine Stopped
[2025-10-05 12:49:05.413] <Wally>  (meta) : Connection Failed
[2025-10-05 12:49:09.034] <Wally>    (in) : name
[2025-10-05 12:49:09.034] <Wally>    (in) : version
[2025-10-05 12:49:09.035] <Wally>    (in) : protocol_version
[2025-10-05 12:49:09.035] <Wally>    (in) : list_commands
[2025-10-05 12:49:09.035] <Wally>  (meta) : Engine Started
[2025-10-05 12:49:09.144] <Wally>   (out) : = Wally
[2025-10-05 12:49:09.144] <Wally>   (out) : 
[2025-10-05 12:49:09.144] <Wally>   (out) : = 1.0 
[2025-10-05 12:49:09.145] <Wally>   (out) : 
[2025-10-05 12:49:09.145] <Wally>   (out) : = 1
[2025-10-05 12:49:09.145] <Wally>   (out) : 
[2025-10-05 12:49:09.145] <Wally>   (out) : = protocol_version
[2025-10-05 12:49:09.145] <Wally>   (out) : 
[2025-10-05 12:49:15.807] <Wally>    (in) : komi 6.5
[2025-10-05 12:49:15.830] <Wally>   (out) : =
[2025-10-05 12:49:15.831] <Wally>   (out) : 
[2025-10-05 12:49:15.840] <Wally>    (in) : boardsize 9
[2025-10-05 12:49:15.848] <Wally>   (out) : =
[2025-10-05 12:49:15.848] <Wally>   (out) : 
[2025-10-05 12:49:15.854] <Wally>    (in) : clear_board
[2025-10-05 12:49:15.854] <Wally>    (in) : play B E5
[2025-10-05 12:49:15.854] <Wally>    (in) : play W E4
[2025-10-05 12:49:15.854] <Wally>    (in) : play B F4
[2025-10-05 12:49:15.862] <Wally>   (out) : =
[2025-10-05 12:49:15.862] <Wally>   (out) : 
[2025-10-05 12:49:15.862] <Wally>   (out) : =
[2025-10-05 12:49:15.862] <Wally>   (out) : 
[2025-10-05 12:49:15.862] <Wally>   (out) : =
[2025-10-05 12:49:15.863] <Wally>   (out) : 
[2025-10-05 12:49:15.863] <Wally>   (out) : =
[2025-10-05 12:49:15.863] <Wally>   (out) : 
[2025-10-05 12:49:15.870] <Wally>    (in) : genmove W
[2025-10-05 12:49:15.874] <Wally>   (out) : = E2
[2025-10-05 12:49:15.875] <Wally>   (out) : 
[2025-10-05 12:49:18.667] <Wally>    (in) : showboard
[2025-10-05 12:49:18.679] <Wally>   (out) : =
[2025-10-05 12:49:18.680] <Wally>   (out) : 
[2025-10-05 12:49:35.782] <Wally>    (in) : quit
[2025-10-05 12:49:35.801] <Wally>  (meta) : Engine Stopped
[2025-10-05 12:49:35.802] <Wally>  (meta) : Connection Failed
[2025-10-05 12:49:38.421] <Wally>    (in) : name
[2025-10-05 12:49:38.422] <Wally>    (in) : version
[2025-10-05 12:49:38.422] <Wally>    (in) : protocol_version
[2025-10-05 12:49:38.422] <Wally>    (in) : list_commands
[2025-10-05 12:49:38.423] <Wally>  (meta) : Engine Started
[2025-10-05 12:49:38.532] <Wally>   (out) : = Wally
[2025-10-05 12:49:38.532] <Wally>   (out) : 
[2025-10-05 12:49:38.532] <Wally>   (out) : = 1.0 
[2025-10-05 12:49:38.532] <Wally>   (out) : 
[2025-10-05 12:49:38.532] <Wally>   (out) : = 1
[2025-10-05 12:49:38.532] <Wally>   (out) : 
[2025-10-05 12:49:38.533] <Wally>   (out) : = protocol_version
[2025-10-05 12:49:38.533] <Wally>   (out) : 
[2025-10-05 12:49:42.485] <Wally>    (in) : komi 6.5
[2025-10-05 12:49:42.505] <Wally>   (out) : =
[2025-10-05 12:49:42.505] <Wally>   (out) : 
[2025-10-05 12:49:42.513] <Wally>    (in) : boardsize 9
[2025-10-05 12:49:42.521] <Wally>   (out) : =
[2025-10-05 12:49:42.521] <Wally>   (out) : 
[2025-10-05 12:49:42.527] <Wally>    (in) : clear_board
[2025-10-05 12:49:42.527] <Wally>    (in) : play B E5
[2025-10-05 12:49:42.534] <Wally>   (out) : =
[2025-10-05 12:49:42.534] <Wally>   (out) : 
[2025-10-05 12:49:42.535] <Wally>   (out) : =
[2025-10-05 12:49:42.535] <Wally>   (out) : 
[2025-10-05 12:49:42.541] <Wally>    (in) : genmove W
[2025-10-05 12:49:42.546] <Wally>   (out) : = E2
[2025-10-05 12:49:42.546] <Wally>   (out) : 
[2025-10-05 12:49:46.105] <Wally>    (in) : showboard
[2025-10-05 12:49:46.121] <Wally>   (out) : =
[2025-10-05 12:49:46.121] <Wally>   (out) : 
