[2025-10-05 19:10:01.382] <Wally>    (in) : name
[2025-10-05 19:10:01.384] <Wally>    (in) : version
[2025-10-05 19:10:01.384] <Wally>    (in) : protocol_version
[2025-10-05 19:10:01.384] <Wally>    (in) : list_commands
[2025-10-05 19:10:01.385] <Wally>  (meta) : Engine Started
[2025-10-05 19:10:01.512] <Wally>   (out) : = Wally
[2025-10-05 19:10:01.513] <Wally>   (out) : 
[2025-10-05 19:10:01.513] <Wally>   (out) : = 1.0 
[2025-10-05 19:10:01.513] <Wally>   (out) : 
[2025-10-05 19:10:01.514] <Wally>   (out) : = 1
[2025-10-05 19:10:01.514] <Wally>   (out) : 
[2025-10-05 19:10:01.514] <Wally>   (out) : = protocol_version
[2025-10-05 19:10:01.514] <Wally>   (out) : 
[2025-10-05 19:10:03.472] <Wally>    (in) : komi 6.5
[2025-10-05 19:10:03.531] <Wally>   (out) : =
[2025-10-05 19:10:03.531] <Wally>   (out) : 
[2025-10-05 19:10:03.543] <Wally>    (in) : boardsize 13
[2025-10-05 19:10:03.560] <Wally>   (out) : =
[2025-10-05 19:10:03.561] <Wally>   (out) : 
[2025-10-05 19:10:03.585] <Wally>    (in) : clear_board
[2025-10-05 19:10:03.585] <Wally>    (in) : play B G8
[2025-10-05 19:10:03.599] <Wally>   (out) : =
[2025-10-05 19:10:03.599] <Wally>   (out) : 
[2025-10-05 19:10:03.599] <Wally>   (out) : =
[2025-10-05 19:10:03.600] <Wally>   (out) : 
[2025-10-05 19:10:03.608] <Wally>    (in) : genmove W
[2025-10-05 19:10:03.618] <Wally>   (out) : = D7
[2025-10-05 19:10:03.618] <Wally>   (out) : 
[2025-10-05 19:10:04.235] <Wally>    (in) : play B G6
[2025-10-05 19:10:04.254] <Wally>   (out) : =
[2025-10-05 19:10:04.254] <Wally>   (out) : 
[2025-10-05 19:10:04.262] <Wally>    (in) : genmove W
[2025-10-05 19:10:04.273] <Wally>   (out) : = XX
[2025-10-05 19:10:04.274] <Wally>   (out) : 
[2025-10-05 19:15:54.256] <Wally>    (in) : quit
[2025-10-05 19:15:54.313] <Wally>  (meta) : Engine Stopped
[2025-10-05 19:15:54.321] <Wally>  (meta) : Connection Failed
[2025-10-05 19:15:56.905] <Wally>    (in) : name
[2025-10-05 19:15:56.906] <Wally>    (in) : version
[2025-10-05 19:15:56.906] <Wally>    (in) : protocol_version
[2025-10-05 19:15:56.907] <Wally>    (in) : list_commands
[2025-10-05 19:15:56.907] <Wally>  (meta) : Engine Started
[2025-10-05 19:15:57.088] <Wally>   (out) : = Wally
[2025-10-05 19:15:57.088] <Wally>   (out) : 
[2025-10-05 19:15:57.088] <Wally>   (out) : = 1.0 
[2025-10-05 19:15:57.088] <Wally>   (out) : 
[2025-10-05 19:15:57.088] <Wally>   (out) : = 1
[2025-10-05 19:15:57.088] <Wally>   (out) : 
[2025-10-05 19:15:57.088] <Wally>   (out) : = protocol_version
[2025-10-05 19:15:57.089] <Wally>   (out) : 
[2025-10-05 19:16:03.384] <Wally>    (in) : komi 6.5
[2025-10-05 19:16:03.400] <Wally>   (out) : =
[2025-10-05 19:16:03.401] <Wally>   (out) : 
[2025-10-05 19:16:03.410] <Wally>    (in) : boardsize 13
[2025-10-05 19:16:03.422] <Wally>   (out) : =
[2025-10-05 19:16:03.424] <Wally>   (out) : 
[2025-10-05 19:16:03.435] <Wally>    (in) : clear_board
[2025-10-05 19:16:03.436] <Wally>    (in) : play B F7
[2025-10-05 19:16:03.436] <Wally>    (in) : play W L9
[2025-10-05 19:16:03.436] <Wally>    (in) : play B H7
[2025-10-05 19:16:03.454] <Wally>   (out) : =
[2025-10-05 19:16:03.454] <Wally>   (out) : 
[2025-10-05 19:16:03.454] <Wally>   (out) : =
[2025-10-05 19:16:03.454] <Wally>   (out) : 
[2025-10-05 19:16:03.454] <Wally>   (out) : =
[2025-10-05 19:16:03.455] <Wally>   (out) : 
[2025-10-05 19:16:03.455] <Wally>   (out) : =
[2025-10-05 19:16:03.455] <Wally>   (out) : 
[2025-10-05 19:16:03.464] <Wally>    (in) : genmove W
[2025-10-05 19:16:03.473] <Wally>   (out) : = M5
[2025-10-05 19:16:03.474] <Wally>   (out) : 
[2025-10-05 19:16:04.802] <Wally>    (in) : play B H10
[2025-10-05 19:16:04.817] <Wally>   (out) : =
[2025-10-05 19:16:04.817] <Wally>   (out) : 
[2025-10-05 19:16:04.827] <Wally>    (in) : genmove W
[2025-10-05 19:16:04.837] <Wally>   (out) : = L11
[2025-10-05 19:16:04.838] <Wally>   (out) : 
[2025-10-05 19:16:05.783] <Wally>    (in) : play B F4
[2025-10-05 19:16:05.800] <Wally>   (out) : =
[2025-10-05 19:16:05.800] <Wally>   (out) : 
[2025-10-05 19:16:05.808] <Wally>    (in) : genmove W
[2025-10-05 19:16:05.819] <Wally>   (out) : = A13
[2025-10-05 19:16:05.819] <Wally>   (out) : 
[2025-10-05 19:16:06.398] <Wally>    (in) : play B J3
[2025-10-05 19:16:06.414] <Wally>   (out) : =
[2025-10-05 19:16:06.415] <Wally>   (out) : 
[2025-10-05 19:16:06.423] <Wally>    (in) : genmove W
[2025-10-05 19:16:06.433] <Wally>   (out) : = F10
[2025-10-05 19:16:06.434] <Wally>   (out) : 
[2025-10-05 19:16:07.231] <Wally>    (in) : play B C7
[2025-10-05 19:16:07.248] <Wally>   (out) : =
[2025-10-05 19:16:07.248] <Wally>   (out) : 
[2025-10-05 19:16:07.256] <Wally>    (in) : genmove W
[2025-10-05 19:16:07.267] <Wally>   (out) : = F12
[2025-10-05 19:16:07.267] <Wally>   (out) : 
[2025-10-05 19:16:07.743] <Wally>    (in) : play B C4
[2025-10-05 19:16:07.760] <Wally>   (out) : =
[2025-10-05 19:16:07.760] <Wally>   (out) : 
[2025-10-05 19:16:07.768] <Wally>    (in) : genmove W
[2025-10-05 19:16:07.778] <Wally>   (out) : = H10
[2025-10-05 19:16:07.778] <Wally>   (out) : 
[2025-10-05 19:16:08.244] <Wally>    (in) : play W A13
[2025-10-05 19:16:08.244] <Wally>    (in) : play B C7
[2025-10-05 19:16:08.244] <Wally>    (in) : play B C4
[2025-10-05 19:16:08.245] <Wally>    (in) : play W F12
[2025-10-05 19:16:08.245] <Wally>    (in) : play W F10
[2025-10-05 19:16:08.245] <Wally>    (in) : play B F7
[2025-10-05 19:16:08.245] <Wally>    (in) : play B F4
[2025-10-05 19:16:08.245] <Wally>    (in) : play B G5
[2025-10-05 19:16:08.246] <Wally>    (in) : play W H10
[2025-10-05 19:16:08.246] <Wally>    (in) : play B H7
[2025-10-05 19:16:08.246] <Wally>    (in) : play B J3
[2025-10-05 19:16:08.246] <Wally>    (in) : play W L11
[2025-10-05 19:16:08.247] <Wally>    (in) : play W L9
[2025-10-05 19:16:08.247] <Wally>    (in) : play W M5
[2025-10-05 19:16:08.265] <Wally>   (out) : =
[2025-10-05 19:16:08.266] <Wally>   (out) : 
[2025-10-05 19:16:08.266] <Wally>   (out) : =
[2025-10-05 19:16:08.266] <Wally>   (out) : 
[2025-10-05 19:16:08.266] <Wally>   (out) : =
[2025-10-05 19:16:08.266] <Wally>   (out) : 
[2025-10-05 19:16:08.267] <Wally>   (out) : =
[2025-10-05 19:16:08.267] <Wally>   (out) : 
[2025-10-05 19:16:08.267] <Wally>   (out) : =
[2025-10-05 19:16:08.267] <Wally>   (out) : 
[2025-10-05 19:16:08.267] <Wally>   (out) : =
[2025-10-05 19:16:08.267] <Wally>   (out) : 
[2025-10-05 19:16:08.267] <Wally>   (out) : =
[2025-10-05 19:16:08.267] <Wally>   (out) : 
[2025-10-05 19:16:08.268] <Wally>   (out) : =
[2025-10-05 19:16:08.268] <Wally>   (out) : 
[2025-10-05 19:16:08.268] <Wally>   (out) : =
[2025-10-05 19:16:08.268] <Wally>   (out) : 
[2025-10-05 19:16:08.268] <Wally>   (out) : =
[2025-10-05 19:16:08.268] <Wally>   (out) : 
[2025-10-05 19:16:08.268] <Wally>   (out) : =
[2025-10-05 19:16:08.269] <Wally>   (out) : 
[2025-10-05 19:16:08.269] <Wally>   (out) : =
[2025-10-05 19:16:08.269] <Wally>   (out) : 
[2025-10-05 19:16:08.269] <Wally>   (out) : =
[2025-10-05 19:16:08.269] <Wally>   (out) : 
[2025-10-05 19:16:08.269] <Wally>   (out) : =
[2025-10-05 19:16:08.269] <Wally>   (out) : 
[2025-10-05 19:16:08.278] <Wally>    (in) : genmove W
[2025-10-05 19:16:08.290] <Wally>   (out) : = B1
[2025-10-05 19:16:08.290] <Wally>   (out) : 
[2025-10-05 19:16:08.762] <Wally>    (in) : play W A13
[2025-10-05 19:16:08.762] <Wally>    (in) : play W B1
[2025-10-05 19:16:08.762] <Wally>    (in) : play B C7
[2025-10-05 19:16:08.763] <Wally>    (in) : play B C4
[2025-10-05 19:16:08.763] <Wally>    (in) : play B D9
[2025-10-05 19:16:08.763] <Wally>    (in) : play W F12
[2025-10-05 19:16:08.763] <Wally>    (in) : play W F10
[2025-10-05 19:16:08.763] <Wally>    (in) : play B F7
[2025-10-05 19:16:08.764] <Wally>    (in) : play B F4
[2025-10-05 19:16:08.764] <Wally>    (in) : play B G5
[2025-10-05 19:16:08.765] <Wally>    (in) : play W H10
[2025-10-05 19:16:08.765] <Wally>    (in) : play B H7
[2025-10-05 19:16:08.766] <Wally>    (in) : play B J3
[2025-10-05 19:16:08.766] <Wally>    (in) : play W L11
[2025-10-05 19:16:08.766] <Wally>    (in) : play W L9
[2025-10-05 19:16:08.766] <Wally>    (in) : play W M5
[2025-10-05 19:16:08.786] <Wally>   (out) : =
[2025-10-05 19:16:08.786] <Wally>   (out) : 
[2025-10-05 19:16:08.786] <Wally>   (out) : =
[2025-10-05 19:16:08.786] <Wally>   (out) : 
[2025-10-05 19:16:08.786] <Wally>   (out) : =
[2025-10-05 19:16:08.787] <Wally>   (out) : 
[2025-10-05 19:16:08.787] <Wally>   (out) : =
[2025-10-05 19:16:08.787] <Wally>   (out) : 
[2025-10-05 19:16:08.787] <Wally>   (out) : =
[2025-10-05 19:16:08.787] <Wally>   (out) : 
[2025-10-05 19:16:08.787] <Wally>   (out) : =
[2025-10-05 19:16:08.787] <Wally>   (out) : 
[2025-10-05 19:16:08.787] <Wally>   (out) : =
[2025-10-05 19:16:08.788] <Wally>   (out) : 
[2025-10-05 19:16:08.788] <Wally>   (out) : =
[2025-10-05 19:16:08.788] <Wally>   (out) : 
[2025-10-05 19:16:08.788] <Wally>   (out) : =
[2025-10-05 19:16:08.788] <Wally>   (out) : 
[2025-10-05 19:16:08.788] <Wally>   (out) : =
[2025-10-05 19:16:08.789] <Wally>   (out) : 
[2025-10-05 19:16:08.789] <Wally>   (out) : =
[2025-10-05 19:16:08.789] <Wally>   (out) : 
[2025-10-05 19:16:08.789] <Wally>   (out) : =
[2025-10-05 19:16:08.789] <Wally>   (out) : 
[2025-10-05 19:16:08.789] <Wally>   (out) : =
[2025-10-05 19:16:08.789] <Wally>   (out) : 
[2025-10-05 19:16:08.789] <Wally>   (out) : =
[2025-10-05 19:16:08.790] <Wally>   (out) : 
[2025-10-05 19:16:08.790] <Wally>   (out) : =
[2025-10-05 19:16:08.790] <Wally>   (out) : 
[2025-10-05 19:16:08.790] <Wally>   (out) : =
[2025-10-05 19:16:08.790] <Wally>   (out) : 
[2025-10-05 19:16:08.800] <Wally>    (in) : genmove W
[2025-10-05 19:16:08.811] <Wally>   (out) : = XX
[2025-10-05 19:16:08.811] <Wally>   (out) : 
[2025-10-05 19:16:09.219] <Wally>    (in) : play W A13
[2025-10-05 19:16:09.220] <Wally>    (in) : play W B1
[2025-10-05 19:16:09.220] <Wally>    (in) : play B C7
[2025-10-05 19:16:09.220] <Wally>    (in) : play B C4
[2025-10-05 19:16:09.220] <Wally>    (in) : play B D9
[2025-10-05 19:16:09.221] <Wally>    (in) : play B E4
[2025-10-05 19:16:09.221] <Wally>    (in) : play W F12
[2025-10-05 19:16:09.221] <Wally>    (in) : play W F10
[2025-10-05 19:16:09.221] <Wally>    (in) : play B F7
[2025-10-05 19:16:09.221] <Wally>    (in) : play B F4
[2025-10-05 19:16:09.223] <Wally>    (in) : play B G5
[2025-10-05 19:16:09.223] <Wally>    (in) : play W H10
[2025-10-05 19:16:09.224] <Wally>    (in) : play B H7
[2025-10-05 19:16:09.224] <Wally>    (in) : play B J3
[2025-10-05 19:16:09.224] <Wally>    (in) : play W L11
[2025-10-05 19:16:09.224] <Wally>    (in) : play W L9
[2025-10-05 19:16:09.225] <Wally>    (in) : play W M5
[2025-10-05 19:16:09.244] <Wally>   (out) : =
[2025-10-05 19:16:09.244] <Wally>   (out) : 
[2025-10-05 19:16:09.244] <Wally>   (out) : =
[2025-10-05 19:16:09.244] <Wally>   (out) : 
[2025-10-05 19:16:09.244] <Wally>   (out) : =
[2025-10-05 19:16:09.245] <Wally>   (out) : 
[2025-10-05 19:16:09.245] <Wally>   (out) : =
[2025-10-05 19:16:09.245] <Wally>   (out) : 
[2025-10-05 19:16:09.245] <Wally>   (out) : =
[2025-10-05 19:16:09.245] <Wally>   (out) : 
[2025-10-05 19:16:09.245] <Wally>   (out) : =
[2025-10-05 19:16:09.245] <Wally>   (out) : 
[2025-10-05 19:16:09.246] <Wally>   (out) : =
[2025-10-05 19:16:09.246] <Wally>   (out) : 
[2025-10-05 19:16:09.246] <Wally>   (out) : =
[2025-10-05 19:16:09.246] <Wally>   (out) : 
[2025-10-05 19:16:09.246] <Wally>   (out) : =
[2025-10-05 19:16:09.246] <Wally>   (out) : 
[2025-10-05 19:16:09.246] <Wally>   (out) : =
[2025-10-05 19:16:09.246] <Wally>   (out) : 
[2025-10-05 19:16:09.247] <Wally>   (out) : =
[2025-10-05 19:16:09.247] <Wally>   (out) : 
[2025-10-05 19:16:09.247] <Wally>   (out) : =
[2025-10-05 19:16:09.247] <Wally>   (out) : 
[2025-10-05 19:16:09.247] <Wally>   (out) : =
[2025-10-05 19:16:09.247] <Wally>   (out) : 
[2025-10-05 19:16:09.247] <Wally>   (out) : =
[2025-10-05 19:16:09.248] <Wally>   (out) : 
[2025-10-05 19:16:09.248] <Wally>   (out) : =
[2025-10-05 19:16:09.248] <Wally>   (out) : 
[2025-10-05 19:16:09.248] <Wally>   (out) : =
[2025-10-05 19:16:09.248] <Wally>   (out) : 
[2025-10-05 19:16:09.248] <Wally>   (out) : =
[2025-10-05 19:16:09.248] <Wally>   (out) : 
[2025-10-05 19:16:09.258] <Wally>    (in) : genmove W
[2025-10-05 19:16:09.269] <Wally>   (out) : = F11
[2025-10-05 19:16:09.269] <Wally>   (out) : 
[2025-10-05 19:16:13.645] <Wally>    (in) : play W A13
[2025-10-05 19:16:13.646] <Wally>    (in) : play W B1
[2025-10-05 19:16:13.646] <Wally>    (in) : play B C7
[2025-10-05 19:16:13.647] <Wally>    (in) : play B C4
[2025-10-05 19:16:13.647] <Wally>    (in) : play B D9
[2025-10-05 19:16:13.648] <Wally>    (in) : play B D5
[2025-10-05 19:16:13.648] <Wally>    (in) : play B E4
[2025-10-05 19:16:13.648] <Wally>    (in) : play W F12
[2025-10-05 19:16:13.649] <Wally>    (in) : play W F11
[2025-10-05 19:16:13.649] <Wally>    (in) : play W F10
[2025-10-05 19:16:13.650] <Wally>    (in) : play B F7
[2025-10-05 19:16:13.650] <Wally>    (in) : play B F4
[2025-10-05 19:16:13.650] <Wally>    (in) : play B G5
[2025-10-05 19:16:13.651] <Wally>    (in) : play W H10
[2025-10-05 19:16:13.651] <Wally>    (in) : play B H7
[2025-10-05 19:16:13.651] <Wally>    (in) : play B J3
[2025-10-05 19:16:13.651] <Wally>    (in) : play W L11
[2025-10-05 19:16:13.652] <Wally>    (in) : play W L9
[2025-10-05 19:16:13.652] <Wally>    (in) : play W M5
[2025-10-05 19:16:13.677] <Wally>   (out) : =
[2025-10-05 19:16:13.678] <Wally>   (out) : 
[2025-10-05 19:16:13.678] <Wally>   (out) : =
[2025-10-05 19:16:13.678] <Wally>   (out) : 
[2025-10-05 19:16:13.678] <Wally>   (out) : =
[2025-10-05 19:16:13.678] <Wally>   (out) : 
[2025-10-05 19:16:13.679] <Wally>   (out) : =
[2025-10-05 19:16:13.679] <Wally>   (out) : 
[2025-10-05 19:16:13.679] <Wally>   (out) : =
[2025-10-05 19:16:13.679] <Wally>   (out) : 
[2025-10-05 19:16:13.679] <Wally>   (out) : =
[2025-10-05 19:16:13.680] <Wally>   (out) : 
[2025-10-05 19:16:13.680] <Wally>   (out) : =
[2025-10-05 19:16:13.680] <Wally>   (out) : 
[2025-10-05 19:16:13.680] <Wally>   (out) : =
[2025-10-05 19:16:13.680] <Wally>   (out) : 
[2025-10-05 19:16:13.680] <Wally>   (out) : =
[2025-10-05 19:16:13.681] <Wally>   (out) : 
[2025-10-05 19:16:13.681] <Wally>   (out) : =
[2025-10-05 19:16:13.681] <Wally>   (out) : 
[2025-10-05 19:16:13.681] <Wally>   (out) : =
[2025-10-05 19:16:13.681] <Wally>   (out) : 
[2025-10-05 19:16:13.681] <Wally>   (out) : =
[2025-10-05 19:16:13.682] <Wally>   (out) : 
[2025-10-05 19:16:13.682] <Wally>   (out) : =
[2025-10-05 19:16:13.682] <Wally>   (out) : 
[2025-10-05 19:16:13.682] <Wally>   (out) : =
[2025-10-05 19:16:13.682] <Wally>   (out) : 
[2025-10-05 19:16:13.683] <Wally>   (out) : =
[2025-10-05 19:16:13.683] <Wally>   (out) : 
[2025-10-05 19:16:13.683] <Wally>   (out) : =
[2025-10-05 19:16:13.683] <Wally>   (out) : 
[2025-10-05 19:16:13.683] <Wally>   (out) : =
[2025-10-05 19:16:13.683] <Wally>   (out) : 
[2025-10-05 19:16:13.684] <Wally>   (out) : =
[2025-10-05 19:16:13.684] <Wally>   (out) : 
[2025-10-05 19:16:13.684] <Wally>   (out) : =
[2025-10-05 19:16:13.684] <Wally>   (out) : 
[2025-10-05 19:16:13.698] <Wally>    (in) : genmove W
[2025-10-05 19:16:13.716] <Wally>   (out) : = G11
[2025-10-05 19:16:13.716] <Wally>   (out) : 
[2025-10-05 19:16:14.882] <Wally>    (in) : play W A13
[2025-10-05 19:16:14.882] <Wally>    (in) : play W B1
[2025-10-05 19:16:14.882] <Wally>    (in) : play B C7
[2025-10-05 19:16:14.882] <Wally>    (in) : play B C4
[2025-10-05 19:16:14.883] <Wally>    (in) : play B D9
[2025-10-05 19:16:14.883] <Wally>    (in) : play B D5
[2025-10-05 19:16:14.883] <Wally>    (in) : play B E4
[2025-10-05 19:16:14.883] <Wally>    (in) : play B E3
[2025-10-05 19:16:14.884] <Wally>    (in) : play W F12
[2025-10-05 19:16:14.884] <Wally>    (in) : play W F11
[2025-10-05 19:16:14.884] <Wally>    (in) : play W F10
[2025-10-05 19:16:14.884] <Wally>    (in) : play B F7
[2025-10-05 19:16:14.884] <Wally>    (in) : play B F4
[2025-10-05 19:16:14.885] <Wally>    (in) : play W G11
[2025-10-05 19:16:14.885] <Wally>    (in) : play B G5
[2025-10-05 19:16:14.885] <Wally>    (in) : play W H10
[2025-10-05 19:16:14.885] <Wally>    (in) : play B H7
[2025-10-05 19:16:14.885] <Wally>    (in) : play B J3
[2025-10-05 19:16:14.885] <Wally>    (in) : play W L11
[2025-10-05 19:16:14.886] <Wally>    (in) : play W L9
[2025-10-05 19:16:14.886] <Wally>    (in) : play W M5
[2025-10-05 19:16:14.910] <Wally>   (out) : =
[2025-10-05 19:16:14.911] <Wally>   (out) : 
[2025-10-05 19:16:14.911] <Wally>   (out) : =
[2025-10-05 19:16:14.911] <Wally>   (out) : 
[2025-10-05 19:16:14.912] <Wally>   (out) : =
[2025-10-05 19:16:14.912] <Wally>   (out) : 
[2025-10-05 19:16:14.912] <Wally>   (out) : =
[2025-10-05 19:16:14.912] <Wally>   (out) : 
[2025-10-05 19:16:14.912] <Wally>   (out) : =
[2025-10-05 19:16:14.912] <Wally>   (out) : 
[2025-10-05 19:16:14.913] <Wally>   (out) : =
[2025-10-05 19:16:14.913] <Wally>   (out) : 
[2025-10-05 19:16:14.913] <Wally>   (out) : =
[2025-10-05 19:16:14.913] <Wally>   (out) : 
[2025-10-05 19:16:14.913] <Wally>   (out) : =
[2025-10-05 19:16:14.913] <Wally>   (out) : 
[2025-10-05 19:16:14.913] <Wally>   (out) : =
[2025-10-05 19:16:14.914] <Wally>   (out) : 
[2025-10-05 19:16:14.914] <Wally>   (out) : =
[2025-10-05 19:16:14.914] <Wally>   (out) : 
[2025-10-05 19:16:14.914] <Wally>   (out) : =
[2025-10-05 19:16:14.914] <Wally>   (out) : 
[2025-10-05 19:16:14.914] <Wally>   (out) : =
[2025-10-05 19:16:14.915] <Wally>   (out) : 
[2025-10-05 19:16:14.915] <Wally>   (out) : =
[2025-10-05 19:16:14.915] <Wally>   (out) : 
[2025-10-05 19:16:14.915] <Wally>   (out) : =
[2025-10-05 19:16:14.915] <Wally>   (out) : 
[2025-10-05 19:16:14.915] <Wally>   (out) : =
[2025-10-05 19:16:14.916] <Wally>   (out) : 
[2025-10-05 19:16:14.916] <Wally>   (out) : =
[2025-10-05 19:16:14.916] <Wally>   (out) : 
[2025-10-05 19:16:14.916] <Wally>   (out) : =
[2025-10-05 19:16:14.916] <Wally>   (out) : 
[2025-10-05 19:16:14.917] <Wally>   (out) : =
[2025-10-05 19:16:14.917] <Wally>   (out) : 
[2025-10-05 19:16:14.917] <Wally>   (out) : =
[2025-10-05 19:16:14.917] <Wally>   (out) : 
[2025-10-05 19:16:14.918] <Wally>   (out) : =
[2025-10-05 19:16:14.918] <Wally>   (out) : 
[2025-10-05 19:16:14.918] <Wally>   (out) : =
[2025-10-05 19:16:14.920] <Wally>   (out) : 
[2025-10-05 19:16:14.932] <Wally>    (in) : genmove W
[2025-10-05 19:16:14.944] <Wally>   (out) : = E13
[2025-10-05 19:16:14.944] <Wally>   (out) : 
[2025-10-05 19:16:17.463] <Wally>    (in) : play W A13
[2025-10-05 19:16:17.463] <Wally>    (in) : play W B1
[2025-10-05 19:16:17.463] <Wally>    (in) : play B C7
[2025-10-05 19:16:17.463] <Wally>    (in) : play B C4
[2025-10-05 19:16:17.464] <Wally>    (in) : play B D9
[2025-10-05 19:16:17.464] <Wally>    (in) : play B D5
[2025-10-05 19:16:17.464] <Wally>    (in) : play W E13
[2025-10-05 19:16:17.464] <Wally>    (in) : play B E4
[2025-10-05 19:16:17.465] <Wally>    (in) : play B E3
[2025-10-05 19:16:17.465] <Wally>    (in) : play W F12
[2025-10-05 19:16:17.465] <Wally>    (in) : play W F11
[2025-10-05 19:16:17.466] <Wally>    (in) : play W F10
[2025-10-05 19:16:17.466] <Wally>    (in) : play B F7
[2025-10-05 19:16:17.467] <Wally>    (in) : play B F4
[2025-10-05 19:16:17.467] <Wally>    (in) : play B F3
[2025-10-05 19:16:17.468] <Wally>    (in) : play W G11
[2025-10-05 19:16:17.468] <Wally>    (in) : play B G5
[2025-10-05 19:16:17.468] <Wally>    (in) : play W H10
[2025-10-05 19:16:17.468] <Wally>    (in) : play B H7
[2025-10-05 19:16:17.469] <Wally>    (in) : play B J3
[2025-10-05 19:16:17.469] <Wally>    (in) : play W L11
[2025-10-05 19:16:17.469] <Wally>    (in) : play W L9
[2025-10-05 19:16:17.469] <Wally>    (in) : play W M5
[2025-10-05 19:16:17.492] <Wally>   (out) : =
[2025-10-05 19:16:17.493] <Wally>   (out) : 
[2025-10-05 19:16:17.493] <Wally>   (out) : =
[2025-10-05 19:16:17.493] <Wally>   (out) : 
[2025-10-05 19:16:17.493] <Wally>   (out) : =
[2025-10-05 19:16:17.494] <Wally>   (out) : 
[2025-10-05 19:16:17.494] <Wally>   (out) : =
[2025-10-05 19:16:17.494] <Wally>   (out) : 
[2025-10-05 19:16:17.494] <Wally>   (out) : =
[2025-10-05 19:16:17.494] <Wally>   (out) : 
[2025-10-05 19:16:17.494] <Wally>   (out) : =
[2025-10-05 19:16:17.494] <Wally>   (out) : 
[2025-10-05 19:16:17.495] <Wally>   (out) : =
[2025-10-05 19:16:17.495] <Wally>   (out) : 
[2025-10-05 19:16:17.495] <Wally>   (out) : =
[2025-10-05 19:16:17.495] <Wally>   (out) : 
[2025-10-05 19:16:17.495] <Wally>   (out) : =
[2025-10-05 19:16:17.495] <Wally>   (out) : 
[2025-10-05 19:16:17.495] <Wally>   (out) : =
[2025-10-05 19:16:17.495] <Wally>   (out) : 
[2025-10-05 19:16:17.496] <Wally>   (out) : =
[2025-10-05 19:16:17.496] <Wally>   (out) : 
[2025-10-05 19:16:17.496] <Wally>   (out) : =
[2025-10-05 19:16:17.496] <Wally>   (out) : 
[2025-10-05 19:16:17.496] <Wally>   (out) : =
[2025-10-05 19:16:17.496] <Wally>   (out) : 
[2025-10-05 19:16:17.497] <Wally>   (out) : =
[2025-10-05 19:16:17.497] <Wally>   (out) : 
[2025-10-05 19:16:17.497] <Wally>   (out) : =
[2025-10-05 19:16:17.497] <Wally>   (out) : 
[2025-10-05 19:16:17.497] <Wally>   (out) : =
[2025-10-05 19:16:17.497] <Wally>   (out) : 
[2025-10-05 19:16:17.497] <Wally>   (out) : =
[2025-10-05 19:16:17.498] <Wally>   (out) : 
[2025-10-05 19:16:17.498] <Wally>   (out) : =
[2025-10-05 19:16:17.498] <Wally>   (out) : 
[2025-10-05 19:16:17.498] <Wally>   (out) : =
[2025-10-05 19:16:17.498] <Wally>   (out) : 
[2025-10-05 19:16:17.498] <Wally>   (out) : =
[2025-10-05 19:16:17.498] <Wally>   (out) : 
[2025-10-05 19:16:17.499] <Wally>   (out) : =
[2025-10-05 19:16:17.499] <Wally>   (out) : 
[2025-10-05 19:16:17.499] <Wally>   (out) : =
[2025-10-05 19:16:17.499] <Wally>   (out) : 
[2025-10-05 19:16:17.499] <Wally>   (out) : =
[2025-10-05 19:16:17.499] <Wally>   (out) : 
[2025-10-05 19:16:17.511] <Wally>    (in) : genmove W
[2025-10-05 19:16:17.525] <Wally>   (out) : = XX
[2025-10-05 19:16:17.525] <Wally>   (out) : 
[2025-10-05 19:16:20.028] <Wally>    (in) : play W A13
[2025-10-05 19:16:20.028] <Wally>    (in) : play W B1
[2025-10-05 19:16:20.029] <Wally>    (in) : play B C7
[2025-10-05 19:16:20.029] <Wally>    (in) : play B C4
[2025-10-05 19:16:20.029] <Wally>    (in) : play B D9
[2025-10-05 19:16:20.029] <Wally>    (in) : play B D5
[2025-10-05 19:16:20.029] <Wally>    (in) : play W E13
[2025-10-05 19:16:20.030] <Wally>    (in) : play B E4
[2025-10-05 19:16:20.030] <Wally>    (in) : play B E3
[2025-10-05 19:16:20.030] <Wally>    (in) : play W F12
[2025-10-05 19:16:20.030] <Wally>    (in) : play W F11
[2025-10-05 19:16:20.031] <Wally>    (in) : play W F10
[2025-10-05 19:16:20.031] <Wally>    (in) : play B F7
[2025-10-05 19:16:20.031] <Wally>    (in) : play B F4
[2025-10-05 19:16:20.031] <Wally>    (in) : play B F3
[2025-10-05 19:16:20.031] <Wally>    (in) : play W G11
[2025-10-05 19:16:20.032] <Wally>    (in) : play B G5
[2025-10-05 19:16:20.032] <Wally>    (in) : play B G4
[2025-10-05 19:16:20.032] <Wally>    (in) : play W H10
[2025-10-05 19:16:20.032] <Wally>    (in) : play B H7
[2025-10-05 19:16:20.032] <Wally>    (in) : play B J3
[2025-10-05 19:16:20.032] <Wally>    (in) : play W L11
[2025-10-05 19:16:20.033] <Wally>    (in) : play W L9
[2025-10-05 19:16:20.033] <Wally>    (in) : play W M5
[2025-10-05 19:16:20.053] <Wally>   (out) : =
[2025-10-05 19:16:20.054] <Wally>   (out) : 
[2025-10-05 19:16:20.054] <Wally>   (out) : =
[2025-10-05 19:16:20.054] <Wally>   (out) : 
[2025-10-05 19:16:20.054] <Wally>   (out) : =
[2025-10-05 19:16:20.054] <Wally>   (out) : 
[2025-10-05 19:16:20.054] <Wally>   (out) : =
[2025-10-05 19:16:20.055] <Wally>   (out) : 
[2025-10-05 19:16:20.055] <Wally>   (out) : =
[2025-10-05 19:16:20.055] <Wally>   (out) : 
[2025-10-05 19:16:20.055] <Wally>   (out) : =
[2025-10-05 19:16:20.055] <Wally>   (out) : 
[2025-10-05 19:16:20.055] <Wally>   (out) : =
[2025-10-05 19:16:20.055] <Wally>   (out) : 
[2025-10-05 19:16:20.055] <Wally>   (out) : =
[2025-10-05 19:16:20.056] <Wally>   (out) : 
[2025-10-05 19:16:20.056] <Wally>   (out) : =
[2025-10-05 19:16:20.056] <Wally>   (out) : 
[2025-10-05 19:16:20.056] <Wally>   (out) : =
[2025-10-05 19:16:20.056] <Wally>   (out) : 
[2025-10-05 19:16:20.056] <Wally>   (out) : =
[2025-10-05 19:16:20.056] <Wally>   (out) : 
[2025-10-05 19:16:20.056] <Wally>   (out) : =
[2025-10-05 19:16:20.057] <Wally>   (out) : 
[2025-10-05 19:16:20.057] <Wally>   (out) : =
[2025-10-05 19:16:20.057] <Wally>   (out) : 
[2025-10-05 19:16:20.057] <Wally>   (out) : =
[2025-10-05 19:16:20.057] <Wally>   (out) : 
[2025-10-05 19:16:20.057] <Wally>   (out) : =
[2025-10-05 19:16:20.057] <Wally>   (out) : 
[2025-10-05 19:16:20.058] <Wally>   (out) : =
[2025-10-05 19:16:20.058] <Wally>   (out) : 
[2025-10-05 19:16:20.058] <Wally>   (out) : =
[2025-10-05 19:16:20.058] <Wally>   (out) : 
[2025-10-05 19:16:20.058] <Wally>   (out) : =
[2025-10-05 19:16:20.058] <Wally>   (out) : 
[2025-10-05 19:16:20.058] <Wally>   (out) : =
[2025-10-05 19:16:20.059] <Wally>   (out) : 
[2025-10-05 19:16:20.059] <Wally>   (out) : =
[2025-10-05 19:16:20.059] <Wally>   (out) : 
[2025-10-05 19:16:20.059] <Wally>   (out) : =
[2025-10-05 19:16:20.059] <Wally>   (out) : 
[2025-10-05 19:16:20.059] <Wally>   (out) : =
[2025-10-05 19:16:20.059] <Wally>   (out) : 
[2025-10-05 19:16:20.059] <Wally>   (out) : =
[2025-10-05 19:16:20.060] <Wally>   (out) : 
[2025-10-05 19:16:20.060] <Wally>   (out) : =
[2025-10-05 19:16:20.060] <Wally>   (out) : 
[2025-10-05 19:16:20.071] <Wally>    (in) : genmove W
[2025-10-05 19:16:20.082] <Wally>   (out) : = G13
[2025-10-05 19:16:20.082] <Wally>   (out) : 
[2025-10-05 19:16:27.469] <Wally>    (in) : play W A13
[2025-10-05 19:16:27.469] <Wally>    (in) : play W B1
[2025-10-05 19:16:27.470] <Wally>    (in) : play B C7
[2025-10-05 19:16:27.470] <Wally>    (in) : play B C4
[2025-10-05 19:16:27.470] <Wally>    (in) : play B D9
[2025-10-05 19:16:27.470] <Wally>    (in) : play B D5
[2025-10-05 19:16:27.471] <Wally>    (in) : play W E13
[2025-10-05 19:16:27.471] <Wally>    (in) : play B E4
[2025-10-05 19:16:27.471] <Wally>    (in) : play B E3
[2025-10-05 19:16:27.471] <Wally>    (in) : play W F12
[2025-10-05 19:16:27.471] <Wally>    (in) : play W F11
[2025-10-05 19:16:27.471] <Wally>    (in) : play W F10
[2025-10-05 19:16:27.472] <Wally>    (in) : play B F7
[2025-10-05 19:16:27.472] <Wally>    (in) : play B F4
[2025-10-05 19:16:27.472] <Wally>    (in) : play B F3
[2025-10-05 19:16:27.472] <Wally>    (in) : play W G13
[2025-10-05 19:16:27.472] <Wally>    (in) : play W G11
[2025-10-05 19:16:27.473] <Wally>    (in) : play B G5
[2025-10-05 19:16:27.473] <Wally>    (in) : play B G4
[2025-10-05 19:16:27.473] <Wally>    (in) : play B G2
[2025-10-05 19:16:27.473] <Wally>    (in) : play W H10
[2025-10-05 19:16:27.473] <Wally>    (in) : play B H7
[2025-10-05 19:16:27.473] <Wally>    (in) : play B J3
[2025-10-05 19:16:27.474] <Wally>    (in) : play W L11
[2025-10-05 19:16:27.474] <Wally>    (in) : play W L9
[2025-10-05 19:16:27.474] <Wally>    (in) : play W M5
[2025-10-05 19:16:27.495] <Wally>   (out) : =
[2025-10-05 19:16:27.495] <Wally>   (out) : 
[2025-10-05 19:16:27.495] <Wally>   (out) : =
[2025-10-05 19:16:27.495] <Wally>   (out) : 
[2025-10-05 19:16:27.495] <Wally>   (out) : =
[2025-10-05 19:16:27.496] <Wally>   (out) : 
[2025-10-05 19:16:27.496] <Wally>   (out) : =
[2025-10-05 19:16:27.496] <Wally>   (out) : 
[2025-10-05 19:16:27.496] <Wally>   (out) : =
[2025-10-05 19:16:27.496] <Wally>   (out) : 
[2025-10-05 19:16:27.496] <Wally>   (out) : =
[2025-10-05 19:16:27.496] <Wally>   (out) : 
[2025-10-05 19:16:27.496] <Wally>   (out) : =
[2025-10-05 19:16:27.497] <Wally>   (out) : 
[2025-10-05 19:16:27.497] <Wally>   (out) : =
[2025-10-05 19:16:27.497] <Wally>   (out) : 
[2025-10-05 19:16:27.497] <Wally>   (out) : =
[2025-10-05 19:16:27.497] <Wally>   (out) : 
[2025-10-05 19:16:27.497] <Wally>   (out) : =
[2025-10-05 19:16:27.497] <Wally>   (out) : 
[2025-10-05 19:16:27.497] <Wally>   (out) : =
[2025-10-05 19:16:27.498] <Wally>   (out) : 
[2025-10-05 19:16:27.498] <Wally>   (out) : =
[2025-10-05 19:16:27.498] <Wally>   (out) : 
[2025-10-05 19:16:27.498] <Wally>   (out) : =
[2025-10-05 19:16:27.498] <Wally>   (out) : 
[2025-10-05 19:16:27.498] <Wally>   (out) : =
[2025-10-05 19:16:27.498] <Wally>   (out) : 
[2025-10-05 19:16:27.498] <Wally>   (out) : =
[2025-10-05 19:16:27.499] <Wally>   (out) : 
[2025-10-05 19:16:27.499] <Wally>   (out) : =
[2025-10-05 19:16:27.499] <Wally>   (out) : 
[2025-10-05 19:16:27.499] <Wally>   (out) : =
[2025-10-05 19:16:27.499] <Wally>   (out) : 
[2025-10-05 19:16:27.499] <Wally>   (out) : =
[2025-10-05 19:16:27.499] <Wally>   (out) : 
[2025-10-05 19:16:27.499] <Wally>   (out) : =
[2025-10-05 19:16:27.499] <Wally>   (out) : 
[2025-10-05 19:16:27.500] <Wally>   (out) : =
[2025-10-05 19:16:27.500] <Wally>   (out) : 
[2025-10-05 19:16:27.500] <Wally>   (out) : =
[2025-10-05 19:16:27.500] <Wally>   (out) : 
[2025-10-05 19:16:27.500] <Wally>   (out) : =
[2025-10-05 19:16:27.500] <Wally>   (out) : 
[2025-10-05 19:16:27.500] <Wally>   (out) : =
[2025-10-05 19:16:27.500] <Wally>   (out) : 
[2025-10-05 19:16:27.500] <Wally>   (out) : =
[2025-10-05 19:16:27.501] <Wally>   (out) : 
[2025-10-05 19:16:27.501] <Wally>   (out) : =
[2025-10-05 19:16:27.501] <Wally>   (out) : 
[2025-10-05 19:16:27.501] <Wally>   (out) : =
[2025-10-05 19:16:27.501] <Wally>   (out) : 
[2025-10-05 19:16:27.513] <Wally>    (in) : genmove W
[2025-10-05 19:16:27.526] <Wally>   (out) : = D13
[2025-10-05 19:16:27.526] <Wally>   (out) : 
[2025-10-05 19:16:28.070] <Wally>    (in) : play W A13
[2025-10-05 19:16:28.070] <Wally>    (in) : play W B1
[2025-10-05 19:16:28.070] <Wally>    (in) : play B C7
[2025-10-05 19:16:28.071] <Wally>    (in) : play B C4
[2025-10-05 19:16:28.071] <Wally>    (in) : play W D13
[2025-10-05 19:16:28.071] <Wally>    (in) : play B D9
[2025-10-05 19:16:28.071] <Wally>    (in) : play B D5
[2025-10-05 19:16:28.071] <Wally>    (in) : play W E13
[2025-10-05 19:16:28.072] <Wally>    (in) : play B E4
[2025-10-05 19:16:28.072] <Wally>    (in) : play B E3
[2025-10-05 19:16:28.072] <Wally>    (in) : play W F12
[2025-10-05 19:16:28.072] <Wally>    (in) : play W F11
[2025-10-05 19:16:28.073] <Wally>    (in) : play W F10
[2025-10-05 19:16:28.073] <Wally>    (in) : play B F7
[2025-10-05 19:16:28.073] <Wally>    (in) : play B F4
[2025-10-05 19:16:28.073] <Wally>    (in) : play B F3
[2025-10-05 19:16:28.074] <Wally>    (in) : play W G13
[2025-10-05 19:16:28.074] <Wally>    (in) : play W G11
[2025-10-05 19:16:28.074] <Wally>    (in) : play B G5
[2025-10-05 19:16:28.074] <Wally>    (in) : play B G4
[2025-10-05 19:16:28.074] <Wally>    (in) : play B G2
[2025-10-05 19:16:28.075] <Wally>    (in) : play W H10
[2025-10-05 19:16:28.075] <Wally>    (in) : play B H7
[2025-10-05 19:16:28.075] <Wally>    (in) : play B J3
[2025-10-05 19:16:28.075] <Wally>    (in) : play B J2
[2025-10-05 19:16:28.075] <Wally>    (in) : play W L11
[2025-10-05 19:16:28.076] <Wally>    (in) : play W L9
[2025-10-05 19:16:28.076] <Wally>    (in) : play W M5
[2025-10-05 19:16:28.101] <Wally>   (out) : =
[2025-10-05 19:16:28.101] <Wally>   (out) : 
[2025-10-05 19:16:28.102] <Wally>   (out) : =
[2025-10-05 19:16:28.102] <Wally>   (out) : 
[2025-10-05 19:16:28.102] <Wally>   (out) : =
[2025-10-05 19:16:28.102] <Wally>   (out) : 
[2025-10-05 19:16:28.102] <Wally>   (out) : =
[2025-10-05 19:16:28.102] <Wally>   (out) : 
[2025-10-05 19:16:28.103] <Wally>   (out) : =
[2025-10-05 19:16:28.103] <Wally>   (out) : 
[2025-10-05 19:16:28.103] <Wally>   (out) : =
[2025-10-05 19:16:28.103] <Wally>   (out) : 
[2025-10-05 19:16:28.103] <Wally>   (out) : =
[2025-10-05 19:16:28.104] <Wally>   (out) : 
[2025-10-05 19:16:28.104] <Wally>   (out) : =
[2025-10-05 19:16:28.104] <Wally>   (out) : 
[2025-10-05 19:16:28.104] <Wally>   (out) : =
[2025-10-05 19:16:28.104] <Wally>   (out) : 
[2025-10-05 19:16:28.104] <Wally>   (out) : =
[2025-10-05 19:16:28.104] <Wally>   (out) : 
[2025-10-05 19:16:28.105] <Wally>   (out) : =
[2025-10-05 19:16:28.105] <Wally>   (out) : 
[2025-10-05 19:16:28.105] <Wally>   (out) : =
[2025-10-05 19:16:28.105] <Wally>   (out) : 
[2025-10-05 19:16:28.105] <Wally>   (out) : =
[2025-10-05 19:16:28.106] <Wally>   (out) : 
[2025-10-05 19:16:28.106] <Wally>   (out) : =
[2025-10-05 19:16:28.106] <Wally>   (out) : 
[2025-10-05 19:16:28.106] <Wally>   (out) : =
[2025-10-05 19:16:28.106] <Wally>   (out) : 
[2025-10-05 19:16:28.106] <Wally>   (out) : =
[2025-10-05 19:16:28.107] <Wally>   (out) : 
[2025-10-05 19:16:28.107] <Wally>   (out) : =
[2025-10-05 19:16:28.107] <Wally>   (out) : 
[2025-10-05 19:16:28.107] <Wally>   (out) : =
[2025-10-05 19:16:28.107] <Wally>   (out) : 
[2025-10-05 19:16:28.107] <Wally>   (out) : =
[2025-10-05 19:16:28.108] <Wally>   (out) : 
[2025-10-05 19:16:28.108] <Wally>   (out) : =
[2025-10-05 19:16:28.108] <Wally>   (out) : 
[2025-10-05 19:16:28.108] <Wally>   (out) : =
[2025-10-05 19:16:28.108] <Wally>   (out) : 
[2025-10-05 19:16:28.108] <Wally>   (out) : =
[2025-10-05 19:16:28.109] <Wally>   (out) : 
[2025-10-05 19:16:28.109] <Wally>   (out) : =
[2025-10-05 19:16:28.109] <Wally>   (out) : 
[2025-10-05 19:16:28.109] <Wally>   (out) : =
[2025-10-05 19:16:28.109] <Wally>   (out) : 
[2025-10-05 19:16:28.109] <Wally>   (out) : =
[2025-10-05 19:16:28.109] <Wally>   (out) : 
[2025-10-05 19:16:28.109] <Wally>   (out) : =
[2025-10-05 19:16:28.109] <Wally>   (out) : 
[2025-10-05 19:16:28.110] <Wally>   (out) : =
[2025-10-05 19:16:28.110] <Wally>   (out) : 
[2025-10-05 19:16:28.110] <Wally>   (out) : =
[2025-10-05 19:16:28.110] <Wally>   (out) : 
[2025-10-05 19:16:28.122] <Wally>    (in) : genmove W
[2025-10-05 19:16:28.135] <Wally>   (out) : = L13
[2025-10-05 19:16:28.136] <Wally>   (out) : 
[2025-10-05 19:16:28.923] <Wally>    (in) : play W A13
[2025-10-05 19:16:28.923] <Wally>    (in) : play W B1
[2025-10-05 19:16:28.923] <Wally>    (in) : play B C7
[2025-10-05 19:16:28.924] <Wally>    (in) : play B C4
[2025-10-05 19:16:28.924] <Wally>    (in) : play W D13
[2025-10-05 19:16:28.924] <Wally>    (in) : play B D9
[2025-10-05 19:16:28.924] <Wally>    (in) : play B D5
[2025-10-05 19:16:28.925] <Wally>    (in) : play W E13
[2025-10-05 19:16:28.925] <Wally>    (in) : play B E4
[2025-10-05 19:16:28.925] <Wally>    (in) : play B E3
[2025-10-05 19:16:28.925] <Wally>    (in) : play W F12
[2025-10-05 19:16:28.925] <Wally>    (in) : play W F11
[2025-10-05 19:16:28.926] <Wally>    (in) : play W F10
[2025-10-05 19:16:28.926] <Wally>    (in) : play B F7
[2025-10-05 19:16:28.926] <Wally>    (in) : play B F4
[2025-10-05 19:16:28.926] <Wally>    (in) : play B F3
[2025-10-05 19:16:28.926] <Wally>    (in) : play W G13
[2025-10-05 19:16:28.927] <Wally>    (in) : play W G11
[2025-10-05 19:16:28.927] <Wally>    (in) : play B G5
[2025-10-05 19:16:28.927] <Wally>    (in) : play B G4
[2025-10-05 19:16:28.927] <Wally>    (in) : play B G2
[2025-10-05 19:16:28.927] <Wally>    (in) : play W H10
[2025-10-05 19:16:28.927] <Wally>    (in) : play B H7
[2025-10-05 19:16:28.928] <Wally>    (in) : play B J3
[2025-10-05 19:16:28.928] <Wally>    (in) : play B J2
[2025-10-05 19:16:28.928] <Wally>    (in) : play W L13
[2025-10-05 19:16:28.928] <Wally>    (in) : play W L11
[2025-10-05 19:16:28.928] <Wally>    (in) : play W L9
[2025-10-05 19:16:28.929] <Wally>    (in) : play B L3
[2025-10-05 19:16:28.929] <Wally>    (in) : play W M5
[2025-10-05 19:16:28.950] <Wally>   (out) : =
[2025-10-05 19:16:28.950] <Wally>   (out) : 
[2025-10-05 19:16:28.951] <Wally>   (out) : =
[2025-10-05 19:16:28.951] <Wally>   (out) : 
[2025-10-05 19:16:28.951] <Wally>   (out) : =
[2025-10-05 19:16:28.951] <Wally>   (out) : 
[2025-10-05 19:16:28.951] <Wally>   (out) : =
[2025-10-05 19:16:28.951] <Wally>   (out) : 
[2025-10-05 19:16:28.952] <Wally>   (out) : =
[2025-10-05 19:16:28.952] <Wally>   (out) : 
[2025-10-05 19:16:28.952] <Wally>   (out) : =
[2025-10-05 19:16:28.952] <Wally>   (out) : 
[2025-10-05 19:16:28.952] <Wally>   (out) : =
[2025-10-05 19:16:28.952] <Wally>   (out) : 
[2025-10-05 19:16:28.952] <Wally>   (out) : =
[2025-10-05 19:16:28.952] <Wally>   (out) : 
[2025-10-05 19:16:28.952] <Wally>   (out) : =
[2025-10-05 19:16:28.953] <Wally>   (out) : 
[2025-10-05 19:16:28.953] <Wally>   (out) : =
[2025-10-05 19:16:28.953] <Wally>   (out) : 
[2025-10-05 19:16:28.953] <Wally>   (out) : =
[2025-10-05 19:16:28.953] <Wally>   (out) : 
[2025-10-05 19:16:28.953] <Wally>   (out) : =
[2025-10-05 19:16:28.953] <Wally>   (out) : 
[2025-10-05 19:16:28.954] <Wally>   (out) : =
[2025-10-05 19:16:28.954] <Wally>   (out) : 
[2025-10-05 19:16:28.954] <Wally>   (out) : =
[2025-10-05 19:16:28.954] <Wally>   (out) : 
[2025-10-05 19:16:28.954] <Wally>   (out) : =
[2025-10-05 19:16:28.954] <Wally>   (out) : 
[2025-10-05 19:16:28.954] <Wally>   (out) : =
[2025-10-05 19:16:28.954] <Wally>   (out) : 
[2025-10-05 19:16:28.954] <Wally>   (out) : =
[2025-10-05 19:16:28.955] <Wally>   (out) : 
[2025-10-05 19:16:28.955] <Wally>   (out) : =
[2025-10-05 19:16:28.955] <Wally>   (out) : 
[2025-10-05 19:16:28.955] <Wally>   (out) : =
[2025-10-05 19:16:28.955] <Wally>   (out) : 
[2025-10-05 19:16:28.955] <Wally>   (out) : =
[2025-10-05 19:16:28.955] <Wally>   (out) : 
[2025-10-05 19:16:28.955] <Wally>   (out) : =
[2025-10-05 19:16:28.956] <Wally>   (out) : 
[2025-10-05 19:16:28.956] <Wally>   (out) : =
[2025-10-05 19:16:28.956] <Wally>   (out) : 
[2025-10-05 19:16:28.956] <Wally>   (out) : =
[2025-10-05 19:16:28.956] <Wally>   (out) : 
[2025-10-05 19:16:28.956] <Wally>   (out) : =
[2025-10-05 19:16:28.956] <Wally>   (out) : 
[2025-10-05 19:16:28.956] <Wally>   (out) : =
[2025-10-05 19:16:28.956] <Wally>   (out) : 
[2025-10-05 19:16:28.957] <Wally>   (out) : =
[2025-10-05 19:16:28.957] <Wally>   (out) : 
[2025-10-05 19:16:28.957] <Wally>   (out) : =
[2025-10-05 19:16:28.957] <Wally>   (out) : 
[2025-10-05 19:16:28.957] <Wally>   (out) : =
[2025-10-05 19:16:28.957] <Wally>   (out) : 
[2025-10-05 19:16:28.957] <Wally>   (out) : =
[2025-10-05 19:16:28.957] <Wally>   (out) : 
[2025-10-05 19:16:28.957] <Wally>   (out) : =
[2025-10-05 19:16:28.958] <Wally>   (out) : 
[2025-10-05 19:16:28.969] <Wally>    (in) : genmove W
[2025-10-05 19:16:28.982] <Wally>   (out) : = XX
[2025-10-05 19:16:28.982] <Wally>   (out) : 
[2025-10-05 19:16:33.396] <Wally>    (in) : showboard
[2025-10-05 19:16:33.412] <Wally>   (out) : =
[2025-10-05 19:16:33.412] <Wally>   (out) :   13  ○ . . ○ ○ . ○ . . . ○ . .   
[2025-10-05 19:16:33.412] <Wally>   (out) :   12  . . . . ○ ○ . . . . . . .   
[2025-10-05 19:16:33.412] <Wally>   (out) :   11  . . . ○ ○ ○ ○ . ○ . ○ . .   
[2025-10-05 19:16:33.413] <Wally>   (out) :   10  . . ○ . ○ ○ . ○ . ○ . . .   
[2025-10-05 19:16:33.413] <Wally>   (out) :    9  . . . ● . . . . . . ○ . .   
[2025-10-05 19:16:33.413] <Wally>   (out) :    8  . . . . . . . . . . . . .   
[2025-10-05 19:16:33.413] <Wally>   (out) :    7  . . ● . . ● ○ ● . . . . .   
[2025-10-05 19:16:33.413] <Wally>   (out) :    6  . . . . . . . . . . . . .   
[2025-10-05 19:16:33.413] <Wally>   (out) :    5  . . . ● . . ● . . . . ○ .   
[2025-10-05 19:16:33.413] <Wally>   (out) :    4  . . ● . ● ● ● . . . . . .   
[2025-10-05 19:16:33.413] <Wally>   (out) :    3  . . . . ● ● . . ● . ● . .   
[2025-10-05 19:16:33.414] <Wally>   (out) :    2  . . ○ . ○ . ● . ● . . . .   
[2025-10-05 19:16:33.414] <Wally>   (out) :    1  . ○ . . . . . . . . . . .   
[2025-10-05 19:16:33.414] <Wally>   (out) :   0                              
[2025-10-05 19:16:33.414] <Wally>   (out) :     a b c d e f g h j k l m n
[2025-10-05 19:16:33.414] <Wally>   (out) : 
