[2025-10-06 01:00:26.227] <Wally>    (in) : name
[2025-10-06 01:00:26.228] <Wally>    (in) : version
[2025-10-06 01:00:26.228] <Wally>    (in) : protocol_version
[2025-10-06 01:00:26.228] <Wally>    (in) : list_commands
[2025-10-06 01:00:26.228] <Wally>  (meta) : Engine Started
[2025-10-06 01:00:26.358] <Wally>   (out) : = Wally
[2025-10-06 01:00:26.359] <Wally>   (out) : 
[2025-10-06 01:00:26.359] <Wally>   (out) : = 1.0 
[2025-10-06 01:00:26.359] <Wally>   (out) : 
[2025-10-06 01:00:26.359] <Wally>   (out) : = 1
[2025-10-06 01:00:26.359] <Wally>   (out) : 
[2025-10-06 01:00:26.359] <Wally>   (out) : = protocol_version
[2025-10-06 01:00:26.360] <Wally>   (out) : 
[2025-10-06 01:00:30.761] <Wally>    (in) : komi 6.5
[2025-10-06 01:00:30.795] <Wally>   (out) : =
[2025-10-06 01:00:30.795] <Wally>   (out) : 
[2025-10-06 01:00:30.802] <Wally>    (in) : boardsize 9
[2025-10-06 01:00:30.809] <Wally>   (out) : =
[2025-10-06 01:00:30.809] <Wally>   (out) : 
[2025-10-06 01:00:30.817] <Wally>    (in) : clear_board
[2025-10-06 01:00:30.817] <Wally>    (in) : play B E7
[2025-10-06 01:00:30.826] <Wally>   (out) : =
[2025-10-06 01:00:30.826] <Wally>   (out) : 
[2025-10-06 01:00:30.827] <Wally>   (out) : =
[2025-10-06 01:00:30.827] <Wally>   (out) : 
[2025-10-06 01:00:30.834] <Wally>    (in) : genmove W
[2025-10-06 01:00:30.841] <Wally>   (out) : = E5
[2025-10-06 01:00:30.841] <Wally>   (out) : 
[2025-10-06 01:00:32.209] <Wally>    (in) : play B E6
[2025-10-06 01:00:32.257] <Wally>   (out) : =
[2025-10-06 01:00:32.258] <Wally>   (out) : 
[2025-10-06 01:00:32.271] <Wally>    (in) : genmove W
[2025-10-06 01:00:32.284] <Wally>   (out) : = E8
[2025-10-06 01:00:32.284] <Wally>   (out) : 
[2025-10-06 01:00:32.972] <Wally>    (in) : play B F5
[2025-10-06 01:00:32.979] <Wally>   (out) : =
[2025-10-06 01:00:32.979] <Wally>   (out) : 
[2025-10-06 01:00:32.983] <Wally>    (in) : genmove W
[2025-10-06 01:00:32.987] <Wally>   (out) : = D6
[2025-10-06 01:00:32.987] <Wally>   (out) : 
[2025-10-06 01:00:33.587] <Wally>    (in) : play B D5
[2025-10-06 01:00:33.600] <Wally>   (out) : =
[2025-10-06 01:00:33.600] <Wally>   (out) : 
[2025-10-06 01:00:33.605] <Wally>    (in) : genmove W
[2025-10-06 01:00:33.613] <Wally>   (out) : = E4
[2025-10-06 01:00:33.613] <Wally>   (out) : 
[2025-10-06 01:00:33.621] <Wally>   (err) : best move
[2025-10-06 01:00:34.272] <Wally>    (in) : play B D4
[2025-10-06 01:00:34.280] <Wally>   (out) : =
[2025-10-06 01:00:34.280] <Wally>   (out) : 
[2025-10-06 01:00:34.284] <Wally>    (in) : genmove W
[2025-10-06 01:00:34.290] <Wally>   (out) : = C4
[2025-10-06 01:00:34.290] <Wally>   (out) : 
[2025-10-06 01:00:34.885] <Wally>    (in) : play B F4
[2025-10-06 01:00:34.893] <Wally>   (out) : =
[2025-10-06 01:00:34.893] <Wally>   (out) : 
[2025-10-06 01:00:34.897] <Wally>    (in) : genmove W
[2025-10-06 01:00:34.902] <Wally>   (out) : = E3
[2025-10-06 01:00:34.902] <Wally>   (out) : 
[2025-10-06 01:00:34.908] <Wally>   (err) : best move
[2025-10-06 01:00:35.502] <Wally>    (in) : play B D3
[2025-10-06 01:00:35.509] <Wally>   (out) : =
[2025-10-06 01:00:35.509] <Wally>   (out) : 
[2025-10-06 01:00:35.513] <Wally>    (in) : genmove W
[2025-10-06 01:00:35.517] <Wally>   (out) : = B6
[2025-10-06 01:00:35.518] <Wally>   (out) : 
[2025-10-06 01:00:36.072] <Wally>    (in) : play B F3
[2025-10-06 01:00:36.085] <Wally>   (out) : =
[2025-10-06 01:00:36.086] <Wally>   (out) : 
[2025-10-06 01:00:36.092] <Wally>    (in) : genmove W
[2025-10-06 01:00:36.098] <Wally>   (out) : = E2
[2025-10-06 01:00:36.098] <Wally>   (out) : 
[2025-10-06 01:00:36.106] <Wally>   (err) : best move
[2025-10-06 01:00:36.735] <Wally>    (in) : play B D2
[2025-10-06 01:00:36.760] <Wally>   (out) : =
[2025-10-06 01:00:36.760] <Wally>   (out) : 
[2025-10-06 01:00:36.772] <Wally>    (in) : genmove W
[2025-10-06 01:00:36.785] <Wally>   (out) : = H3
[2025-10-06 01:00:36.785] <Wally>   (out) : 
[2025-10-06 01:00:37.654] <Wally>    (in) : play B F2
[2025-10-06 01:00:37.661] <Wally>   (out) : =
[2025-10-06 01:00:37.662] <Wally>   (out) : 
[2025-10-06 01:00:37.666] <Wally>    (in) : genmove W
[2025-10-06 01:00:37.669] <Wally>   (out) : = E1
[2025-10-06 01:00:37.669] <Wally>   (out) : 
[2025-10-06 01:00:37.675] <Wally>   (err) : best move
[2025-10-06 01:00:38.600] <Wally>    (in) : play B D1
[2025-10-06 01:00:38.608] <Wally>   (out) : =
[2025-10-06 01:00:38.608] <Wally>   (out) : 
[2025-10-06 01:00:38.612] <Wally>    (in) : genmove W
[2025-10-06 01:00:38.617] <Wally>   (out) : = G8
[2025-10-06 01:00:38.617] <Wally>   (out) : 
[2025-10-06 01:00:41.174] <Wally>    (in) : play B D7
[2025-10-06 01:00:41.182] <Wally>   (out) : =
[2025-10-06 01:00:41.182] <Wally>   (out) : 
[2025-10-06 01:00:41.186] <Wally>    (in) : genmove W
[2025-10-06 01:00:41.190] <Wally>   (out) : = C6
[2025-10-06 01:00:41.190] <Wally>   (out) : 
[2025-10-06 01:00:41.197] <Wally>   (err) : best move
[2025-10-06 01:00:41.819] <Wally>    (in) : play B C7
[2025-10-06 01:00:41.826] <Wally>   (out) : =
[2025-10-06 01:00:41.827] <Wally>   (out) : 
[2025-10-06 01:00:41.831] <Wally>    (in) : genmove W
[2025-10-06 01:00:41.836] <Wally>   (out) : = F8
[2025-10-06 01:00:41.836] <Wally>   (out) : 
[2025-10-06 01:00:43.075] <Wally>    (in) : play B C5
[2025-10-06 01:00:43.083] <Wally>   (out) : =
[2025-10-06 01:00:43.083] <Wally>   (out) : 
[2025-10-06 01:00:43.087] <Wally>    (in) : genmove W
[2025-10-06 01:00:43.091] <Wally>   (out) : = A2
[2025-10-06 01:00:43.091] <Wally>   (out) : 
[2025-10-06 01:00:43.664] <Wally>    (in) : play B B4
[2025-10-06 01:00:43.672] <Wally>   (out) : =
[2025-10-06 01:00:43.672] <Wally>   (out) : 
[2025-10-06 01:00:43.677] <Wally>    (in) : genmove W
[2025-10-06 01:00:43.681] <Wally>   (out) : = F1
[2025-10-06 01:00:43.682] <Wally>   (out) : 
[2025-10-06 01:00:44.314] <Wally>    (in) : play B C3
[2025-10-06 01:00:44.321] <Wally>   (out) : =
[2025-10-06 01:00:44.322] <Wally>   (out) : 
[2025-10-06 01:00:44.325] <Wally>    (in) : genmove W
[2025-10-06 01:00:44.331] <Wally>   (out) : = G1
[2025-10-06 01:00:44.331] <Wally>   (out) : 
[2025-10-06 01:00:44.337] <Wally>   (err) : best move
[2025-10-06 01:00:45.001] <Wally>    (in) : play B B3
[2025-10-06 01:00:45.008] <Wally>   (out) : =
[2025-10-06 01:00:45.008] <Wally>   (out) : 
[2025-10-06 01:00:45.013] <Wally>    (in) : genmove W
[2025-10-06 01:00:45.018] <Wally>   (out) : = G7
[2025-10-06 01:00:45.018] <Wally>   (out) : 
[2025-10-06 01:00:45.661] <Wally>    (in) : play B B2
[2025-10-06 01:00:45.670] <Wally>   (out) : =
[2025-10-06 01:00:45.670] <Wally>   (out) : 
[2025-10-06 01:00:45.676] <Wally>    (in) : genmove W
[2025-10-06 01:00:45.684] <Wally>   (out) : = F6
[2025-10-06 01:00:45.684] <Wally>   (out) : 
[2025-10-06 01:00:46.464] <Wally>    (in) : play B B1
[2025-10-06 01:00:46.471] <Wally>   (out) : =
[2025-10-06 01:00:46.471] <Wally>   (out) : 
[2025-10-06 01:00:46.475] <Wally>    (in) : genmove W
[2025-10-06 01:00:46.480] <Wally>   (out) : = J5
[2025-10-06 01:00:46.481] <Wally>   (out) : 
[2025-10-06 01:00:47.303] <Wally>    (in) : play B A3
[2025-10-06 01:00:47.310] <Wally>   (out) : =
[2025-10-06 01:00:47.310] <Wally>   (out) : 
[2025-10-06 01:00:47.315] <Wally>    (in) : genmove W
[2025-10-06 01:00:47.322] <Wally>   (out) : = A1
[2025-10-06 01:00:47.322] <Wally>   (out) : 
[2025-10-06 01:00:47.332] <Wally>   (err) : best move
[2025-10-06 01:00:55.056] <Wally>    (in) : showboard
[2025-10-06 01:00:55.061] <Wally>   (out) : =
[2025-10-06 01:00:55.061] <Wally>   (out) :   9  . . . . . . . . .   
[2025-10-06 01:00:55.061] <Wally>   (out) :   8  . . . . ○ ○ ○ . .   
[2025-10-06 01:00:55.061] <Wally>   (out) :   7  . . ● ● ● . ○ . .   
[2025-10-06 01:00:55.061] <Wally>   (out) :   6  . ○ ○ ○ ● ○ . . .   
[2025-10-06 01:00:55.062] <Wally>   (out) :   5  . . ● ● ○ ● . . ○   
[2025-10-06 01:00:55.062] <Wally>   (out) :   4  . ● . ● ○ ● . . .   
[2025-10-06 01:00:55.062] <Wally>   (out) :   3  ● ● ● ● ○ ● . ○ .   
[2025-10-06 01:00:55.062] <Wally>   (out) :   2  ○ ● . ● ○ ● . . .   
[2025-10-06 01:00:55.062] <Wally>   (out) :   1  ○ ● . ● ○ ○ ○ . .   
[2025-10-06 01:00:55.062] <Wally>   (out) :                       
[2025-10-06 01:00:55.062] <Wally>   (out) :       a b c d e f g h j
[2025-10-06 01:00:55.062] <Wally>   (out) : 
[2025-10-06 01:00:56.959] <Wally>    (in) : play B A2
[2025-10-06 01:00:56.974] <Wally>   (out) : =
[2025-10-06 01:00:56.974] <Wally>   (out) : 
[2025-10-06 01:00:56.985] <Wally>    (in) : genmove W
[2025-10-06 01:00:56.992] <Wally>   (out) : = D8
[2025-10-06 01:00:56.992] <Wally>   (out) : 
[2025-10-06 01:01:00.831] <Wally>    (in) : showboard
[2025-10-06 01:01:00.838] <Wally>   (out) : =
[2025-10-06 01:01:00.838] <Wally>   (out) :   9  . . . . . . . . .   
[2025-10-06 01:01:00.838] <Wally>   (out) :   8  . . . ○ ○ ○ ○ . .   
[2025-10-06 01:01:00.838] <Wally>   (out) :   7  . . ● ● ● . ○ . .   
[2025-10-06 01:01:00.838] <Wally>   (out) :   6  . ○ ○ ○ ● ○ . . .   
[2025-10-06 01:01:00.838] <Wally>   (out) :   5  . . ● ● ○ ● . . ○   
[2025-10-06 01:01:00.838] <Wally>   (out) :   4  . ● . ● ○ ● . . .   
[2025-10-06 01:01:00.838] <Wally>   (out) :   3  ● ● ● ● ○ ● . ○ .   
[2025-10-06 01:01:00.838] <Wally>   (out) :   2  ● ● . ● ○ ● . . .   
[2025-10-06 01:01:00.838] <Wally>   (out) :   1  . ● . ● ○ ○ ○ . .   
[2025-10-06 01:01:00.838] <Wally>   (out) :                       
[2025-10-06 01:01:00.839] <Wally>   (out) :       a b c d e f g h j
[2025-10-06 01:01:00.839] <Wally>   (out) : 
[2025-10-06 01:01:22.059] <Wally>    (in) : quit
[2025-10-06 01:01:22.068] <Wally>  (meta) : Engine Stopped
[2025-10-06 01:01:22.072] <Wally>  (meta) : Connection Failed
[2025-10-06 01:01:24.991] <Wally>    (in) : name
[2025-10-06 01:01:24.991] <Wally>    (in) : version
[2025-10-06 01:01:24.991] <Wally>    (in) : protocol_version
[2025-10-06 01:01:24.992] <Wally>    (in) : list_commands
[2025-10-06 01:01:24.992] <Wally>  (meta) : Engine Started
[2025-10-06 01:01:25.086] <Wally>   (out) : = Wally
[2025-10-06 01:01:25.086] <Wally>   (out) : 
[2025-10-06 01:01:25.087] <Wally>   (out) : = 1.0 
[2025-10-06 01:01:25.087] <Wally>   (out) : 
[2025-10-06 01:01:25.087] <Wally>   (out) : = 1
[2025-10-06 01:01:25.087] <Wally>   (out) : 
[2025-10-06 01:01:25.087] <Wally>   (out) : = protocol_version
[2025-10-06 01:01:25.087] <Wally>   (out) : 
[2025-10-06 01:01:30.086] <Wally>    (in) : komi 6.5
[2025-10-06 01:01:30.093] <Wally>   (out) : =
[2025-10-06 01:01:30.093] <Wally>   (out) : 
[2025-10-06 01:01:30.097] <Wally>    (in) : boardsize 9
[2025-10-06 01:01:30.102] <Wally>   (out) : =
[2025-10-06 01:01:30.102] <Wally>   (out) : 
[2025-10-06 01:01:30.106] <Wally>    (in) : clear_board
[2025-10-06 01:01:30.106] <Wally>    (in) : play B G7
[2025-10-06 01:01:30.110] <Wally>   (out) : =
[2025-10-06 01:01:30.110] <Wally>   (out) : 
[2025-10-06 01:01:30.110] <Wally>   (out) : =
[2025-10-06 01:01:30.110] <Wally>   (out) : 
[2025-10-06 01:01:30.113] <Wally>    (in) : genmove W
[2025-10-06 01:01:30.117] <Wally>   (out) : = E2
[2025-10-06 01:01:30.118] <Wally>   (out) : 
[2025-10-06 01:01:31.468] <Wally>    (in) : play B E5
[2025-10-06 01:01:31.475] <Wally>   (out) : =
[2025-10-06 01:01:31.475] <Wally>   (out) : 
[2025-10-06 01:01:31.479] <Wally>    (in) : genmove W
[2025-10-06 01:01:31.484] <Wally>   (out) : = H5
[2025-10-06 01:01:31.484] <Wally>   (out) : 
[2025-10-06 01:01:32.111] <Wally>    (in) : play B E3
[2025-10-06 01:01:32.118] <Wally>   (out) : =
[2025-10-06 01:01:32.118] <Wally>   (out) : 
[2025-10-06 01:01:32.121] <Wally>    (in) : genmove W
[2025-10-06 01:01:32.128] <Wally>   (out) : = E1
[2025-10-06 01:01:32.129] <Wally>   (out) : 
[2025-10-06 01:01:33.176] <Wally>    (in) : play B F2
[2025-10-06 01:01:33.185] <Wally>   (out) : =
[2025-10-06 01:01:33.185] <Wally>   (out) : 
[2025-10-06 01:01:33.189] <Wally>    (in) : genmove W
[2025-10-06 01:01:33.194] <Wally>   (out) : = G5
[2025-10-06 01:01:33.194] <Wally>   (out) : 
[2025-10-06 01:01:33.882] <Wally>    (in) : play B D2
[2025-10-06 01:01:33.889] <Wally>   (out) : =
[2025-10-06 01:01:33.890] <Wally>   (out) : 
[2025-10-06 01:01:33.894] <Wally>    (in) : genmove W
[2025-10-06 01:01:33.898] <Wally>   (out) : = F1
[2025-10-06 01:01:33.898] <Wally>   (out) : 
[2025-10-06 01:01:34.647] <Wally>    (in) : play B D1
[2025-10-06 01:01:34.653] <Wally>   (out) : =
[2025-10-06 01:01:34.654] <Wally>   (out) : 
[2025-10-06 01:01:34.657] <Wally>    (in) : genmove W
[2025-10-06 01:01:34.662] <Wally>   (out) : = G1
[2025-10-06 01:01:34.662] <Wally>   (out) : 
[2025-10-06 01:01:34.670] <Wally>   (err) : best move
[2025-10-06 01:01:35.802] <Wally>    (in) : play B G2
[2025-10-06 01:01:35.809] <Wally>   (out) : =
[2025-10-06 01:01:35.809] <Wally>   (out) : 
[2025-10-06 01:01:35.813] <Wally>    (in) : genmove W
[2025-10-06 01:01:35.818] <Wally>   (out) : = H1
[2025-10-06 01:01:35.818] <Wally>   (out) : 
[2025-10-06 01:01:35.825] <Wally>   (err) : best move
[2025-10-06 01:01:36.597] <Wally>    (in) : play B H2
[2025-10-06 01:01:36.604] <Wally>   (out) : =
[2025-10-06 01:01:36.604] <Wally>   (out) : 
[2025-10-06 01:01:36.609] <Wally>    (in) : genmove W
[2025-10-06 01:01:36.612] <Wally>   (out) : = H3
[2025-10-06 01:01:36.612] <Wally>   (out) : 
[2025-10-06 01:01:41.206] <Wally>    (in) : play B J1
[2025-10-06 01:01:41.213] <Wally>   (out) : =
[2025-10-06 01:01:41.214] <Wally>   (out) : 
[2025-10-06 01:01:41.218] <Wally>    (in) : genmove W
[2025-10-06 01:01:41.223] <Wally>   (out) : = J3
[2025-10-06 01:01:41.223] <Wally>   (out) : 
[2025-10-06 01:01:44.483] <Wally>    (in) : showboard
[2025-10-06 01:01:44.487] <Wally>   (out) : =
[2025-10-06 01:01:44.487] <Wally>   (out) :   9  . . . . . . . . .   
[2025-10-06 01:01:44.487] <Wally>   (out) :   8  . . . . . . . . .   
[2025-10-06 01:01:44.487] <Wally>   (out) :   7  . . . . . . ● . .   
[2025-10-06 01:01:44.487] <Wally>   (out) :   6  . . . . . . . . .   
[2025-10-06 01:01:44.487] <Wally>   (out) :   5  . . . . ● . ○ ○ .   
[2025-10-06 01:01:44.488] <Wally>   (out) :   4  . . . . . . . . .   
[2025-10-06 01:01:44.488] <Wally>   (out) :   3  . . . . ● . . ○ ○   
[2025-10-06 01:01:44.488] <Wally>   (out) :   2  . . . ● . ● ● ● .   
[2025-10-06 01:01:44.488] <Wally>   (out) :   1  . . . ● . . . . ●   
[2025-10-06 01:01:44.488] <Wally>   (out) :                       
[2025-10-06 01:01:44.488] <Wally>   (out) :       a b c d e f g h j
[2025-10-06 01:01:44.488] <Wally>   (out) : 
[2025-10-06 01:01:46.294] <Wally>    (in) : play B G3
[2025-10-06 01:01:46.301] <Wally>   (out) : =
[2025-10-06 01:01:46.301] <Wally>   (out) : 
[2025-10-06 01:01:46.305] <Wally>    (in) : genmove W
[2025-10-06 01:01:46.310] <Wally>   (out) : = C1
[2025-10-06 01:01:46.310] <Wally>   (out) : 
[2025-10-06 01:01:47.436] <Wally>    (in) : play B C2
[2025-10-06 01:01:47.443] <Wally>   (out) : =
[2025-10-06 01:01:47.443] <Wally>   (out) : 
[2025-10-06 01:01:47.447] <Wally>    (in) : genmove W
[2025-10-06 01:01:47.452] <Wally>   (out) : = B1
[2025-10-06 01:01:47.452] <Wally>   (out) : 
[2025-10-06 01:01:47.459] <Wally>   (err) : best move
[2025-10-06 01:01:48.059] <Wally>    (in) : play B B2
[2025-10-06 01:01:48.067] <Wally>   (out) : =
[2025-10-06 01:01:48.067] <Wally>   (out) : 
[2025-10-06 01:01:48.071] <Wally>    (in) : genmove W
[2025-10-06 01:01:48.076] <Wally>   (out) : = B7
[2025-10-06 01:01:48.076] <Wally>   (out) : 
[2025-10-06 01:01:49.467] <Wally>    (in) : play B A1
[2025-10-06 01:01:49.474] <Wally>   (out) : =
[2025-10-06 01:01:49.475] <Wally>   (out) : 
[2025-10-06 01:01:49.479] <Wally>    (in) : genmove W
[2025-10-06 01:01:49.484] <Wally>   (out) : = F3
[2025-10-06 01:01:49.484] <Wally>   (out) : 
[2025-10-06 01:01:52.014] <Wally>    (in) : showboard
[2025-10-06 01:01:52.018] <Wally>   (out) : =
[2025-10-06 01:01:52.018] <Wally>   (out) :   9  . . . . . . . . .   
[2025-10-06 01:01:52.018] <Wally>   (out) :   8  . . . . . . . . .   
[2025-10-06 01:01:52.018] <Wally>   (out) :   7  . ○ . . . . ● . .   
[2025-10-06 01:01:52.018] <Wally>   (out) :   6  . . . . . . . . .   
[2025-10-06 01:01:52.018] <Wally>   (out) :   5  . . . . ● . ○ ○ .   
[2025-10-06 01:01:52.018] <Wally>   (out) :   4  . . . . . . . . .   
[2025-10-06 01:01:52.018] <Wally>   (out) :   3  . . . . ● ○ ● ○ ○   
[2025-10-06 01:01:52.020] <Wally>   (out) :   2  . ● ● ● . ● ● ● .   
[2025-10-06 01:01:52.020] <Wally>   (out) :   1  ● . . ● . . . . ●   
[2025-10-06 01:01:52.020] <Wally>   (out) :                       
[2025-10-06 01:01:52.020] <Wally>   (out) :       a b c d e f g h j
[2025-10-06 01:01:52.020] <Wally>   (out) : 
[2025-10-06 01:01:53.885] <Wally>    (in) : play B F4
[2025-10-06 01:01:53.893] <Wally>   (out) : =
[2025-10-06 01:01:53.893] <Wally>   (out) : 
[2025-10-06 01:01:53.897] <Wally>    (in) : genmove W
[2025-10-06 01:01:53.903] <Wally>   (out) : = C8
[2025-10-06 01:01:53.903] <Wally>   (out) : 
[2025-10-06 01:01:55.138] <Wally>    (in) : play B H4
[2025-10-06 01:01:55.145] <Wally>   (out) : =
[2025-10-06 01:01:55.145] <Wally>   (out) : 
[2025-10-06 01:01:55.150] <Wally>    (in) : genmove W
[2025-10-06 01:01:55.155] <Wally>   (out) : = E8
[2025-10-06 01:01:55.155] <Wally>   (out) : 
[2025-10-06 01:01:55.927] <Wally>    (in) : play B J4
[2025-10-06 01:01:55.935] <Wally>   (out) : =
[2025-10-06 01:01:55.935] <Wally>   (out) : 
[2025-10-06 01:01:55.938] <Wally>    (in) : genmove W
[2025-10-06 01:01:55.942] <Wally>   (out) : = J2
[2025-10-06 01:01:55.942] <Wally>   (out) : 
[2025-10-06 01:01:55.952] <Wally>   (err) : best move
[2025-10-06 01:02:11.365] <Wally>    (in) : showboard
[2025-10-06 01:02:11.369] <Wally>   (out) : =
[2025-10-06 01:02:11.369] <Wally>   (out) :   9  . . . . . . . . .   
[2025-10-06 01:02:11.369] <Wally>   (out) :   8  . . ○ . ○ . . . .   
[2025-10-06 01:02:11.369] <Wally>   (out) :   7  . ○ . . . . ● . .   
[2025-10-06 01:02:11.369] <Wally>   (out) :   6  . . . . . . . . .   
[2025-10-06 01:02:11.369] <Wally>   (out) :   5  . . . . ● . ○ ○ .   
[2025-10-06 01:02:11.369] <Wally>   (out) :   4  . . . . . ● . ● ●   
[2025-10-06 01:02:11.369] <Wally>   (out) :   3  . . . . ● . ● ○ ○   
[2025-10-06 01:02:11.369] <Wally>   (out) :   2  . ● ● ● . ● ● ● ○   
[2025-10-06 01:02:11.369] <Wally>   (out) :   1  ● . . ● . . . . ●   
[2025-10-06 01:02:11.370] <Wally>   (out) :                       
[2025-10-06 01:02:11.370] <Wally>   (out) :       a b c d e f g h j
[2025-10-06 01:02:11.370] <Wally>   (out) : 
