[2025-10-05 12:28:25.181] <Wally>    (in) : name
[2025-10-05 12:28:25.183] <Wally>    (in) : version
[2025-10-05 12:28:25.183] <Wally>    (in) : protocol_version
[2025-10-05 12:28:25.183] <Wally>    (in) : list_commands
[2025-10-05 12:28:25.184] <Wally>  (meta) : Engine Started
[2025-10-05 12:28:25.285] <Wally>   (out) : = Wally
[2025-10-05 12:28:25.285] <Wally>   (out) : 
[2025-10-05 12:28:25.286] <Wally>   (out) : = 1.0 
[2025-10-05 12:28:25.286] <Wally>   (out) : 
[2025-10-05 12:28:25.286] <Wally>   (out) : = 1
[2025-10-05 12:28:25.286] <Wally>   (out) : 
[2025-10-05 12:28:25.286] <Wally>   (out) : = protocol_version
[2025-10-05 12:28:25.286] <Wally>   (out) : 
[2025-10-05 12:28:30.996] <Wally>    (in) : komi 6.5
[2025-10-05 12:28:31.058] <Wally>   (out) : =
[2025-10-05 12:28:31.059] <Wally>   (out) : 
[2025-10-05 12:28:31.067] <Wally>    (in) : boardsize 9
[2025-10-05 12:28:31.077] <Wally>   (out) : =
[2025-10-05 12:28:31.077] <Wally>   (out) : 
[2025-10-05 12:28:31.087] <Wally>    (in) : clear_board
[2025-10-05 12:28:31.087] <Wally>    (in) : play B E5
[2025-10-05 12:28:31.096] <Wally>   (out) : =
[2025-10-05 12:28:31.096] <Wally>   (out) : 
[2025-10-05 12:28:31.096] <Wally>   (out) : =
[2025-10-05 12:28:31.096] <Wally>   (out) : 
[2025-10-05 12:28:31.104] <Wally>    (in) : genmove W
[2025-10-05 12:28:31.111] <Wally>   (out) : = E2
[2025-10-05 12:28:31.111] <Wally>   (out) : 
[2025-10-05 12:28:40.293] <Wally>    (in) : quit
[2025-10-05 12:28:40.322] <Wally>  (meta) : Engine Stopped
[2025-10-05 12:28:40.324] <Wally>  (meta) : Connection Failed
[2025-10-05 12:28:42.919] <Wally>    (in) : name
[2025-10-05 12:28:42.920] <Wally>    (in) : version
[2025-10-05 12:28:42.920] <Wally>    (in) : protocol_version
[2025-10-05 12:28:42.920] <Wally>    (in) : list_commands
[2025-10-05 12:28:42.920] <Wally>  (meta) : Engine Started
[2025-10-05 12:28:43.026] <Wally>   (out) : = Wally
[2025-10-05 12:28:43.026] <Wally>   (out) : 
[2025-10-05 12:28:43.027] <Wally>   (out) : = 1.0 
[2025-10-05 12:28:43.027] <Wally>   (out) : 
[2025-10-05 12:28:43.027] <Wally>   (out) : = 1
[2025-10-05 12:28:43.027] <Wally>   (out) : 
[2025-10-05 12:28:43.027] <Wally>   (out) : = protocol_version
[2025-10-05 12:28:43.027] <Wally>   (out) : 
[2025-10-05 12:28:49.323] <Wally>    (in) : komi 6.5
[2025-10-05 12:28:49.342] <Wally>   (out) : =
[2025-10-05 12:28:49.343] <Wally>   (out) : 
[2025-10-05 12:28:49.350] <Wally>    (in) : boardsize 9
[2025-10-05 12:28:52.364] <Wally>    (in) : protocol_version
[2025-10-05 12:28:52.384] <Wally>   (out) : = 1
[2025-10-05 12:28:52.384] <Wally>   (out) : 
[2025-10-05 12:28:52.391] <Wally>    (in) : clear_board
[2025-10-05 12:28:52.392] <Wally>    (in) : play B E5
[2025-10-05 12:28:52.392] <Wally>    (in) : play W E2
[2025-10-05 12:28:52.393] <Wally>    (in) : play B F5
[2025-10-05 12:28:52.403] <Wally>   (out) : =
[2025-10-05 12:28:52.403] <Wally>   (out) : 
[2025-10-05 12:28:52.404] <Wally>   (out) : =
[2025-10-05 12:28:52.404] <Wally>   (out) : 
[2025-10-05 12:28:52.404] <Wally>   (out) : =
[2025-10-05 12:28:52.404] <Wally>   (out) : 
[2025-10-05 12:28:52.404] <Wally>   (out) : =
[2025-10-05 12:28:52.404] <Wally>   (out) : 
[2025-10-05 12:28:53.906] <Wally>    (in) : protocol_version
[2025-10-05 12:28:53.923] <Wally>   (out) : = 1
[2025-10-05 12:28:53.924] <Wally>   (out) : 
[2025-10-05 12:28:53.937] <Wally>    (in) : play W F2
[2025-10-05 12:28:53.937] <Wally>    (in) : play B F3
[2025-10-05 12:28:53.943] <Wally>    (in) : protocol_version
[2025-10-05 12:28:53.951] <Wally>   (out) : =
[2025-10-05 12:28:53.951] <Wally>   (out) : 
[2025-10-05 12:28:53.951] <Wally>   (out) : =
[2025-10-05 12:28:53.952] <Wally>   (out) : 
[2025-10-05 12:28:53.952] <Wally>   (out) : = 1
[2025-10-05 12:28:53.952] <Wally>   (out) : 
[2025-10-05 12:28:53.957] <Wally>    (in) : play W D3
[2025-10-05 12:28:53.957] <Wally>    (in) : play B C4
[2025-10-05 12:28:53.962] <Wally>    (in) : protocol_version
[2025-10-05 12:28:53.968] <Wally>   (out) : =
[2025-10-05 12:28:53.969] <Wally>   (out) : 
[2025-10-05 12:28:53.969] <Wally>   (out) : =
[2025-10-05 12:28:53.969] <Wally>   (out) : 
[2025-10-05 12:28:53.969] <Wally>   (out) : = 1
[2025-10-05 12:28:53.969] <Wally>   (out) : 
[2025-10-05 12:28:53.974] <Wally>    (in) : genmove W
[2025-10-05 12:28:53.978] <Wally>    (in) : protocol_version
[2025-10-05 12:28:53.984] <Wally>   (out) : = E2
[2025-10-05 12:28:53.984] <Wally>   (out) : 
[2025-10-05 12:28:53.984] <Wally>   (out) : = 1
[2025-10-05 12:28:53.984] <Wally>   (out) : 
[2025-10-05 12:28:53.989] <Wally>    (in) : genmove W
[2025-10-05 12:28:53.998] <Wally>   (out) : = E2
[2025-10-05 12:28:53.999] <Wally>   (out) : 
[2025-10-05 12:28:55.122] <Wally>    (in) : protocol_version
[2025-10-05 12:28:55.138] <Wally>   (out) : = 1
[2025-10-05 12:28:55.138] <Wally>   (out) : 
[2025-10-05 12:28:55.145] <Wally>    (in) : genmove W
[2025-10-05 12:28:55.160] <Wally>   (out) : = E2
[2025-10-05 12:28:55.161] <Wally>   (out) : 
[2025-10-05 12:28:56.129] <Wally>    (in) : protocol_version
[2025-10-05 12:28:56.144] <Wally>   (out) : = 1
[2025-10-05 12:28:56.145] <Wally>   (out) : 
[2025-10-05 12:28:56.151] <Wally>    (in) : clear_board
[2025-10-05 12:28:56.151] <Wally>    (in) : play B E5
[2025-10-05 12:28:56.152] <Wally>    (in) : play W E2
[2025-10-05 12:28:56.152] <Wally>    (in) : play B F5
[2025-10-05 12:28:56.152] <Wally>    (in) : play W F2
[2025-10-05 12:28:56.152] <Wally>    (in) : play B F3
[2025-10-05 12:28:56.153] <Wally>    (in) : play W D3
[2025-10-05 12:28:56.153] <Wally>    (in) : play B C4
[2025-10-05 12:28:56.153] <Wally>    (in) : play W C5
[2025-10-05 12:28:56.154] <Wally>    (in) : play B D6
[2025-10-05 12:28:56.168] <Wally>   (out) : =
[2025-10-05 12:28:56.168] <Wally>   (out) : 
[2025-10-05 12:28:56.169] <Wally>   (out) : =
[2025-10-05 12:28:56.169] <Wally>   (out) : 
[2025-10-05 12:28:56.169] <Wally>   (out) : =
[2025-10-05 12:28:56.169] <Wally>   (out) : 
[2025-10-05 12:28:56.169] <Wally>   (out) : =
[2025-10-05 12:28:56.169] <Wally>   (out) : 
[2025-10-05 12:28:56.170] <Wally>   (out) : =
[2025-10-05 12:28:56.170] <Wally>   (out) : 
[2025-10-05 12:28:56.170] <Wally>   (out) : =
[2025-10-05 12:28:56.170] <Wally>   (out) : 
[2025-10-05 12:28:56.170] <Wally>   (out) : =
[2025-10-05 12:28:56.171] <Wally>   (out) : 
[2025-10-05 12:28:56.171] <Wally>   (out) : =
[2025-10-05 12:28:56.171] <Wally>   (out) : 
[2025-10-05 12:28:56.171] <Wally>   (out) : =
[2025-10-05 12:28:56.171] <Wally>   (out) : 
[2025-10-05 12:28:56.171] <Wally>   (out) : =
[2025-10-05 12:28:56.171] <Wally>   (out) : 
[2025-10-05 12:28:57.003] <Wally>    (in) : protocol_version
[2025-10-05 12:28:57.022] <Wally>   (out) : = 1
[2025-10-05 12:28:57.022] <Wally>   (out) : 
[2025-10-05 12:28:57.029] <Wally>    (in) : play W F6
[2025-10-05 12:28:57.030] <Wally>    (in) : play B G5
[2025-10-05 12:28:57.037] <Wally>    (in) : protocol_version
[2025-10-05 12:28:57.044] <Wally>   (out) : =
[2025-10-05 12:28:57.044] <Wally>   (out) : 
[2025-10-05 12:28:57.045] <Wally>   (out) : =
[2025-10-05 12:28:57.045] <Wally>   (out) : 
[2025-10-05 12:28:57.045] <Wally>   (out) : = 1
[2025-10-05 12:28:57.045] <Wally>   (out) : 
[2025-10-05 12:28:57.051] <Wally>    (in) : play W G3
[2025-10-05 12:28:57.051] <Wally>    (in) : play B H3
[2025-10-05 12:28:57.056] <Wally>    (in) : protocol_version
[2025-10-05 12:28:57.063] <Wally>   (out) : =
[2025-10-05 12:28:57.063] <Wally>   (out) : 
[2025-10-05 12:28:57.063] <Wally>   (out) : =
[2025-10-05 12:28:57.063] <Wally>   (out) : 
[2025-10-05 12:28:57.063] <Wally>   (out) : = 1
[2025-10-05 12:28:57.063] <Wally>   (out) : 
[2025-10-05 12:28:57.068] <Wally>    (in) : genmove W
[2025-10-05 12:28:57.072] <Wally>    (in) : protocol_version
[2025-10-05 12:28:57.076] <Wally>   (out) : = E2
[2025-10-05 12:28:57.077] <Wally>   (out) : 
[2025-10-05 12:28:57.077] <Wally>   (out) : = 1
[2025-10-05 12:28:57.077] <Wally>   (out) : 
[2025-10-05 12:28:57.081] <Wally>    (in) : genmove W
[2025-10-05 12:28:57.092] <Wally>   (out) : = E2
[2025-10-05 12:28:57.093] <Wally>   (out) : 
[2025-10-05 12:29:56.154] <Wally>    (in) : quit
[2025-10-05 12:29:56.188] <Wally>  (meta) : Engine Stopped
[2025-10-05 12:29:56.189] <Wally>  (meta) : Connection Failed
[2025-10-05 12:29:56.189] <Wally>  (meta) : Connection Failed
[2025-10-05 12:29:56.371] <Wally>    (in) : name
[2025-10-05 12:29:56.372] <Wally>    (in) : version
[2025-10-05 12:29:56.372] <Wally>    (in) : protocol_version
[2025-10-05 12:29:56.372] <Wally>    (in) : list_commands
[2025-10-05 12:29:56.372] <Wally>  (meta) : Engine Started
[2025-10-05 12:29:56.373] <Wally>    (in) : genmove W
[2025-10-05 12:29:57.875] <Wally>  (meta) : Engine Stopped
[2025-10-05 12:29:57.875] <Wally>  (meta) : Connection Failed
[2025-10-05 12:29:57.876] <Wally>  (meta) : Connection Failed
[2025-10-05 12:29:57.876] <Wally>  (meta) : Connection Failed
[2025-10-05 12:29:57.876] <Wally>  (meta) : Connection Failed
[2025-10-05 12:29:57.876] <Wally>  (meta) : Connection Failed
[2025-10-05 12:30:13.047] <Wally>    (in) : name
[2025-10-05 12:30:13.048] <Wally>    (in) : version
[2025-10-05 12:30:13.048] <Wally>    (in) : protocol_version
[2025-10-05 12:30:13.048] <Wally>    (in) : list_commands
[2025-10-05 12:30:13.048] <Wally>  (meta) : Engine Started
[2025-10-05 12:30:13.199] <Wally>   (out) : = Wally
[2025-10-05 12:30:13.199] <Wally>   (out) : 
[2025-10-05 12:30:13.200] <Wally>   (out) : = 1.0 
[2025-10-05 12:30:13.200] <Wally>   (out) : 
[2025-10-05 12:30:13.200] <Wally>   (out) : = 1
[2025-10-05 12:30:13.200] <Wally>   (out) : 
[2025-10-05 12:30:13.200] <Wally>   (out) : = protocol_version
[2025-10-05 12:30:13.200] <Wally>   (out) : 
[2025-10-05 12:30:21.918] <Wally>    (in) : komi 6.5
[2025-10-05 12:30:21.934] <Wally>   (out) : =
[2025-10-05 12:30:21.935] <Wally>   (out) : 
[2025-10-05 12:30:21.941] <Wally>    (in) : boardsize 7
[2025-10-05 12:30:21.948] <Wally>   (out) : ? not supported board size
[2025-10-05 12:30:38.346] <Wally>    (in) : protocol_version
[2025-10-05 12:30:38.362] <Wally>   (out) : = 1
[2025-10-05 12:30:38.362] <Wally>   (out) : 
[2025-10-05 12:30:38.370] <Wally>    (in) : boardsize 7
[2025-10-05 12:30:39.944] <Wally>   (out) : ? not supported board size
[2025-10-05 12:30:40.869] <Wally>    (in) : protocol_version
[2025-10-05 12:30:40.885] <Wally>   (out) : = 1
[2025-10-05 12:30:40.885] <Wally>   (out) : 
[2025-10-05 12:32:19.174] <Wally>    (in) : quit
[2025-10-05 12:32:19.196] <Wally>  (meta) : Engine Stopped
[2025-10-05 12:32:19.198] <Wally>  (meta) : Connection Failed
[2025-10-05 12:32:19.199] <Wally>  (meta) : Connection Failed
[2025-10-05 12:32:19.199] <Wally>  (meta) : Connection Failed
[2025-10-05 12:32:19.358] <Wally>    (in) : name
[2025-10-05 12:32:19.358] <Wally>    (in) : version
[2025-10-05 12:32:19.358] <Wally>    (in) : protocol_version
[2025-10-05 12:32:19.359] <Wally>    (in) : list_commands
[2025-10-05 12:32:19.359] <Wally>  (meta) : Engine Started
[2025-10-05 12:32:19.359] <Wally>    (in) : komi 6.5
[2025-10-05 12:32:42.446] <Wally>   (out) : = Wally
[2025-10-05 12:32:42.446] <Wally>   (out) : 
[2025-10-05 12:32:42.447] <Wally>   (out) : = 1.0 
[2025-10-05 12:32:42.447] <Wally>   (out) : 
[2025-10-05 12:32:42.447] <Wally>   (out) : = 1
[2025-10-05 12:32:42.447] <Wally>   (out) : 
[2025-10-05 12:32:42.447] <Wally>   (out) : = protocol_version
[2025-10-05 12:32:42.447] <Wally>   (out) : 
[2025-10-05 12:32:42.448] <Wally>   (out) : =
[2025-10-05 12:32:42.448] <Wally>   (out) : 
[2025-10-05 12:32:42.456] <Wally>    (in) : boardsize 7
[2025-10-05 12:32:42.490] <Wally>   (out) : ? not supported board size	
[2025-10-05 12:32:49.326] <Wally>    (in) : quit
[2025-10-05 12:32:49.343] <Wally>  (meta) : Engine Stopped
[2025-10-05 12:32:49.345] <Wally>  (meta) : Connection Failed
[2025-10-05 12:32:49.346] <Wally>  (meta) : Connection Failed
[2025-10-05 12:32:55.253] <Wally>    (in) : name
[2025-10-05 12:32:55.253] <Wally>    (in) : version
[2025-10-05 12:32:55.254] <Wally>    (in) : protocol_version
[2025-10-05 12:32:55.254] <Wally>    (in) : list_commands
[2025-10-05 12:32:55.254] <Wally>  (meta) : Engine Started
[2025-10-05 12:32:55.373] <Wally>   (out) : = Wally
[2025-10-05 12:32:55.373] <Wally>   (out) : 
[2025-10-05 12:32:55.373] <Wally>   (out) : = 1.0 
[2025-10-05 12:32:55.373] <Wally>   (out) : 
[2025-10-05 12:32:55.373] <Wally>   (out) : = 1
[2025-10-05 12:32:55.373] <Wally>   (out) : 
[2025-10-05 12:32:55.373] <Wally>   (out) : = protocol_version
[2025-10-05 12:32:55.374] <Wally>   (out) : 
[2025-10-05 12:33:04.666] <Wally>    (in) : komi 6.5
[2025-10-05 12:33:04.681] <Wally>   (out) : =
[2025-10-05 12:33:04.682] <Wally>   (out) : 
[2025-10-05 12:33:04.688] <Wally>    (in) : boardsize 7
[2025-10-05 12:33:04.696] <Wally>   (out) : ? not supported board size	
[2025-10-05 12:33:56.994] <Wally>    (in) : quit
[2025-10-05 12:33:57.018] <Wally>  (meta) : Engine Stopped
[2025-10-05 12:33:57.020] <Wally>  (meta) : Connection Failed
[2025-10-05 12:33:57.020] <Wally>  (meta) : Connection Failed
[2025-10-05 12:34:00.542] <Wally>    (in) : name
[2025-10-05 12:34:00.542] <Wally>    (in) : version
[2025-10-05 12:34:00.543] <Wally>    (in) : protocol_version
[2025-10-05 12:34:00.543] <Wally>    (in) : list_commands
[2025-10-05 12:34:00.543] <Wally>  (meta) : Engine Started
[2025-10-05 12:34:00.664] <Wally>   (out) : = Wally
[2025-10-05 12:34:00.664] <Wally>   (out) : 
[2025-10-05 12:34:00.664] <Wally>   (out) : = 1.0 
[2025-10-05 12:34:00.664] <Wally>   (out) : 
[2025-10-05 12:34:00.664] <Wally>   (out) : = 1
[2025-10-05 12:34:00.664] <Wally>   (out) : 
[2025-10-05 12:34:00.664] <Wally>   (out) : = protocol_version
[2025-10-05 12:34:00.665] <Wally>   (out) : 
[2025-10-05 12:34:13.678] <Wally>    (in) : quit
[2025-10-05 12:34:13.696] <Wally>  (meta) : Engine Stopped
[2025-10-05 12:34:13.701] <Wally>  (meta) : Connection Failed
[2025-10-05 12:34:27.836] <Wally>    (in) : name
[2025-10-05 12:34:27.837] <Wally>    (in) : version
[2025-10-05 12:34:27.837] <Wally>    (in) : protocol_version
[2025-10-05 12:34:27.837] <Wally>    (in) : list_commands
[2025-10-05 12:34:27.838] <Wally>  (meta) : Engine Started
[2025-10-05 12:34:27.995] <Wally>   (out) : = Wally
[2025-10-05 12:34:27.995] <Wally>   (out) : 
[2025-10-05 12:34:27.995] <Wally>   (out) : = 1.0 
[2025-10-05 12:34:27.995] <Wally>   (out) : 
[2025-10-05 12:34:27.996] <Wally>   (out) : = 1
[2025-10-05 12:34:27.996] <Wally>   (out) : 
[2025-10-05 12:34:27.996] <Wally>   (out) : = protocol_version
[2025-10-05 12:34:27.996] <Wally>   (out) : 
[2025-10-05 12:34:35.639] <Wally>    (in) : komi 6.5
[2025-10-05 12:34:35.656] <Wally>   (out) : =
[2025-10-05 12:34:35.657] <Wally>   (out) : 
[2025-10-05 12:34:35.663] <Wally>    (in) : boardsize 7
[2025-10-05 12:34:35.676] <Wally>   (out) : ? not supported board size	
[2025-10-05 12:34:58.188] <Wally>    (in) : quit
[2025-10-05 12:34:58.208] <Wally>  (meta) : Engine Stopped
[2025-10-05 12:34:58.209] <Wally>  (meta) : Connection Failed
[2025-10-05 12:34:58.210] <Wally>  (meta) : Connection Failed
[2025-10-05 12:35:03.562] <Wally>    (in) : name
[2025-10-05 12:35:03.563] <Wally>    (in) : version
[2025-10-05 12:35:03.563] <Wally>    (in) : protocol_version
[2025-10-05 12:35:03.563] <Wally>    (in) : list_commands
[2025-10-05 12:35:03.564] <Wally>  (meta) : Engine Started
[2025-10-05 12:35:03.672] <Wally>   (out) : = Wally
[2025-10-05 12:35:03.673] <Wally>   (out) : 
[2025-10-05 12:35:03.673] <Wally>   (out) : = 1.0 
[2025-10-05 12:35:03.677] <Wally>   (out) : 
[2025-10-05 12:35:03.677] <Wally>   (out) : = 1
[2025-10-05 12:35:03.677] <Wally>   (out) : 
[2025-10-05 12:35:03.677] <Wally>   (out) : = protocol_version
[2025-10-05 12:35:03.677] <Wally>   (out) : 
