[2025-10-05 15:06:36.686] <Wally>    (in) : name
[2025-10-05 15:06:36.687] <Wally>    (in) : version
[2025-10-05 15:06:36.687] <Wally>    (in) : protocol_version
[2025-10-05 15:06:36.687] <Wally>    (in) : list_commands
[2025-10-05 15:06:36.687] <Wally>  (meta) : Engine Started
[2025-10-05 15:06:36.778] <Wally>   (out) : = Wally
[2025-10-05 15:06:36.778] <Wally>   (out) : 
[2025-10-05 15:06:36.778] <Wally>   (out) : = 1.0 
[2025-10-05 15:06:36.778] <Wally>   (out) : 
[2025-10-05 15:06:36.778] <Wally>   (out) : = 1
[2025-10-05 15:06:36.778] <Wally>   (out) : 
[2025-10-05 15:06:36.778] <Wally>   (out) : = protocol_version
[2025-10-05 15:06:36.779] <Wally>   (out) : 
[2025-10-05 15:06:41.192] <Wally>    (in) : komi 6.5
[2025-10-05 15:06:41.253] <Wally>   (out) : =
[2025-10-05 15:06:41.254] <Wally>   (out) : 
[2025-10-05 15:06:41.261] <Wally>    (in) : boardsize 9
[2025-10-05 15:06:41.268] <Wally>   (out) : =
[2025-10-05 15:06:41.268] <Wally>   (out) : 
[2025-10-05 15:06:41.276] <Wally>    (in) : clear_board
[2025-10-05 15:06:41.276] <Wally>    (in) : play B E7
[2025-10-05 15:06:41.284] <Wally>   (out) : =
[2025-10-05 15:06:41.284] <Wally>   (out) : =
[2025-10-05 15:06:41.284] <Wally>   (out) : 
[2025-10-05 15:07:13.080] <Wally>    (in) : quit
[2025-10-05 15:07:13.099] <Wally>  (meta) : Engine Stopped
[2025-10-05 15:07:13.100] <Wally>  (meta) : Connection Failed
[2025-10-05 15:07:13.101] <Wally>  (meta) : Connection Failed
[2025-10-05 15:07:22.127] <Wally>    (in) : name
[2025-10-05 15:07:22.127] <Wally>    (in) : version
[2025-10-05 15:07:22.127] <Wally>    (in) : protocol_version
[2025-10-05 15:07:22.128] <Wally>    (in) : list_commands
[2025-10-05 15:07:22.128] <Wally>  (meta) : Engine Started
[2025-10-05 15:07:22.240] <Wally>   (out) : = Wally
[2025-10-05 15:07:22.241] <Wally>   (out) : 
[2025-10-05 15:07:22.241] <Wally>   (out) : = 1.0 
[2025-10-05 15:07:22.241] <Wally>   (out) : 
[2025-10-05 15:07:22.241] <Wally>   (out) : = 1
[2025-10-05 15:07:22.241] <Wally>   (out) : 
[2025-10-05 15:07:22.241] <Wally>   (out) : = protocol_version
[2025-10-05 15:07:22.241] <Wally>   (out) : 
[2025-10-05 15:07:57.097] <Wally>    (in) : komi 6.5
[2025-10-05 15:07:57.118] <Wally>   (out) : =
[2025-10-05 15:07:57.119] <Wally>   (out) : 
[2025-10-05 15:07:57.128] <Wally>    (in) : boardsize 9
[2025-10-05 15:07:57.137] <Wally>   (out) : =
[2025-10-05 15:07:57.138] <Wally>   (out) : 
[2025-10-05 15:07:57.144] <Wally>    (in) : clear_board
[2025-10-05 15:07:57.144] <Wally>    (in) : play B E7
[2025-10-05 15:07:57.144] <Wally>    (in) : play W E5
[2025-10-05 15:07:57.145] <Wally>    (in) : play B E6
[2025-10-05 15:07:57.145] <Wally>    (in) : play W F6
[2025-10-05 15:07:57.145] <Wally>    (in) : play B D6
[2025-10-05 15:07:57.153] <Wally>   (out) : =
[2025-10-05 15:07:57.153] <Wally>   (out) : =
[2025-10-05 15:07:57.153] <Wally>   (out) : 
[2025-10-05 15:07:57.154] <Wally>   (out) : =
[2025-10-05 15:07:57.154] <Wally>   (out) : 
[2025-10-05 15:07:57.154] <Wally>   (out) : =
[2025-10-05 15:07:57.154] <Wally>   (out) : 
[2025-10-05 15:07:57.154] <Wally>   (out) : =
[2025-10-05 15:07:57.154] <Wally>   (out) : 
[2025-10-05 15:07:57.154] <Wally>   (out) : =
[2025-10-05 15:07:57.154] <Wally>   (out) : 
[2025-10-05 15:08:40.385] <Wally 2>    (in) : name
[2025-10-05 15:08:40.385] <Wally 2>    (in) : version
[2025-10-05 15:08:40.385] <Wally 2>    (in) : protocol_version
[2025-10-05 15:08:40.386] <Wally 2>    (in) : list_commands
[2025-10-05 15:08:40.387] <Wally 2>  (meta) : Engine Started
[2025-10-05 15:08:40.483] <Wally 2>   (out) : = Wally
[2025-10-05 15:08:40.483] <Wally 2>   (out) : 
[2025-10-05 15:08:40.483] <Wally 2>   (out) : = 1.0 
[2025-10-05 15:08:40.483] <Wally 2>   (out) : 
[2025-10-05 15:08:40.484] <Wally 2>   (out) : = 1
[2025-10-05 15:08:40.484] <Wally 2>   (out) : 
[2025-10-05 15:08:40.484] <Wally 2>   (out) : = protocol_version
[2025-10-05 15:08:40.484] <Wally 2>   (out) : 
[2025-10-05 15:08:45.032] <Wally 2>    (in) : komi 6.5
[2025-10-05 15:08:45.053] <Wally 2>   (out) : =
[2025-10-05 15:08:45.053] <Wally 2>   (out) : 
[2025-10-05 15:08:45.061] <Wally 2>    (in) : boardsize 9
[2025-10-05 15:08:45.070] <Wally 2>   (out) : =
[2025-10-05 15:08:47.513] <Wally 2>    (in) : protocol_version
[2025-10-05 15:08:47.528] <Wally 2>   (out) : = 1
[2025-10-05 15:08:47.529] <Wally 2>   (out) : 
[2025-10-05 15:08:47.537] <Wally 2>    (in) : clear_board
[2025-10-05 15:08:47.537] <Wally 2>    (in) : play B E7
[2025-10-05 15:08:47.538] <Wally 2>    (in) : play W E5
[2025-10-05 15:08:47.538] <Wally 2>    (in) : play B E6
[2025-10-05 15:08:47.538] <Wally 2>    (in) : play W F6
[2025-10-05 15:08:47.539] <Wally 2>    (in) : play B D6
[2025-10-05 15:08:47.539] <Wally 2>    (in) : play W D5
[2025-10-05 15:08:47.539] <Wally 2>    (in) : play B F5
[2025-10-05 15:08:47.552] <Wally 2>   (out) : =
[2025-10-05 15:08:47.553] <Wally 2>   (out) : =
[2025-10-05 15:08:47.553] <Wally 2>   (out) : 
[2025-10-05 15:08:47.554] <Wally 2>   (out) : =
[2025-10-05 15:08:47.554] <Wally 2>   (out) : 
[2025-10-05 15:08:47.554] <Wally 2>   (out) : =
[2025-10-05 15:08:47.554] <Wally 2>   (out) : 
[2025-10-05 15:08:47.555] <Wally 2>   (out) : =
[2025-10-05 15:08:47.555] <Wally 2>   (out) : 
[2025-10-05 15:08:47.555] <Wally 2>   (out) : =
[2025-10-05 15:08:47.555] <Wally 2>   (out) : 
[2025-10-05 15:08:47.555] <Wally 2>   (out) : =
[2025-10-05 15:08:47.555] <Wally 2>   (out) : 
[2025-10-05 15:08:47.555] <Wally 2>   (out) : =
[2025-10-05 15:08:47.556] <Wally 2>   (out) : 
[2025-10-05 15:08:48.846] <Wally 2>    (in) : protocol_version
[2025-10-05 15:08:48.872] <Wally 2>   (out) : = 1
[2025-10-05 15:08:48.872] <Wally 2>   (out) : 
