[2025-10-05 15:03:20.383] <Wally>    (in) : name
[2025-10-05 15:03:20.384] <Wally>    (in) : version
[2025-10-05 15:03:20.385] <Wally>    (in) : protocol_version
[2025-10-05 15:03:20.385] <Wally>    (in) : list_commands
[2025-10-05 15:03:20.385] <Wally>  (meta) : Engine Started
[2025-10-05 15:03:20.471] <Wally>   (out) : = Wally
[2025-10-05 15:03:20.472] <Wally>   (out) : 
[2025-10-05 15:03:20.472] <Wally>   (out) : = 1.0 
[2025-10-05 15:03:20.472] <Wally>   (out) : 
[2025-10-05 15:03:20.472] <Wally>   (out) : = 1
[2025-10-05 15:03:20.472] <Wally>   (out) : 
[2025-10-05 15:03:20.472] <Wally>   (out) : = protocol_version
[2025-10-05 15:03:20.472] <Wally>   (out) : 
[2025-10-05 15:03:23.800] <Wally>    (in) : komi 6.5
[2025-10-05 15:03:23.861] <Wally>   (out) : =
[2025-10-05 15:03:23.861] <Wally>   (out) : 
[2025-10-05 15:03:23.868] <Wally>    (in) : boardsize 9
[2025-10-05 15:03:23.875] <Wally>   (out) : =
[2025-10-05 15:04:16.557] <Wally>    (in) : protocol_version
[2025-10-05 15:04:16.585] <Wally>   (out) : = 1
[2025-10-05 15:04:16.586] <Wally>   (out) : 
[2025-10-05 15:04:16.596] <Wally>    (in) : clear_board
[2025-10-05 15:04:16.596] <Wally>    (in) : play B E7
[2025-10-05 15:04:16.606] <Wally>   (out) : =
[2025-10-05 15:04:16.606] <Wally>   (out) : =
[2025-10-05 15:04:16.606] <Wally>   (out) : 
[2025-10-05 15:04:18.723] <Wally>    (in) : protocol_version
[2025-10-05 15:04:18.739] <Wally>   (out) : = 1
[2025-10-05 15:04:18.739] <Wally>   (out) : 
[2025-10-05 15:04:19.546] <Wally>    (in) : protocol_version
[2025-10-05 15:04:19.566] <Wally>   (out) : = 1
[2025-10-05 15:04:19.567] <Wally>   (out) : 
[2025-10-05 15:04:19.573] <Wally>    (in) : play W E5
[2025-10-05 15:04:19.574] <Wally>    (in) : play B F6
[2025-10-05 15:04:19.581] <Wally>    (in) : protocol_version
[2025-10-05 15:04:19.590] <Wally>   (out) : =
[2025-10-05 15:04:19.590] <Wally>   (out) : 
[2025-10-05 15:04:19.590] <Wally>   (out) : =
[2025-10-05 15:04:19.590] <Wally>   (out) : 
[2025-10-05 15:04:19.590] <Wally>   (out) : = 1
[2025-10-05 15:04:19.591] <Wally>   (out) : 
[2025-10-05 15:04:20.341] <Wally>    (in) : protocol_version
[2025-10-05 15:04:20.358] <Wally>   (out) : = 1
[2025-10-05 15:04:20.358] <Wally>   (out) : 
[2025-10-05 15:04:20.366] <Wally>    (in) : play W D6
[2025-10-05 15:04:20.367] <Wally>    (in) : play B D5
[2025-10-05 15:04:20.373] <Wally>    (in) : protocol_version
[2025-10-05 15:04:20.381] <Wally>   (out) : =
[2025-10-05 15:04:20.381] <Wally>   (out) : 
[2025-10-05 15:04:20.382] <Wally>   (out) : =
[2025-10-05 15:04:20.382] <Wally>   (out) : 
[2025-10-05 15:04:20.382] <Wally>   (out) : = 1
[2025-10-05 15:04:20.382] <Wally>   (out) : 
[2025-10-05 15:04:25.234] <Wally>    (in) : quit
[2025-10-05 15:04:25.250] <Wally>  (meta) : Engine Stopped
[2025-10-05 15:04:25.252] <Wally>  (meta) : Connection Failed
[2025-10-05 15:04:25.252] <Wally>  (meta) : Connection Failed
[2025-10-05 15:04:25.253] <Wally>  (meta) : Connection Failed
[2025-10-05 15:04:25.365] <Wally>    (in) : name
[2025-10-05 15:04:25.366] <Wally>    (in) : version
[2025-10-05 15:04:25.366] <Wally>    (in) : protocol_version
[2025-10-05 15:04:25.366] <Wally>    (in) : list_commands
[2025-10-05 15:04:25.366] <Wally>  (meta) : Engine Started
[2025-10-05 15:04:25.366] <Wally>    (in) : clear_board
[2025-10-05 15:04:25.366] <Wally>    (in) : play B E7
[2025-10-05 15:04:25.366] <Wally>    (in) : play W E5
[2025-10-05 15:04:25.367] <Wally>    (in) : play B F6
[2025-10-05 15:04:25.367] <Wally>    (in) : play W D6
[2025-10-05 15:04:25.367] <Wally>    (in) : play B D5
[2025-10-05 15:04:25.457] <Wally>   (out) : = Wally
[2025-10-05 15:04:25.457] <Wally>   (out) : 
[2025-10-05 15:04:25.458] <Wally>   (out) : = 1.0 
[2025-10-05 15:04:25.458] <Wally>   (out) : 
[2025-10-05 15:04:25.458] <Wally>   (out) : = 1
[2025-10-05 15:04:25.458] <Wally>   (out) : 
[2025-10-05 15:04:25.458] <Wally>   (out) : = protocol_version
[2025-10-05 15:04:25.458] <Wally>   (out) : 
[2025-10-05 15:04:25.462] <Wally>   (err) : Traceback (most recent call last):
[2025-10-05 15:04:25.462] <Wally>   (err) :   File "/Users/soohyukyoon/SooGo/Wally.py", line 212, in <module>
[2025-10-05 15:04:25.462] <Wally>   (err) :     gtp()
[2025-10-05 15:04:25.463] <Wally>   (err) :     ~~~^^
[2025-10-05 15:04:25.463] <Wally>   (err) :   File "/Users/soohyukyoon/SooGo/Wally.py", line 202, in gtp
[2025-10-05 15:04:25.463] <Wally>   (err) :     for square in range(len(BOARD)):
[2025-10-05 15:04:25.463] <Wally>   (err) :                         ~~~^^^^^^^
[2025-10-05 15:04:25.463] <Wally>   (err) : TypeError: object of type 'NoneType' has no len()
[2025-10-05 15:04:25.469] <Wally>  (meta) : Engine Stopped
[2025-10-05 15:04:25.469] <Wally>  (meta) : Connection Failed
[2025-10-05 15:04:25.469] <Wally>  (meta) : Connection Failed
[2025-10-05 15:04:25.469] <Wally>  (meta) : Connection Failed
[2025-10-05 15:04:25.469] <Wally>  (meta) : Connection Failed
[2025-10-05 15:04:25.469] <Wally>  (meta) : Connection Failed
[2025-10-05 15:04:25.469] <Wally>  (meta) : Connection Failed
[2025-10-05 15:04:25.574] <Wally>    (in) : name
[2025-10-05 15:04:25.574] <Wally>    (in) : version
[2025-10-05 15:04:25.574] <Wally>    (in) : protocol_version
[2025-10-05 15:04:25.575] <Wally>    (in) : list_commands
[2025-10-05 15:04:25.575] <Wally>  (meta) : Engine Started
[2025-10-05 15:04:25.575] <Wally>    (in) : komi 6.5
[2025-10-05 15:04:27.206] <Wally>   (out) : = Wally
[2025-10-05 15:04:27.206] <Wally>   (out) : 
[2025-10-05 15:04:27.207] <Wally>   (out) : = 1.0 
[2025-10-05 15:04:27.207] <Wally>   (out) : 
[2025-10-05 15:04:27.207] <Wally>   (out) : = 1
[2025-10-05 15:04:27.207] <Wally>   (out) : 
[2025-10-05 15:04:27.208] <Wally>   (out) : = protocol_version
[2025-10-05 15:04:27.208] <Wally>   (out) : 
[2025-10-05 15:04:27.208] <Wally>   (out) : =
[2025-10-05 15:04:27.208] <Wally>   (out) : 
[2025-10-05 15:04:27.215] <Wally>    (in) : boardsize 9
[2025-10-05 15:04:27.224] <Wally>   (out) : =
[2025-10-05 15:04:27.224] <Wally>   (out) : 
[2025-10-05 15:04:27.229] <Wally>    (in) : clear_board
[2025-10-05 15:04:27.229] <Wally>    (in) : play B E7
[2025-10-05 15:04:27.229] <Wally>    (in) : play W E5
[2025-10-05 15:04:27.230] <Wally>    (in) : play B F6
[2025-10-05 15:04:27.230] <Wally>    (in) : play W D6
[2025-10-05 15:04:27.230] <Wally>    (in) : play B D5
[2025-10-05 15:04:27.230] <Wally>    (in) : play W E6
[2025-10-05 15:04:27.230] <Wally>    (in) : play B C6
[2025-10-05 15:04:27.237] <Wally>   (out) : =
[2025-10-05 15:04:27.237] <Wally>   (out) : =
[2025-10-05 15:04:27.237] <Wally>   (out) : 
[2025-10-05 15:04:27.238] <Wally>   (out) : =
[2025-10-05 15:04:27.238] <Wally>   (out) : 
[2025-10-05 15:04:27.238] <Wally>   (out) : =
[2025-10-05 15:04:27.238] <Wally>   (out) : 
[2025-10-05 15:04:27.238] <Wally>   (out) : =
[2025-10-05 15:04:27.238] <Wally>   (out) : 
[2025-10-05 15:04:27.238] <Wally>   (out) : =
[2025-10-05 15:04:27.238] <Wally>   (out) : 
[2025-10-05 15:04:27.238] <Wally>   (out) : =
[2025-10-05 15:04:27.238] <Wally>   (out) : 
[2025-10-05 15:04:27.238] <Wally>   (out) : =
[2025-10-05 15:04:27.239] <Wally>   (out) : 
[2025-10-05 15:04:28.124] <Wally>    (in) : quit
[2025-10-05 15:04:28.147] <Wally>  (meta) : Engine Stopped
[2025-10-05 15:04:28.155] <Wally>  (meta) : Connection Failed
[2025-10-05 15:04:28.155] <Wally>  (meta) : Connection Failed
[2025-10-05 15:04:28.260] <Wally>    (in) : name
[2025-10-05 15:04:28.260] <Wally>    (in) : version
[2025-10-05 15:04:28.260] <Wally>    (in) : protocol_version
[2025-10-05 15:04:28.260] <Wally>    (in) : list_commands
[2025-10-05 15:04:28.261] <Wally>  (meta) : Engine Started
[2025-10-05 15:04:28.261] <Wally>    (in) : genmove W
[2025-10-05 15:04:29.526] <Wally>   (out) : = Wally
[2025-10-05 15:04:29.527] <Wally>   (out) : 
[2025-10-05 15:04:29.528] <Wally>   (out) : = 1.0 
[2025-10-05 15:04:29.528] <Wally>   (out) : 
[2025-10-05 15:04:29.528] <Wally>   (out) : = 1
[2025-10-05 15:04:29.528] <Wally>   (out) : 
[2025-10-05 15:04:29.530] <Wally>   (out) : = protocol_version
[2025-10-05 15:04:29.530] <Wally>   (out) : 
[2025-10-05 15:04:29.530] <Wally>   (out) : = E2
[2025-10-05 15:04:29.531] <Wally>   (out) : 
[2025-10-05 15:04:29.537] <Wally>    (in) : komi 6.5
[2025-10-05 15:04:29.548] <Wally>   (out) : =
[2025-10-05 15:04:29.548] <Wally>   (out) : 
[2025-10-05 15:04:29.553] <Wally>    (in) : boardsize 9
[2025-10-05 15:04:29.557] <Wally>   (out) : =
[2025-10-05 15:04:29.557] <Wally>   (out) : 
[2025-10-05 15:04:29.561] <Wally>    (in) : clear_board
[2025-10-05 15:04:29.561] <Wally>    (in) : play B E7
[2025-10-05 15:04:29.562] <Wally>    (in) : play W E5
[2025-10-05 15:04:29.562] <Wally>    (in) : play B F6
[2025-10-05 15:04:29.562] <Wally>    (in) : play W D6
[2025-10-05 15:04:29.562] <Wally>    (in) : play B D5
[2025-10-05 15:04:29.562] <Wally>    (in) : play W E6
[2025-10-05 15:04:29.563] <Wally>    (in) : play B C6
[2025-10-05 15:04:29.563] <Wally>    (in) : play W D7
[2025-10-05 15:04:29.563] <Wally>    (in) : play B C7
[2025-10-05 15:04:29.568] <Wally>   (out) : =
[2025-10-05 15:04:29.569] <Wally>   (out) : =
[2025-10-05 15:04:29.569] <Wally>   (out) : 
[2025-10-05 15:04:29.569] <Wally>   (out) : =
[2025-10-05 15:04:29.569] <Wally>   (out) : 
[2025-10-05 15:04:29.569] <Wally>   (out) : =
[2025-10-05 15:04:29.569] <Wally>   (out) : 
[2025-10-05 15:04:29.569] <Wally>   (out) : =
[2025-10-05 15:04:29.569] <Wally>   (out) : 
[2025-10-05 15:04:29.570] <Wally>   (out) : =
[2025-10-05 15:04:29.570] <Wally>   (out) : 
[2025-10-05 15:04:29.570] <Wally>   (out) : =
[2025-10-05 15:04:29.570] <Wally>   (out) : 
[2025-10-05 15:04:29.570] <Wally>   (out) : =
[2025-10-05 15:04:29.570] <Wally>   (out) : 
[2025-10-05 15:04:29.570] <Wally>   (out) : =
[2025-10-05 15:04:29.570] <Wally>   (out) : 
[2025-10-05 15:04:29.570] <Wally>   (out) : =
[2025-10-05 15:04:29.570] <Wally>   (out) : 
[2025-10-05 15:04:37.827] <Wally>    (in) : name
[2025-10-05 15:04:37.828] <Wally>    (in) : version
[2025-10-05 15:04:37.828] <Wally>    (in) : protocol_version
[2025-10-05 15:04:37.828] <Wally>    (in) : list_commands
[2025-10-05 15:04:37.828] <Wally>  (meta) : Engine Started
[2025-10-05 15:04:37.885] <Wally>   (out) : = Wally
[2025-10-05 15:04:37.885] <Wally>   (out) : 
[2025-10-05 15:04:37.885] <Wally>   (out) : = 1.0 
[2025-10-05 15:04:37.885] <Wally>   (out) : 
[2025-10-05 15:04:37.886] <Wally>   (out) : = 1
[2025-10-05 15:04:37.886] <Wally>   (out) : 
[2025-10-05 15:04:37.886] <Wally>   (out) : = protocol_version
[2025-10-05 15:04:37.886] <Wally>   (out) : 
[2025-10-05 15:04:42.577] <Wally>    (in) : komi 6.5
[2025-10-05 15:04:42.601] <Wally>   (out) : =
[2025-10-05 15:04:42.601] <Wally>   (out) : 
[2025-10-05 15:04:42.609] <Wally>    (in) : boardsize 9
[2025-10-05 15:04:42.618] <Wally>   (out) : =
[2025-10-05 15:04:42.619] <Wally>   (out) : 
[2025-10-05 15:04:42.625] <Wally>    (in) : clear_board
[2025-10-05 15:04:42.625] <Wally>    (in) : play B E7
[2025-10-05 15:04:42.633] <Wally>   (out) : =
[2025-10-05 15:04:42.633] <Wally>   (out) : =
[2025-10-05 15:04:42.633] <Wally>   (out) : 
[2025-10-05 15:06:25.084] <Wally>    (in) : quit
[2025-10-05 15:06:25.105] <Wally>  (meta) : Engine Stopped
[2025-10-05 15:06:25.106] <Wally>  (meta) : Connection Failed
[2025-10-05 15:06:25.106] <Wally>  (meta) : Connection Failed
