[2025-10-06 01:35:22.540] <Wally>    (in) : name
[2025-10-06 01:35:22.542] <Wally>    (in) : version
[2025-10-06 01:35:22.542] <Wally>    (in) : protocol_version
[2025-10-06 01:35:22.542] <Wally>    (in) : list_commands
[2025-10-06 01:35:22.542] <Wally>  (meta) : Engine Started
[2025-10-06 01:35:22.664] <Wally>   (out) : = Wally
[2025-10-06 01:35:22.664] <Wally>   (out) : 
[2025-10-06 01:35:22.664] <Wally>   (out) : = 1.0 
[2025-10-06 01:35:22.665] <Wally>   (out) : 
[2025-10-06 01:35:22.665] <Wally>   (out) : = 1
[2025-10-06 01:35:22.665] <Wally>   (out) : 
[2025-10-06 01:35:22.665] <Wally>   (out) : = protocol_version
[2025-10-06 01:35:22.665] <Wally>   (out) : 
[2025-10-06 01:35:27.420] <Wally>    (in) : komi 6.5
[2025-10-06 01:35:27.454] <Wally>   (out) : =
[2025-10-06 01:35:27.454] <Wally>   (out) : 
[2025-10-06 01:35:27.464] <Wally>    (in) : boardsize 9
[2025-10-06 01:35:27.471] <Wally>   (out) : =
[2025-10-06 01:35:27.471] <Wally>   (out) : 
[2025-10-06 01:35:27.479] <Wally>    (in) : clear_board
[2025-10-06 01:35:27.479] <Wally>    (in) : play B G7
[2025-10-06 01:35:27.495] <Wally>   (out) : =
[2025-10-06 01:35:27.496] <Wally>   (out) : 
[2025-10-06 01:35:27.496] <Wally>   (out) : =
[2025-10-06 01:35:27.496] <Wally>   (out) : 
[2025-10-06 01:35:27.504] <Wally>    (in) : genmove W
[2025-10-06 01:35:27.510] <Wally>   (out) : = A7
[2025-10-06 01:35:27.511] <Wally>   (out) : 
[2025-10-06 01:35:29.985] <Wally>    (in) : play B B7
[2025-10-06 01:35:29.996] <Wally>   (out) : =
[2025-10-06 01:35:29.997] <Wally>   (out) : 
[2025-10-06 01:35:30.002] <Wally>    (in) : genmove W
[2025-10-06 01:35:30.016] <Wally>   (err) : Traceback (most recent call last):
[2025-10-06 01:35:30.024] <Wally>   (err) :   File "/Users/soohyukyoon/SooGo/Wally.py", line 492, in <module>
[2025-10-06 01:35:30.024] <Wally>   (err) :     gtp()
[2025-10-06 01:35:30.024] <Wally>   (err) :     ~~~^^
[2025-10-06 01:35:30.024] <Wally>   (err) :   File "/Users/soohyukyoon/SooGo/Wally.py", line 487, in gtp
[2025-10-06 01:35:30.025] <Wally>   (err) :     elif 'genmove' in command: print('=', genmove(BLACK if command.split()[-1] == 'B' else WHITE) + '\n')
[2025-10-06 01:35:30.025] <Wally>   (err) :                                           ~~~~~~~^^^^^^^^^^^^^^^^^^^^^^^^^^^^^^^^^^^^^^^^^^^^^^^^
[2025-10-06 01:35:30.025] <Wally>   (err) :   File "/Users/soohyukyoon/SooGo/Wally.py", line 454, in genmove
[2025-10-06 01:35:30.025] <Wally>   (err) :     best_liberty = evaluate(color)
[2025-10-06 01:35:30.025] <Wally>   (err) :   File "/Users/soohyukyoon/SooGo/Wally.py", line 379, in evaluate
[2025-10-06 01:35:30.025] <Wally>   (err) :     return best_liberty
[2025-10-06 01:35:30.025] <Wally>   (err) :            ^^^^^^^^^^^^
[2025-10-06 01:35:30.025] <Wally>   (err) : UnboundLocalError: cannot access local variable 'best_liberty' where it is not associated with a value
[2025-10-06 01:35:30.033] <Wally>  (meta) : Engine Stopped
[2025-10-06 01:35:30.034] <Wally>  (meta) : Connection Failed
[2025-10-06 01:36:22.867] <Wally>    (in) : name
[2025-10-06 01:36:22.868] <Wally>    (in) : version
[2025-10-06 01:36:22.868] <Wally>    (in) : protocol_version
[2025-10-06 01:36:22.868] <Wally>    (in) : list_commands
[2025-10-06 01:36:22.868] <Wally>  (meta) : Engine Started
[2025-10-06 01:36:22.998] <Wally>   (out) : = Wally
[2025-10-06 01:36:22.998] <Wally>   (out) : 
[2025-10-06 01:36:22.998] <Wally>   (out) : = 1.0 
[2025-10-06 01:36:22.998] <Wally>   (out) : 
[2025-10-06 01:36:22.998] <Wally>   (out) : = 1
[2025-10-06 01:36:22.998] <Wally>   (out) : 
[2025-10-06 01:36:22.999] <Wally>   (out) : = protocol_version
[2025-10-06 01:36:22.999] <Wally>   (out) : 
[2025-10-06 01:36:32.737] <Wally>    (in) : komi 6.5
[2025-10-06 01:36:32.746] <Wally>   (out) : =
[2025-10-06 01:36:32.747] <Wally>   (out) : 
[2025-10-06 01:36:32.757] <Wally>    (in) : boardsize 9
[2025-10-06 01:36:32.762] <Wally>   (out) : =
[2025-10-06 01:36:32.762] <Wally>   (out) : 
[2025-10-06 01:36:32.766] <Wally>    (in) : clear_board
[2025-10-06 01:36:32.766] <Wally>    (in) : play B G7
[2025-10-06 01:36:32.771] <Wally>   (out) : =
[2025-10-06 01:36:32.771] <Wally>   (out) : 
[2025-10-06 01:36:32.771] <Wally>   (out) : =
[2025-10-06 01:36:32.771] <Wally>   (out) : 
[2025-10-06 01:36:32.776] <Wally>    (in) : genmove W
[2025-10-06 01:36:32.780] <Wally>   (out) : = G9
[2025-10-06 01:36:32.781] <Wally>   (out) : 
[2025-10-06 01:36:33.682] <Wally>    (in) : play B G8
[2025-10-06 01:36:33.690] <Wally>   (out) : =
[2025-10-06 01:36:33.690] <Wally>   (out) : 
[2025-10-06 01:36:33.694] <Wally>    (in) : genmove W
[2025-10-06 01:36:33.700] <Wally>   (out) : = H9
[2025-10-06 01:36:33.700] <Wally>   (out) : 
[2025-10-06 01:36:33.707] <Wally>   (err) : best move
[2025-10-06 01:36:34.710] <Wally>    (in) : play B H8
[2025-10-06 01:36:34.717] <Wally>   (out) : =
[2025-10-06 01:36:34.717] <Wally>   (out) : 
[2025-10-06 01:36:34.721] <Wally>    (in) : genmove W
[2025-10-06 01:36:34.726] <Wally>   (out) : = J9
[2025-10-06 01:36:34.726] <Wally>   (out) : 
[2025-10-06 01:36:34.732] <Wally>   (err) : best move
[2025-10-06 01:36:35.699] <Wally>    (in) : play B J8
[2025-10-06 01:36:35.706] <Wally>   (out) : =
[2025-10-06 01:36:35.706] <Wally>   (out) : 
[2025-10-06 01:36:35.710] <Wally>    (in) : genmove W
[2025-10-06 01:36:35.715] <Wally>   (out) : = D2
[2025-10-06 01:36:35.715] <Wally>   (out) : 
[2025-10-06 01:36:39.638] <Wally>    (in) : play B D3
[2025-10-06 01:36:39.652] <Wally>   (out) : =
[2025-10-06 01:36:39.652] <Wally>   (out) : 
[2025-10-06 01:36:39.656] <Wally>    (in) : genmove W
[2025-10-06 01:36:39.663] <Wally>   (out) : = C8
[2025-10-06 01:36:39.663] <Wally>   (out) : 
[2025-10-06 01:36:40.335] <Wally>    (in) : play B E2
[2025-10-06 01:36:40.341] <Wally>   (out) : =
[2025-10-06 01:36:40.341] <Wally>   (out) : 
[2025-10-06 01:36:40.345] <Wally>    (in) : genmove W
[2025-10-06 01:36:40.349] <Wally>   (out) : = C2
[2025-10-06 01:36:40.350] <Wally>   (out) : 
[2025-10-06 01:36:40.355] <Wally>   (err) : best move
[2025-10-06 01:36:41.101] <Wally>    (in) : play B C3
[2025-10-06 01:36:41.108] <Wally>   (out) : =
[2025-10-06 01:36:41.108] <Wally>   (out) : 
[2025-10-06 01:36:41.112] <Wally>    (in) : genmove W
[2025-10-06 01:36:41.116] <Wally>   (out) : = C4
[2025-10-06 01:36:41.116] <Wally>   (out) : 
[2025-10-06 01:36:42.742] <Wally>    (in) : play B B2
[2025-10-06 01:36:42.749] <Wally>   (out) : =
[2025-10-06 01:36:42.749] <Wally>   (out) : 
[2025-10-06 01:36:42.753] <Wally>    (in) : genmove W
[2025-10-06 01:36:42.759] <Wally>   (out) : = C1
[2025-10-06 01:36:42.759] <Wally>   (out) : 
[2025-10-06 01:36:42.765] <Wally>   (err) : best move
[2025-10-06 01:36:44.716] <Wally>    (in) : play B D1
[2025-10-06 01:36:44.723] <Wally>   (out) : =
[2025-10-06 01:36:44.723] <Wally>   (out) : 
[2025-10-06 01:36:44.727] <Wally>    (in) : genmove W
[2025-10-06 01:36:44.733] <Wally>   (out) : = E4
[2025-10-06 01:36:44.733] <Wally>   (out) : 
[2025-10-06 01:36:45.356] <Wally>    (in) : play B B1
[2025-10-06 01:36:45.364] <Wally>   (out) : =
[2025-10-06 01:36:45.364] <Wally>   (out) : 
[2025-10-06 01:36:45.367] <Wally>    (in) : genmove W
[2025-10-06 01:36:45.373] <Wally>   (out) : = J1
[2025-10-06 01:36:45.373] <Wally>   (out) : 
[2025-10-06 01:36:46.546] <Wally>    (in) : play B J2
[2025-10-06 01:36:46.553] <Wally>   (out) : =
[2025-10-06 01:36:46.553] <Wally>   (out) : 
[2025-10-06 01:36:46.557] <Wally>    (in) : genmove W
[2025-10-06 01:36:46.563] <Wally>   (out) : = D9
[2025-10-06 01:36:46.563] <Wally>   (out) : 
[2025-10-06 01:36:46.852] <Wally>    (in) : play B H1
[2025-10-06 01:36:46.859] <Wally>   (out) : =
[2025-10-06 01:36:46.859] <Wally>   (out) : 
[2025-10-06 01:36:46.863] <Wally>    (in) : genmove W
[2025-10-06 01:36:46.867] <Wally>   (out) : = E8
[2025-10-06 01:36:46.869] <Wally>   (out) : 
[2025-10-06 01:36:47.253] <Wally>    (in) : play B H2
[2025-10-06 01:36:47.260] <Wally>   (out) : =
[2025-10-06 01:36:47.260] <Wally>   (out) : 
[2025-10-06 01:36:47.265] <Wally>    (in) : genmove W
[2025-10-06 01:36:47.272] <Wally>   (out) : = F6
[2025-10-06 01:36:47.273] <Wally>   (out) : 
[2025-10-06 01:36:48.129] <Wally>    (in) : play B F9
[2025-10-06 01:36:48.137] <Wally>   (out) : =
[2025-10-06 01:36:48.137] <Wally>   (out) : 
[2025-10-06 01:36:48.141] <Wally>    (in) : genmove W
[2025-10-06 01:36:48.146] <Wally>   (out) : = F5
[2025-10-06 01:36:48.147] <Wally>   (out) : 
[2025-10-06 01:36:48.495] <Wally>    (in) : play B F8
[2025-10-06 01:36:48.504] <Wally>   (out) : =
[2025-10-06 01:36:48.504] <Wally>   (out) : 
[2025-10-06 01:36:48.508] <Wally>    (in) : genmove W
[2025-10-06 01:36:48.515] <Wally>   (out) : = J5
[2025-10-06 01:36:48.515] <Wally>   (out) : 
[2025-10-06 01:36:49.192] <Wally>    (in) : play B F7
[2025-10-06 01:36:49.199] <Wally>   (out) : =
[2025-10-06 01:36:49.200] <Wally>   (out) : 
[2025-10-06 01:36:49.204] <Wally>    (in) : genmove W
[2025-10-06 01:36:49.210] <Wally>   (out) : = D4
[2025-10-06 01:36:49.210] <Wally>   (out) : 
[2025-10-06 01:36:49.793] <Wally>    (in) : play B G6
[2025-10-06 01:36:49.800] <Wally>   (out) : =
[2025-10-06 01:36:49.800] <Wally>   (out) : 
[2025-10-06 01:36:49.804] <Wally>    (in) : genmove W
[2025-10-06 01:36:49.810] <Wally>   (out) : = B7
[2025-10-06 01:36:49.811] <Wally>   (out) : 
[2025-10-06 01:36:50.049] <Wally>    (in) : play B G5
[2025-10-06 01:36:50.057] <Wally>   (out) : =
[2025-10-06 01:36:50.057] <Wally>   (out) : 
[2025-10-06 01:36:50.061] <Wally>    (in) : genmove W
[2025-10-06 01:36:50.066] <Wally>   (out) : = E7
[2025-10-06 01:36:50.066] <Wally>   (out) : 
[2025-10-06 01:36:51.721] <Wally>    (in) : play B B4
[2025-10-06 01:36:51.728] <Wally>   (out) : =
[2025-10-06 01:36:51.729] <Wally>   (out) : 
[2025-10-06 01:36:51.733] <Wally>    (in) : genmove W
[2025-10-06 01:36:51.740] <Wally>   (out) : = C1
[2025-10-06 01:36:51.740] <Wally>   (out) : 
[2025-10-06 01:36:52.119] <Wally>    (in) : play B B5
[2025-10-06 01:36:52.127] <Wally>   (out) : =
[2025-10-06 01:36:52.127] <Wally>   (out) : 
[2025-10-06 01:36:52.131] <Wally>    (in) : genmove W
[2025-10-06 01:36:52.136] <Wally>   (out) : = J9
[2025-10-06 01:36:52.136] <Wally>   (out) : 
[2025-10-06 01:36:52.787] <Wally>    (in) : play B A5
[2025-10-06 01:36:52.794] <Wally>   (out) : =
[2025-10-06 01:36:52.795] <Wally>   (out) : 
[2025-10-06 01:36:52.799] <Wally>    (in) : genmove W
[2025-10-06 01:36:52.805] <Wally>   (out) : = J4
[2025-10-06 01:36:52.805] <Wally>   (out) : 
[2025-10-06 01:36:53.288] <Wally>    (in) : play B C5
[2025-10-06 01:36:53.296] <Wally>   (out) : =
[2025-10-06 01:36:53.296] <Wally>   (out) : 
[2025-10-06 01:36:53.301] <Wally>    (in) : genmove W
[2025-10-06 01:36:53.307] <Wally>   (out) : = G3
[2025-10-06 01:36:53.307] <Wally>   (out) : 
[2025-10-06 01:36:53.686] <Wally>    (in) : play B D5
[2025-10-06 01:36:53.695] <Wally>   (out) : =
[2025-10-06 01:36:53.695] <Wally>   (out) : 
[2025-10-06 01:36:53.699] <Wally>    (in) : genmove W
[2025-10-06 01:36:53.705] <Wally>   (out) : = C2
[2025-10-06 01:36:53.705] <Wally>   (out) : 
[2025-10-06 01:36:54.113] <Wally>    (in) : play B E5
[2025-10-06 01:36:54.120] <Wally>   (out) : =
[2025-10-06 01:36:54.120] <Wally>   (out) : 
[2025-10-06 01:36:54.124] <Wally>    (in) : genmove W
[2025-10-06 01:36:54.130] <Wally>   (out) : = E6
[2025-10-06 01:36:54.130] <Wally>   (out) : 
[2025-10-06 01:36:54.136] <Wally>   (err) : best move
[2025-10-06 01:36:56.258] <Wally>    (in) : play B F4
[2025-10-06 01:36:56.265] <Wally>   (out) : =
[2025-10-06 01:36:56.265] <Wally>   (out) : 
[2025-10-06 01:36:56.269] <Wally>    (in) : genmove W
[2025-10-06 01:36:56.275] <Wally>   (out) : = H5
[2025-10-06 01:36:56.275] <Wally>   (out) : 
[2025-10-06 01:36:57.986] <Wally>    (in) : play B D6
[2025-10-06 01:36:57.995] <Wally>   (out) : =
[2025-10-06 01:36:57.995] <Wally>   (out) : 
[2025-10-06 01:36:57.999] <Wally>    (in) : genmove W
[2025-10-06 01:36:58.005] <Wally>   (out) : = H3
[2025-10-06 01:36:58.006] <Wally>   (out) : 
[2025-10-06 01:36:58.279] <Wally>    (in) : play B D7
[2025-10-06 01:36:58.285] <Wally>   (out) : =
[2025-10-06 01:36:58.285] <Wally>   (out) : 
[2025-10-06 01:36:58.288] <Wally>    (in) : genmove W
[2025-10-06 01:36:58.294] <Wally>   (out) : = D8
[2025-10-06 01:36:58.294] <Wally>   (out) : 
[2025-10-06 01:36:58.301] <Wally>   (err) : best move
[2025-10-06 01:37:02.665] <Wally>    (in) : play B A8
[2025-10-06 01:37:02.674] <Wally>   (out) : =
[2025-10-06 01:37:02.674] <Wally>   (out) : 
[2025-10-06 01:37:02.678] <Wally>    (in) : genmove W
[2025-10-06 01:37:02.682] <Wally>   (out) : = G1
[2025-10-06 01:37:02.682] <Wally>   (out) : 
[2025-10-06 01:37:03.235] <Wally>    (in) : play B B8
[2025-10-06 01:37:03.244] <Wally>   (out) : =
[2025-10-06 01:37:03.244] <Wally>   (out) : 
[2025-10-06 01:37:03.248] <Wally>    (in) : genmove W
[2025-10-06 01:37:03.255] <Wally>   (out) : = G2
[2025-10-06 01:37:03.255] <Wally>   (out) : 
[2025-10-06 01:37:03.262] <Wally>   (err) : best move
[2025-10-06 01:37:03.730] <Wally>    (in) : play B A7
[2025-10-06 01:37:03.738] <Wally>   (out) : =
[2025-10-06 01:37:03.738] <Wally>   (out) : 
[2025-10-06 01:37:03.743] <Wally>    (in) : genmove W
[2025-10-06 01:37:03.749] <Wally>   (out) : = C7
[2025-10-06 01:37:03.749] <Wally>   (out) : 
[2025-10-06 01:37:03.756] <Wally>   (err) : best move
[2025-10-06 01:37:04.831] <Wally>    (in) : play B B9
[2025-10-06 01:37:04.840] <Wally>   (out) : =
[2025-10-06 01:37:04.840] <Wally>   (out) : 
[2025-10-06 01:37:04.844] <Wally>    (in) : genmove W
[2025-10-06 01:37:04.850] <Wally>   (out) : = A3
[2025-10-06 01:37:04.850] <Wally>   (out) : 
[2025-10-06 01:37:05.289] <Wally>    (in) : play B C9
[2025-10-06 01:37:05.297] <Wally>   (out) : =
[2025-10-06 01:37:05.297] <Wally>   (out) : 
[2025-10-06 01:37:05.302] <Wally>    (in) : genmove W
[2025-10-06 01:37:05.308] <Wally>   (out) : = H4
[2025-10-06 01:37:05.308] <Wally>   (out) : 
[2025-10-06 01:37:05.761] <Wally>    (in) : play B E9
[2025-10-06 01:37:05.769] <Wally>   (out) : =
[2025-10-06 01:37:05.770] <Wally>   (out) : 
[2025-10-06 01:37:05.774] <Wally>    (in) : genmove W
[2025-10-06 01:37:05.780] <Wally>   (out) : = B6
[2025-10-06 01:37:05.780] <Wally>   (out) : 
[2025-10-06 01:37:05.787] <Wally>   (err) : best move
[2025-10-06 01:37:06.428] <Wally>    (in) : play B C6
[2025-10-06 01:37:06.436] <Wally>   (out) : =
[2025-10-06 01:37:06.437] <Wally>   (out) : 
[2025-10-06 01:37:06.441] <Wally>    (in) : genmove W
[2025-10-06 01:37:06.446] <Wally>   (out) : = H6
[2025-10-06 01:37:06.446] <Wally>   (out) : 
[2025-10-06 01:37:06.880] <Wally>    (in) : play B A6
[2025-10-06 01:37:06.891] <Wally>   (out) : =
[2025-10-06 01:37:06.891] <Wally>   (out) : 
[2025-10-06 01:37:06.901] <Wally>    (in) : genmove W
[2025-10-06 01:37:06.908] <Wally>   (out) : = J7
[2025-10-06 01:37:06.908] <Wally>   (out) : 
[2025-10-06 01:37:08.177] <Wally>    (in) : play B H7
[2025-10-06 01:37:08.186] <Wally>   (out) : =
[2025-10-06 01:37:08.186] <Wally>   (out) : 
[2025-10-06 01:37:08.192] <Wally>    (in) : genmove W
[2025-10-06 01:37:08.199] <Wally>   (out) : = F2
[2025-10-06 01:37:08.199] <Wally>   (out) : 
[2025-10-06 01:37:08.552] <Wally>    (in) : play B J6
[2025-10-06 01:37:08.560] <Wally>   (out) : =
[2025-10-06 01:37:08.560] <Wally>   (out) : 
[2025-10-06 01:37:08.565] <Wally>    (in) : genmove W
[2025-10-06 01:37:08.571] <Wally>   (out) : = G4
[2025-10-06 01:37:08.571] <Wally>   (out) : 
[2025-10-06 01:37:09.373] <Wally>    (in) : play B F3
[2025-10-06 01:37:09.381] <Wally>   (out) : =
[2025-10-06 01:37:09.381] <Wally>   (out) : 
[2025-10-06 01:37:09.388] <Wally>    (in) : genmove W
[2025-10-06 01:37:09.394] <Wally>   (out) : = J3
[2025-10-06 01:37:09.394] <Wally>   (out) : 
[2025-10-06 01:37:09.401] <Wally>   (err) : best move
[2025-10-06 01:37:09.909] <Wally>    (in) : play B E3
[2025-10-06 01:37:09.918] <Wally>   (out) : =
[2025-10-06 01:37:09.918] <Wally>   (out) : 
[2025-10-06 01:37:09.922] <Wally>    (in) : genmove W
[2025-10-06 01:37:09.928] <Wally>   (out) : = C8
[2025-10-06 01:37:09.928] <Wally>   (out) : 
[2025-10-06 01:37:10.458] <Wally>    (in) : play B F1
[2025-10-06 01:37:10.468] <Wally>   (out) : =
[2025-10-06 01:37:10.468] <Wally>   (out) : 
[2025-10-06 01:37:10.472] <Wally>    (in) : genmove W
[2025-10-06 01:37:10.477] <Wally>   (out) : = D8
[2025-10-06 01:37:10.477] <Wally>   (out) : 
[2025-10-06 01:37:10.483] <Wally>   (err) : best move
[2025-10-06 01:37:11.424] <Wally>    (in) : play B H9
[2025-10-06 01:37:11.433] <Wally>   (out) : =
[2025-10-06 01:37:11.433] <Wally>   (out) : 
[2025-10-06 01:37:11.438] <Wally>    (in) : genmove W
[2025-10-06 01:37:11.444] <Wally>   (out) : = H6
[2025-10-06 01:37:11.444] <Wally>   (out) : 
[2025-10-06 01:37:11.964] <Wally>    (in) : play B D9
[2025-10-06 01:37:11.973] <Wally>   (out) : =
[2025-10-06 01:37:11.973] <Wally>   (out) : 
[2025-10-06 01:37:11.978] <Wally>    (in) : genmove W
[2025-10-06 01:37:11.985] <Wally>   (out) : = C7
[2025-10-06 01:37:11.986] <Wally>   (out) : 
[2025-10-06 01:37:11.995] <Wally>   (err) : best move
[2025-10-06 01:37:12.302] <Wally>    (in) : play B E8
[2025-10-06 01:37:12.310] <Wally>   (out) : =
[2025-10-06 01:37:12.310] <Wally>   (out) : 
[2025-10-06 01:37:12.314] <Wally>    (in) : genmove W
[2025-10-06 01:37:12.321] <Wally>   (out) : = A2
[2025-10-06 01:37:12.321] <Wally>   (out) : 
[2025-10-06 01:37:12.799] <Wally>    (in) : play B B7
[2025-10-06 01:37:12.808] <Wally>   (out) : =
[2025-10-06 01:37:12.809] <Wally>   (out) : 
[2025-10-06 01:37:12.813] <Wally>    (in) : genmove W
[2025-10-06 01:37:12.820] <Wally>   (out) : = G4
[2025-10-06 01:37:12.820] <Wally>   (out) : 
[2025-10-06 01:37:13.727] <Wally>    (in) : play B A4
[2025-10-06 01:37:13.735] <Wally>   (out) : =
[2025-10-06 01:37:13.736] <Wally>   (out) : 
[2025-10-06 01:37:13.740] <Wally>    (in) : genmove W
[2025-10-06 01:37:13.747] <Wally>   (out) : = H4
[2025-10-06 01:37:13.747] <Wally>   (out) : 
[2025-10-06 01:37:13.754] <Wally>   (err) : best move
[2025-10-06 01:37:14.193] <Wally>    (in) : play B B3
[2025-10-06 01:37:14.200] <Wally>   (out) : =
[2025-10-06 01:37:14.200] <Wally>   (out) : 
[2025-10-06 01:37:14.205] <Wally>    (in) : genmove W
[2025-10-06 01:37:14.212] <Wally>   (out) : = J4
[2025-10-06 01:37:14.212] <Wally>   (out) : 
[2025-10-06 01:37:14.679] <Wally>    (in) : play B A1
[2025-10-06 01:37:14.687] <Wally>   (out) : =
[2025-10-06 01:37:14.687] <Wally>   (out) : 
[2025-10-06 01:37:14.692] <Wally>    (in) : genmove W
[2025-10-06 01:37:14.698] <Wally>   (out) : = F5
[2025-10-06 01:37:14.699] <Wally>   (out) : 
[2025-10-06 01:37:15.175] <Wally>    (in) : play B D2
[2025-10-06 01:37:15.184] <Wally>   (out) : =
[2025-10-06 01:37:15.184] <Wally>   (out) : 
[2025-10-06 01:37:15.188] <Wally>    (in) : genmove W
[2025-10-06 01:37:15.194] <Wally>   (out) : = G1
[2025-10-06 01:37:15.194] <Wally>   (out) : 
[2025-10-06 01:37:15.686] <Wally>    (in) : play B E4
[2025-10-06 01:37:15.695] <Wally>   (out) : =
[2025-10-06 01:37:15.695] <Wally>   (out) : 
[2025-10-06 01:37:15.699] <Wally>    (in) : genmove W
[2025-10-06 01:37:15.705] <Wally>   (out) : = G2
[2025-10-06 01:37:15.705] <Wally>   (out) : 
[2025-10-06 01:37:16.104] <Wally>    (in) : play B F6
[2025-10-06 01:37:16.112] <Wally>   (out) : =
[2025-10-06 01:37:16.113] <Wally>   (out) : 
[2025-10-06 01:37:16.119] <Wally>    (in) : genmove W
[2025-10-06 01:37:16.126] <Wally>   (out) : = G3
[2025-10-06 01:37:16.126] <Wally>   (out) : 
[2025-10-06 01:37:16.135] <Wally>   (err) : best move
[2025-10-06 01:37:16.585] <Wally>    (in) : play B H5
[2025-10-06 01:37:16.593] <Wally>   (out) : =
[2025-10-06 01:37:16.593] <Wally>   (out) : 
[2025-10-06 01:37:16.599] <Wally>    (in) : genmove W
[2025-10-06 01:37:16.605] <Wally>   (out) : = D4
[2025-10-06 01:37:16.605] <Wally>   (out) : 
[2025-10-06 01:37:17.042] <Wally>    (in) : play B J5
[2025-10-06 01:37:17.050] <Wally>   (out) : =
[2025-10-06 01:37:17.050] <Wally>   (out) : 
[2025-10-06 01:37:17.055] <Wally>    (in) : genmove W
[2025-10-06 01:37:17.061] <Wally>   (out) : = A3
[2025-10-06 01:37:17.061] <Wally>   (out) : 
[2025-10-06 01:37:17.515] <Wally>    (in) : play B H3
[2025-10-06 01:37:17.522] <Wally>   (out) : =
[2025-10-06 01:37:17.522] <Wally>   (out) : 
[2025-10-06 01:37:17.527] <Wally>    (in) : genmove W
[2025-10-06 01:37:17.532] <Wally>   (out) : = F2
[2025-10-06 01:37:17.532] <Wally>   (out) : 
[2025-10-06 01:37:17.538] <Wally>   (err) : best move
[2025-10-06 01:37:17.942] <Wally>    (in) : play B J3
[2025-10-06 01:37:17.950] <Wally>   (out) : =
[2025-10-06 01:37:17.950] <Wally>   (out) : 
[2025-10-06 01:37:17.955] <Wally>    (in) : genmove W
[2025-10-06 01:37:17.961] <Wally>   (out) : = H4
[2025-10-06 01:37:17.961] <Wally>   (out) : 
[2025-10-06 01:37:18.963] <Wally>    (in) : play B G4
[2025-10-06 01:37:18.972] <Wally>   (out) : =
[2025-10-06 01:37:18.972] <Wally>   (out) : 
[2025-10-06 01:37:18.977] <Wally>    (in) : genmove W
[2025-10-06 01:37:18.982] <Wally>   (out) : = G1
[2025-10-06 01:37:18.982] <Wally>   (out) : 
[2025-10-06 01:37:19.361] <Wally>    (in) : play B J4
[2025-10-06 01:37:19.368] <Wally>   (out) : =
[2025-10-06 01:37:19.369] <Wally>   (out) : 
[2025-10-06 01:37:19.372] <Wally>    (in) : genmove W
[2025-10-06 01:37:19.379] <Wally>   (out) : = C7
[2025-10-06 01:37:19.380] <Wally>   (out) : 
[2025-10-06 01:37:19.788] <Wally>    (in) : play B G2
[2025-10-06 01:37:19.797] <Wally>   (out) : =
[2025-10-06 01:37:19.797] <Wally>   (out) : 
[2025-10-06 01:37:19.802] <Wally>    (in) : genmove W
[2025-10-06 01:37:19.817] <Wally>   (out) : = C1
[2025-10-06 01:37:19.817] <Wally>   (out) : 
[2025-10-06 01:37:20.359] <Wally>    (in) : play B C4
[2025-10-06 01:37:20.366] <Wally>   (out) : =
[2025-10-06 01:37:20.366] <Wally>   (out) : 
[2025-10-06 01:37:20.369] <Wally>    (in) : genmove W
[2025-10-06 01:37:20.377] <Wally>   (out) : = D8
[2025-10-06 01:37:20.377] <Wally>   (out) : 
[2025-10-06 01:37:20.853] <Wally>    (in) : play B C8
[2025-10-06 01:37:20.861] <Wally>   (out) : =
[2025-10-06 01:37:20.862] <Wally>   (out) : 
[2025-10-06 01:37:20.866] <Wally>    (in) : genmove W
[2025-10-06 01:37:20.874] <Wally>   (out) : = E6
[2025-10-06 01:37:20.874] <Wally>   (out) : 
[2025-10-06 01:37:22.092] <Wally>    (in) : play B E7
[2025-10-06 01:37:22.101] <Wally>   (out) : =
[2025-10-06 01:37:22.101] <Wally>   (out) : 
[2025-10-06 01:37:22.106] <Wally>    (in) : genmove W
[2025-10-06 01:37:24.055] <Wally>   (out) : = 
[2025-10-06 01:37:24.055] <Wally>   (out) : 
[2025-10-06 01:37:24.220] <Wally>    (in) : clear_board
[2025-10-06 01:37:24.220] <Wally>    (in) : play B G7
[2025-10-06 01:37:24.221] <Wally>    (in) : play W G9
[2025-10-06 01:37:24.221] <Wally>    (in) : play B G8
[2025-10-06 01:37:24.221] <Wally>    (in) : play W H9
[2025-10-06 01:37:24.221] <Wally>    (in) : play B H8
[2025-10-06 01:37:24.221] <Wally>    (in) : play W J9
[2025-10-06 01:37:24.221] <Wally>    (in) : play B J8
[2025-10-06 01:37:24.222] <Wally>    (in) : play W D2
[2025-10-06 01:37:24.222] <Wally>    (in) : play B D3
[2025-10-06 01:37:24.222] <Wally>    (in) : play W C8
[2025-10-06 01:37:24.222] <Wally>    (in) : play B E2
[2025-10-06 01:37:24.222] <Wally>    (in) : play W C2
[2025-10-06 01:37:24.222] <Wally>    (in) : play B C3
[2025-10-06 01:37:24.223] <Wally>    (in) : play W C4
[2025-10-06 01:37:24.223] <Wally>    (in) : play B B2
[2025-10-06 01:37:24.223] <Wally>    (in) : play W C1
[2025-10-06 01:37:24.223] <Wally>    (in) : play B D1
[2025-10-06 01:37:24.223] <Wally>    (in) : play W E4
[2025-10-06 01:37:24.223] <Wally>    (in) : play B B1
[2025-10-06 01:37:24.224] <Wally>    (in) : play W J1
[2025-10-06 01:37:24.224] <Wally>    (in) : play B J2
[2025-10-06 01:37:24.224] <Wally>    (in) : play W D9
[2025-10-06 01:37:24.224] <Wally>    (in) : play B H1
[2025-10-06 01:37:24.224] <Wally>    (in) : play W E8
[2025-10-06 01:37:24.224] <Wally>    (in) : play B H2
[2025-10-06 01:37:24.224] <Wally>    (in) : play W F6
[2025-10-06 01:37:24.225] <Wally>    (in) : play B F9
[2025-10-06 01:37:24.225] <Wally>    (in) : play W F5
[2025-10-06 01:37:24.225] <Wally>    (in) : play B F8
[2025-10-06 01:37:24.225] <Wally>    (in) : play W J5
[2025-10-06 01:37:24.225] <Wally>    (in) : play B F7
[2025-10-06 01:37:24.225] <Wally>    (in) : play W D4
[2025-10-06 01:37:24.226] <Wally>    (in) : play B G6
[2025-10-06 01:37:24.226] <Wally>    (in) : play W B7
[2025-10-06 01:37:24.226] <Wally>    (in) : play B G5
[2025-10-06 01:37:24.226] <Wally>    (in) : play W E7
[2025-10-06 01:37:24.226] <Wally>    (in) : play B B4
[2025-10-06 01:37:24.226] <Wally>    (in) : play W C1
[2025-10-06 01:37:24.227] <Wally>    (in) : play B B5
[2025-10-06 01:37:24.227] <Wally>    (in) : play W J9
[2025-10-06 01:37:24.227] <Wally>    (in) : play B A5
[2025-10-06 01:37:24.227] <Wally>    (in) : play W J4
[2025-10-06 01:37:24.227] <Wally>    (in) : play B C5
[2025-10-06 01:37:24.227] <Wally>    (in) : play W G3
[2025-10-06 01:37:24.227] <Wally>    (in) : play B D5
[2025-10-06 01:37:24.228] <Wally>    (in) : play W C2
[2025-10-06 01:37:24.228] <Wally>    (in) : play B E5
[2025-10-06 01:37:24.228] <Wally>    (in) : play W E6
[2025-10-06 01:37:24.228] <Wally>    (in) : play B F4
[2025-10-06 01:37:24.228] <Wally>    (in) : play W H5
[2025-10-06 01:37:24.228] <Wally>    (in) : play B D6
[2025-10-06 01:37:24.228] <Wally>    (in) : play W H3
[2025-10-06 01:37:24.229] <Wally>    (in) : play B D7
[2025-10-06 01:37:24.229] <Wally>    (in) : play W D8
[2025-10-06 01:37:24.229] <Wally>    (in) : play B A8
[2025-10-06 01:37:24.229] <Wally>    (in) : play W G1
[2025-10-06 01:37:24.229] <Wally>    (in) : play B B8
[2025-10-06 01:37:24.230] <Wally>    (in) : play W G2
[2025-10-06 01:37:24.230] <Wally>    (in) : play B A7
[2025-10-06 01:37:24.230] <Wally>    (in) : play W C7
[2025-10-06 01:37:24.230] <Wally>    (in) : play B B9
[2025-10-06 01:37:24.230] <Wally>    (in) : play W A3
[2025-10-06 01:37:24.230] <Wally>    (in) : play B C9
[2025-10-06 01:37:24.230] <Wally>    (in) : play W H4
[2025-10-06 01:37:24.231] <Wally>    (in) : play B E9
[2025-10-06 01:37:24.231] <Wally>    (in) : play W B6
[2025-10-06 01:37:24.231] <Wally>    (in) : play B C6
[2025-10-06 01:37:24.231] <Wally>    (in) : play W H6
[2025-10-06 01:37:24.231] <Wally>    (in) : play B A6
[2025-10-06 01:37:24.231] <Wally>    (in) : play W J7
[2025-10-06 01:37:24.231] <Wally>    (in) : play B H7
[2025-10-06 01:37:24.232] <Wally>    (in) : play W F2
[2025-10-06 01:37:24.232] <Wally>    (in) : play B J6
[2025-10-06 01:37:24.232] <Wally>    (in) : play W G4
[2025-10-06 01:37:24.232] <Wally>    (in) : play B F3
[2025-10-06 01:37:24.232] <Wally>    (in) : play W J3
[2025-10-06 01:37:24.232] <Wally>    (in) : play B E3
[2025-10-06 01:37:24.232] <Wally>    (in) : play W C8
[2025-10-06 01:37:24.233] <Wally>    (in) : play B F1
[2025-10-06 01:37:24.233] <Wally>    (in) : play W D8
[2025-10-06 01:37:24.233] <Wally>    (in) : play B H9
[2025-10-06 01:37:24.233] <Wally>    (in) : play W H6
[2025-10-06 01:37:24.233] <Wally>    (in) : play B D9
[2025-10-06 01:37:24.233] <Wally>    (in) : play W C7
[2025-10-06 01:37:24.233] <Wally>    (in) : play B E8
[2025-10-06 01:37:24.234] <Wally>    (in) : play W A2
[2025-10-06 01:37:24.234] <Wally>    (in) : play B B7
[2025-10-06 01:37:24.234] <Wally>    (in) : play W G4
[2025-10-06 01:37:24.234] <Wally>    (in) : play B A4
[2025-10-06 01:37:24.234] <Wally>    (in) : play W H4
[2025-10-06 01:37:24.234] <Wally>    (in) : play B B3
[2025-10-06 01:37:24.234] <Wally>    (in) : play W J4
[2025-10-06 01:37:24.235] <Wally>    (in) : play B A1
[2025-10-06 01:37:24.235] <Wally>    (in) : play W F5
[2025-10-06 01:37:24.235] <Wally>    (in) : play B D2
[2025-10-06 01:37:24.235] <Wally>    (in) : play W G1
[2025-10-06 01:37:24.235] <Wally>    (in) : play B E4
[2025-10-06 01:37:24.235] <Wally>    (in) : play W G2
[2025-10-06 01:37:24.235] <Wally>    (in) : play B F6
[2025-10-06 01:37:24.236] <Wally>    (in) : play W G3
[2025-10-06 01:37:24.236] <Wally>    (in) : play B H5
[2025-10-06 01:37:24.236] <Wally>    (in) : play W D4
[2025-10-06 01:37:24.236] <Wally>    (in) : play B J5
[2025-10-06 01:37:24.236] <Wally>    (in) : play W A3
[2025-10-06 01:37:24.236] <Wally>    (in) : play B H3
[2025-10-06 01:37:24.236] <Wally>    (in) : play W F2
[2025-10-06 01:37:24.237] <Wally>    (in) : play B J3
[2025-10-06 01:37:24.237] <Wally>    (in) : play W H4
[2025-10-06 01:37:24.237] <Wally>    (in) : play B G4
[2025-10-06 01:37:24.237] <Wally>    (in) : play W G1
[2025-10-06 01:37:24.237] <Wally>    (in) : play B J4
[2025-10-06 01:37:24.237] <Wally>    (in) : play W C7
[2025-10-06 01:37:24.237] <Wally>    (in) : play B G2
[2025-10-06 01:37:24.237] <Wally>    (in) : play W C1
[2025-10-06 01:37:24.238] <Wally>    (in) : play B C4
[2025-10-06 01:37:24.238] <Wally>    (in) : play W D8
[2025-10-06 01:37:24.238] <Wally>    (in) : play B C8
[2025-10-06 01:37:24.238] <Wally>    (in) : play W E6
[2025-10-06 01:37:24.238] <Wally>    (in) : play B E7
[2025-10-06 01:37:24.238] <Wally>    (in) : play W pass
[2025-10-06 01:37:24.238] <Wally>    (in) : play B A2
[2025-10-06 01:37:24.257] <Wally>   (out) : =
[2025-10-06 01:37:24.257] <Wally>   (out) : 
[2025-10-06 01:37:24.257] <Wally>   (out) : =
[2025-10-06 01:37:24.258] <Wally>   (out) : 
[2025-10-06 01:37:24.258] <Wally>   (out) : =
[2025-10-06 01:37:24.258] <Wally>   (out) : 
[2025-10-06 01:37:24.258] <Wally>   (out) : =
[2025-10-06 01:37:24.258] <Wally>   (out) : 
[2025-10-06 01:37:24.258] <Wally>   (out) : =
[2025-10-06 01:37:24.258] <Wally>   (out) : 
[2025-10-06 01:37:24.258] <Wally>   (out) : =
[2025-10-06 01:37:24.259] <Wally>   (out) : 
[2025-10-06 01:37:24.259] <Wally>   (out) : =
[2025-10-06 01:37:24.259] <Wally>   (out) : 
[2025-10-06 01:37:24.259] <Wally>   (out) : =
[2025-10-06 01:37:24.259] <Wally>   (out) : 
[2025-10-06 01:37:24.259] <Wally>   (out) : =
[2025-10-06 01:37:24.259] <Wally>   (out) : 
[2025-10-06 01:37:24.259] <Wally>   (out) : =
[2025-10-06 01:37:24.259] <Wally>   (out) : 
[2025-10-06 01:37:24.259] <Wally>   (out) : =
[2025-10-06 01:37:24.260] <Wally>   (out) : 
[2025-10-06 01:37:24.260] <Wally>   (out) : =
[2025-10-06 01:37:24.260] <Wally>   (out) : 
[2025-10-06 01:37:24.260] <Wally>   (out) : =
[2025-10-06 01:37:24.260] <Wally>   (out) : 
[2025-10-06 01:37:24.260] <Wally>   (out) : =
[2025-10-06 01:37:24.260] <Wally>   (out) : 
[2025-10-06 01:37:24.260] <Wally>   (out) : =
[2025-10-06 01:37:24.260] <Wally>   (out) : 
[2025-10-06 01:37:24.260] <Wally>   (out) : =
[2025-10-06 01:37:24.261] <Wally>   (out) : 
[2025-10-06 01:37:24.261] <Wally>   (out) : =
[2025-10-06 01:37:24.261] <Wally>   (out) : 
[2025-10-06 01:37:24.261] <Wally>   (out) : =
[2025-10-06 01:37:24.261] <Wally>   (out) : 
[2025-10-06 01:37:24.261] <Wally>   (out) : =
[2025-10-06 01:37:24.261] <Wally>   (out) : 
[2025-10-06 01:37:24.261] <Wally>   (out) : =
[2025-10-06 01:37:24.261] <Wally>   (out) : 
[2025-10-06 01:37:24.262] <Wally>   (out) : =
[2025-10-06 01:37:24.262] <Wally>   (out) : 
[2025-10-06 01:37:24.262] <Wally>   (out) : =
[2025-10-06 01:37:24.262] <Wally>   (out) : 
[2025-10-06 01:37:24.262] <Wally>   (out) : =
[2025-10-06 01:37:24.262] <Wally>   (out) : 
[2025-10-06 01:37:24.262] <Wally>   (out) : =
[2025-10-06 01:37:24.262] <Wally>   (out) : 
[2025-10-06 01:37:24.262] <Wally>   (out) : =
[2025-10-06 01:37:24.262] <Wally>   (out) : 
[2025-10-06 01:37:24.263] <Wally>   (out) : =
[2025-10-06 01:37:24.263] <Wally>   (out) : 
[2025-10-06 01:37:24.263] <Wally>   (out) : =
[2025-10-06 01:37:24.263] <Wally>   (out) : 
[2025-10-06 01:37:24.263] <Wally>   (out) : =
[2025-10-06 01:37:24.263] <Wally>   (out) : 
[2025-10-06 01:37:24.263] <Wally>   (out) : =
[2025-10-06 01:37:24.263] <Wally>   (out) : 
[2025-10-06 01:37:24.264] <Wally>   (out) : =
[2025-10-06 01:37:24.264] <Wally>   (out) : 
[2025-10-06 01:37:24.264] <Wally>   (out) : =
[2025-10-06 01:37:24.264] <Wally>   (out) : 
[2025-10-06 01:37:24.264] <Wally>   (out) : =
[2025-10-06 01:37:24.264] <Wally>   (out) : 
[2025-10-06 01:37:24.264] <Wally>   (out) : =
[2025-10-06 01:37:24.264] <Wally>   (out) : 
[2025-10-06 01:37:24.264] <Wally>   (out) : =
[2025-10-06 01:37:24.264] <Wally>   (out) : 
[2025-10-06 01:37:24.264] <Wally>   (out) : =
[2025-10-06 01:37:24.264] <Wally>   (out) : 
[2025-10-06 01:37:24.264] <Wally>   (out) : =
[2025-10-06 01:37:24.264] <Wally>   (out) : 
[2025-10-06 01:37:24.265] <Wally>   (out) : =
[2025-10-06 01:37:24.265] <Wally>   (out) : 
[2025-10-06 01:37:24.265] <Wally>   (out) : =
[2025-10-06 01:37:24.265] <Wally>   (out) : 
[2025-10-06 01:37:24.265] <Wally>   (out) : =
[2025-10-06 01:37:24.265] <Wally>   (out) : 
[2025-10-06 01:37:24.265] <Wally>   (out) : =
[2025-10-06 01:37:24.265] <Wally>   (out) : 
[2025-10-06 01:37:24.265] <Wally>   (out) : =
[2025-10-06 01:37:24.265] <Wally>   (out) : 
[2025-10-06 01:37:24.265] <Wally>   (out) : =
[2025-10-06 01:37:24.265] <Wally>   (out) : 
[2025-10-06 01:37:24.265] <Wally>   (out) : =
[2025-10-06 01:37:24.265] <Wally>   (out) : 
[2025-10-06 01:37:24.265] <Wally>   (out) : =
[2025-10-06 01:37:24.266] <Wally>   (out) : 
[2025-10-06 01:37:24.266] <Wally>   (out) : =
[2025-10-06 01:37:24.266] <Wally>   (out) : 
[2025-10-06 01:37:24.266] <Wally>   (out) : =
[2025-10-06 01:37:24.266] <Wally>   (out) : 
[2025-10-06 01:37:24.266] <Wally>   (out) : =
[2025-10-06 01:37:24.266] <Wally>   (out) : 
[2025-10-06 01:37:24.266] <Wally>   (out) : =
[2025-10-06 01:37:24.266] <Wally>   (out) : 
[2025-10-06 01:37:24.266] <Wally>   (out) : =
[2025-10-06 01:37:24.266] <Wally>   (out) : 
[2025-10-06 01:37:24.266] <Wally>   (out) : =
[2025-10-06 01:37:24.266] <Wally>   (out) : 
[2025-10-06 01:37:24.266] <Wally>   (out) : =
[2025-10-06 01:37:24.266] <Wally>   (out) : 
[2025-10-06 01:37:24.266] <Wally>   (out) : =
[2025-10-06 01:37:24.267] <Wally>   (out) : 
[2025-10-06 01:37:24.267] <Wally>   (out) : =
[2025-10-06 01:37:24.267] <Wally>   (out) : 
[2025-10-06 01:37:24.267] <Wally>   (out) : =
[2025-10-06 01:37:24.267] <Wally>   (out) : 
[2025-10-06 01:37:24.267] <Wally>   (out) : =
[2025-10-06 01:37:24.267] <Wally>   (out) : 
[2025-10-06 01:37:24.267] <Wally>   (out) : =
[2025-10-06 01:37:24.267] <Wally>   (out) : 
[2025-10-06 01:37:24.267] <Wally>   (out) : =
[2025-10-06 01:37:24.267] <Wally>   (out) : 
[2025-10-06 01:37:24.267] <Wally>   (out) : =
[2025-10-06 01:37:24.267] <Wally>   (out) : 
[2025-10-06 01:37:24.267] <Wally>   (out) : =
[2025-10-06 01:37:24.267] <Wally>   (out) : 
[2025-10-06 01:37:24.268] <Wally>   (out) : =
[2025-10-06 01:37:24.268] <Wally>   (out) : 
[2025-10-06 01:37:24.268] <Wally>   (out) : =
[2025-10-06 01:37:24.268] <Wally>   (out) : 
[2025-10-06 01:37:24.268] <Wally>   (out) : =
[2025-10-06 01:37:24.268] <Wally>   (out) : 
[2025-10-06 01:37:24.269] <Wally>   (out) : =
[2025-10-06 01:37:24.269] <Wally>   (out) : 
[2025-10-06 01:37:24.269] <Wally>   (out) : =
[2025-10-06 01:37:24.269] <Wally>   (out) : 
[2025-10-06 01:37:24.269] <Wally>   (out) : =
[2025-10-06 01:37:24.269] <Wally>   (out) : 
[2025-10-06 01:37:24.269] <Wally>   (out) : =
[2025-10-06 01:37:24.269] <Wally>   (out) : 
[2025-10-06 01:37:24.269] <Wally>   (out) : =
[2025-10-06 01:37:24.269] <Wally>   (out) : 
[2025-10-06 01:37:24.270] <Wally>   (out) : =
[2025-10-06 01:37:24.270] <Wally>   (out) : 
[2025-10-06 01:37:24.270] <Wally>   (out) : =
[2025-10-06 01:37:24.270] <Wally>   (out) : 
[2025-10-06 01:37:24.270] <Wally>   (out) : =
[2025-10-06 01:37:24.270] <Wally>   (out) : 
[2025-10-06 01:37:24.270] <Wally>   (out) : =
[2025-10-06 01:37:24.270] <Wally>   (out) : 
[2025-10-06 01:37:24.270] <Wally>   (out) : =
[2025-10-06 01:37:24.271] <Wally>   (out) : 
[2025-10-06 01:37:24.271] <Wally>   (out) : =
[2025-10-06 01:37:24.271] <Wally>   (out) : 
[2025-10-06 01:37:24.271] <Wally>   (out) : =
[2025-10-06 01:37:24.271] <Wally>   (out) : 
[2025-10-06 01:37:24.271] <Wally>   (out) : =
[2025-10-06 01:37:24.271] <Wally>   (out) : 
[2025-10-06 01:37:24.271] <Wally>   (out) : =
[2025-10-06 01:37:24.271] <Wally>   (out) : 
[2025-10-06 01:37:24.271] <Wally>   (out) : =
[2025-10-06 01:37:24.271] <Wally>   (out) : 
[2025-10-06 01:37:24.271] <Wally>   (out) : =
[2025-10-06 01:37:24.272] <Wally>   (out) : 
[2025-10-06 01:37:24.272] <Wally>   (out) : =
[2025-10-06 01:37:24.272] <Wally>   (out) : 
[2025-10-06 01:37:24.272] <Wally>   (out) : =
[2025-10-06 01:37:24.272] <Wally>   (out) : 
[2025-10-06 01:37:24.272] <Wally>   (out) : =
[2025-10-06 01:37:24.272] <Wally>   (out) : 
[2025-10-06 01:37:24.272] <Wally>   (out) : =
[2025-10-06 01:37:24.272] <Wally>   (out) : 
[2025-10-06 01:37:24.272] <Wally>   (out) : =
[2025-10-06 01:37:24.272] <Wally>   (out) : 
[2025-10-06 01:37:24.272] <Wally>   (out) : =
[2025-10-06 01:37:24.272] <Wally>   (out) : 
[2025-10-06 01:37:24.272] <Wally>   (out) : =
[2025-10-06 01:37:24.272] <Wally>   (out) : 
[2025-10-06 01:37:24.273] <Wally>   (out) : =
[2025-10-06 01:37:24.273] <Wally>   (out) : 
[2025-10-06 01:37:24.273] <Wally>   (out) : =
[2025-10-06 01:37:24.273] <Wally>   (out) : 
[2025-10-06 01:37:24.273] <Wally>   (out) : =
[2025-10-06 01:37:24.273] <Wally>   (out) : 
[2025-10-06 01:37:24.274] <Wally>   (out) : =
[2025-10-06 01:37:24.274] <Wally>   (out) : 
[2025-10-06 01:37:24.274] <Wally>   (out) : =
[2025-10-06 01:37:24.274] <Wally>   (out) : 
[2025-10-06 01:37:24.275] <Wally>   (out) : =
[2025-10-06 01:37:24.275] <Wally>   (out) : 
[2025-10-06 01:37:24.275] <Wally>   (out) : =
[2025-10-06 01:37:24.275] <Wally>   (out) : 
[2025-10-06 01:37:24.275] <Wally>   (out) : =
[2025-10-06 01:37:24.275] <Wally>   (out) : 
[2025-10-06 01:37:24.275] <Wally>   (out) : =
[2025-10-06 01:37:24.275] <Wally>   (out) : 
[2025-10-06 01:37:24.275] <Wally>   (out) : =
[2025-10-06 01:37:24.275] <Wally>   (out) : 
[2025-10-06 01:37:24.275] <Wally>   (out) : =
[2025-10-06 01:37:24.275] <Wally>   (out) : 
[2025-10-06 01:37:24.275] <Wally>   (out) : =
[2025-10-06 01:37:24.275] <Wally>   (out) : 
[2025-10-06 01:37:24.275] <Wally>   (out) : =
[2025-10-06 01:37:24.275] <Wally>   (out) : 
[2025-10-06 01:37:24.276] <Wally>   (out) : =
[2025-10-06 01:37:24.276] <Wally>   (out) : 
[2025-10-06 01:37:24.276] <Wally>   (out) : =
[2025-10-06 01:37:24.276] <Wally>   (out) : 
[2025-10-06 01:37:24.276] <Wally>   (out) : =
[2025-10-06 01:37:24.276] <Wally>   (out) : 
[2025-10-06 01:37:24.276] <Wally>   (out) : =
[2025-10-06 01:37:24.276] <Wally>   (out) : 
[2025-10-06 01:37:24.277] <Wally>   (out) : =
[2025-10-06 01:37:24.277] <Wally>   (out) : 
[2025-10-06 01:37:24.277] <Wally>   (out) : =
[2025-10-06 01:37:24.277] <Wally>   (out) : 
[2025-10-06 01:37:24.277] <Wally>   (out) : =
[2025-10-06 01:37:24.277] <Wally>   (out) : 
[2025-10-06 01:37:24.277] <Wally>   (out) : =
[2025-10-06 01:37:24.277] <Wally>   (out) : 
[2025-10-06 01:37:24.277] <Wally>   (out) : =
[2025-10-06 01:37:24.277] <Wally>   (out) : 
[2025-10-06 01:37:24.277] <Wally>   (out) : =
[2025-10-06 01:37:24.277] <Wally>   (out) : 
[2025-10-06 01:37:24.278] <Wally>   (out) : =
[2025-10-06 01:37:24.278] <Wally>   (out) : 
[2025-10-06 01:37:24.278] <Wally>   (out) : =
[2025-10-06 01:37:24.278] <Wally>   (out) : 
[2025-10-06 01:37:24.278] <Wally>   (out) : =
[2025-10-06 01:37:24.278] <Wally>   (out) : 
[2025-10-06 01:37:24.278] <Wally>   (out) : =
[2025-10-06 01:37:24.278] <Wally>   (out) : 
[2025-10-06 01:37:24.278] <Wally>   (out) : =
[2025-10-06 01:37:24.278] <Wally>   (out) : 
[2025-10-06 01:37:24.278] <Wally>   (out) : =
[2025-10-06 01:37:24.278] <Wally>   (out) : 
[2025-10-06 01:37:24.278] <Wally>   (out) : =
[2025-10-06 01:37:24.278] <Wally>   (out) : 
[2025-10-06 01:37:24.278] <Wally>   (out) : =
[2025-10-06 01:37:24.278] <Wally>   (out) : 
[2025-10-06 01:37:24.278] <Wally>   (out) : =
[2025-10-06 01:37:24.278] <Wally>   (out) : 
[2025-10-06 01:37:24.278] <Wally>   (out) : =
[2025-10-06 01:37:24.279] <Wally>   (out) : 
[2025-10-06 01:37:24.292] <Wally>   (out) : =
[2025-10-06 01:37:24.292] <Wally>   (out) : 
[2025-10-06 01:37:24.292] <Wally>   (out) : =
[2025-10-06 01:37:24.292] <Wally>   (out) : 
[2025-10-06 01:37:24.297] <Wally>   (err) : Traceback (most recent call last):
[2025-10-06 01:37:24.297] <Wally>   (err) :   File "/Users/soohyukyoon/SooGo/Wally.py", line 492, in <module>
[2025-10-06 01:37:24.297] <Wally>   (err) :     gtp()
[2025-10-06 01:37:24.297] <Wally>   (err) :     ~~~^^
[2025-10-06 01:37:24.297] <Wally>   (err) :   File "/Users/soohyukyoon/SooGo/Wally.py", line 486, in gtp
[2025-10-06 01:37:24.298] <Wally>   (err) :     elif 'play' in command: play(command); print('=\n')
[2025-10-06 01:37:24.298] <Wally>   (err) :                             ~~~~^^^^^^^^^
[2025-10-06 01:37:24.298] <Wally>   (err) :   File "/Users/soohyukyoon/SooGo/Wally.py", line 334, in play
[2025-10-06 01:37:24.298] <Wally>   (err) :     row = (BOARD_RANGE - 1) - int(square_str[1:])
[2025-10-06 01:37:24.298] <Wally>   (err) :                               ~~~^^^^^^^^^^^^^^^^
[2025-10-06 01:37:24.298] <Wally>   (err) : ValueError: invalid literal for int() with base 10: 'ass'
[2025-10-06 01:37:24.305] <Wally>  (meta) : Engine Stopped
[2025-10-06 01:37:24.306] <Wally>  (meta) : Connection Failed
[2025-10-06 01:37:24.306] <Wally>  (meta) : Connection Failed
