[2025-10-05 15:31:53.352] <Wally>    (in) : name
[2025-10-05 15:31:53.353] <Wally>    (in) : version
[2025-10-05 15:31:53.353] <Wally>    (in) : protocol_version
[2025-10-05 15:31:53.353] <Wally>    (in) : list_commands
[2025-10-05 15:31:53.353] <Wally>  (meta) : Engine Started
[2025-10-05 15:31:53.460] <Wally>   (out) : = Wally
[2025-10-05 15:31:53.460] <Wally>   (out) : 
[2025-10-05 15:31:53.461] <Wally>   (out) : = 1.0 
[2025-10-05 15:31:53.461] <Wally>   (out) : 
[2025-10-05 15:31:53.461] <Wally>   (out) : = 1
[2025-10-05 15:31:53.461] <Wally>   (out) : 
[2025-10-05 15:31:53.461] <Wally>   (out) : = protocol_version
[2025-10-05 15:31:53.461] <Wally>   (out) : 
[2025-10-05 15:31:56.858] <Wally>    (in) : komi 6.5
[2025-10-05 15:31:56.923] <Wally>   (out) : =
[2025-10-05 15:31:56.924] <Wally>   (out) : 
[2025-10-05 15:31:56.931] <Wally>    (in) : boardsize 9
[2025-10-05 15:31:56.938] <Wally>   (out) : =
[2025-10-05 15:31:56.938] <Wally>   (out) : 
[2025-10-05 15:31:56.945] <Wally>    (in) : clear_board
[2025-10-05 15:31:56.946] <Wally>    (in) : play B E7
[2025-10-05 15:31:56.958] <Wally>   (out) : =
[2025-10-05 15:31:56.959] <Wally>   (out) : 
[2025-10-05 15:31:56.959] <Wally>   (out) : =
[2025-10-05 15:31:56.959] <Wally>   (out) : 
[2025-10-05 15:31:56.969] <Wally>    (in) : genmove W
[2025-10-05 15:31:56.975] <Wally>   (out) : = E2
[2025-10-05 15:31:56.975] <Wally>   (out) : 
[2025-10-05 15:31:59.436] <Wally>    (in) : showboard
[2025-10-05 15:31:59.450] <Wally>   (out) : =
[2025-10-05 15:31:59.451] <Wally>   (out) : 
[2025-10-05 15:32:25.580] <Wally>    (in) : quit
[2025-10-05 15:32:25.614] <Wally>  (meta) : Engine Stopped
[2025-10-05 15:32:25.619] <Wally>  (meta) : Connection Failed
[2025-10-05 15:32:29.790] <Wally>    (in) : name
[2025-10-05 15:32:29.790] <Wally>    (in) : version
[2025-10-05 15:32:29.791] <Wally>    (in) : protocol_version
[2025-10-05 15:32:29.791] <Wally>    (in) : list_commands
[2025-10-05 15:32:29.791] <Wally>  (meta) : Engine Started
[2025-10-05 15:32:29.880] <Wally>   (out) : = Wally
[2025-10-05 15:32:29.880] <Wally>   (out) : 
[2025-10-05 15:32:29.880] <Wally>   (out) : = 1.0 
[2025-10-05 15:32:29.880] <Wally>   (out) : 
[2025-10-05 15:32:29.881] <Wally>   (out) : = 1
[2025-10-05 15:32:29.881] <Wally>   (out) : 
[2025-10-05 15:32:29.881] <Wally>   (out) : = protocol_version
[2025-10-05 15:32:29.881] <Wally>   (out) : 
[2025-10-05 15:32:36.462] <Wally>    (in) : komi 6.5
[2025-10-05 15:32:36.482] <Wally>   (out) : =
[2025-10-05 15:32:36.482] <Wally>   (out) : 
[2025-10-05 15:32:36.490] <Wally>    (in) : boardsize 9
[2025-10-05 15:32:36.499] <Wally>   (out) : =
[2025-10-05 15:32:36.500] <Wally>   (out) : 
[2025-10-05 15:32:36.508] <Wally>    (in) : clear_board
[2025-10-05 15:32:36.508] <Wally>    (in) : play B E7
[2025-10-05 15:32:36.508] <Wally>    (in) : play W E2
[2025-10-05 15:32:36.509] <Wally>    (in) : play B C7
[2025-10-05 15:32:36.509] <Wally>    (in) : play W G7
[2025-10-05 15:32:36.509] <Wally>    (in) : play B G5
[2025-10-05 15:32:36.516] <Wally>   (out) : =
[2025-10-05 15:32:36.516] <Wally>   (out) : 
[2025-10-05 15:32:36.516] <Wally>   (out) : =
[2025-10-05 15:32:36.516] <Wally>   (out) : 
[2025-10-05 15:32:36.517] <Wally>   (out) : =
[2025-10-05 15:32:36.517] <Wally>   (out) : 
[2025-10-05 15:32:36.517] <Wally>   (out) : =
[2025-10-05 15:32:36.517] <Wally>   (out) : 
[2025-10-05 15:32:36.517] <Wally>   (out) : =
[2025-10-05 15:32:36.517] <Wally>   (out) : 
[2025-10-05 15:32:36.517] <Wally>   (out) : =
[2025-10-05 15:32:36.518] <Wally>   (out) : 
[2025-10-05 15:32:36.523] <Wally>    (in) : genmove W
[2025-10-05 15:32:36.529] <Wally>   (out) : = E2
[2025-10-05 15:32:36.530] <Wally>   (out) : 
[2025-10-05 15:32:39.741] <Wally>    (in) : showboard
[2025-10-05 15:32:39.755] <Wally>   (out) : =
[2025-10-05 15:32:39.756] <Wally>   (out) : 
[2025-10-05 15:32:41.046] <Wally>    (in) : ljaksdfjlksdfljk;
[2025-10-05 15:32:41.061] <Wally>   (out) : =
[2025-10-05 15:32:41.062] <Wally>   (out) : 
[2025-10-05 15:33:21.703] <Wally>    (in) : quit
[2025-10-05 15:33:21.730] <Wally>  (meta) : Engine Stopped
[2025-10-05 15:33:21.731] <Wally>  (meta) : Connection Failed
[2025-10-05 15:33:31.632] <Wally>    (in) : name
[2025-10-05 15:33:31.632] <Wally>    (in) : version
[2025-10-05 15:33:31.633] <Wally>    (in) : protocol_version
[2025-10-05 15:33:31.633] <Wally>    (in) : list_commands
[2025-10-05 15:33:31.633] <Wally>  (meta) : Engine Started
[2025-10-05 15:33:31.722] <Wally>   (out) : = Wally
[2025-10-05 15:33:31.722] <Wally>   (out) : 
[2025-10-05 15:33:31.722] <Wally>   (out) : = 1.0 
[2025-10-05 15:33:31.722] <Wally>   (out) : 
[2025-10-05 15:33:31.722] <Wally>   (out) : = 1
[2025-10-05 15:33:31.722] <Wally>   (out) : 
[2025-10-05 15:33:31.722] <Wally>   (out) : = protocol_version
[2025-10-05 15:33:31.723] <Wally>   (out) : 
[2025-10-05 15:33:34.105] <Wally>    (in) : komi 6.5
[2025-10-05 15:33:34.126] <Wally>   (out) : =
[2025-10-05 15:33:34.126] <Wally>   (out) : 
[2025-10-05 15:33:34.134] <Wally>    (in) : boardsize 9
[2025-10-05 15:33:34.144] <Wally>   (out) : =
[2025-10-05 15:33:34.144] <Wally>   (out) : 
[2025-10-05 15:33:34.152] <Wally>    (in) : clear_board
[2025-10-05 15:33:34.152] <Wally>    (in) : play B E7
[2025-10-05 15:33:34.162] <Wally>   (out) : =
[2025-10-05 15:33:34.163] <Wally>   (out) : 
[2025-10-05 15:33:34.163] <Wally>   (out) : =
[2025-10-05 15:33:34.163] <Wally>   (out) : 
[2025-10-05 15:33:34.168] <Wally>    (in) : genmove W
[2025-10-05 15:33:34.173] <Wally>   (out) : = E2
[2025-10-05 15:33:34.173] <Wally>   (out) : 
[2025-10-05 15:33:38.543] <Wally>    (in) : showboard
[2025-10-05 15:33:38.557] <Wally>   (out) : =
[2025-10-05 15:33:38.558] <Wally>   (out) : 
[2025-10-05 15:34:11.841] <Wally>    (in) : quit
[2025-10-05 15:34:11.875] <Wally>  (meta) : Engine Stopped
[2025-10-05 15:34:11.876] <Wally>  (meta) : Connection Failed
[2025-10-05 15:34:13.046] <Wally>    (in) : name
[2025-10-05 15:34:13.046] <Wally>    (in) : version
[2025-10-05 15:34:13.046] <Wally>    (in) : protocol_version
[2025-10-05 15:34:13.047] <Wally>    (in) : list_commands
[2025-10-05 15:34:13.047] <Wally>  (meta) : Engine Started
[2025-10-05 15:34:13.139] <Wally>   (out) : = Wally
[2025-10-05 15:34:13.139] <Wally>   (out) : 
[2025-10-05 15:34:13.139] <Wally>   (out) : = 1.0 
[2025-10-05 15:34:13.139] <Wally>   (out) : 
[2025-10-05 15:34:13.139] <Wally>   (out) : = 1
[2025-10-05 15:34:13.139] <Wally>   (out) : 
[2025-10-05 15:34:13.139] <Wally>   (out) : = protocol_version
[2025-10-05 15:34:13.139] <Wally>   (out) : 
[2025-10-05 15:34:13.954] <Wally>    (in) : quit
[2025-10-05 15:34:13.979] <Wally>  (meta) : Engine Stopped
[2025-10-05 15:34:13.980] <Wally>  (meta) : Connection Failed
[2025-10-05 15:34:23.697] <Wally>    (in) : name
[2025-10-05 15:34:23.697] <Wally>    (in) : version
[2025-10-05 15:34:23.697] <Wally>    (in) : protocol_version
[2025-10-05 15:34:23.697] <Wally>    (in) : list_commands
[2025-10-05 15:34:23.698] <Wally>  (meta) : Engine Started
[2025-10-05 15:34:23.775] <Wally>   (out) : = Wally
[2025-10-05 15:34:23.775] <Wally>   (out) : 
[2025-10-05 15:34:23.775] <Wally>   (out) : = 1.0 
[2025-10-05 15:34:23.775] <Wally>   (out) : 
[2025-10-05 15:34:23.775] <Wally>   (out) : = 1
[2025-10-05 15:34:23.775] <Wally>   (out) : 
[2025-10-05 15:34:23.775] <Wally>   (out) : = protocol_version
[2025-10-05 15:34:23.775] <Wally>   (out) : 
[2025-10-05 15:34:26.503] <Wally>    (in) : komi 6.5
[2025-10-05 15:34:26.523] <Wally>   (out) : =
[2025-10-05 15:34:26.524] <Wally>   (out) : 
[2025-10-05 15:34:26.532] <Wally>    (in) : boardsize 9
[2025-10-05 15:34:26.542] <Wally>   (out) : =
[2025-10-05 15:34:26.543] <Wally>   (out) : 
[2025-10-05 15:34:26.552] <Wally>    (in) : clear_board
[2025-10-05 15:34:26.552] <Wally>    (in) : play B E7
[2025-10-05 15:34:26.562] <Wally>   (out) : =
[2025-10-05 15:34:26.562] <Wally>   (out) : 
[2025-10-05 15:34:26.562] <Wally>   (out) : =
[2025-10-05 15:34:26.563] <Wally>   (out) : 
[2025-10-05 15:34:26.567] <Wally>    (in) : genmove W
[2025-10-05 15:34:26.573] <Wally>   (out) : = E2
[2025-10-05 15:34:26.573] <Wally>   (out) : 
[2025-10-05 15:34:29.526] <Wally>    (in) : showboard
[2025-10-05 15:34:29.535] <Wally>   (out) : =
[2025-10-05 15:34:29.535] <Wally>   (out) :     a b c d e f g h j
[2025-10-05 15:34:29.536] <Wally>   (out) :  1  . . . . . . . . .   
[2025-10-05 15:34:29.536] <Wally>   (out) :  2  . . . . . . . . .   
[2025-10-05 15:34:29.536] <Wally>   (out) :  3  . . . . . . . . .   
[2025-10-05 15:34:29.536] <Wally>   (out) :  4  . . . . . . . . .   
[2025-10-05 15:34:29.537] <Wally>   (out) :  5  . . . . . . . . .   
[2025-10-05 15:34:29.537] <Wally>   (out) :  6  . . . . . . . . .   
[2025-10-05 15:34:29.537] <Wally>   (out) :  7  . . . . . . . . .   
[2025-10-05 15:34:29.538] <Wally>   (out) :  8  . . . . . . . . .   
[2025-10-05 15:34:29.538] <Wally>   (out) :  9  . . . . . . . . .   
[2025-10-05 15:34:29.538] <Wally>   (out) :                       
[2025-10-05 15:34:32.620] <Wally>    (in) : protocol_version
[2025-10-05 15:34:32.633] <Wally>   (out) : = 1
[2025-10-05 15:34:32.633] <Wally>   (out) : 
[2025-10-05 15:34:32.642] <Wally>    (in) : clear_board
[2025-10-05 15:34:32.651] <Wally>   (out) : =
[2025-10-05 15:34:32.652] <Wally>   (out) : 
[2025-10-05 15:35:57.939] <Wally>    (in) : quit
[2025-10-05 15:35:57.964] <Wally>  (meta) : Engine Stopped
[2025-10-05 15:35:57.965] <Wally>  (meta) : Connection Failed
[2025-10-05 15:35:57.965] <Wally>  (meta) : Connection Failed
[2025-10-05 15:36:07.885] <Wally>    (in) : name
[2025-10-05 15:36:07.885] <Wally>    (in) : version
[2025-10-05 15:36:07.885] <Wally>    (in) : protocol_version
[2025-10-05 15:36:07.886] <Wally>    (in) : list_commands
[2025-10-05 15:36:07.886] <Wally>  (meta) : Engine Started
[2025-10-05 15:36:07.971] <Wally>   (out) : = Wally
[2025-10-05 15:36:07.971] <Wally>   (out) : 
[2025-10-05 15:36:07.971] <Wally>   (out) : = 1.0 
[2025-10-05 15:36:07.971] <Wally>   (out) : 
[2025-10-05 15:36:07.971] <Wally>   (out) : = 1
[2025-10-05 15:36:07.971] <Wally>   (out) : 
[2025-10-05 15:36:07.971] <Wally>   (out) : = protocol_version
[2025-10-05 15:36:07.972] <Wally>   (out) : 
[2025-10-05 15:36:10.853] <Wally>    (in) : komi 6.5
[2025-10-05 15:36:10.877] <Wally>   (out) : =
[2025-10-05 15:36:10.877] <Wally>   (out) : 
[2025-10-05 15:36:10.884] <Wally>    (in) : boardsize 9
[2025-10-05 15:36:10.894] <Wally>   (out) : =
[2025-10-05 15:36:10.894] <Wally>   (out) : 
[2025-10-05 15:36:10.901] <Wally>    (in) : clear_board
[2025-10-05 15:36:10.902] <Wally>    (in) : play B E7
[2025-10-05 15:36:10.909] <Wally>   (out) : =
[2025-10-05 15:36:10.909] <Wally>   (out) : 
[2025-10-05 15:36:10.909] <Wally>   (out) : =
[2025-10-05 15:36:10.910] <Wally>   (out) : 
[2025-10-05 15:36:10.914] <Wally>    (in) : genmove W
[2025-10-05 15:36:10.918] <Wally>   (out) : = E2
[2025-10-05 15:36:10.918] <Wally>   (out) : 
[2025-10-05 15:36:13.963] <Wally>    (in) : showboard
[2025-10-05 15:36:13.977] <Wally>   (out) : =
[2025-10-05 15:36:13.977] <Wally>   (out) :     a b c d e f g h j
[2025-10-05 15:36:13.978] <Wally>   (out) :  1  . . . . . . . . .   
[2025-10-05 15:36:13.978] <Wally>   (out) :  2  . . . . . . . . .   
[2025-10-05 15:36:13.978] <Wally>   (out) :  3  . . . . . . . . .   
[2025-10-05 15:36:13.979] <Wally>   (out) :  4  . . . . . . . . .   
[2025-10-05 15:36:13.979] <Wally>   (out) :  5  . . . . . . . . .   
[2025-10-05 15:36:13.979] <Wally>   (out) :  6  . . . . . . . . .   
[2025-10-05 15:36:13.979] <Wally>   (out) :  7  . . . . . . . . .   
[2025-10-05 15:36:13.979] <Wally>   (out) :  8  . . . . . . . . .   
[2025-10-05 15:36:13.980] <Wally>   (out) :  9  . . . . . . . . .   
[2025-10-05 15:36:13.980] <Wally>   (out) :                       
[2025-10-05 15:37:01.203] <Wally>    (in) : quit
[2025-10-05 15:37:01.230] <Wally>  (meta) : Engine Stopped
[2025-10-05 15:37:01.231] <Wally>  (meta) : Connection Failed
[2025-10-05 15:37:01.231] <Wally>  (meta) : Connection Failed
[2025-10-05 15:37:04.372] <Wally>    (in) : name
[2025-10-05 15:37:04.373] <Wally>    (in) : version
[2025-10-05 15:37:04.373] <Wally>    (in) : protocol_version
[2025-10-05 15:37:04.373] <Wally>    (in) : list_commands
[2025-10-05 15:37:04.373] <Wally>  (meta) : Engine Started
[2025-10-05 15:37:04.464] <Wally>   (out) : = Wally
[2025-10-05 15:37:04.465] <Wally>   (out) : 
[2025-10-05 15:37:04.465] <Wally>   (out) : = 1.0 
[2025-10-05 15:37:04.465] <Wally>   (out) : 
[2025-10-05 15:37:04.465] <Wally>   (out) : = 1
[2025-10-05 15:37:04.465] <Wally>   (out) : 
[2025-10-05 15:37:04.465] <Wally>   (out) : = protocol_version
[2025-10-05 15:37:04.465] <Wally>   (out) : 
[2025-10-05 15:37:09.341] <Wally>    (in) : komi 6.5
[2025-10-05 15:37:09.364] <Wally>   (out) : =
[2025-10-05 15:37:09.364] <Wally>   (out) : 
[2025-10-05 15:37:09.372] <Wally>    (in) : boardsize 9
[2025-10-05 15:37:09.381] <Wally>   (out) : =
[2025-10-05 15:37:09.381] <Wally>   (out) : 
[2025-10-05 15:37:09.388] <Wally>    (in) : clear_board
[2025-10-05 15:37:09.389] <Wally>    (in) : play B E7
[2025-10-05 15:37:09.389] <Wally>    (in) : play W E2
[2025-10-05 15:37:09.389] <Wally>    (in) : play B D6
[2025-10-05 15:37:09.401] <Wally>   (out) : =
[2025-10-05 15:37:09.401] <Wally>   (out) : 
[2025-10-05 15:37:09.401] <Wally>   (out) : =
[2025-10-05 15:37:09.401] <Wally>   (out) : 
[2025-10-05 15:37:09.401] <Wally>   (out) : =
[2025-10-05 15:37:09.401] <Wally>   (out) : 
[2025-10-05 15:37:09.402] <Wally>   (out) : =
[2025-10-05 15:37:09.402] <Wally>   (out) : 
[2025-10-05 15:37:09.407] <Wally>    (in) : genmove W
[2025-10-05 15:37:09.414] <Wally>   (out) : = E2
[2025-10-05 15:37:09.414] <Wally>   (out) : 
[2025-10-05 15:37:13.451] <Wally>    (in) : showboard
[2025-10-05 15:37:13.464] <Wally>   (out) : =
[2025-10-05 15:37:13.464] <Wally>   (out) : 
[2025-10-05 15:37:18.088] <Wally>    (in) : clear_board
[2025-10-05 15:37:18.099] <Wally>   (out) : =
[2025-10-05 15:37:18.100] <Wally>   (out) : 
[2025-10-05 15:37:19.764] <Wally>    (in) : showboard
[2025-10-05 15:37:19.774] <Wally>   (out) : =
[2025-10-05 15:37:19.774] <Wally>   (out) : 
[2025-10-05 15:37:31.622] <Wally>    (in) : quit
[2025-10-05 15:37:31.654] <Wally>  (meta) : Engine Stopped
[2025-10-05 15:37:31.659] <Wally>  (meta) : Connection Failed
[2025-10-05 15:37:35.746] <Wally>    (in) : name
[2025-10-05 15:37:35.746] <Wally>    (in) : version
[2025-10-05 15:37:35.746] <Wally>    (in) : protocol_version
[2025-10-05 15:37:35.746] <Wally>    (in) : list_commands
[2025-10-05 15:37:35.746] <Wally>  (meta) : Engine Started
[2025-10-05 15:37:35.844] <Wally>   (out) : = Wally
[2025-10-05 15:37:35.844] <Wally>   (out) : 
[2025-10-05 15:37:35.844] <Wally>   (out) : = 1.0 
[2025-10-05 15:37:35.844] <Wally>   (out) : 
[2025-10-05 15:37:35.844] <Wally>   (out) : = 1
[2025-10-05 15:37:35.844] <Wally>   (out) : 
[2025-10-05 15:37:35.844] <Wally>   (out) : = protocol_version
[2025-10-05 15:37:35.844] <Wally>   (out) : 
[2025-10-05 15:37:39.309] <Wally>    (in) : komi 6.5
[2025-10-05 15:37:39.330] <Wally>   (out) : =
[2025-10-05 15:37:39.330] <Wally>   (out) : 
[2025-10-05 15:37:39.338] <Wally>    (in) : boardsize 9
[2025-10-05 15:37:39.347] <Wally>   (out) : =
[2025-10-05 15:37:39.347] <Wally>   (out) : 
[2025-10-05 15:37:39.353] <Wally>    (in) : clear_board
[2025-10-05 15:37:39.354] <Wally>    (in) : play B E7
[2025-10-05 15:37:39.354] <Wally>    (in) : play W E2
[2025-10-05 15:37:39.355] <Wally>    (in) : play B D6
[2025-10-05 15:37:39.356] <Wally>    (in) : play B G7
[2025-10-05 15:37:39.366] <Wally>   (out) : =
[2025-10-05 15:37:39.366] <Wally>   (out) : 
[2025-10-05 15:37:39.366] <Wally>   (out) : =
[2025-10-05 15:37:39.366] <Wally>   (out) : 
[2025-10-05 15:37:39.367] <Wally>   (out) : =
[2025-10-05 15:37:39.367] <Wally>   (out) : 
[2025-10-05 15:37:39.367] <Wally>   (out) : =
[2025-10-05 15:37:39.367] <Wally>   (out) : 
[2025-10-05 15:37:39.367] <Wally>   (out) : =
[2025-10-05 15:37:39.368] <Wally>   (out) : 
[2025-10-05 15:37:39.373] <Wally>    (in) : genmove W
[2025-10-05 15:37:39.379] <Wally>   (out) : = E2
[2025-10-05 15:37:39.379] <Wally>   (out) : 
[2025-10-05 15:37:41.984] <Wally>    (in) : showboard
[2025-10-05 15:37:41.997] <Wally>   (out) : =
[2025-10-05 15:37:41.997] <Wally>   (out) : 
[2025-10-05 15:38:13.694] <Wally>    (in) : quit
[2025-10-05 15:38:13.730] <Wally>  (meta) : Engine Stopped
[2025-10-05 15:38:13.731] <Wally>  (meta) : Connection Failed
[2025-10-05 15:38:16.120] <Wally>    (in) : name
[2025-10-05 15:38:16.120] <Wally>    (in) : version
[2025-10-05 15:38:16.120] <Wally>    (in) : protocol_version
[2025-10-05 15:38:16.121] <Wally>    (in) : list_commands
[2025-10-05 15:38:16.121] <Wally>  (meta) : Engine Started
[2025-10-05 15:38:16.159] <Wally>   (err) :   File "/Users/soohyukyoon/SooGo/Wally.py", line 206
[2025-10-05 15:38:16.160] <Wally>   (err) :     		elif 'showboard' in command: print('='); print_board(); print(\n)
[2025-10-05 15:38:16.160] <Wally>   (err) :     		                                                               ^
[2025-10-05 15:38:16.160] <Wally>   (err) : SyntaxError: unexpected character after line continuation character
[2025-10-05 15:38:16.165] <Wally>  (meta) : Engine Stopped
[2025-10-05 15:38:16.166] <Wally>  (meta) : Connection Failed
[2025-10-05 15:38:16.166] <Wally>  (meta) : Connection Failed
[2025-10-05 15:38:16.166] <Wally>  (meta) : Connection Failed
[2025-10-05 15:38:16.166] <Wally>  (meta) : Connection Failed
[2025-10-05 15:38:20.693] <Wally>    (in) : name
[2025-10-05 15:38:20.694] <Wally>    (in) : version
[2025-10-05 15:38:20.694] <Wally>    (in) : protocol_version
[2025-10-05 15:38:20.694] <Wally>    (in) : list_commands
[2025-10-05 15:38:20.694] <Wally>  (meta) : Engine Started
[2025-10-05 15:38:20.694] <Wally>    (in) : komi 6.5
[2025-10-05 15:38:20.733] <Wally>   (err) :   File "/Users/soohyukyoon/SooGo/Wally.py", line 206
[2025-10-05 15:38:20.734] <Wally>   (err) :     		elif 'showboard' in command: print('='); print_board(); print(\n)
[2025-10-05 15:38:20.734] <Wally>   (err) :     		                                                               ^
[2025-10-05 15:38:20.734] <Wally>   (err) : SyntaxError: unexpected character after line continuation character
[2025-10-05 15:38:20.738] <Wally>  (meta) : Engine Stopped
[2025-10-05 15:38:20.739] <Wally>  (meta) : Connection Failed
[2025-10-05 15:38:20.739] <Wally>  (meta) : Connection Failed
[2025-10-05 15:38:20.739] <Wally>  (meta) : Connection Failed
[2025-10-05 15:38:20.739] <Wally>  (meta) : Connection Failed
[2025-10-05 15:38:20.739] <Wally>  (meta) : Connection Failed
[2025-10-05 15:38:35.914] <Wally>    (in) : name
[2025-10-05 15:38:35.915] <Wally>    (in) : version
[2025-10-05 15:38:35.915] <Wally>    (in) : protocol_version
[2025-10-05 15:38:35.915] <Wally>    (in) : list_commands
[2025-10-05 15:38:35.915] <Wally>  (meta) : Engine Started
[2025-10-05 15:38:36.005] <Wally>   (out) : = Wally
[2025-10-05 15:38:36.005] <Wally>   (out) : 
[2025-10-05 15:38:36.005] <Wally>   (out) : = 1.0 
[2025-10-05 15:38:36.005] <Wally>   (out) : 
[2025-10-05 15:38:36.005] <Wally>   (out) : = 1
[2025-10-05 15:38:36.005] <Wally>   (out) : 
[2025-10-05 15:38:36.006] <Wally>   (out) : = protocol_version
[2025-10-05 15:38:36.006] <Wally>   (out) : 
[2025-10-05 15:38:36.959] <Wally>    (in) : quit
[2025-10-05 15:38:36.988] <Wally>  (meta) : Engine Stopped
[2025-10-05 15:38:36.988] <Wally>  (meta) : Connection Failed
[2025-10-05 15:38:39.419] <Wally>    (in) : name
[2025-10-05 15:38:39.420] <Wally>    (in) : version
[2025-10-05 15:38:39.420] <Wally>    (in) : protocol_version
[2025-10-05 15:38:39.420] <Wally>    (in) : list_commands
[2025-10-05 15:38:39.420] <Wally>  (meta) : Engine Started
[2025-10-05 15:38:39.475] <Wally>   (out) : = Wally
[2025-10-05 15:38:39.475] <Wally>   (out) : 
[2025-10-05 15:38:39.475] <Wally>   (out) : = 1.0 
[2025-10-05 15:38:39.475] <Wally>   (out) : 
[2025-10-05 15:38:39.475] <Wally>   (out) : = 1
[2025-10-05 15:38:39.475] <Wally>   (out) : 
[2025-10-05 15:38:39.476] <Wally>   (out) : = protocol_version
[2025-10-05 15:38:39.476] <Wally>   (out) : 
[2025-10-05 15:38:47.619] <Wally>    (in) : komi 6.5
[2025-10-05 15:38:47.636] <Wally>   (out) : =
[2025-10-05 15:38:47.636] <Wally>   (out) : 
[2025-10-05 15:38:47.643] <Wally>    (in) : boardsize 9
[2025-10-05 15:38:47.651] <Wally>   (out) : =
[2025-10-05 15:38:47.652] <Wally>   (out) : 
[2025-10-05 15:38:47.657] <Wally>    (in) : clear_board
[2025-10-05 15:38:47.657] <Wally>    (in) : play B E7
[2025-10-05 15:38:47.658] <Wally>    (in) : play W E2
[2025-10-05 15:38:47.658] <Wally>    (in) : play B D6
[2025-10-05 15:38:47.658] <Wally>    (in) : play B G7
[2025-10-05 15:38:47.658] <Wally>    (in) : play B G5
[2025-10-05 15:38:47.659] <Wally>    (in) : play W E5
[2025-10-05 15:38:47.659] <Wally>    (in) : play B F5
[2025-10-05 15:38:47.666] <Wally>   (out) : =
[2025-10-05 15:38:47.667] <Wally>   (out) : 
[2025-10-05 15:38:47.667] <Wally>   (out) : =
[2025-10-05 15:38:47.667] <Wally>   (out) : 
[2025-10-05 15:38:47.667] <Wally>   (out) : =
[2025-10-05 15:38:47.667] <Wally>   (out) : 
[2025-10-05 15:38:47.667] <Wally>   (out) : =
[2025-10-05 15:38:47.667] <Wally>   (out) : 
[2025-10-05 15:38:47.667] <Wally>   (out) : =
[2025-10-05 15:38:47.668] <Wally>   (out) : 
[2025-10-05 15:38:47.668] <Wally>   (out) : =
[2025-10-05 15:38:47.668] <Wally>   (out) : 
[2025-10-05 15:38:47.668] <Wally>   (out) : =
[2025-10-05 15:38:47.668] <Wally>   (out) : 
[2025-10-05 15:38:47.668] <Wally>   (out) : =
[2025-10-05 15:38:47.668] <Wally>   (out) : 
[2025-10-05 15:38:47.673] <Wally>    (in) : genmove W
[2025-10-05 15:38:47.678] <Wally>   (out) : = E2
[2025-10-05 15:38:47.678] <Wally>   (out) : 
[2025-10-05 15:38:50.913] <Wally>    (in) : showboard
[2025-10-05 15:38:50.927] <Wally>   (out) : =
[2025-10-05 15:38:50.928] <Wally>   (out) :     a b c d e f g h j
[2025-10-05 15:38:50.928] <Wally>   (out) :  1  . . . . . . . . .   
[2025-10-05 15:38:50.928] <Wally>   (out) :  2  . . . . . . . . .   
[2025-10-05 15:38:50.928] <Wally>   (out) :  3  . . . . . . . . .   
[2025-10-05 15:38:50.929] <Wally>   (out) :  4  . . . . . . . . .   
[2025-10-05 15:38:50.929] <Wally>   (out) :  5  . . . . . . . . .   
[2025-10-05 15:38:50.929] <Wally>   (out) :  6  . . . . . . . . .   
[2025-10-05 15:38:50.929] <Wally>   (out) :  7  . . . . . . . . .   
[2025-10-05 15:38:50.929] <Wally>   (out) :  8  . . . . . . . . .   
[2025-10-05 15:38:50.930] <Wally>   (out) :  9  . . . . . . . . .   
[2025-10-05 15:38:50.930] <Wally>   (out) :                       
[2025-10-05 15:38:50.930] <Wally>   (out) : 
[2025-10-05 16:03:04.726] <Wally>    (in) : clear_board
[2025-10-05 16:03:04.763] <Wally>   (out) : =
[2025-10-05 16:03:04.763] <Wally>   (out) : 
[2025-10-05 16:19:29.575] <Wally>    (in) : quit
[2025-10-05 16:19:29.628] <Wally>  (meta) : Engine Stopped
[2025-10-05 16:19:29.634] <Wally>  (meta) : Connection Failed
[2025-10-05 16:19:38.783] <Wally>    (in) : name
[2025-10-05 16:19:38.784] <Wally>    (in) : version
[2025-10-05 16:19:38.784] <Wally>    (in) : protocol_version
[2025-10-05 16:19:38.784] <Wally>    (in) : list_commands
[2025-10-05 16:19:38.784] <Wally>  (meta) : Engine Started
[2025-10-05 16:19:38.873] <Wally>   (out) : = Wally
[2025-10-05 16:19:38.874] <Wally>   (out) : 
[2025-10-05 16:19:38.874] <Wally>   (out) : = 1.0 
[2025-10-05 16:19:38.874] <Wally>   (out) : 
[2025-10-05 16:19:38.874] <Wally>   (out) : = 1
[2025-10-05 16:19:38.874] <Wally>   (out) : 
[2025-10-05 16:19:38.874] <Wally>   (out) : = protocol_version
[2025-10-05 16:19:38.874] <Wally>   (out) : 
[2025-10-05 16:19:43.491] <Wally>    (in) : komi 6.5
[2025-10-05 16:19:43.510] <Wally>   (out) : =
[2025-10-05 16:19:43.511] <Wally>   (out) : 
[2025-10-05 16:19:43.519] <Wally>    (in) : boardsize 9
[2025-10-05 16:19:43.530] <Wally>   (out) : =
[2025-10-05 16:19:43.530] <Wally>   (out) : 
[2025-10-05 16:19:43.536] <Wally>    (in) : clear_board
[2025-10-05 16:19:43.536] <Wally>    (in) : play B F5
[2025-10-05 16:19:43.537] <Wally>    (in) : play W E6
[2025-10-05 16:19:43.537] <Wally>    (in) : play B E5
[2025-10-05 16:19:43.545] <Wally>   (out) : =
[2025-10-05 16:19:43.545] <Wally>   (out) : 
[2025-10-05 16:19:43.545] <Wally>   (out) : =
[2025-10-05 16:19:43.546] <Wally>   (out) : 
[2025-10-05 16:19:43.546] <Wally>   (out) : =
[2025-10-05 16:19:43.546] <Wally>   (out) : 
[2025-10-05 16:19:43.546] <Wally>   (out) : =
[2025-10-05 16:19:43.546] <Wally>   (out) : 
[2025-10-05 16:19:43.551] <Wally>    (in) : genmove W
[2025-10-05 16:19:43.557] <Wally>   (out) : = E2
[2025-10-05 16:19:43.557] <Wally>   (out) : 
[2025-10-05 16:19:46.831] <Wally>    (in) : showboard
[2025-10-05 16:19:46.845] <Wally>   (out) : =
[2025-10-05 16:19:46.845] <Wally>   (out) :     a b c d e f g h j
[2025-10-05 16:19:46.845] <Wally>   (out) :  1  . . . . . . . . .   
[2025-10-05 16:19:46.846] <Wally>   (out) :  2  . . . . . . . . .   
[2025-10-05 16:19:46.846] <Wally>   (out) :  3  . . . . . . . . .   
[2025-10-05 16:19:46.846] <Wally>   (out) :  4  . . . . . . . . .   
[2025-10-05 16:19:46.846] <Wally>   (out) :  5  . . . . . . . . .   
[2025-10-05 16:19:46.847] <Wally>   (out) :  6  . . . . . . . . .   
[2025-10-05 16:19:46.847] <Wally>   (out) :  7  . . . . . . . . .   
[2025-10-05 16:19:46.847] <Wally>   (out) :  8  . . . . . . . . .   
[2025-10-05 16:19:46.847] <Wally>   (out) :  9  . . . . . . . . .   
[2025-10-05 16:19:46.848] <Wally>   (out) :                       
[2025-10-05 16:19:46.848] <Wally>   (out) : 
[2025-10-05 16:19:51.419] <Wally>    (in) : clear_board
[2025-10-05 16:19:51.432] <Wally>   (out) : =
[2025-10-05 16:19:51.433] <Wally>   (out) : 
[2025-10-05 16:19:53.953] <Wally>    (in) : showbaord
[2025-10-05 16:19:53.967] <Wally>   (out) : =
[2025-10-05 16:19:53.967] <Wally>   (out) : 
[2025-10-05 16:19:56.193] <Wally>    (in) : showboard
[2025-10-05 16:19:56.204] <Wally>   (out) : =
[2025-10-05 16:19:56.204] <Wally>   (out) :     a b c d e f g h j
[2025-10-05 16:19:56.204] <Wally>   (out) :  1  . . . . . . . . .   
[2025-10-05 16:19:56.204] <Wally>   (out) :  2  . . . . . . . . .   
[2025-10-05 16:19:56.205] <Wally>   (out) :  3  . . . . . . . . .   
[2025-10-05 16:19:56.205] <Wally>   (out) :  4  . . . . . . . . .   
[2025-10-05 16:19:56.205] <Wally>   (out) :  5  . . . . . . . . .   
[2025-10-05 16:19:56.205] <Wally>   (out) :  6  . . . . . . . . .   
[2025-10-05 16:19:56.205] <Wally>   (out) :  7  . . . . . . . . .   
[2025-10-05 16:19:56.206] <Wally>   (out) :  8  . . . . . . . . .   
[2025-10-05 16:19:56.206] <Wally>   (out) :  9  . . . . . . . . .   
[2025-10-05 16:19:56.206] <Wally>   (out) :                       
[2025-10-05 16:19:56.206] <Wally>   (out) : 
[2025-10-05 17:10:16.562] <Wally>    (in) : quit
[2025-10-05 17:10:16.600] <Wally>  (meta) : Engine Stopped
[2025-10-05 17:10:16.606] <Wally>  (meta) : Connection Failed
