[2025-10-05 19:04:21.262] <Wally>    (in) : name
[2025-10-05 19:04:21.263] <Wally>    (in) : version
[2025-10-05 19:04:21.264] <Wally>    (in) : protocol_version
[2025-10-05 19:04:21.264] <Wally>    (in) : list_commands
[2025-10-05 19:04:21.264] <Wally>  (meta) : Engine Started
[2025-10-05 19:04:21.385] <Wally>   (out) : = Wally
[2025-10-05 19:04:21.386] <Wally>   (out) : 
[2025-10-05 19:04:21.386] <Wally>   (out) : = 1.0 
[2025-10-05 19:04:21.386] <Wally>   (out) : 
[2025-10-05 19:04:21.386] <Wally>   (out) : = 1
[2025-10-05 19:04:21.387] <Wally>   (out) : 
[2025-10-05 19:04:21.387] <Wally>   (out) : = protocol_version
[2025-10-05 19:04:21.387] <Wally>   (out) : 
[2025-10-05 19:04:25.268] <Wally>    (in) : komi 6.5
[2025-10-05 19:04:25.332] <Wally>   (out) : =
[2025-10-05 19:04:25.332] <Wally>   (out) : 
[2025-10-05 19:04:25.346] <Wally>    (in) : boardsize 13
[2025-10-05 19:04:25.359] <Wally>   (out) : =
[2025-10-05 19:04:25.359] <Wally>   (out) : 
[2025-10-05 19:04:25.368] <Wally>    (in) : clear_board
[2025-10-05 19:04:25.368] <Wally>    (in) : play B D10
[2025-10-05 19:04:25.380] <Wally>   (out) : =
[2025-10-05 19:04:25.380] <Wally>   (out) : 
[2025-10-05 19:04:25.380] <Wally>   (out) : =
[2025-10-05 19:04:25.380] <Wally>   (out) : 
[2025-10-05 19:04:25.389] <Wally>    (in) : genmove W
[2025-10-05 19:04:25.398] <Wally>   (out) : = L6
[2025-10-05 19:04:25.398] <Wally>   (out) : 
[2025-10-05 19:04:27.225] <Wally>    (in) : play B H9
[2025-10-05 19:04:27.253] <Wally>   (out) : =
[2025-10-05 19:04:27.254] <Wally>   (out) : 
[2025-10-05 19:04:27.268] <Wally>    (in) : genmove W
[2025-10-05 19:04:27.280] <Wally>   (out) : = G12
[2025-10-05 19:04:27.280] <Wally>   (out) : 
[2025-10-05 19:04:28.211] <Wally>    (in) : play B E5
[2025-10-05 19:04:28.229] <Wally>   (out) : =
[2025-10-05 19:04:28.229] <Wally>   (out) : 
[2025-10-05 19:04:28.237] <Wally>    (in) : genmove W
[2025-10-05 19:04:28.248] <Wally>   (err) : Traceback (most recent call last):
[2025-10-05 19:04:28.249] <Wally>   (err) :   File "/Users/soohyukyoon/SooGo/Wally.py", line 312, in <module>
[2025-10-05 19:04:28.249] <Wally>   (err) :     gtp()
[2025-10-05 19:04:28.249] <Wally>   (err) :     ~~~^^
[2025-10-05 19:04:28.249] <Wally>   (err) :   File "/Users/soohyukyoon/SooGo/Wally.py", line 303, in gtp
[2025-10-05 19:04:28.250] <Wally>   (err) :     elif 'genmove' in command: print('=', make_random_move(BLACK if command.split()[-1] == 'B' else WHITE) + '\n')
[2025-10-05 19:04:28.250] <Wally>   (err) :                                           ~~~~~~~~~~~~~~~~^^^^^^^^^^^^^^^^^^^^^^^^^^^^^^^^^^^^^^^^^^^^^^^^
[2025-10-05 19:04:28.250] <Wally>   (err) :   File "/Users/soohyukyoon/SooGo/Wally.py", line 270, in make_random_move
[2025-10-05 19:04:28.250] <Wally>   (err) :     return COORD[random_square]
[2025-10-05 19:04:28.250] <Wally>   (err) :            ~~~~~^^^^^^^^^^^^^^^
[2025-10-05 19:04:28.250] <Wally>   (err) : IndexError: list index out of range
[2025-10-05 19:04:28.263] <Wally>  (meta) : Engine Stopped
[2025-10-05 19:04:28.263] <Wally>  (meta) : Connection Failed
[2025-10-05 19:06:57.218] <Wally>    (in) : name
[2025-10-05 19:06:57.219] <Wally>    (in) : version
[2025-10-05 19:06:57.219] <Wally>    (in) : protocol_version
[2025-10-05 19:06:57.220] <Wally>    (in) : list_commands
[2025-10-05 19:06:57.220] <Wally>  (meta) : Engine Started
[2025-10-05 19:06:57.350] <Wally>   (out) : = Wally
[2025-10-05 19:06:57.350] <Wally>   (out) : 
[2025-10-05 19:06:57.350] <Wally>   (out) : = 1.0 
[2025-10-05 19:06:57.350] <Wally>   (out) : 
[2025-10-05 19:06:57.350] <Wally>   (out) : = 1
[2025-10-05 19:06:57.350] <Wally>   (out) : 
[2025-10-05 19:06:57.351] <Wally>   (out) : = protocol_version
[2025-10-05 19:06:57.351] <Wally>   (out) : 
[2025-10-05 19:06:59.336] <Wally>    (in) : komi 6.5
[2025-10-05 19:06:59.356] <Wally>   (out) : =
[2025-10-05 19:06:59.356] <Wally>   (out) : 
[2025-10-05 19:06:59.365] <Wally>    (in) : boardsize 13
[2025-10-05 19:06:59.376] <Wally>   (out) : =
[2025-10-05 19:06:59.376] <Wally>   (out) : 
[2025-10-05 19:06:59.384] <Wally>    (in) : clear_board
[2025-10-05 19:06:59.384] <Wally>    (in) : play B F8
[2025-10-05 19:06:59.394] <Wally>   (out) : =
[2025-10-05 19:06:59.394] <Wally>   (out) : 
[2025-10-05 19:06:59.394] <Wally>   (out) : =
[2025-10-05 19:06:59.394] <Wally>   (out) : 
[2025-10-05 19:06:59.403] <Wally>    (in) : genmove W
[2025-10-05 19:06:59.410] <Wally>   (out) : = L8
[2025-10-05 19:06:59.410] <Wally>   (out) : 
[2025-10-05 19:07:00.007] <Wally>    (in) : play B G6
[2025-10-05 19:07:00.044] <Wally>   (out) : =
[2025-10-05 19:07:00.044] <Wally>   (out) : 
[2025-10-05 19:07:00.056] <Wally>    (in) : genmove W
[2025-10-05 19:07:00.069] <Wally>   (out) : = L8
[2025-10-05 19:07:00.070] <Wally>   (out) : 
[2025-10-05 19:07:00.621] <Wally>    (in) : clear_board
[2025-10-05 19:07:00.621] <Wally>    (in) : play B F8
[2025-10-05 19:07:00.622] <Wally>    (in) : play W L8
[2025-10-05 19:07:00.622] <Wally>    (in) : play B G6
[2025-10-05 19:07:00.622] <Wally>    (in) : play B D5
[2025-10-05 19:07:00.635] <Wally>   (out) : =
[2025-10-05 19:07:00.635] <Wally>   (out) : 
[2025-10-05 19:07:00.636] <Wally>   (out) : =
[2025-10-05 19:07:00.636] <Wally>   (out) : 
[2025-10-05 19:07:00.636] <Wally>   (out) : =
[2025-10-05 19:07:00.636] <Wally>   (out) : 
[2025-10-05 19:07:00.637] <Wally>   (out) : =
[2025-10-05 19:07:00.637] <Wally>   (out) : 
[2025-10-05 19:07:00.637] <Wally>   (out) : =
[2025-10-05 19:07:00.637] <Wally>   (out) : 
[2025-10-05 19:07:00.646] <Wally>    (in) : genmove W
[2025-10-05 19:07:00.658] <Wally>   (out) : = L8
[2025-10-05 19:07:00.658] <Wally>   (out) : 
[2025-10-05 19:07:01.072] <Wally>    (in) : clear_board
[2025-10-05 19:07:01.073] <Wally>    (in) : play B F8
[2025-10-05 19:07:01.073] <Wally>    (in) : play W L8
[2025-10-05 19:07:01.073] <Wally>    (in) : play B G6
[2025-10-05 19:07:01.074] <Wally>    (in) : play B D5
[2025-10-05 19:07:01.074] <Wally>    (in) : play B C11
[2025-10-05 19:07:01.086] <Wally>   (out) : =
[2025-10-05 19:07:01.086] <Wally>   (out) : 
[2025-10-05 19:07:01.087] <Wally>   (out) : =
[2025-10-05 19:07:01.087] <Wally>   (out) : 
[2025-10-05 19:07:01.087] <Wally>   (out) : =
[2025-10-05 19:07:01.087] <Wally>   (out) : 
[2025-10-05 19:07:01.087] <Wally>   (out) : =
[2025-10-05 19:07:01.087] <Wally>   (out) : 
[2025-10-05 19:07:01.088] <Wally>   (out) : =
[2025-10-05 19:07:01.088] <Wally>   (out) : 
[2025-10-05 19:07:01.088] <Wally>   (out) : =
[2025-10-05 19:07:01.088] <Wally>   (out) : 
[2025-10-05 19:07:01.098] <Wally>    (in) : genmove W
[2025-10-05 19:07:01.108] <Wally>   (out) : = M5
[2025-10-05 19:07:01.109] <Wally>   (out) : 
[2025-10-05 19:07:01.571] <Wally>    (in) : play B J9
[2025-10-05 19:07:01.591] <Wally>   (out) : =
[2025-10-05 19:07:01.591] <Wally>   (out) : 
[2025-10-05 19:07:01.601] <Wally>    (in) : genmove W
[2025-10-05 19:07:01.613] <Wally>   (out) : = M5
[2025-10-05 19:07:01.613] <Wally>   (out) : 
[2025-10-05 19:07:02.002] <Wally>    (in) : clear_board
[2025-10-05 19:07:02.002] <Wally>    (in) : play B F8
[2025-10-05 19:07:02.002] <Wally>    (in) : play W L8
[2025-10-05 19:07:02.003] <Wally>    (in) : play B G6
[2025-10-05 19:07:02.003] <Wally>    (in) : play B D5
[2025-10-05 19:07:02.003] <Wally>    (in) : play B C11
[2025-10-05 19:07:02.003] <Wally>    (in) : play W M5
[2025-10-05 19:07:02.004] <Wally>    (in) : play B J9
[2025-10-05 19:07:02.004] <Wally>    (in) : play B J4
[2025-10-05 19:07:02.018] <Wally>   (out) : =
[2025-10-05 19:07:02.018] <Wally>   (out) : 
[2025-10-05 19:07:02.018] <Wally>   (out) : =
[2025-10-05 19:07:02.018] <Wally>   (out) : 
[2025-10-05 19:07:02.019] <Wally>   (out) : =
[2025-10-05 19:07:02.019] <Wally>   (out) : 
[2025-10-05 19:07:02.019] <Wally>   (out) : =
[2025-10-05 19:07:02.019] <Wally>   (out) : 
[2025-10-05 19:07:02.019] <Wally>   (out) : =
[2025-10-05 19:07:02.020] <Wally>   (out) : 
[2025-10-05 19:07:02.020] <Wally>   (out) : =
[2025-10-05 19:07:02.020] <Wally>   (out) : 
[2025-10-05 19:07:02.020] <Wally>   (out) : =
[2025-10-05 19:07:02.020] <Wally>   (out) : 
[2025-10-05 19:07:02.020] <Wally>   (out) : =
[2025-10-05 19:07:02.020] <Wally>   (out) : 
[2025-10-05 19:07:02.021] <Wally>   (out) : =
[2025-10-05 19:07:02.021] <Wally>   (out) : 
[2025-10-05 19:07:02.030] <Wally>    (in) : genmove W
[2025-10-05 19:07:02.039] <Wally>   (out) : = E11
[2025-10-05 19:07:02.039] <Wally>   (out) : 
[2025-10-05 19:07:02.391] <Wally>    (in) : play B F3
[2025-10-05 19:07:02.410] <Wally>   (out) : =
[2025-10-05 19:07:02.410] <Wally>   (out) : 
[2025-10-05 19:07:02.420] <Wally>    (in) : genmove W
[2025-10-05 19:07:02.431] <Wally>   (out) : = E11
[2025-10-05 19:07:02.431] <Wally>   (out) : 
[2025-10-05 19:07:02.899] <Wally>    (in) : clear_board
[2025-10-05 19:07:02.899] <Wally>    (in) : play B F8
[2025-10-05 19:07:02.900] <Wally>    (in) : play W L8
[2025-10-05 19:07:02.900] <Wally>    (in) : play B G6
[2025-10-05 19:07:02.900] <Wally>    (in) : play B D5
[2025-10-05 19:07:02.901] <Wally>    (in) : play B C11
[2025-10-05 19:07:02.901] <Wally>    (in) : play W M5
[2025-10-05 19:07:02.901] <Wally>    (in) : play B J9
[2025-10-05 19:07:02.901] <Wally>    (in) : play B J4
[2025-10-05 19:07:02.902] <Wally>    (in) : play W E11
[2025-10-05 19:07:02.902] <Wally>    (in) : play B F3
[2025-10-05 19:07:02.902] <Wally>    (in) : play B C6
[2025-10-05 19:07:02.916] <Wally>   (out) : =
[2025-10-05 19:07:02.917] <Wally>   (out) : 
[2025-10-05 19:07:02.917] <Wally>   (out) : =
[2025-10-05 19:07:02.917] <Wally>   (out) : 
[2025-10-05 19:07:02.917] <Wally>   (out) : =
[2025-10-05 19:07:02.917] <Wally>   (out) : 
[2025-10-05 19:07:02.917] <Wally>   (out) : =
[2025-10-05 19:07:02.917] <Wally>   (out) : 
[2025-10-05 19:07:02.918] <Wally>   (out) : =
[2025-10-05 19:07:02.918] <Wally>   (out) : 
[2025-10-05 19:07:02.918] <Wally>   (out) : =
[2025-10-05 19:07:02.918] <Wally>   (out) : 
[2025-10-05 19:07:02.918] <Wally>   (out) : =
[2025-10-05 19:07:02.918] <Wally>   (out) : 
[2025-10-05 19:07:02.919] <Wally>   (out) : =
[2025-10-05 19:07:02.919] <Wally>   (out) : 
[2025-10-05 19:07:02.919] <Wally>   (out) : =
[2025-10-05 19:07:02.919] <Wally>   (out) : 
[2025-10-05 19:07:02.919] <Wally>   (out) : =
[2025-10-05 19:07:02.919] <Wally>   (out) : 
[2025-10-05 19:07:02.919] <Wally>   (out) : =
[2025-10-05 19:07:02.919] <Wally>   (out) : 
[2025-10-05 19:07:02.920] <Wally>   (out) : =
[2025-10-05 19:07:02.920] <Wally>   (out) : 
[2025-10-05 19:07:02.929] <Wally>    (in) : genmove W
[2025-10-05 19:07:02.940] <Wally>   (out) : = XX
[2025-10-05 19:07:02.940] <Wally>   (out) : 
[2025-10-05 19:07:03.305] <Wally>    (in) : clear_board
[2025-10-05 19:07:03.305] <Wally>    (in) : play B F8
[2025-10-05 19:07:03.306] <Wally>    (in) : play W L8
[2025-10-05 19:07:03.306] <Wally>    (in) : play B G6
[2025-10-05 19:07:03.307] <Wally>    (in) : play B D5
[2025-10-05 19:07:03.307] <Wally>    (in) : play B C11
[2025-10-05 19:07:03.307] <Wally>    (in) : play W M5
[2025-10-05 19:07:03.307] <Wally>    (in) : play B J9
[2025-10-05 19:07:03.308] <Wally>    (in) : play B J4
[2025-10-05 19:07:03.308] <Wally>    (in) : play W E11
[2025-10-05 19:07:03.308] <Wally>    (in) : play B F3
[2025-10-05 19:07:03.308] <Wally>    (in) : play B C6
[2025-10-05 19:07:03.308] <Wally>    (in) : play W pass
[2025-10-05 19:07:03.309] <Wally>    (in) : play B H11
[2025-10-05 19:07:03.323] <Wally>   (out) : =
[2025-10-05 19:07:03.323] <Wally>   (out) : 
[2025-10-05 19:07:03.324] <Wally>   (out) : =
[2025-10-05 19:07:03.324] <Wally>   (out) : 
[2025-10-05 19:07:03.324] <Wally>   (out) : =
[2025-10-05 19:07:03.324] <Wally>   (out) : 
[2025-10-05 19:07:03.324] <Wally>   (out) : =
[2025-10-05 19:07:03.325] <Wally>   (out) : 
[2025-10-05 19:07:03.325] <Wally>   (out) : =
[2025-10-05 19:07:03.325] <Wally>   (out) : 
[2025-10-05 19:07:03.325] <Wally>   (out) : =
[2025-10-05 19:07:03.325] <Wally>   (out) : 
[2025-10-05 19:07:03.325] <Wally>   (out) : =
[2025-10-05 19:07:03.325] <Wally>   (out) : 
[2025-10-05 19:07:03.325] <Wally>   (out) : =
[2025-10-05 19:07:03.326] <Wally>   (out) : 
[2025-10-05 19:07:03.326] <Wally>   (out) : =
[2025-10-05 19:07:03.326] <Wally>   (out) : 
[2025-10-05 19:07:03.326] <Wally>   (out) : =
[2025-10-05 19:07:03.326] <Wally>   (out) : 
[2025-10-05 19:07:03.326] <Wally>   (out) : =
[2025-10-05 19:07:03.326] <Wally>   (out) : 
[2025-10-05 19:07:03.326] <Wally>   (out) : =
[2025-10-05 19:07:03.327] <Wally>   (out) : 
[2025-10-05 19:07:03.336] <Wally>   (err) : Traceback (most recent call last):
[2025-10-05 19:07:03.336] <Wally>   (err) :   File "/Users/soohyukyoon/SooGo/Wally.py", line 312, in <module>
[2025-10-05 19:07:03.336] <Wally>   (err) :     gtp()
[2025-10-05 19:07:03.336] <Wally>   (err) :     ~~~^^
[2025-10-05 19:07:03.336] <Wally>   (err) :   File "/Users/soohyukyoon/SooGo/Wally.py", line 307, in gtp
[2025-10-05 19:07:03.336] <Wally>   (err) :     elif 'play' in command: play(command); print('=\n')
[2025-10-05 19:07:03.337] <Wally>   (err) :                             ~~~~^^^^^^^^^
[2025-10-05 19:07:03.337] <Wally>   (err) :   File "/Users/soohyukyoon/SooGo/Wally.py", line 289, in play
[2025-10-05 19:07:03.337] <Wally>   (err) :     BOARD[square] = color
[2025-10-05 19:07:03.337] <Wally>   (err) :     ~~~~~^^^^^^^^
[2025-10-05 19:07:03.337] <Wally>   (err) : IndexError: list assignment index out of range
[2025-10-05 19:07:03.348] <Wally>  (meta) : Engine Stopped
[2025-10-05 19:07:03.348] <Wally>  (meta) : Connection Failed
[2025-10-05 19:07:03.349] <Wally>  (meta) : Connection Failed
[2025-10-05 19:07:21.749] <Wally>    (in) : name
[2025-10-05 19:07:21.749] <Wally>    (in) : version
[2025-10-05 19:07:21.749] <Wally>    (in) : protocol_version
[2025-10-05 19:07:21.750] <Wally>    (in) : list_commands
[2025-10-05 19:07:21.750] <Wally>  (meta) : Engine Started
[2025-10-05 19:07:21.859] <Wally>   (out) : = Wally
[2025-10-05 19:07:21.859] <Wally>   (out) : 
[2025-10-05 19:07:21.859] <Wally>   (out) : = 1.0 
[2025-10-05 19:07:21.859] <Wally>   (out) : 
[2025-10-05 19:07:21.859] <Wally>   (out) : = 1
[2025-10-05 19:07:21.859] <Wally>   (out) : 
[2025-10-05 19:07:21.859] <Wally>   (out) : = protocol_version
[2025-10-05 19:07:21.859] <Wally>   (out) : 
[2025-10-05 19:07:25.818] <Wally>    (in) : komi 6.5
[2025-10-05 19:07:25.841] <Wally>   (out) : =
[2025-10-05 19:07:25.842] <Wally>   (out) : 
[2025-10-05 19:07:25.853] <Wally>    (in) : boardsize 13
[2025-10-05 19:07:25.866] <Wally>   (out) : =
[2025-10-05 19:07:25.866] <Wally>   (out) : 
[2025-10-05 19:07:25.875] <Wally>    (in) : clear_board
[2025-10-05 19:07:25.875] <Wally>    (in) : play B G10
[2025-10-05 19:07:25.887] <Wally>   (out) : =
[2025-10-05 19:07:25.887] <Wally>   (out) : 
[2025-10-05 19:07:25.887] <Wally>   (out) : =
[2025-10-05 19:07:25.887] <Wally>   (out) : 
[2025-10-05 19:07:25.897] <Wally>    (in) : genmove W
[2025-10-05 19:07:25.913] <Wally>   (out) : = K10
[2025-10-05 19:07:25.914] <Wally>   (out) : 
[2025-10-05 19:07:26.728] <Wally>    (in) : play B E4
[2025-10-05 19:07:26.749] <Wally>   (out) : =
[2025-10-05 19:07:26.749] <Wally>   (out) : 
[2025-10-05 19:07:26.757] <Wally>    (in) : genmove W
[2025-10-05 19:07:26.768] <Wally>   (out) : = K10
[2025-10-05 19:07:26.768] <Wally>   (out) : 
[2025-10-05 19:07:27.689] <Wally>    (in) : clear_board
[2025-10-05 19:07:27.690] <Wally>    (in) : play B G10
[2025-10-05 19:07:27.690] <Wally>    (in) : play W K10
[2025-10-05 19:07:27.690] <Wally>    (in) : play B E4
[2025-10-05 19:07:27.691] <Wally>    (in) : play B D7
[2025-10-05 19:07:27.703] <Wally>   (out) : =
[2025-10-05 19:07:27.704] <Wally>   (out) : 
[2025-10-05 19:07:27.704] <Wally>   (out) : =
[2025-10-05 19:07:27.704] <Wally>   (out) : 
[2025-10-05 19:07:27.704] <Wally>   (out) : =
[2025-10-05 19:07:27.704] <Wally>   (out) : 
[2025-10-05 19:07:27.704] <Wally>   (out) : =
[2025-10-05 19:07:27.705] <Wally>   (out) : 
[2025-10-05 19:07:27.705] <Wally>   (out) : =
[2025-10-05 19:07:27.705] <Wally>   (out) : 
[2025-10-05 19:07:27.714] <Wally>    (in) : genmove W
[2025-10-05 19:07:27.726] <Wally>   (out) : = K10
[2025-10-05 19:07:27.726] <Wally>   (out) : 
[2025-10-05 19:07:33.540] <Wally>    (in) : clear_board
[2025-10-05 19:07:33.541] <Wally>    (in) : play B G10
[2025-10-05 19:07:33.541] <Wally>    (in) : play W K10
[2025-10-05 19:07:33.542] <Wally>    (in) : play B E4
[2025-10-05 19:07:33.542] <Wally>    (in) : play B D7
[2025-10-05 19:07:33.542] <Wally>    (in) : play B G7
[2025-10-05 19:07:33.556] <Wally>   (out) : =
[2025-10-05 19:07:33.556] <Wally>   (out) : 
[2025-10-05 19:07:33.557] <Wally>   (out) : =
[2025-10-05 19:07:33.557] <Wally>   (out) : 
[2025-10-05 19:07:33.557] <Wally>   (out) : =
[2025-10-05 19:07:33.557] <Wally>   (out) : 
[2025-10-05 19:07:33.557] <Wally>   (out) : =
[2025-10-05 19:07:33.557] <Wally>   (out) : 
[2025-10-05 19:07:33.557] <Wally>   (out) : =
[2025-10-05 19:07:33.557] <Wally>   (out) : 
[2025-10-05 19:07:33.558] <Wally>   (out) : =
[2025-10-05 19:07:33.558] <Wally>   (out) : 
[2025-10-05 19:07:33.571] <Wally>    (in) : genmove W
[2025-10-05 19:07:33.583] <Wally>   (out) : = K10
[2025-10-05 19:07:33.584] <Wally>   (out) : 
[2025-10-05 19:07:34.834] <Wally>    (in) : clear_board
[2025-10-05 19:07:34.834] <Wally>    (in) : play B G10
[2025-10-05 19:07:34.834] <Wally>    (in) : play W K10
[2025-10-05 19:07:34.835] <Wally>    (in) : play B E4
[2025-10-05 19:07:34.835] <Wally>    (in) : play B D7
[2025-10-05 19:07:34.835] <Wally>    (in) : play B G7
[2025-10-05 19:07:34.836] <Wally>    (in) : play B G5
[2025-10-05 19:07:34.848] <Wally>   (out) : =
[2025-10-05 19:07:34.849] <Wally>   (out) : 
[2025-10-05 19:07:34.849] <Wally>   (out) : =
[2025-10-05 19:07:34.849] <Wally>   (out) : 
[2025-10-05 19:07:34.849] <Wally>   (out) : =
[2025-10-05 19:07:34.849] <Wally>   (out) : 
[2025-10-05 19:07:34.849] <Wally>   (out) : =
[2025-10-05 19:07:34.850] <Wally>   (out) : 
[2025-10-05 19:07:34.850] <Wally>   (out) : =
[2025-10-05 19:07:34.850] <Wally>   (out) : 
[2025-10-05 19:07:34.850] <Wally>   (out) : =
[2025-10-05 19:07:34.850] <Wally>   (out) : 
[2025-10-05 19:07:34.850] <Wally>   (out) : =
[2025-10-05 19:07:34.851] <Wally>   (out) : 
[2025-10-05 19:07:34.860] <Wally>    (in) : genmove W
[2025-10-05 19:07:34.871] <Wally>   (out) : = XX
[2025-10-05 19:07:34.871] <Wally>   (out) : 
[2025-10-05 19:09:09.836] <Wally>    (in) : quit
[2025-10-05 19:09:09.858] <Wally>  (meta) : Engine Stopped
[2025-10-05 19:09:09.861] <Wally>  (meta) : Connection Failed
[2025-10-05 19:09:12.407] <Wally>    (in) : name
[2025-10-05 19:09:12.407] <Wally>    (in) : version
[2025-10-05 19:09:12.407] <Wally>    (in) : protocol_version
[2025-10-05 19:09:12.408] <Wally>    (in) : list_commands
[2025-10-05 19:09:12.408] <Wally>  (meta) : Engine Started
[2025-10-05 19:09:12.535] <Wally>   (out) : = Wally
[2025-10-05 19:09:12.535] <Wally>   (out) : 
[2025-10-05 19:09:12.535] <Wally>   (out) : = 1.0 
[2025-10-05 19:09:12.535] <Wally>   (out) : 
[2025-10-05 19:09:12.535] <Wally>   (out) : = 1
[2025-10-05 19:09:12.535] <Wally>   (out) : 
[2025-10-05 19:09:12.535] <Wally>   (out) : = protocol_version
[2025-10-05 19:09:12.535] <Wally>   (out) : 
[2025-10-05 19:09:18.598] <Wally>    (in) : komi 6.5
[2025-10-05 19:09:18.618] <Wally>   (out) : =
[2025-10-05 19:09:18.618] <Wally>   (out) : 
[2025-10-05 19:09:18.629] <Wally>    (in) : boardsize 13
[2025-10-05 19:09:18.640] <Wally>   (out) : =
[2025-10-05 19:09:18.640] <Wally>   (out) : 
[2025-10-05 19:09:18.649] <Wally>    (in) : clear_board
[2025-10-05 19:09:18.649] <Wally>    (in) : play B H9
[2025-10-05 19:09:18.649] <Wally>    (in) : play W E7
[2025-10-05 19:09:18.650] <Wally>    (in) : play B F8
[2025-10-05 19:09:18.660] <Wally>   (out) : =
[2025-10-05 19:09:18.661] <Wally>   (out) : 
[2025-10-05 19:09:18.661] <Wally>   (out) : =
[2025-10-05 19:09:18.661] <Wally>   (out) : 
[2025-10-05 19:09:18.661] <Wally>   (out) : =
[2025-10-05 19:09:18.661] <Wally>   (out) : 
[2025-10-05 19:09:18.661] <Wally>   (out) : =
[2025-10-05 19:09:18.661] <Wally>   (out) : 
[2025-10-05 19:09:18.669] <Wally>    (in) : genmove W
[2025-10-05 19:09:19.948] <Wally>    (in) : protocol_version
