[2025-10-05 15:14:00.517] <Wally>    (in) : name
[2025-10-05 15:14:00.518] <Wally>    (in) : version
[2025-10-05 15:14:00.519] <Wally>    (in) : protocol_version
[2025-10-05 15:14:00.519] <Wally>    (in) : list_commands
[2025-10-05 15:14:00.519] <Wally>  (meta) : Engine Started
[2025-10-05 15:14:00.657] <Wally>   (out) : = Wally
[2025-10-05 15:14:00.657] <Wally>   (out) : 
[2025-10-05 15:14:00.658] <Wally>   (out) : = 1.0 
[2025-10-05 15:14:00.658] <Wally>   (out) : 
[2025-10-05 15:14:00.658] <Wally>   (out) : = 1
[2025-10-05 15:14:00.658] <Wally>   (out) : 
[2025-10-05 15:14:00.658] <Wally>   (out) : = protocol_version
[2025-10-05 15:14:00.658] <Wally>   (out) : 
[2025-10-05 15:14:04.642] <Wally>    (in) : komi 6.5
[2025-10-05 15:14:04.702] <Wally>   (out) : =
[2025-10-05 15:14:04.702] <Wally>   (out) : 
[2025-10-05 15:14:04.709] <Wally>    (in) : boardsize 9
[2025-10-05 15:14:04.718] <Wally>   (out) : =
[2025-10-05 15:14:26.473] <Wally>    (in) : quit
[2025-10-05 15:14:26.495] <Wally>  (meta) : Engine Stopped
[2025-10-05 15:14:26.496] <Wally>  (meta) : Connection Failed
[2025-10-05 15:14:26.497] <Wally>  (meta) : Connection Failed
[2025-10-05 15:16:08.127] <Wally>    (in) : name
[2025-10-05 15:16:08.127] <Wally>    (in) : version
[2025-10-05 15:16:08.127] <Wally>    (in) : protocol_version
[2025-10-05 15:16:08.127] <Wally>    (in) : list_commands
[2025-10-05 15:16:08.128] <Wally>  (meta) : Engine Started
[2025-10-05 15:16:08.262] <Wally>   (out) : = Wally
[2025-10-05 15:16:08.262] <Wally>   (out) : 
[2025-10-05 15:16:08.262] <Wally>   (out) : = 1.0 
[2025-10-05 15:16:08.262] <Wally>   (out) : 
[2025-10-05 15:16:08.262] <Wally>   (out) : = 1
[2025-10-05 15:16:08.262] <Wally>   (out) : 
[2025-10-05 15:16:08.262] <Wally>   (out) : = protocol_version
[2025-10-05 15:16:08.262] <Wally>   (out) : 
[2025-10-05 15:16:11.679] <Wally>    (in) : quit
[2025-10-05 15:16:11.695] <Wally>  (meta) : Engine Stopped
[2025-10-05 15:16:11.699] <Wally>  (meta) : Connection Failed
[2025-10-05 15:16:13.925] <Wally>    (in) : name
[2025-10-05 15:16:13.926] <Wally>    (in) : version
[2025-10-05 15:16:13.926] <Wally>    (in) : protocol_version
[2025-10-05 15:16:13.926] <Wally>    (in) : list_commands
[2025-10-05 15:16:13.927] <Wally>  (meta) : Engine Started
[2025-10-05 15:16:14.010] <Wally>   (out) : = Wally
[2025-10-05 15:16:14.010] <Wally>   (out) : 
[2025-10-05 15:16:14.010] <Wally>   (out) : = 1.0 
[2025-10-05 15:16:14.010] <Wally>   (out) : 
[2025-10-05 15:16:14.010] <Wally>   (out) : = 1
[2025-10-05 15:16:14.010] <Wally>   (out) : 
[2025-10-05 15:16:14.010] <Wally>   (out) : = protocol_version
[2025-10-05 15:16:14.010] <Wally>   (out) : 
[2025-10-05 15:16:16.379] <Wally>    (in) : komi 6.5
[2025-10-05 15:16:16.399] <Wally>   (out) : =
[2025-10-05 15:16:16.399] <Wally>   (out) : 
[2025-10-05 15:16:16.408] <Wally>    (in) : boardsize 9
[2025-10-05 15:16:16.416] <Wally>   (out) : =
[2025-10-05 15:16:18.276] <Wally>    (in) : protocol_version
[2025-10-05 15:16:18.294] <Wally>   (out) : = 1
[2025-10-05 15:16:18.295] <Wally>   (out) : 
[2025-10-05 15:16:18.305] <Wally>    (in) : clear_board
[2025-10-05 15:16:18.308] <Wally>    (in) : play B E7
[2025-10-05 15:16:18.308] <Wally>    (in) : play W E5
[2025-10-05 15:16:18.308] <Wally>    (in) : play B F6
[2025-10-05 15:16:18.320] <Wally>   (out) : =
[2025-10-05 15:16:18.321] <Wally>   (out) : 
[2025-10-05 15:16:18.321] <Wally>   (out) : =
[2025-10-05 15:16:18.321] <Wally>   (out) : 
[2025-10-05 15:16:18.321] <Wally>   (out) : =
[2025-10-05 15:16:18.322] <Wally>   (out) : 
[2025-10-05 15:16:18.322] <Wally>   (out) : =
[2025-10-05 15:16:18.322] <Wally>   (out) : 
[2025-10-05 15:16:19.549] <Wally>    (in) : protocol_version
[2025-10-05 15:16:19.564] <Wally>   (out) : = 1
[2025-10-05 15:16:19.564] <Wally>   (out) : 
[2025-10-05 15:16:19.571] <Wally>    (in) : play W F4
[2025-10-05 15:16:19.571] <Wally>    (in) : play B B5
[2025-10-05 15:16:19.578] <Wally>    (in) : protocol_version
[2025-10-05 15:16:19.588] <Wally>   (out) : =
[2025-10-05 15:16:19.588] <Wally>   (out) : 
[2025-10-05 15:16:19.589] <Wally>   (out) : =
[2025-10-05 15:16:19.589] <Wally>   (out) : 
[2025-10-05 15:16:19.589] <Wally>   (out) : = 1
[2025-10-05 15:16:19.589] <Wally>   (out) : 
[2025-10-05 15:16:19.596] <Wally>    (in) : play W D6
[2025-10-05 15:16:19.596] <Wally>    (in) : play B E6
[2025-10-05 15:16:19.603] <Wally>    (in) : protocol_version
[2025-10-05 15:16:19.611] <Wally>   (out) : =
[2025-10-05 15:16:19.612] <Wally>   (out) : 
[2025-10-05 15:16:19.612] <Wally>   (out) : =
[2025-10-05 15:16:19.612] <Wally>   (out) : 
[2025-10-05 15:16:19.612] <Wally>   (out) : = 1
[2025-10-05 15:16:19.612] <Wally>   (out) : 
[2025-10-05 15:16:19.618] <Wally>    (in) : genmove W
[2025-10-05 15:16:19.622] <Wally>    (in) : protocol_version
[2025-10-05 15:16:19.627] <Wally>   (out) : = E2
[2025-10-05 15:16:19.627] <Wally>   (out) : 
[2025-10-05 15:16:19.627] <Wally>   (out) : = 1
[2025-10-05 15:16:19.628] <Wally>   (out) : 
[2025-10-05 15:16:19.631] <Wally>    (in) : genmove W
[2025-10-05 15:16:19.639] <Wally>   (out) : = E2
[2025-10-05 15:16:19.639] <Wally>   (out) : 
[2025-10-05 15:16:20.675] <Wally>    (in) : protocol_version
[2025-10-05 15:16:20.694] <Wally>   (out) : = 1
[2025-10-05 15:16:20.694] <Wally>   (out) : 
[2025-10-05 15:16:20.701] <Wally>    (in) : genmove W
[2025-10-05 15:16:20.714] <Wally>   (out) : = E2
[2025-10-05 15:16:20.714] <Wally>   (out) : 
[2025-10-05 15:16:21.484] <Wally>    (in) : protocol_version
[2025-10-05 15:16:21.501] <Wally>   (out) : = 1
[2025-10-05 15:16:21.501] <Wally>   (out) : 
[2025-10-05 15:16:21.508] <Wally>    (in) : clear_board
[2025-10-05 15:16:21.508] <Wally>    (in) : play B E7
[2025-10-05 15:16:21.509] <Wally>    (in) : play W E5
[2025-10-05 15:16:21.509] <Wally>    (in) : play B F6
[2025-10-05 15:16:21.510] <Wally>    (in) : play W F4
[2025-10-05 15:16:21.510] <Wally>    (in) : play B B5
[2025-10-05 15:16:21.510] <Wally>    (in) : play W D6
[2025-10-05 15:16:21.510] <Wally>    (in) : play B E6
[2025-10-05 15:16:21.511] <Wally>    (in) : play W G5
[2025-10-05 15:16:21.511] <Wally>    (in) : play B H7
[2025-10-05 15:16:21.527] <Wally>   (out) : =
[2025-10-05 15:16:21.527] <Wally>   (out) : 
[2025-10-05 15:16:21.527] <Wally>   (out) : =
[2025-10-05 15:16:21.527] <Wally>   (out) : 
[2025-10-05 15:16:21.527] <Wally>   (out) : =
[2025-10-05 15:16:21.528] <Wally>   (out) : 
[2025-10-05 15:16:21.528] <Wally>   (out) : =
[2025-10-05 15:16:21.528] <Wally>   (out) : 
[2025-10-05 15:16:21.528] <Wally>   (out) : =
[2025-10-05 15:16:21.528] <Wally>   (out) : 
[2025-10-05 15:16:21.528] <Wally>   (out) : =
[2025-10-05 15:16:21.529] <Wally>   (out) : 
[2025-10-05 15:16:21.529] <Wally>   (out) : =
[2025-10-05 15:16:21.529] <Wally>   (out) : 
[2025-10-05 15:16:21.529] <Wally>   (out) : =
[2025-10-05 15:16:21.529] <Wally>   (out) : 
[2025-10-05 15:16:21.529] <Wally>   (out) : =
[2025-10-05 15:16:21.529] <Wally>   (out) : 
[2025-10-05 15:16:21.530] <Wally>   (out) : =
[2025-10-05 15:16:21.530] <Wally>   (out) : 
[2025-10-05 15:16:22.428] <Wally>    (in) : protocol_version
[2025-10-05 15:16:22.449] <Wally>   (out) : = 1
[2025-10-05 15:16:22.449] <Wally>   (out) : 
[2025-10-05 15:16:22.457] <Wally>    (in) : play W G7
[2025-10-05 15:16:22.457] <Wally>    (in) : play B C8
[2025-10-05 15:16:22.463] <Wally>    (in) : protocol_version
[2025-10-05 15:16:22.471] <Wally>   (out) : =
[2025-10-05 15:16:22.471] <Wally>   (out) : 
[2025-10-05 15:16:22.471] <Wally>   (out) : =
[2025-10-05 15:16:22.471] <Wally>   (out) : 
[2025-10-05 15:16:22.472] <Wally>   (out) : = 1
[2025-10-05 15:16:22.472] <Wally>   (out) : 
[2025-10-05 15:16:22.477] <Wally>    (in) : play W C7
[2025-10-05 15:16:22.477] <Wally>    (in) : play B C5
[2025-10-05 15:16:22.482] <Wally>    (in) : protocol_version
[2025-10-05 15:16:22.491] <Wally>   (out) : =
[2025-10-05 15:16:22.491] <Wally>   (out) : 
[2025-10-05 15:16:22.492] <Wally>   (out) : =
[2025-10-05 15:16:22.492] <Wally>   (out) : 
[2025-10-05 15:16:22.492] <Wally>   (out) : = 1
[2025-10-05 15:16:22.492] <Wally>   (out) : 
[2025-10-05 15:16:22.498] <Wally>    (in) : genmove W
[2025-10-05 15:16:22.502] <Wally>    (in) : protocol_version
[2025-10-05 15:16:22.511] <Wally>   (out) : = E2
[2025-10-05 15:16:22.511] <Wally>   (out) : 
[2025-10-05 15:16:22.511] <Wally>   (out) : = 1
[2025-10-05 15:16:22.511] <Wally>   (out) : 
[2025-10-05 15:16:22.515] <Wally>    (in) : genmove W
[2025-10-05 15:16:22.522] <Wally>   (out) : = E2
[2025-10-05 15:16:22.522] <Wally>   (out) : 
[2025-10-05 15:16:23.162] <Wally>    (in) : protocol_version
[2025-10-05 15:16:23.179] <Wally>   (out) : = 1
[2025-10-05 15:16:23.179] <Wally>   (out) : 
[2025-10-05 15:16:23.186] <Wally>    (in) : genmove W
[2025-10-05 15:16:23.199] <Wally>   (out) : = E2
[2025-10-05 15:16:23.200] <Wally>   (out) : 
[2025-10-05 15:16:24.336] <Wally>    (in) : protocol_version
[2025-10-05 15:16:24.356] <Wally>   (out) : = 1
[2025-10-05 15:16:24.356] <Wally>   (out) : 
[2025-10-05 15:16:24.364] <Wally>    (in) : clear_board
[2025-10-05 15:16:24.365] <Wally>    (in) : play B E7
[2025-10-05 15:16:24.365] <Wally>    (in) : play W E5
[2025-10-05 15:16:24.365] <Wally>    (in) : play B F6
[2025-10-05 15:16:24.366] <Wally>    (in) : play W F4
[2025-10-05 15:16:24.367] <Wally>    (in) : play B B5
[2025-10-05 15:16:24.367] <Wally>    (in) : play W D6
[2025-10-05 15:16:24.367] <Wally>    (in) : play B E6
[2025-10-05 15:16:24.368] <Wally>    (in) : play W G5
[2025-10-05 15:16:24.368] <Wally>    (in) : play B H7
[2025-10-05 15:16:24.368] <Wally>    (in) : play W G7
[2025-10-05 15:16:24.369] <Wally>    (in) : play B C8
[2025-10-05 15:16:24.369] <Wally>    (in) : play W C7
[2025-10-05 15:16:24.369] <Wally>    (in) : play B C5
[2025-10-05 15:16:24.370] <Wally>    (in) : play W D4
[2025-10-05 15:16:24.370] <Wally>    (in) : play B E4
[2025-10-05 15:16:24.385] <Wally>   (out) : =
[2025-10-05 15:16:24.385] <Wally>   (out) : 
[2025-10-05 15:16:24.385] <Wally>   (out) : =
[2025-10-05 15:16:24.385] <Wally>   (out) : 
[2025-10-05 15:16:24.385] <Wally>   (out) : =
[2025-10-05 15:16:24.386] <Wally>   (out) : 
[2025-10-05 15:16:24.386] <Wally>   (out) : =
[2025-10-05 15:16:24.386] <Wally>   (out) : 
[2025-10-05 15:16:24.386] <Wally>   (out) : =
[2025-10-05 15:16:24.386] <Wally>   (out) : 
[2025-10-05 15:16:24.386] <Wally>   (out) : =
[2025-10-05 15:16:24.386] <Wally>   (out) : 
[2025-10-05 15:16:24.386] <Wally>   (out) : =
[2025-10-05 15:16:24.387] <Wally>   (out) : 
[2025-10-05 15:16:24.387] <Wally>   (out) : =
[2025-10-05 15:16:24.387] <Wally>   (out) : 
[2025-10-05 15:16:24.387] <Wally>   (out) : =
[2025-10-05 15:16:24.387] <Wally>   (out) : 
[2025-10-05 15:16:24.387] <Wally>   (out) : =
[2025-10-05 15:16:24.387] <Wally>   (out) : 
[2025-10-05 15:16:24.388] <Wally>   (out) : =
[2025-10-05 15:16:24.388] <Wally>   (out) : 
[2025-10-05 15:16:24.388] <Wally>   (out) : =
[2025-10-05 15:16:24.388] <Wally>   (out) : 
[2025-10-05 15:16:24.388] <Wally>   (out) : =
[2025-10-05 15:16:24.388] <Wally>   (out) : 
[2025-10-05 15:16:24.388] <Wally>   (out) : =
[2025-10-05 15:16:24.388] <Wally>   (out) : 
[2025-10-05 15:16:24.389] <Wally>   (out) : =
[2025-10-05 15:16:24.389] <Wally>   (out) : 
[2025-10-05 15:16:24.389] <Wally>   (out) : =
[2025-10-05 15:16:24.389] <Wally>   (out) : 
[2025-10-05 15:17:57.962] <Wally>    (in) : quit
[2025-10-05 15:17:57.980] <Wally>  (meta) : Engine Stopped
[2025-10-05 15:17:57.981] <Wally>  (meta) : Connection Failed
[2025-10-05 15:17:57.981] <Wally>  (meta) : Connection Failed
[2025-10-05 15:17:58.107] <Wally>    (in) : name
[2025-10-05 15:17:58.107] <Wally>    (in) : version
[2025-10-05 15:17:58.108] <Wally>    (in) : protocol_version
[2025-10-05 15:17:58.108] <Wally>    (in) : list_commands
[2025-10-05 15:17:58.108] <Wally>  (meta) : Engine Started
[2025-10-05 15:17:58.108] <Wally>    (in) : komi 6.5
[2025-10-05 15:17:59.390] <Wally>   (out) : = Wally
[2025-10-05 15:17:59.391] <Wally>   (out) : 
[2025-10-05 15:17:59.392] <Wally>   (out) : = 1.0 
[2025-10-05 15:17:59.392] <Wally>   (out) : 
[2025-10-05 15:17:59.392] <Wally>   (out) : = 1
[2025-10-05 15:17:59.392] <Wally>   (out) : 
[2025-10-05 15:17:59.392] <Wally>   (out) : = protocol_version
[2025-10-05 15:17:59.392] <Wally>   (out) : 
[2025-10-05 15:17:59.393] <Wally>   (out) : =
[2025-10-05 15:17:59.393] <Wally>   (out) : 
[2025-10-05 15:17:59.402] <Wally>    (in) : boardsize 9
[2025-10-05 15:17:59.413] <Wally>   (out) : =
[2025-10-05 15:18:00.615] <Wally>    (in) : quit
[2025-10-05 15:18:00.640] <Wally>  (meta) : Engine Stopped
[2025-10-05 15:18:00.649] <Wally>  (meta) : Connection Failed
[2025-10-05 15:18:00.650] <Wally>  (meta) : Connection Failed
[2025-10-05 15:18:05.182] <Wally>    (in) : name
[2025-10-05 15:18:05.182] <Wally>    (in) : version
[2025-10-05 15:18:05.183] <Wally>    (in) : protocol_version
[2025-10-05 15:18:05.183] <Wally>    (in) : list_commands
[2025-10-05 15:18:05.183] <Wally>  (meta) : Engine Started
[2025-10-05 15:18:05.260] <Wally>   (out) : = Wally
[2025-10-05 15:18:05.260] <Wally>   (out) : 
[2025-10-05 15:18:05.260] <Wally>   (out) : = 1.0 
[2025-10-05 15:18:05.260] <Wally>   (out) : 
[2025-10-05 15:18:05.260] <Wally>   (out) : = 1
[2025-10-05 15:18:05.260] <Wally>   (out) : 
[2025-10-05 15:18:05.260] <Wally>   (out) : = protocol_version
[2025-10-05 15:18:05.260] <Wally>   (out) : 
[2025-10-05 15:18:12.180] <Wally>    (in) : komi 6.5
[2025-10-05 15:18:12.205] <Wally>   (out) : =
[2025-10-05 15:18:12.205] <Wally>   (out) : 
[2025-10-05 15:18:12.214] <Wally>    (in) : boardsize 9
[2025-10-05 15:18:12.226] <Wally>   (out) : =
[2025-10-05 15:18:18.573] <Wally>    (in) : protocol_version
[2025-10-05 15:18:18.584] <Wally>   (out) : = 1
[2025-10-05 15:18:18.584] <Wally>   (out) : 
[2025-10-05 15:18:18.590] <Wally>    (in) : clear_board
[2025-10-05 15:18:18.591] <Wally>    (in) : play B E7
[2025-10-05 15:18:18.599] <Wally>   (out) : =
[2025-10-05 15:18:18.599] <Wally>   (out) : 
[2025-10-05 15:18:18.599] <Wally>   (out) : =
[2025-10-05 15:18:18.600] <Wally>   (out) : 
[2025-10-05 15:20:02.504] <Wally>    (in) : protocol_version
[2025-10-05 15:20:02.544] <Wally>   (out) : = 1
[2025-10-05 15:20:02.544] <Wally>   (out) : 
[2025-10-05 15:20:02.550] <Wally>    (in) : showboard
[2025-10-05 15:20:02.556] <Wally>    (in) : protocol_version
[2025-10-05 15:20:02.573] <Wally>   (out) : =
[2025-10-05 15:20:02.573] <Wally>   (out) :     a b c d e f g h j
[2025-10-05 15:20:02.574] <Wally>   (out) :  1  . . . . . . . . .   
[2025-10-05 15:20:02.574] <Wally>   (out) :  2  . . . . . . . . .   
[2025-10-05 15:20:02.574] <Wally>   (out) :  3  . . . . . . . . .   
[2025-10-05 15:20:02.574] <Wally>   (out) :  4  . . . . . . . . .   
[2025-10-05 15:20:02.574] <Wally>   (out) :  5  . . . . . . . . .   
[2025-10-05 15:20:02.575] <Wally>   (out) :  6  . . . . . . . . .   
[2025-10-05 15:20:02.575] <Wally>   (out) :  7  . . . . . . . . .   
[2025-10-05 15:20:02.575] <Wally>   (out) :  8  . . . . . . . . .   
[2025-10-05 15:20:02.575] <Wally>   (out) :  9  . . . . . . . . .   
[2025-10-05 15:20:02.575] <Wally>   (out) :                       
[2025-10-05 15:20:02.576] <Wally>   (out) : = 1
[2025-10-05 15:20:02.576] <Wally>   (out) : 
[2025-10-05 15:20:04.048] <Wally>    (in) : protocol_version
[2025-10-05 15:20:04.066] <Wally>   (out) : = 1
[2025-10-05 15:20:04.067] <Wally>   (out) : 
[2025-10-05 15:20:04.074] <Wally>    (in) : play W E5
[2025-10-05 15:20:04.074] <Wally>    (in) : play B E3
[2025-10-05 15:20:04.089] <Wally>   (out) : =
[2025-10-05 15:20:04.089] <Wally>   (out) : 
[2025-10-05 15:20:04.089] <Wally>   (out) : =
[2025-10-05 15:20:04.090] <Wally>   (out) : 
[2025-10-05 15:20:05.699] <Wally>    (in) : protocol_version
[2025-10-05 15:20:05.717] <Wally>   (out) : = 1
[2025-10-05 15:20:05.717] <Wally>   (out) : 
[2025-10-05 15:20:07.036] <Wally>    (in) : protocol_version
[2025-10-05 15:20:07.054] <Wally>   (out) : = 1
[2025-10-05 15:20:07.054] <Wally>   (out) : 
[2025-10-05 15:20:07.062] <Wally>    (in) : genmove W
[2025-10-05 15:20:07.070] <Wally>    (in) : protocol_version
[2025-10-05 15:20:07.079] <Wally>   (out) : = E2
[2025-10-05 15:20:07.080] <Wally>   (out) : 
[2025-10-05 15:20:07.080] <Wally>   (out) : = 1
[2025-10-05 15:20:07.080] <Wally>   (out) : 
[2025-10-05 15:20:28.635] <Wally>    (in) : protocol_version
[2025-10-05 15:20:28.667] <Wally>   (out) : = 1
[2025-10-05 15:20:28.667] <Wally>   (out) : 
[2025-10-05 15:20:28.677] <Wally>    (in) : clear_board
[2025-10-05 15:20:28.678] <Wally>    (in) : play B E7
[2025-10-05 15:20:28.678] <Wally>    (in) : play W E5
[2025-10-05 15:20:28.678] <Wally>    (in) : play B E3
[2025-10-05 15:20:28.679] <Wally>    (in) : play W G6
[2025-10-05 15:20:28.679] <Wally>    (in) : play B C4
[2025-10-05 15:20:28.709] <Wally>   (out) : =
[2025-10-05 15:20:28.709] <Wally>   (out) : 
[2025-10-05 15:20:28.709] <Wally>   (out) : =
[2025-10-05 15:20:28.709] <Wally>   (out) : 
[2025-10-05 15:20:28.709] <Wally>   (out) : =
[2025-10-05 15:20:28.709] <Wally>   (out) : 
[2025-10-05 15:20:28.709] <Wally>   (out) : =
[2025-10-05 15:20:28.709] <Wally>   (out) : 
[2025-10-05 15:20:28.710] <Wally>   (out) : =
[2025-10-05 15:20:28.710] <Wally>   (out) : 
[2025-10-05 15:20:28.710] <Wally>   (out) : =
[2025-10-05 15:20:28.710] <Wally>   (out) : 
[2025-10-05 15:20:35.308] <Wally>    (in) : quit
[2025-10-05 15:20:35.338] <Wally>  (meta) : Engine Stopped
[2025-10-05 15:20:35.339] <Wally>  (meta) : Connection Failed
[2025-10-05 15:20:35.339] <Wally>  (meta) : Connection Failed
[2025-10-05 15:20:35.340] <Wally>  (meta) : Connection Failed
[2025-10-05 15:20:35.451] <Wally>    (in) : name
[2025-10-05 15:20:35.451] <Wally>    (in) : version
[2025-10-05 15:20:35.451] <Wally>    (in) : protocol_version
[2025-10-05 15:20:35.452] <Wally>    (in) : list_commands
[2025-10-05 15:20:35.452] <Wally>  (meta) : Engine Started
[2025-10-05 15:20:35.452] <Wally>    (in) : komi 6.5
[2025-10-05 15:20:37.045] <Wally>   (out) : = Wally
[2025-10-05 15:20:37.046] <Wally>   (out) : 
[2025-10-05 15:20:37.046] <Wally>   (out) : = 1.0 
[2025-10-05 15:20:37.046] <Wally>   (out) : 
[2025-10-05 15:20:37.046] <Wally>   (out) : = 1
[2025-10-05 15:20:37.047] <Wally>   (out) : 
[2025-10-05 15:20:37.047] <Wally>   (out) : = protocol_version
[2025-10-05 15:20:37.047] <Wally>   (out) : 
[2025-10-05 15:20:37.047] <Wally>   (out) : =
[2025-10-05 15:20:37.048] <Wally>   (out) : 
[2025-10-05 15:20:37.055] <Wally>    (in) : boardsize 9
[2025-10-05 15:20:37.074] <Wally>   (out) : =
[2025-10-05 15:20:42.014] <Wally>    (in) : quit
[2025-10-05 15:20:42.028] <Wally>  (meta) : Engine Stopped
[2025-10-05 15:20:42.037] <Wally>  (meta) : Connection Failed
[2025-10-05 15:20:42.037] <Wally>  (meta) : Connection Failed
[2025-10-05 15:20:42.146] <Wally>    (in) : name
[2025-10-05 15:20:42.146] <Wally>    (in) : version
[2025-10-05 15:20:42.146] <Wally>    (in) : protocol_version
[2025-10-05 15:20:42.146] <Wally>    (in) : list_commands
[2025-10-05 15:20:42.147] <Wally>  (meta) : Engine Started
[2025-10-05 15:20:42.147] <Wally>    (in) : komi 6.5
[2025-10-05 15:20:43.493] <Wally>   (out) : = Wally
[2025-10-05 15:20:43.494] <Wally>   (out) : 
[2025-10-05 15:20:43.494] <Wally>   (out) : = 1.0 
[2025-10-05 15:20:43.494] <Wally>   (out) : 
[2025-10-05 15:20:43.494] <Wally>   (out) : = 1
[2025-10-05 15:20:43.495] <Wally>   (out) : 
[2025-10-05 15:20:43.495] <Wally>   (out) : = protocol_version
[2025-10-05 15:20:43.495] <Wally>   (out) : 
[2025-10-05 15:20:43.495] <Wally>   (out) : =
[2025-10-05 15:20:43.495] <Wally>   (out) : 
[2025-10-05 15:20:43.504] <Wally>    (in) : boardsize 9
[2025-10-05 15:20:43.512] <Wally>   (out) : =
