[2025-10-05 19:00:54.948] <Wally>    (in) : name
[2025-10-05 19:00:54.950] <Wally>    (in) : version
[2025-10-05 19:00:54.950] <Wally>    (in) : protocol_version
[2025-10-05 19:00:54.950] <Wally>    (in) : list_commands
[2025-10-05 19:00:54.951] <Wally>  (meta) : Engine Started
[2025-10-05 19:00:55.073] <Wally>   (out) : = Wally
[2025-10-05 19:00:55.074] <Wally>   (out) : 
[2025-10-05 19:00:55.074] <Wally>   (out) : = 1.0 
[2025-10-05 19:00:55.074] <Wally>   (out) : 
[2025-10-05 19:00:55.074] <Wally>   (out) : = 1
[2025-10-05 19:00:55.075] <Wally>   (out) : 
[2025-10-05 19:00:55.075] <Wally>   (out) : = protocol_version
[2025-10-05 19:00:55.075] <Wally>   (out) : 
[2025-10-05 19:00:57.848] <Wally>    (in) : komi 6.5
[2025-10-05 19:00:57.907] <Wally>   (out) : =
[2025-10-05 19:00:57.907] <Wally>   (out) : 
[2025-10-05 19:00:57.925] <Wally>    (in) : boardsize 13
[2025-10-05 19:00:57.941] <Wally>   (out) : =
[2025-10-05 19:00:57.941] <Wally>   (out) : 
[2025-10-05 19:00:57.961] <Wally>    (in) : clear_board
[2025-10-05 19:00:57.962] <Wally>    (in) : play B J9
[2025-10-05 19:00:57.980] <Wally>   (out) : =
[2025-10-05 19:00:57.980] <Wally>   (out) : 
[2025-10-05 19:00:57.980] <Wally>   (out) : =
[2025-10-05 19:00:57.981] <Wally>   (out) : 
[2025-10-05 19:00:57.989] <Wally>    (in) : genmove W
[2025-10-05 19:00:58.000] <Wally>   (out) : = XX
[2025-10-05 19:00:58.001] <Wally>   (out) : 
[2025-10-05 19:00:58.566] <Wally>    (in) : clear_board
[2025-10-05 19:00:58.566] <Wally>    (in) : play B J9
[2025-10-05 19:00:58.567] <Wally>    (in) : play W pass
[2025-10-05 19:00:58.567] <Wally>    (in) : play B F6
[2025-10-05 19:00:58.591] <Wally>   (out) : =
[2025-10-05 19:00:58.591] <Wally>   (out) : 
[2025-10-05 19:00:58.592] <Wally>   (out) : =
[2025-10-05 19:00:58.592] <Wally>   (out) : 
[2025-10-05 19:00:58.601] <Wally>   (err) : Traceback (most recent call last):
[2025-10-05 19:00:58.601] <Wally>   (err) :   File "/Users/soohyukyoon/SooGo/Wally.py", line 312, in <module>
[2025-10-05 19:00:58.601] <Wally>   (err) :     gtp()
[2025-10-05 19:00:58.601] <Wally>   (err) :     ~~~^^
[2025-10-05 19:00:58.601] <Wally>   (err) :   File "/Users/soohyukyoon/SooGo/Wally.py", line 307, in gtp
[2025-10-05 19:00:58.601] <Wally>   (err) :     elif 'play' in command: play(command); print('=\n')
[2025-10-05 19:00:58.601] <Wally>   (err) :                             ~~~~^^^^^^^^^
[2025-10-05 19:00:58.602] <Wally>   (err) :   File "/Users/soohyukyoon/SooGo/Wally.py", line 289, in play
[2025-10-05 19:00:58.602] <Wally>   (err) :     BOARD[square] = color
[2025-10-05 19:00:58.602] <Wally>   (err) :     ~~~~~^^^^^^^^
[2025-10-05 19:00:58.602] <Wally>   (err) : IndexError: list assignment index out of range
[2025-10-05 19:00:58.616] <Wally>  (meta) : Engine Stopped
[2025-10-05 19:00:58.617] <Wally>  (meta) : Connection Failed
[2025-10-05 19:00:58.618] <Wally>  (meta) : Connection Failed
[2025-10-05 19:01:30.851] <Wally>    (in) : name
[2025-10-05 19:01:30.851] <Wally>    (in) : version
[2025-10-05 19:01:30.852] <Wally>    (in) : protocol_version
[2025-10-05 19:01:30.852] <Wally>    (in) : list_commands
[2025-10-05 19:01:30.853] <Wally>  (meta) : Engine Started
[2025-10-05 19:01:30.853] <Wally>    (in) : komi 6.5
[2025-10-05 19:01:30.985] <Wally>   (out) : = Wally
[2025-10-05 19:01:30.986] <Wally>   (out) : 
[2025-10-05 19:01:30.986] <Wally>   (out) : = 1.0 
[2025-10-05 19:01:30.986] <Wally>   (out) : 
[2025-10-05 19:01:30.986] <Wally>   (out) : = 1
[2025-10-05 19:01:30.986] <Wally>   (out) : 
[2025-10-05 19:01:30.986] <Wally>   (out) : = protocol_version
[2025-10-05 19:01:30.986] <Wally>   (out) : 
[2025-10-05 19:01:30.986] <Wally>   (out) : =
[2025-10-05 19:01:30.986] <Wally>   (out) : 
[2025-10-05 19:01:30.996] <Wally>    (in) : boardsize 13
[2025-10-05 19:01:31.006] <Wally>   (out) : =
[2025-10-05 19:01:31.007] <Wally>   (out) : 
[2025-10-05 19:01:31.015] <Wally>    (in) : clear_board
[2025-10-05 19:01:31.016] <Wally>    (in) : play B J9
[2025-10-05 19:01:31.016] <Wally>    (in) : play W pass
[2025-10-05 19:01:31.016] <Wally>    (in) : play B F6
[2025-10-05 19:01:31.016] <Wally>    (in) : play W E7
[2025-10-05 19:01:31.017] <Wally>    (in) : play B E4
[2025-10-05 19:01:31.028] <Wally>   (out) : =
[2025-10-05 19:01:31.029] <Wally>   (out) : 
[2025-10-05 19:01:31.029] <Wally>   (out) : =
[2025-10-05 19:01:31.029] <Wally>   (out) : 
[2025-10-05 19:01:31.036] <Wally>   (err) : Traceback (most recent call last):
[2025-10-05 19:01:31.037] <Wally>   (err) :   File "/Users/soohyukyoon/SooGo/Wally.py", line 312, in <module>
[2025-10-05 19:01:31.037] <Wally>   (err) :     gtp()
[2025-10-05 19:01:31.037] <Wally>   (err) :     ~~~^^
[2025-10-05 19:01:31.037] <Wally>   (err) :   File "/Users/soohyukyoon/SooGo/Wally.py", line 307, in gtp
[2025-10-05 19:01:31.037] <Wally>   (err) :     elif 'play' in command: play(command); print('=\n')
[2025-10-05 19:01:31.037] <Wally>   (err) :                             ~~~~^^^^^^^^^
[2025-10-05 19:01:31.037] <Wally>   (err) :   File "/Users/soohyukyoon/SooGo/Wally.py", line 289, in play
[2025-10-05 19:01:31.037] <Wally>   (err) :     BOARD[square] = color
[2025-10-05 19:01:31.037] <Wally>   (err) :     ~~~~~^^^^^^^^
[2025-10-05 19:01:31.038] <Wally>   (err) : IndexError: list assignment index out of range
[2025-10-05 19:01:31.047] <Wally>  (meta) : Engine Stopped
[2025-10-05 19:01:31.047] <Wally>  (meta) : Connection Failed
[2025-10-05 19:01:31.048] <Wally>  (meta) : Connection Failed
[2025-10-05 19:01:31.048] <Wally>  (meta) : Connection Failed
[2025-10-05 19:01:31.048] <Wally>  (meta) : Connection Failed
[2025-10-05 19:01:40.295] <Wally>    (in) : name
[2025-10-05 19:01:40.295] <Wally>    (in) : version
[2025-10-05 19:01:40.296] <Wally>    (in) : protocol_version
[2025-10-05 19:01:40.296] <Wally>    (in) : list_commands
[2025-10-05 19:01:40.296] <Wally>  (meta) : Engine Started
[2025-10-05 19:01:40.424] <Wally>   (out) : = Wally
[2025-10-05 19:01:40.424] <Wally>   (out) : 
[2025-10-05 19:01:40.425] <Wally>   (out) : = 1.0 
[2025-10-05 19:01:40.425] <Wally>   (out) : 
[2025-10-05 19:01:40.425] <Wally>   (out) : = 1
[2025-10-05 19:01:40.425] <Wally>   (out) : 
[2025-10-05 19:01:40.425] <Wally>   (out) : = protocol_version
[2025-10-05 19:01:40.425] <Wally>   (out) : 
[2025-10-05 19:01:41.334] <Wally>    (in) : quit
[2025-10-05 19:01:41.376] <Wally>  (meta) : Engine Stopped
[2025-10-05 19:01:41.388] <Wally>  (meta) : Connection Failed
[2025-10-05 19:02:00.914] <Wally>    (in) : name
[2025-10-05 19:02:00.914] <Wally>    (in) : version
[2025-10-05 19:02:00.915] <Wally>    (in) : protocol_version
[2025-10-05 19:02:00.915] <Wally>    (in) : list_commands
[2025-10-05 19:02:00.915] <Wally>  (meta) : Engine Started
[2025-10-05 19:02:01.030] <Wally>   (out) : = Wally
[2025-10-05 19:02:01.030] <Wally>   (out) : 
[2025-10-05 19:02:01.030] <Wally>   (out) : = 1.0 
[2025-10-05 19:02:01.030] <Wally>   (out) : 
[2025-10-05 19:02:01.031] <Wally>   (out) : = 1
[2025-10-05 19:02:01.031] <Wally>   (out) : 
[2025-10-05 19:02:01.031] <Wally>   (out) : = protocol_version
[2025-10-05 19:02:01.031] <Wally>   (out) : 
[2025-10-05 19:02:04.094] <Wally>    (in) : komi 6.5
[2025-10-05 19:02:04.116] <Wally>   (out) : =
[2025-10-05 19:02:04.117] <Wally>   (out) : 
[2025-10-05 19:02:04.125] <Wally>    (in) : boardsize 13
[2025-10-05 19:02:04.138] <Wally>   (out) : =
[2025-10-05 19:02:04.138] <Wally>   (out) : 
[2025-10-05 19:02:04.146] <Wally>    (in) : clear_board
[2025-10-05 19:02:04.147] <Wally>    (in) : play B G7
[2025-10-05 19:02:04.147] <Wally>    (in) : play W F9
[2025-10-05 19:02:04.158] <Wally>   (out) : =
[2025-10-05 19:02:04.158] <Wally>   (out) : 
[2025-10-05 19:02:04.158] <Wally>   (out) : =
[2025-10-05 19:02:04.159] <Wally>   (out) : 
[2025-10-05 19:02:04.159] <Wally>   (out) : =
[2025-10-05 19:02:04.159] <Wally>   (out) : 
[2025-10-05 19:02:04.168] <Wally>    (in) : genmove B
[2025-10-05 19:02:04.182] <Wally>   (out) : = B1
[2025-10-05 19:02:04.183] <Wally>   (out) : 
[2025-10-05 19:02:04.808] <Wally>    (in) : play W E5
[2025-10-05 19:02:04.830] <Wally>   (out) : =
[2025-10-05 19:02:04.830] <Wally>   (out) : 
[2025-10-05 19:02:04.839] <Wally>    (in) : genmove B
[2025-10-05 19:02:04.851] <Wally>   (out) : = XX
[2025-10-05 19:02:04.852] <Wally>   (out) : 
[2025-10-05 19:02:24.412] <Wally>    (in) : quit
[2025-10-05 19:02:24.462] <Wally>  (meta) : Engine Stopped
[2025-10-05 19:02:24.478] <Wally>  (meta) : Connection Failed
[2025-10-05 19:02:32.815] <Wally>    (in) : name
[2025-10-05 19:02:32.816] <Wally>    (in) : version
[2025-10-05 19:02:32.816] <Wally>    (in) : protocol_version
[2025-10-05 19:02:32.816] <Wally>    (in) : list_commands
[2025-10-05 19:02:32.816] <Wally>  (meta) : Engine Started
[2025-10-05 19:02:32.956] <Wally>   (out) : = Wally
[2025-10-05 19:02:32.956] <Wally>   (out) : 
[2025-10-05 19:02:32.957] <Wally>   (out) : = 1.0 
[2025-10-05 19:02:32.957] <Wally>   (out) : 
[2025-10-05 19:02:32.957] <Wally>   (out) : = 1
[2025-10-05 19:02:32.957] <Wally>   (out) : 
[2025-10-05 19:02:32.957] <Wally>   (out) : = protocol_version
[2025-10-05 19:02:32.957] <Wally>   (out) : 
[2025-10-05 19:02:35.938] <Wally>    (in) : komi 6.5
[2025-10-05 19:02:35.961] <Wally>   (out) : =
[2025-10-05 19:02:35.961] <Wally>   (out) : 
[2025-10-05 19:02:35.971] <Wally>    (in) : boardsize 13
[2025-10-05 19:02:35.984] <Wally>   (out) : =
[2025-10-05 19:02:35.984] <Wally>   (out) : 
[2025-10-05 19:02:35.992] <Wally>    (in) : clear_board
[2025-10-05 19:02:35.993] <Wally>    (in) : play B F8
[2025-10-05 19:02:36.004] <Wally>   (out) : =
[2025-10-05 19:02:36.005] <Wally>   (out) : 
[2025-10-05 19:02:36.005] <Wally>   (out) : =
[2025-10-05 19:02:36.006] <Wally>   (out) : 
[2025-10-05 19:02:36.018] <Wally>    (in) : genmove W
[2025-10-05 19:02:36.035] <Wally>   (out) : = D12
[2025-10-05 19:02:36.035] <Wally>   (out) : 
[2025-10-05 19:02:37.874] <Wally>    (in) : play B F4
[2025-10-05 19:02:37.895] <Wally>   (out) : =
[2025-10-05 19:02:37.895] <Wally>   (out) : 
[2025-10-05 19:02:37.905] <Wally>    (in) : genmove W
[2025-10-05 19:02:37.916] <Wally>   (out) : = C3
[2025-10-05 19:02:37.917] <Wally>   (out) : 
[2025-10-05 19:02:39.389] <Wally>    (in) : play B J6
[2025-10-05 19:02:39.412] <Wally>   (out) : =
[2025-10-05 19:02:39.412] <Wally>   (out) : 
[2025-10-05 19:02:39.422] <Wally>    (in) : genmove W
[2025-10-05 19:02:39.435] <Wally>   (out) : = C7
[2025-10-05 19:02:39.435] <Wally>   (out) : 
[2025-10-05 19:02:40.123] <Wally>    (in) : play B J9
[2025-10-05 19:02:40.144] <Wally>   (out) : =
[2025-10-05 19:02:40.144] <Wally>   (out) : 
[2025-10-05 19:02:40.154] <Wally>    (in) : genmove W
[2025-10-05 19:02:40.165] <Wally>   (out) : = A7
[2025-10-05 19:02:40.165] <Wally>   (out) : 
[2025-10-05 19:02:40.823] <Wally>    (in) : play B K4
[2025-10-05 19:02:40.845] <Wally>   (out) : =
[2025-10-05 19:02:40.845] <Wally>   (out) : 
[2025-10-05 19:02:40.855] <Wally>    (in) : genmove W
[2025-10-05 19:02:40.865] <Wally>   (out) : = M12
[2025-10-05 19:02:40.866] <Wally>   (out) : 
[2025-10-05 19:02:41.391] <Wally>    (in) : play B M7
[2025-10-05 19:02:41.411] <Wally>   (out) : =
[2025-10-05 19:02:41.412] <Wally>   (out) : 
[2025-10-05 19:02:41.422] <Wally>    (in) : genmove W
[2025-10-05 19:02:41.433] <Wally>   (out) : = K3
[2025-10-05 19:02:41.433] <Wally>   (out) : 
[2025-10-05 19:02:41.957] <Wally>    (in) : play B F6
[2025-10-05 19:02:41.976] <Wally>   (out) : =
[2025-10-05 19:02:41.976] <Wally>   (out) : 
[2025-10-05 19:02:41.986] <Wally>    (in) : genmove W
[2025-10-05 19:02:41.998] <Wally>   (out) : = J10
[2025-10-05 19:02:41.998] <Wally>   (out) : 
[2025-10-05 19:02:42.473] <Wally>    (in) : play B D9
[2025-10-05 19:02:42.495] <Wally>   (out) : =
[2025-10-05 19:02:42.495] <Wally>   (out) : 
[2025-10-05 19:02:42.504] <Wally>    (in) : genmove W
[2025-10-05 19:02:42.516] <Wally>   (out) : = C1
[2025-10-05 19:02:42.516] <Wally>   (out) : 
[2025-10-05 19:02:42.974] <Wally>    (in) : play B G10
[2025-10-05 19:02:42.997] <Wally>   (out) : =
[2025-10-05 19:02:42.997] <Wally>   (out) : 
[2025-10-05 19:02:43.007] <Wally>    (in) : genmove W
[2025-10-05 19:02:43.019] <Wally>   (out) : = A10
[2025-10-05 19:02:43.019] <Wally>   (out) : 
[2025-10-05 19:02:43.425] <Wally>    (in) : play B D5
[2025-10-05 19:02:43.444] <Wally>   (out) : =
[2025-10-05 19:02:43.444] <Wally>   (out) : 
[2025-10-05 19:02:43.454] <Wally>    (in) : genmove W
[2025-10-05 19:02:43.466] <Wally>   (out) : = M3
[2025-10-05 19:02:43.466] <Wally>   (out) : 
[2025-10-05 19:02:43.892] <Wally>    (in) : play B H3
[2025-10-05 19:02:43.916] <Wally>   (out) : =
[2025-10-05 19:02:43.916] <Wally>   (out) : 
[2025-10-05 19:02:43.926] <Wally>    (in) : genmove W
[2025-10-05 19:02:43.946] <Wally>   (err) : Traceback (most recent call last):
[2025-10-05 19:02:43.946] <Wally>   (err) :   File "/Users/soohyukyoon/SooGo/Wally.py", line 312, in <module>
[2025-10-05 19:02:43.946] <Wally>   (err) :     gtp()
[2025-10-05 19:02:43.946] <Wally>   (err) :     ~~~^^
[2025-10-05 19:02:43.947] <Wally>   (err) :   File "/Users/soohyukyoon/SooGo/Wally.py", line 303, in gtp
[2025-10-05 19:02:43.947] <Wally>   (err) :     elif 'genmove' in command: print('=', make_random_move(BLACK if command.split()[-1] == 'B' else WHITE) + '\n')
[2025-10-05 19:02:43.947] <Wally>   (err) :                                           ~~~~~~~~~~~~~~~~^^^^^^^^^^^^^^^^^^^^^^^^^^^^^^^^^^^^^^^^^^^^^^^^
[2025-10-05 19:02:43.947] <Wally>   (err) :   File "/Users/soohyukyoon/SooGo/Wally.py", line 270, in make_random_move
[2025-10-05 19:02:43.947] <Wally>   (err) :     return COORD[random_square]
[2025-10-05 19:02:43.947] <Wally>   (err) :            ~~~~~^^^^^^^^^^^^^^^
[2025-10-05 19:02:43.947] <Wally>   (err) : IndexError: list index out of range
[2025-10-05 19:02:43.957] <Wally>  (meta) : Engine Stopped
[2025-10-05 19:02:43.958] <Wally>  (meta) : Connection Failed
[2025-10-05 19:03:07.425] <Wally>    (in) : name
[2025-10-05 19:03:07.425] <Wally>    (in) : version
[2025-10-05 19:03:07.426] <Wally>    (in) : protocol_version
[2025-10-05 19:03:07.426] <Wally>    (in) : list_commands
[2025-10-05 19:03:07.426] <Wally>  (meta) : Engine Started
[2025-10-05 19:03:07.426] <Wally>    (in) : komi 6.5
[2025-10-05 19:03:07.567] <Wally>   (out) : = Wally
[2025-10-05 19:03:07.567] <Wally>   (out) : 
[2025-10-05 19:03:07.568] <Wally>   (out) : = 1.0 
[2025-10-05 19:03:07.568] <Wally>   (out) : 
[2025-10-05 19:03:07.568] <Wally>   (out) : = 1
[2025-10-05 19:03:07.568] <Wally>   (out) : 
[2025-10-05 19:03:07.568] <Wally>   (out) : = protocol_version
[2025-10-05 19:03:07.568] <Wally>   (out) : 
[2025-10-05 19:03:07.568] <Wally>   (out) : =
[2025-10-05 19:03:07.568] <Wally>   (out) : 
[2025-10-05 19:03:07.579] <Wally>    (in) : boardsize 13
[2025-10-05 19:03:07.591] <Wally>   (out) : =
[2025-10-05 19:03:07.591] <Wally>   (out) : 
[2025-10-05 19:03:07.601] <Wally>    (in) : clear_board
[2025-10-05 19:03:07.601] <Wally>    (in) : play B F8
[2025-10-05 19:03:07.601] <Wally>    (in) : play W D12
[2025-10-05 19:03:07.601] <Wally>    (in) : play B F4
[2025-10-05 19:03:07.602] <Wally>    (in) : play W C3
[2025-10-05 19:03:07.602] <Wally>    (in) : play B J6
[2025-10-05 19:03:07.602] <Wally>    (in) : play W C7
[2025-10-05 19:03:07.602] <Wally>    (in) : play B J9
[2025-10-05 19:03:07.602] <Wally>    (in) : play W A7
[2025-10-05 19:03:07.603] <Wally>    (in) : play B K4
[2025-10-05 19:03:07.603] <Wally>    (in) : play W M12
[2025-10-05 19:03:07.603] <Wally>    (in) : play B M7
[2025-10-05 19:03:07.603] <Wally>    (in) : play W K3
[2025-10-05 19:03:07.604] <Wally>    (in) : play B F6
[2025-10-05 19:03:07.604] <Wally>    (in) : play W J10
[2025-10-05 19:03:07.604] <Wally>    (in) : play B D9
[2025-10-05 19:03:07.604] <Wally>    (in) : play W C1
[2025-10-05 19:03:07.605] <Wally>    (in) : play B G10
[2025-10-05 19:03:07.605] <Wally>    (in) : play W A10
[2025-10-05 19:03:07.605] <Wally>    (in) : play B D5
[2025-10-05 19:03:07.605] <Wally>    (in) : play W M3
[2025-10-05 19:03:07.605] <Wally>    (in) : play B H3
[2025-10-05 19:03:07.606] <Wally>    (in) : play W E3
[2025-10-05 19:03:07.606] <Wally>    (in) : play B E4
[2025-10-05 19:03:07.621] <Wally>   (out) : =
[2025-10-05 19:03:07.621] <Wally>   (out) : 
[2025-10-05 19:03:07.621] <Wally>   (out) : =
[2025-10-05 19:03:07.621] <Wally>   (out) : 
[2025-10-05 19:03:07.621] <Wally>   (out) : =
[2025-10-05 19:03:07.622] <Wally>   (out) : 
[2025-10-05 19:03:07.622] <Wally>   (out) : =
[2025-10-05 19:03:07.622] <Wally>   (out) : 
[2025-10-05 19:03:07.622] <Wally>   (out) : =
[2025-10-05 19:03:07.623] <Wally>   (out) : 
[2025-10-05 19:03:07.623] <Wally>   (out) : =
[2025-10-05 19:03:07.623] <Wally>   (out) : 
[2025-10-05 19:03:07.623] <Wally>   (out) : =
[2025-10-05 19:03:07.623] <Wally>   (out) : 
[2025-10-05 19:03:07.623] <Wally>   (out) : =
[2025-10-05 19:03:07.623] <Wally>   (out) : 
[2025-10-05 19:03:07.623] <Wally>   (out) : =
[2025-10-05 19:03:07.624] <Wally>   (out) : 
[2025-10-05 19:03:07.624] <Wally>   (out) : =
[2025-10-05 19:03:07.624] <Wally>   (out) : 
[2025-10-05 19:03:07.624] <Wally>   (out) : =
[2025-10-05 19:03:07.624] <Wally>   (out) : 
[2025-10-05 19:03:07.624] <Wally>   (out) : =
[2025-10-05 19:03:07.624] <Wally>   (out) : 
[2025-10-05 19:03:07.624] <Wally>   (out) : =
[2025-10-05 19:03:07.625] <Wally>   (out) : 
[2025-10-05 19:03:07.625] <Wally>   (out) : =
[2025-10-05 19:03:07.625] <Wally>   (out) : 
[2025-10-05 19:03:07.625] <Wally>   (out) : =
[2025-10-05 19:03:07.625] <Wally>   (out) : 
[2025-10-05 19:03:07.625] <Wally>   (out) : =
[2025-10-05 19:03:07.625] <Wally>   (out) : 
[2025-10-05 19:03:07.625] <Wally>   (out) : =
[2025-10-05 19:03:07.625] <Wally>   (out) : 
[2025-10-05 19:03:07.625] <Wally>   (out) : =
[2025-10-05 19:03:07.626] <Wally>   (out) : 
[2025-10-05 19:03:07.626] <Wally>   (out) : =
[2025-10-05 19:03:07.626] <Wally>   (out) : 
[2025-10-05 19:03:07.626] <Wally>   (out) : =
[2025-10-05 19:03:07.626] <Wally>   (out) : 
[2025-10-05 19:03:07.626] <Wally>   (out) : =
[2025-10-05 19:03:07.626] <Wally>   (out) : 
[2025-10-05 19:03:07.626] <Wally>   (out) : =
[2025-10-05 19:03:07.626] <Wally>   (out) : 
[2025-10-05 19:03:07.626] <Wally>   (out) : =
[2025-10-05 19:03:07.627] <Wally>   (out) : 
[2025-10-05 19:03:07.627] <Wally>   (out) : =
[2025-10-05 19:03:07.627] <Wally>   (out) : 
[2025-10-05 19:03:07.638] <Wally>    (in) : genmove W
[2025-10-05 19:03:07.664] <Wally>   (out) : = M4
[2025-10-05 19:03:07.666] <Wally>   (out) : 
[2025-10-05 19:03:08.524] <Wally>    (in) : play B D4
[2025-10-05 19:03:08.544] <Wally>   (out) : =
[2025-10-05 19:03:08.545] <Wally>   (out) : 
[2025-10-05 19:03:08.555] <Wally>    (in) : genmove W
[2025-10-05 19:03:08.567] <Wally>   (out) : = H5
[2025-10-05 19:03:08.568] <Wally>   (out) : 
[2025-10-05 19:03:09.623] <Wally>    (in) : play B E5
[2025-10-05 19:03:09.643] <Wally>   (out) : =
[2025-10-05 19:03:09.643] <Wally>   (out) : 
[2025-10-05 19:03:09.654] <Wally>    (in) : genmove W
[2025-10-05 19:03:09.666] <Wally>   (out) : = XX
[2025-10-05 19:03:09.666] <Wally>   (out) : 
[2025-10-05 19:03:13.825] <Wally>    (in) : clear_board
[2025-10-05 19:03:13.825] <Wally>    (in) : play B F8
[2025-10-05 19:03:13.826] <Wally>    (in) : play W D12
[2025-10-05 19:03:13.826] <Wally>    (in) : play B F4
[2025-10-05 19:03:13.826] <Wally>    (in) : play W C3
[2025-10-05 19:03:13.826] <Wally>    (in) : play B J6
[2025-10-05 19:03:13.827] <Wally>    (in) : play W C7
[2025-10-05 19:03:13.827] <Wally>    (in) : play B J9
[2025-10-05 19:03:13.827] <Wally>    (in) : play W A7
[2025-10-05 19:03:13.827] <Wally>    (in) : play B K4
[2025-10-05 19:03:13.828] <Wally>    (in) : play W M12
[2025-10-05 19:03:13.828] <Wally>    (in) : play B M7
[2025-10-05 19:03:13.828] <Wally>    (in) : play W K3
[2025-10-05 19:03:13.828] <Wally>    (in) : play B F6
[2025-10-05 19:03:13.828] <Wally>    (in) : play W J10
[2025-10-05 19:03:13.829] <Wally>    (in) : play B D9
[2025-10-05 19:03:13.829] <Wally>    (in) : play W C1
[2025-10-05 19:03:13.829] <Wally>    (in) : play B G10
[2025-10-05 19:03:13.829] <Wally>    (in) : play W A10
[2025-10-05 19:03:13.829] <Wally>    (in) : play B D5
[2025-10-05 19:03:13.829] <Wally>    (in) : play W M3
[2025-10-05 19:03:13.830] <Wally>    (in) : play B H3
[2025-10-05 19:03:13.830] <Wally>    (in) : play W E3
[2025-10-05 19:03:13.830] <Wally>    (in) : play B E4
[2025-10-05 19:03:13.830] <Wally>    (in) : play W M4
[2025-10-05 19:03:13.830] <Wally>    (in) : play B D4
[2025-10-05 19:03:13.830] <Wally>    (in) : play W H5
[2025-10-05 19:03:13.831] <Wally>    (in) : play B E5
[2025-10-05 19:03:13.831] <Wally>    (in) : play W pass
[2025-10-05 19:03:13.831] <Wally>    (in) : play B F5
[2025-10-05 19:03:13.850] <Wally>   (out) : =
[2025-10-05 19:03:13.850] <Wally>   (out) : 
[2025-10-05 19:03:13.850] <Wally>   (out) : =
[2025-10-05 19:03:13.850] <Wally>   (out) : 
[2025-10-05 19:03:13.851] <Wally>   (out) : =
[2025-10-05 19:03:13.851] <Wally>   (out) : 
[2025-10-05 19:03:13.851] <Wally>   (out) : =
[2025-10-05 19:03:13.851] <Wally>   (out) : 
[2025-10-05 19:03:13.851] <Wally>   (out) : =
[2025-10-05 19:03:13.851] <Wally>   (out) : 
[2025-10-05 19:03:13.851] <Wally>   (out) : =
[2025-10-05 19:03:13.851] <Wally>   (out) : 
[2025-10-05 19:03:13.852] <Wally>   (out) : =
[2025-10-05 19:03:13.852] <Wally>   (out) : 
[2025-10-05 19:03:13.852] <Wally>   (out) : =
[2025-10-05 19:03:13.852] <Wally>   (out) : 
[2025-10-05 19:03:13.852] <Wally>   (out) : =
[2025-10-05 19:03:13.853] <Wally>   (out) : 
[2025-10-05 19:03:13.853] <Wally>   (out) : =
[2025-10-05 19:03:13.853] <Wally>   (out) : 
[2025-10-05 19:03:13.853] <Wally>   (out) : =
[2025-10-05 19:03:13.853] <Wally>   (out) : 
[2025-10-05 19:03:13.853] <Wally>   (out) : =
[2025-10-05 19:03:13.853] <Wally>   (out) : 
[2025-10-05 19:03:13.853] <Wally>   (out) : =
[2025-10-05 19:03:13.853] <Wally>   (out) : 
[2025-10-05 19:03:13.854] <Wally>   (out) : =
[2025-10-05 19:03:13.854] <Wally>   (out) : 
[2025-10-05 19:03:13.854] <Wally>   (out) : =
[2025-10-05 19:03:13.854] <Wally>   (out) : 
[2025-10-05 19:03:13.854] <Wally>   (out) : =
[2025-10-05 19:03:13.854] <Wally>   (out) : 
[2025-10-05 19:03:13.854] <Wally>   (out) : =
[2025-10-05 19:03:13.854] <Wally>   (out) : 
[2025-10-05 19:03:13.854] <Wally>   (out) : =
[2025-10-05 19:03:13.855] <Wally>   (out) : 
[2025-10-05 19:03:13.855] <Wally>   (out) : =
[2025-10-05 19:03:13.855] <Wally>   (out) : 
[2025-10-05 19:03:13.855] <Wally>   (out) : =
[2025-10-05 19:03:13.855] <Wally>   (out) : 
[2025-10-05 19:03:13.855] <Wally>   (out) : =
[2025-10-05 19:03:13.855] <Wally>   (out) : 
[2025-10-05 19:03:13.855] <Wally>   (out) : =
[2025-10-05 19:03:13.855] <Wally>   (out) : 
[2025-10-05 19:03:13.856] <Wally>   (out) : =
[2025-10-05 19:03:13.856] <Wally>   (out) : 
[2025-10-05 19:03:13.856] <Wally>   (out) : =
[2025-10-05 19:03:13.856] <Wally>   (out) : 
[2025-10-05 19:03:13.856] <Wally>   (out) : =
[2025-10-05 19:03:13.856] <Wally>   (out) : 
[2025-10-05 19:03:13.856] <Wally>   (out) : =
[2025-10-05 19:03:13.856] <Wally>   (out) : 
[2025-10-05 19:03:13.856] <Wally>   (out) : =
[2025-10-05 19:03:13.857] <Wally>   (out) : 
[2025-10-05 19:03:13.857] <Wally>   (out) : =
[2025-10-05 19:03:13.857] <Wally>   (out) : 
[2025-10-05 19:03:13.867] <Wally>   (err) : Traceback (most recent call last):
[2025-10-05 19:03:13.867] <Wally>   (err) :   File "/Users/soohyukyoon/SooGo/Wally.py", line 312, in <module>
[2025-10-05 19:03:13.867] <Wally>   (err) :     gtp()
[2025-10-05 19:03:13.868] <Wally>   (err) :     ~~~^^
[2025-10-05 19:03:13.868] <Wally>   (err) :   File "/Users/soohyukyoon/SooGo/Wally.py", line 307, in gtp
[2025-10-05 19:03:13.868] <Wally>   (err) :     elif 'play' in command: play(command); print('=\n')
[2025-10-05 19:03:13.868] <Wally>   (err) :                             ~~~~^^^^^^^^^
[2025-10-05 19:03:13.868] <Wally>   (err) :   File "/Users/soohyukyoon/SooGo/Wally.py", line 289, in play
[2025-10-05 19:03:13.868] <Wally>   (err) :     BOARD[square] = color
[2025-10-05 19:03:13.868] <Wally>   (err) :     ~~~~~^^^^^^^^
[2025-10-05 19:03:13.868] <Wally>   (err) : IndexError: list assignment index out of range
[2025-10-05 19:03:13.880] <Wally>  (meta) : Engine Stopped
[2025-10-05 19:03:13.881] <Wally>  (meta) : Connection Failed
[2025-10-05 19:03:13.881] <Wally>  (meta) : Connection Failed
[2025-10-05 19:03:16.236] <Wally>    (in) : name
[2025-10-05 19:03:16.236] <Wally>    (in) : version
[2025-10-05 19:03:16.237] <Wally>    (in) : protocol_version
[2025-10-05 19:03:16.237] <Wally>    (in) : list_commands
[2025-10-05 19:03:16.237] <Wally>  (meta) : Engine Started
[2025-10-05 19:03:16.237] <Wally>    (in) : komi 6.5
[2025-10-05 19:03:16.349] <Wally>   (out) : = Wally
[2025-10-05 19:03:16.350] <Wally>   (out) : 
[2025-10-05 19:03:16.350] <Wally>   (out) : = 1.0 
[2025-10-05 19:03:16.350] <Wally>   (out) : 
[2025-10-05 19:03:16.350] <Wally>   (out) : = 1
[2025-10-05 19:03:16.350] <Wally>   (out) : 
[2025-10-05 19:03:16.350] <Wally>   (out) : = protocol_version
[2025-10-05 19:03:16.351] <Wally>   (out) : 
[2025-10-05 19:03:16.351] <Wally>   (out) : =
[2025-10-05 19:03:16.351] <Wally>   (out) : 
[2025-10-05 19:03:16.359] <Wally>    (in) : boardsize 13
[2025-10-05 19:03:16.370] <Wally>   (out) : =
[2025-10-05 19:03:16.370] <Wally>   (out) : 
[2025-10-05 19:03:16.383] <Wally>    (in) : clear_board
[2025-10-05 19:03:16.383] <Wally>    (in) : play B F8
[2025-10-05 19:03:16.384] <Wally>    (in) : play W D12
[2025-10-05 19:03:16.384] <Wally>    (in) : play B F4
[2025-10-05 19:03:16.384] <Wally>    (in) : play W C3
[2025-10-05 19:03:16.385] <Wally>    (in) : play B J6
[2025-10-05 19:03:16.385] <Wally>    (in) : play W C7
[2025-10-05 19:03:16.385] <Wally>    (in) : play B J9
[2025-10-05 19:03:16.385] <Wally>    (in) : play W A7
[2025-10-05 19:03:16.386] <Wally>    (in) : play B K4
[2025-10-05 19:03:16.386] <Wally>    (in) : play W M12
[2025-10-05 19:03:16.386] <Wally>    (in) : play B M7
[2025-10-05 19:03:16.386] <Wally>    (in) : play W K3
[2025-10-05 19:03:16.386] <Wally>    (in) : play B F6
[2025-10-05 19:03:16.387] <Wally>    (in) : play W J10
[2025-10-05 19:03:16.387] <Wally>    (in) : play B D9
[2025-10-05 19:03:16.387] <Wally>    (in) : play W C1
[2025-10-05 19:03:16.387] <Wally>    (in) : play B G10
[2025-10-05 19:03:16.387] <Wally>    (in) : play W A10
[2025-10-05 19:03:16.388] <Wally>    (in) : play B D5
[2025-10-05 19:03:16.388] <Wally>    (in) : play W M3
[2025-10-05 19:03:16.388] <Wally>    (in) : play B H3
[2025-10-05 19:03:16.388] <Wally>    (in) : play W E3
[2025-10-05 19:03:16.388] <Wally>    (in) : play B E4
[2025-10-05 19:03:16.389] <Wally>    (in) : play W M4
[2025-10-05 19:03:16.389] <Wally>    (in) : play B D4
[2025-10-05 19:03:16.389] <Wally>    (in) : play W H5
[2025-10-05 19:03:16.389] <Wally>    (in) : play B E5
[2025-10-05 19:03:16.390] <Wally>    (in) : play W pass
[2025-10-05 19:03:16.390] <Wally>    (in) : play B F5
[2025-10-05 19:03:16.390] <Wally>    (in) : play W E6
[2025-10-05 19:03:16.390] <Wally>    (in) : play B G6
[2025-10-05 19:03:16.407] <Wally>   (out) : =
[2025-10-05 19:03:16.407] <Wally>   (out) : 
[2025-10-05 19:03:16.407] <Wally>   (out) : =
[2025-10-05 19:03:16.407] <Wally>   (out) : 
[2025-10-05 19:03:16.407] <Wally>   (out) : =
[2025-10-05 19:03:16.408] <Wally>   (out) : 
[2025-10-05 19:03:16.408] <Wally>   (out) : =
[2025-10-05 19:03:16.408] <Wally>   (out) : 
[2025-10-05 19:03:16.408] <Wally>   (out) : =
[2025-10-05 19:03:16.408] <Wally>   (out) : 
[2025-10-05 19:03:16.408] <Wally>   (out) : =
[2025-10-05 19:03:16.408] <Wally>   (out) : 
[2025-10-05 19:03:16.408] <Wally>   (out) : =
[2025-10-05 19:03:16.409] <Wally>   (out) : 
[2025-10-05 19:03:16.409] <Wally>   (out) : =
[2025-10-05 19:03:16.409] <Wally>   (out) : 
[2025-10-05 19:03:16.409] <Wally>   (out) : =
[2025-10-05 19:03:16.409] <Wally>   (out) : 
[2025-10-05 19:03:16.409] <Wally>   (out) : =
[2025-10-05 19:03:16.409] <Wally>   (out) : 
[2025-10-05 19:03:16.409] <Wally>   (out) : =
[2025-10-05 19:03:16.410] <Wally>   (out) : 
[2025-10-05 19:03:16.410] <Wally>   (out) : =
[2025-10-05 19:03:16.410] <Wally>   (out) : 
[2025-10-05 19:03:16.410] <Wally>   (out) : =
[2025-10-05 19:03:16.410] <Wally>   (out) : 
[2025-10-05 19:03:16.410] <Wally>   (out) : =
[2025-10-05 19:03:16.410] <Wally>   (out) : 
[2025-10-05 19:03:16.410] <Wally>   (out) : =
[2025-10-05 19:03:16.410] <Wally>   (out) : 
[2025-10-05 19:03:16.411] <Wally>   (out) : =
[2025-10-05 19:03:16.411] <Wally>   (out) : 
[2025-10-05 19:03:16.411] <Wally>   (out) : =
[2025-10-05 19:03:16.411] <Wally>   (out) : 
[2025-10-05 19:03:16.411] <Wally>   (out) : =
[2025-10-05 19:03:16.411] <Wally>   (out) : 
[2025-10-05 19:03:16.411] <Wally>   (out) : =
[2025-10-05 19:03:16.411] <Wally>   (out) : 
[2025-10-05 19:03:16.411] <Wally>   (out) : =
[2025-10-05 19:03:16.411] <Wally>   (out) : 
[2025-10-05 19:03:16.412] <Wally>   (out) : =
[2025-10-05 19:03:16.412] <Wally>   (out) : 
[2025-10-05 19:03:16.412] <Wally>   (out) : =
[2025-10-05 19:03:16.412] <Wally>   (out) : 
[2025-10-05 19:03:16.412] <Wally>   (out) : =
[2025-10-05 19:03:16.412] <Wally>   (out) : 
[2025-10-05 19:03:16.412] <Wally>   (out) : =
[2025-10-05 19:03:16.412] <Wally>   (out) : 
[2025-10-05 19:03:16.413] <Wally>   (out) : =
[2025-10-05 19:03:16.413] <Wally>   (out) : 
[2025-10-05 19:03:16.413] <Wally>   (out) : =
[2025-10-05 19:03:16.413] <Wally>   (out) : 
[2025-10-05 19:03:16.413] <Wally>   (out) : =
[2025-10-05 19:03:16.413] <Wally>   (out) : 
[2025-10-05 19:03:16.413] <Wally>   (out) : =
[2025-10-05 19:03:16.413] <Wally>   (out) : 
[2025-10-05 19:03:16.424] <Wally>   (err) : Traceback (most recent call last):
[2025-10-05 19:03:16.424] <Wally>   (err) :   File "/Users/soohyukyoon/SooGo/Wally.py", line 312, in <module>
[2025-10-05 19:03:16.425] <Wally>   (err) :     gtp()
[2025-10-05 19:03:16.425] <Wally>   (err) :     ~~~^^
[2025-10-05 19:03:16.425] <Wally>   (err) :   File "/Users/soohyukyoon/SooGo/Wally.py", line 307, in gtp
[2025-10-05 19:03:16.425] <Wally>   (err) :     elif 'play' in command: play(command); print('=\n')
[2025-10-05 19:03:16.425] <Wally>   (err) :                             ~~~~^^^^^^^^^
[2025-10-05 19:03:16.425] <Wally>   (err) :   File "/Users/soohyukyoon/SooGo/Wally.py", line 289, in play
[2025-10-05 19:03:16.425] <Wally>   (err) :     BOARD[square] = color
[2025-10-05 19:03:16.425] <Wally>   (err) :     ~~~~~^^^^^^^^
[2025-10-05 19:03:16.425] <Wally>   (err) : IndexError: list assignment index out of range
[2025-10-05 19:03:16.433] <Wally>  (meta) : Engine Stopped
[2025-10-05 19:03:16.434] <Wally>  (meta) : Connection Failed
[2025-10-05 19:03:16.434] <Wally>  (meta) : Connection Failed
[2025-10-05 19:03:16.434] <Wally>  (meta) : Connection Failed
[2025-10-05 19:03:16.434] <Wally>  (meta) : Connection Failed
[2025-10-05 19:03:20.725] <Wally>    (in) : name
[2025-10-05 19:03:20.725] <Wally>    (in) : version
[2025-10-05 19:03:20.725] <Wally>    (in) : protocol_version
[2025-10-05 19:03:20.726] <Wally>    (in) : list_commands
[2025-10-05 19:03:20.726] <Wally>  (meta) : Engine Started
[2025-10-05 19:03:20.726] <Wally>    (in) : SHOWBOARD
[2025-10-05 19:03:20.806] <Wally>   (out) : = Wally
[2025-10-05 19:03:20.807] <Wally>   (out) : 
[2025-10-05 19:03:20.807] <Wally>   (out) : = 1.0 
[2025-10-05 19:03:20.807] <Wally>   (out) : 
[2025-10-05 19:03:20.807] <Wally>   (out) : = 1
[2025-10-05 19:03:20.807] <Wally>   (out) : 
[2025-10-05 19:03:20.807] <Wally>   (out) : = protocol_version
[2025-10-05 19:03:20.807] <Wally>   (out) : 
[2025-10-05 19:03:20.808] <Wally>   (out) : =
[2025-10-05 19:03:20.808] <Wally>   (out) : 
[2025-10-05 19:03:22.771] <Wally>    (in) : showboard
[2025-10-05 19:03:22.784] <Wally>   (out) : =
[2025-10-05 19:03:22.784] <Wally>   (out) : 
[2025-10-05 19:03:54.834] <Wally>    (in) : komi 6.5
[2025-10-05 19:03:54.867] <Wally>   (out) : =
[2025-10-05 19:03:54.867] <Wally>   (out) : 
[2025-10-05 19:03:54.879] <Wally>    (in) : boardsize 13
[2025-10-05 19:03:54.896] <Wally>   (out) : =
[2025-10-05 19:03:54.896] <Wally>   (out) : 
[2025-10-05 19:03:54.908] <Wally>    (in) : clear_board
[2025-10-05 19:03:54.908] <Wally>    (in) : play B F8
[2025-10-05 19:03:54.909] <Wally>    (in) : play W D12
[2025-10-05 19:03:54.909] <Wally>    (in) : play B F4
[2025-10-05 19:03:54.909] <Wally>    (in) : play W C3
[2025-10-05 19:03:54.909] <Wally>    (in) : play B J6
[2025-10-05 19:03:54.910] <Wally>    (in) : play W C7
[2025-10-05 19:03:54.910] <Wally>    (in) : play B J9
[2025-10-05 19:03:54.910] <Wally>    (in) : play W A7
[2025-10-05 19:03:54.910] <Wally>    (in) : play B K4
[2025-10-05 19:03:54.913] <Wally>    (in) : play W M12
[2025-10-05 19:03:54.916] <Wally>    (in) : play B M7
[2025-10-05 19:03:54.919] <Wally>    (in) : play W K3
[2025-10-05 19:03:54.920] <Wally>    (in) : play B F6
[2025-10-05 19:03:54.920] <Wally>    (in) : play W J10
[2025-10-05 19:03:54.920] <Wally>    (in) : play B D9
[2025-10-05 19:03:54.921] <Wally>    (in) : play W C1
[2025-10-05 19:03:54.921] <Wally>    (in) : play B G10
[2025-10-05 19:03:54.921] <Wally>    (in) : play W A10
[2025-10-05 19:03:54.921] <Wally>    (in) : play B D5
[2025-10-05 19:03:54.922] <Wally>    (in) : play W M3
[2025-10-05 19:03:54.922] <Wally>    (in) : play B H3
[2025-10-05 19:03:54.922] <Wally>    (in) : play W E3
[2025-10-05 19:03:54.923] <Wally>    (in) : play B E4
[2025-10-05 19:03:54.923] <Wally>    (in) : play W M4
[2025-10-05 19:03:54.923] <Wally>    (in) : play B D4
[2025-10-05 19:03:54.923] <Wally>    (in) : play W H5
[2025-10-05 19:03:54.923] <Wally>    (in) : play B E5
[2025-10-05 19:03:54.924] <Wally>    (in) : play W pass
[2025-10-05 19:03:54.924] <Wally>    (in) : play B F5
[2025-10-05 19:03:54.924] <Wally>    (in) : play W E6
[2025-10-05 19:03:54.924] <Wally>    (in) : play B G6
[2025-10-05 19:03:54.925] <Wally>    (in) : play W G5
[2025-10-05 19:03:54.925] <Wally>    (in) : play B C6
[2025-10-05 19:03:54.945] <Wally>   (out) : =
[2025-10-05 19:03:54.946] <Wally>   (out) : 
[2025-10-05 19:03:54.946] <Wally>   (out) : =
[2025-10-05 19:03:54.946] <Wally>   (out) : 
[2025-10-05 19:03:54.946] <Wally>   (out) : =
[2025-10-05 19:03:54.946] <Wally>   (out) : 
[2025-10-05 19:03:54.946] <Wally>   (out) : =
[2025-10-05 19:03:54.947] <Wally>   (out) : 
[2025-10-05 19:03:54.947] <Wally>   (out) : =
[2025-10-05 19:03:54.947] <Wally>   (out) : 
[2025-10-05 19:03:54.947] <Wally>   (out) : =
[2025-10-05 19:03:54.947] <Wally>   (out) : 
[2025-10-05 19:03:54.947] <Wally>   (out) : =
[2025-10-05 19:03:54.948] <Wally>   (out) : 
[2025-10-05 19:03:54.948] <Wally>   (out) : =
[2025-10-05 19:03:54.948] <Wally>   (out) : 
[2025-10-05 19:03:54.948] <Wally>   (out) : =
[2025-10-05 19:03:54.948] <Wally>   (out) : 
[2025-10-05 19:03:54.948] <Wally>   (out) : =
[2025-10-05 19:03:54.948] <Wally>   (out) : 
[2025-10-05 19:03:54.948] <Wally>   (out) : =
[2025-10-05 19:03:54.948] <Wally>   (out) : 
[2025-10-05 19:03:54.949] <Wally>   (out) : =
[2025-10-05 19:03:54.949] <Wally>   (out) : 
[2025-10-05 19:03:54.949] <Wally>   (out) : =
[2025-10-05 19:03:54.949] <Wally>   (out) : 
[2025-10-05 19:03:54.949] <Wally>   (out) : =
[2025-10-05 19:03:54.949] <Wally>   (out) : 
[2025-10-05 19:03:54.949] <Wally>   (out) : =
[2025-10-05 19:03:54.949] <Wally>   (out) : 
[2025-10-05 19:03:54.949] <Wally>   (out) : =
[2025-10-05 19:03:54.950] <Wally>   (out) : 
[2025-10-05 19:03:54.950] <Wally>   (out) : =
[2025-10-05 19:03:54.950] <Wally>   (out) : 
[2025-10-05 19:03:54.950] <Wally>   (out) : =
[2025-10-05 19:03:54.950] <Wally>   (out) : 
[2025-10-05 19:03:54.950] <Wally>   (out) : =
[2025-10-05 19:03:54.950] <Wally>   (out) : 
[2025-10-05 19:03:54.951] <Wally>   (out) : =
[2025-10-05 19:03:54.951] <Wally>   (out) : 
[2025-10-05 19:03:54.951] <Wally>   (out) : =
[2025-10-05 19:03:54.951] <Wally>   (out) : 
[2025-10-05 19:03:54.951] <Wally>   (out) : =
[2025-10-05 19:03:54.951] <Wally>   (out) : 
[2025-10-05 19:03:54.951] <Wally>   (out) : =
[2025-10-05 19:03:54.951] <Wally>   (out) : 
[2025-10-05 19:03:54.951] <Wally>   (out) : =
[2025-10-05 19:03:54.951] <Wally>   (out) : 
[2025-10-05 19:03:54.951] <Wally>   (out) : =
[2025-10-05 19:03:54.951] <Wally>   (out) : 
[2025-10-05 19:03:54.952] <Wally>   (out) : =
[2025-10-05 19:03:54.952] <Wally>   (out) : 
[2025-10-05 19:03:54.952] <Wally>   (out) : =
[2025-10-05 19:03:54.952] <Wally>   (out) : 
[2025-10-05 19:03:54.952] <Wally>   (out) : =
[2025-10-05 19:03:54.952] <Wally>   (out) : 
[2025-10-05 19:03:54.965] <Wally>   (err) : Traceback (most recent call last):
[2025-10-05 19:03:54.965] <Wally>   (err) :   File "/Users/soohyukyoon/SooGo/Wally.py", line 312, in <module>
[2025-10-05 19:03:54.966] <Wally>   (err) :     gtp()
[2025-10-05 19:03:54.966] <Wally>   (err) :     ~~~^^
[2025-10-05 19:03:54.966] <Wally>   (err) :   File "/Users/soohyukyoon/SooGo/Wally.py", line 307, in gtp
[2025-10-05 19:03:54.966] <Wally>   (err) :     elif 'play' in command: play(command); print('=\n')
[2025-10-05 19:03:54.966] <Wally>   (err) :                             ~~~~^^^^^^^^^
[2025-10-05 19:03:54.966] <Wally>   (err) :   File "/Users/soohyukyoon/SooGo/Wally.py", line 289, in play
[2025-10-05 19:03:54.966] <Wally>   (err) :     BOARD[square] = color
[2025-10-05 19:03:54.966] <Wally>   (err) :     ~~~~~^^^^^^^^
[2025-10-05 19:03:54.966] <Wally>   (err) : IndexError: list assignment index out of range
[2025-10-05 19:03:54.983] <Wally>  (meta) : Engine Stopped
[2025-10-05 19:03:54.984] <Wally>  (meta) : Connection Failed
[2025-10-05 19:03:54.984] <Wally>  (meta) : Connection Failed
[2025-10-05 19:03:54.984] <Wally>  (meta) : Connection Failed
[2025-10-05 19:03:54.984] <Wally>  (meta) : Connection Failed
[2025-10-05 19:03:54.984] <Wally>  (meta) : Connection Failed
[2025-10-05 19:03:54.986] <Wally>  (meta) : Connection Failed
