[2025-10-05 12:50:02.962] <Wally>    (in) : name
[2025-10-05 12:50:02.964] <Wally>    (in) : version
[2025-10-05 12:50:02.964] <Wally>    (in) : protocol_version
[2025-10-05 12:50:02.965] <Wally>    (in) : list_commands
[2025-10-05 12:50:02.965] <Wally>  (meta) : Engine Started
[2025-10-05 12:50:03.067] <Wally>   (out) : = Wally
[2025-10-05 12:50:03.068] <Wally>   (out) : 
[2025-10-05 12:50:03.068] <Wally>   (out) : = 1.0 
[2025-10-05 12:50:03.068] <Wally>   (out) : 
[2025-10-05 12:50:03.068] <Wally>   (out) : = 1
[2025-10-05 12:50:03.069] <Wally>   (out) : 
[2025-10-05 12:50:03.069] <Wally>   (out) : = protocol_version
[2025-10-05 12:50:03.069] <Wally>   (out) : 
[2025-10-05 12:50:08.139] <Wally>    (in) : komi 6.5
[2025-10-05 12:50:08.201] <Wally>   (out) : =
[2025-10-05 12:50:08.201] <Wally>   (out) : 
[2025-10-05 12:50:08.210] <Wally>    (in) : boardsize 9
[2025-10-05 12:50:08.219] <Wally>   (out) : =
[2025-10-05 12:50:08.219] <Wally>   (out) : 
[2025-10-05 12:50:08.227] <Wally>    (in) : clear_board
[2025-10-05 12:50:08.231] <Wally>    (in) : play B E5
[2025-10-05 12:50:08.244] <Wally>   (out) : =
[2025-10-05 12:50:08.245] <Wally>   (out) : 
[2025-10-05 12:50:08.245] <Wally>   (out) : =
[2025-10-05 12:50:08.245] <Wally>   (out) : 
[2025-10-05 12:50:08.254] <Wally>    (in) : genmove W
[2025-10-05 12:50:08.262] <Wally>   (out) : = E2
[2025-10-05 12:50:08.263] <Wally>   (out) : 
[2025-10-05 12:50:11.572] <Wally>    (in) : showboard
[2025-10-05 12:50:11.588] <Wally>   (out) : =
[2025-10-05 12:50:11.588] <Wally>   (out) : 
[2025-10-05 12:50:41.496] <Wally>    (in) : quit
[2025-10-05 12:50:41.516] <Wally>  (meta) : Engine Stopped
[2025-10-05 12:50:41.520] <Wally>  (meta) : Connection Failed
[2025-10-05 12:50:47.104] <Wally>    (in) : name
[2025-10-05 12:50:47.104] <Wally>    (in) : version
[2025-10-05 12:50:47.104] <Wally>    (in) : protocol_version
[2025-10-05 12:50:47.105] <Wally>    (in) : list_commands
[2025-10-05 12:50:47.105] <Wally>  (meta) : Engine Started
[2025-10-05 12:50:47.225] <Wally>   (out) : = Wally
[2025-10-05 12:50:47.225] <Wally>   (out) : 
[2025-10-05 12:50:47.225] <Wally>   (out) : = 1.0 
[2025-10-05 12:50:47.225] <Wally>   (out) : 
[2025-10-05 12:50:47.225] <Wally>   (out) : = 1
[2025-10-05 12:50:47.225] <Wally>   (out) : 
[2025-10-05 12:50:47.226] <Wally>   (out) : = protocol_version
[2025-10-05 12:50:47.226] <Wally>   (out) : 
[2025-10-05 12:50:49.972] <Wally>    (in) : komi 6.5
[2025-10-05 12:50:49.992] <Wally>   (out) : =
[2025-10-05 12:50:49.992] <Wally>   (out) : 
[2025-10-05 12:50:50.002] <Wally>    (in) : boardsize 9
[2025-10-05 12:50:50.011] <Wally>   (out) : =
[2025-10-05 12:50:50.011] <Wally>   (out) : 
[2025-10-05 12:50:50.017] <Wally>    (in) : clear_board
[2025-10-05 12:50:50.018] <Wally>    (in) : play B E5
[2025-10-05 12:50:50.027] <Wally>   (out) : =
[2025-10-05 12:50:50.027] <Wally>   (out) : 
[2025-10-05 12:50:50.027] <Wally>   (out) : =
[2025-10-05 12:50:50.027] <Wally>   (out) : 
[2025-10-05 12:50:50.034] <Wally>    (in) : genmove W
[2025-10-05 12:50:50.044] <Wally>   (out) : = E2
[2025-10-05 12:50:50.045] <Wally>   (out) : 
[2025-10-05 12:50:52.357] <Wally>    (in) : showboard
[2025-10-05 12:50:52.367] <Wally>   (out) : =
[2025-10-05 12:50:52.367] <Wally>   (out) : 
[2025-10-05 12:51:34.685] <Wally>    (in) : showboard
[2025-10-05 12:51:34.696] <Wally>   (out) : =
[2025-10-05 12:51:34.697] <Wally>   (out) : 
