[2025-10-05 12:51:47.696] <Wally>    (in) : name
[2025-10-05 12:51:47.698] <Wally>    (in) : version
[2025-10-05 12:51:47.698] <Wally>    (in) : protocol_version
[2025-10-05 12:51:47.699] <Wally>    (in) : list_commands
[2025-10-05 12:51:47.699] <Wally>  (meta) : Engine Started
[2025-10-05 12:51:47.801] <Wally>   (out) : = Wally
[2025-10-05 12:51:47.801] <Wally>   (out) : 
[2025-10-05 12:51:47.802] <Wally>   (out) : = 1.0 
[2025-10-05 12:51:47.802] <Wally>   (out) : 
[2025-10-05 12:51:47.802] <Wally>   (out) : = 1
[2025-10-05 12:51:47.802] <Wally>   (out) : 
[2025-10-05 12:51:47.802] <Wally>   (out) : = protocol_version
[2025-10-05 12:51:47.802] <Wally>   (out) : 
[2025-10-05 12:51:50.485] <Wally>    (in) : komi 6.5
[2025-10-05 12:51:50.545] <Wally>   (out) : =
[2025-10-05 12:51:50.545] <Wally>   (out) : 
[2025-10-05 12:51:50.553] <Wally>    (in) : boardsize 9
[2025-10-05 12:51:50.562] <Wally>   (out) : =
[2025-10-05 12:51:50.563] <Wally>   (out) : 
[2025-10-05 12:51:50.570] <Wally>    (in) : clear_board
[2025-10-05 12:51:50.571] <Wally>    (in) : play B E5
[2025-10-05 12:51:50.585] <Wally>   (out) : =
[2025-10-05 12:51:50.586] <Wally>   (out) : 
[2025-10-05 12:51:50.586] <Wally>   (out) : =
[2025-10-05 12:51:50.586] <Wally>   (out) : 
[2025-10-05 12:51:50.595] <Wally>    (in) : genmove W
[2025-10-05 12:51:50.603] <Wally>   (out) : = E2
[2025-10-05 12:51:50.603] <Wally>   (out) : 
[2025-10-05 12:51:53.647] <Wally>    (in) : showboard
[2025-10-05 12:51:53.664] <Wally>   (out) : =
[2025-10-05 12:51:53.665] <Wally>   (out) :     a b c d e f g h j
[2025-10-05 12:51:53.665] <Wally>   (out) :  1  . . . . . . . . .   
[2025-10-05 12:51:53.665] <Wally>   (out) :  2  . . . . . . . . .   
[2025-10-05 12:51:53.665] <Wally>   (out) :  3  . . . . . . . . .   
[2025-10-05 12:51:53.666] <Wally>   (out) :  4  . . ● ● . . . . .   
[2025-10-05 12:51:53.666] <Wally>   (out) :  5  . . ● ● . . . . .   
[2025-10-05 12:51:53.666] <Wally>   (out) :  6  . . ● ● ● . . . .   
[2025-10-05 12:51:53.666] <Wally>   (out) :  7  . . . . ● . . . .   
[2025-10-05 12:51:53.666] <Wally>   (out) :  8  . . . . . . . . .   
[2025-10-05 12:51:53.666] <Wally>   (out) :  9  . . . . . . . . .   
[2025-10-05 12:51:53.667] <Wally>   (out) :                       
[2025-10-05 12:52:23.634] <Wally>    (in) : quit
[2025-10-05 12:52:23.653] <Wally>  (meta) : Engine Stopped
[2025-10-05 12:52:23.655] <Wally>  (meta) : Connection Failed
[2025-10-05 12:52:23.656] <Wally>  (meta) : Connection Failed
[2025-10-05 12:52:33.574] <Wally>    (in) : name
[2025-10-05 12:52:33.575] <Wally>    (in) : version
[2025-10-05 12:52:33.575] <Wally>    (in) : protocol_version
[2025-10-05 12:52:33.575] <Wally>    (in) : list_commands
[2025-10-05 12:52:33.575] <Wally>  (meta) : Engine Started
[2025-10-05 12:52:33.700] <Wally>   (out) : = Wally
[2025-10-05 12:52:33.700] <Wally>   (out) : 
[2025-10-05 12:52:33.701] <Wally>   (out) : = 1.0 
[2025-10-05 12:52:33.701] <Wally>   (out) : 
[2025-10-05 12:52:33.701] <Wally>   (out) : = 1
[2025-10-05 12:52:33.701] <Wally>   (out) : 
[2025-10-05 12:52:33.701] <Wally>   (out) : = protocol_version
[2025-10-05 12:52:33.701] <Wally>   (out) : 
[2025-10-05 12:52:39.539] <Wally>    (in) : komi 6.5
[2025-10-05 12:52:39.557] <Wally>   (out) : =
[2025-10-05 12:52:39.557] <Wally>   (out) : 
[2025-10-05 12:52:39.566] <Wally>    (in) : boardsize 9
[2025-10-05 12:52:39.573] <Wally>   (out) : =
[2025-10-05 12:52:39.574] <Wally>   (out) : 
[2025-10-05 12:52:39.579] <Wally>    (in) : clear_board
[2025-10-05 12:52:39.580] <Wally>    (in) : play B E5
[2025-10-05 12:52:39.580] <Wally>    (in) : play W F5
[2025-10-05 12:52:39.580] <Wally>    (in) : play B E4
[2025-10-05 12:52:39.587] <Wally>   (out) : =
[2025-10-05 12:52:39.587] <Wally>   (out) : 
[2025-10-05 12:52:39.588] <Wally>   (out) : =
[2025-10-05 12:52:39.588] <Wally>   (out) : 
[2025-10-05 12:52:39.588] <Wally>   (out) : =
[2025-10-05 12:52:39.588] <Wally>   (out) : 
[2025-10-05 12:52:39.588] <Wally>   (out) : =
[2025-10-05 12:52:39.588] <Wally>   (out) : 
[2025-10-05 12:52:39.594] <Wally>    (in) : genmove W
[2025-10-05 12:52:39.600] <Wally>   (out) : = E2
[2025-10-05 12:52:39.600] <Wally>   (out) : 
[2025-10-05 12:52:42.384] <Wally>    (in) : showboard
[2025-10-05 12:52:42.399] <Wally>   (out) : =
[2025-10-05 12:52:42.399] <Wally>   (out) :     a b c d e f g h j
[2025-10-05 12:52:42.399] <Wally>   (out) :  1  . . . . . . . . .   
[2025-10-05 12:52:42.400] <Wally>   (out) :  2  . . . . . . . . .   
[2025-10-05 12:52:42.400] <Wally>   (out) :  3  . . . . . . . . .   
[2025-10-05 12:52:42.400] <Wally>   (out) :  4  . . ● ● . . . . .   
[2025-10-05 12:52:42.400] <Wally>   (out) :  5  . . ● ● . . . . .   
[2025-10-05 12:52:42.401] <Wally>   (out) :  6  . . ● ● ● . . . .   
[2025-10-05 12:52:42.401] <Wally>   (out) :  7  . . . . ● . . . .   
[2025-10-05 12:52:42.401] <Wally>   (out) :  8  . . . . . . . . .   
[2025-10-05 12:52:42.401] <Wally>   (out) :  9  . . . . . . . . .   
[2025-10-05 12:52:42.402] <Wally>   (out) :                       
[2025-10-05 13:14:25.793] <Wally>    (in) : quit
[2025-10-05 13:14:25.818] <Wally>  (meta) : Engine Stopped
[2025-10-05 13:14:25.824] <Wally>  (meta) : Connection Failed
[2025-10-05 13:14:25.824] <Wally>  (meta) : Connection Failed
[2025-10-05 13:14:32.899] <Wally>    (in) : name
[2025-10-05 13:14:32.899] <Wally>    (in) : version
[2025-10-05 13:14:32.899] <Wally>    (in) : protocol_version
[2025-10-05 13:14:32.900] <Wally>    (in) : list_commands
[2025-10-05 13:14:32.900] <Wally>  (meta) : Engine Started
[2025-10-05 13:14:33.030] <Wally>   (out) : = Wally
[2025-10-05 13:14:33.030] <Wally>   (out) : 
[2025-10-05 13:14:33.031] <Wally>   (out) : = 1.0 
[2025-10-05 13:14:33.031] <Wally>   (out) : 
[2025-10-05 13:14:33.031] <Wally>   (out) : = 1
[2025-10-05 13:14:33.031] <Wally>   (out) : 
[2025-10-05 13:14:33.031] <Wally>   (out) : = protocol_version
[2025-10-05 13:14:33.031] <Wally>   (out) : 
[2025-10-05 13:14:38.314] <Wally>    (in) : komi 6.5
[2025-10-05 13:14:38.335] <Wally>   (out) : =
[2025-10-05 13:14:38.336] <Wally>   (out) : 
[2025-10-05 13:14:38.345] <Wally>    (in) : boardsize 9
[2025-10-05 13:14:38.353] <Wally>   (out) : =
[2025-10-05 13:14:38.353] <Wally>   (out) : 
[2025-10-05 13:14:38.359] <Wally>    (in) : clear_board
[2025-10-05 13:14:38.359] <Wally>    (in) : play B E7
[2025-10-05 13:14:38.366] <Wally>   (out) : =
[2025-10-05 13:14:38.366] <Wally>   (out) : 
[2025-10-05 13:14:44.018] <Wally>    (in) : protocol_version
[2025-10-05 13:14:44.037] <Wally>   (out) : = 1
[2025-10-05 13:14:44.037] <Wally>   (out) : 
[2025-10-05 13:14:44.053] <Wally>    (in) : play W E4
[2025-10-05 13:14:44.053] <Wally>    (in) : play B E5
[2025-10-05 13:14:44.059] <Wally>    (in) : protocol_version
[2025-10-05 13:14:44.066] <Wally>   (out) : =
[2025-10-05 13:14:44.066] <Wally>   (out) : 
[2025-10-05 13:14:44.066] <Wally>   (out) : =
[2025-10-05 13:14:44.066] <Wally>   (out) : 
[2025-10-05 13:14:44.066] <Wally>   (out) : = 1
[2025-10-05 13:14:44.066] <Wally>   (out) : 
[2025-10-05 13:14:44.072] <Wally>    (in) : genmove W
[2025-10-05 13:14:44.076] <Wally>    (in) : protocol_version
[2025-10-05 13:14:44.083] <Wally>   (out) : = E2
[2025-10-05 13:14:44.083] <Wally>   (out) : 
[2025-10-05 13:14:44.083] <Wally>   (out) : = 1
[2025-10-05 13:14:44.083] <Wally>   (out) : 
[2025-10-05 13:14:44.088] <Wally>    (in) : genmove W
[2025-10-05 13:14:44.100] <Wally>   (out) : = E2
[2025-10-05 13:14:44.101] <Wally>   (out) : 
[2025-10-05 13:14:58.401] <Wally>    (in) : protocol_version
[2025-10-05 13:14:58.432] <Wally>   (out) : = 1
[2025-10-05 13:14:58.432] <Wally>   (out) : 
[2025-10-05 13:14:58.448] <Wally>    (in) : clear_board
[2025-10-05 13:14:58.449] <Wally>    (in) : play B E7
[2025-10-05 13:14:58.451] <Wally>    (in) : play W E4
[2025-10-05 13:14:58.451] <Wally>    (in) : play B E5
[2025-10-05 13:14:58.451] <Wally>    (in) : play W F4
[2025-10-05 13:14:58.451] <Wally>    (in) : play B F5
[2025-10-05 13:14:58.464] <Wally>   (out) : =
[2025-10-05 13:14:58.465] <Wally>   (out) : 
[2025-10-05 13:14:58.465] <Wally>   (out) : =
[2025-10-05 13:14:58.465] <Wally>   (out) : 
[2025-10-05 13:14:58.465] <Wally>   (out) : =
[2025-10-05 13:14:58.465] <Wally>   (out) : 
[2025-10-05 13:14:58.466] <Wally>   (out) : =
[2025-10-05 13:14:58.466] <Wally>   (out) : 
[2025-10-05 13:14:58.466] <Wally>   (out) : =
[2025-10-05 13:14:58.466] <Wally>   (out) : 
[2025-10-05 13:14:59.693] <Wally>    (in) : protocol_version
[2025-10-05 13:14:59.709] <Wally>   (out) : = 1
[2025-10-05 13:14:59.709] <Wally>   (out) : 
[2025-10-05 13:15:01.156] <Wally>    (in) : protocol_version
[2025-10-05 13:15:01.177] <Wally>   (out) : = 1
[2025-10-05 13:15:01.177] <Wally>   (out) : 
[2025-10-05 13:15:01.185] <Wally>    (in) : play W G5
[2025-10-05 13:15:01.185] <Wally>    (in) : play B D5
[2025-10-05 13:15:01.192] <Wally>    (in) : protocol_version
[2025-10-05 13:15:01.200] <Wally>   (out) : =
[2025-10-05 13:15:01.201] <Wally>   (out) : 
[2025-10-05 13:15:01.201] <Wally>   (out) : =
[2025-10-05 13:15:01.201] <Wally>   (out) : 
[2025-10-05 13:15:01.201] <Wally>   (out) : = 1
[2025-10-05 13:15:01.201] <Wally>   (out) : 
[2025-10-05 13:15:41.190] <Wally>    (in) : quit
[2025-10-05 13:15:41.213] <Wally>  (meta) : Engine Stopped
[2025-10-05 13:15:41.214] <Wally>  (meta) : Connection Failed
[2025-10-05 13:15:41.214] <Wally>  (meta) : Connection Failed
[2025-10-05 13:15:41.214] <Wally>  (meta) : Connection Failed
[2025-10-05 13:15:41.377] <Wally>    (in) : name
[2025-10-05 13:15:41.377] <Wally>    (in) : version
[2025-10-05 13:15:41.377] <Wally>    (in) : protocol_version
[2025-10-05 13:15:41.378] <Wally>    (in) : list_commands
[2025-10-05 13:15:41.378] <Wally>  (meta) : Engine Started
[2025-10-05 13:15:41.378] <Wally>    (in) : clear_board
[2025-10-05 13:15:41.378] <Wally>    (in) : play B E7
[2025-10-05 13:15:41.378] <Wally>    (in) : play W E4
[2025-10-05 13:15:41.379] <Wally>    (in) : play B E5
[2025-10-05 13:15:41.379] <Wally>    (in) : play W F4
[2025-10-05 13:15:41.379] <Wally>    (in) : play B F5
[2025-10-05 13:15:41.379] <Wally>    (in) : play W G5
[2025-10-05 13:15:41.379] <Wally>    (in) : play B D5
[2025-10-05 13:15:41.498] <Wally>   (out) : = Wally
[2025-10-05 13:15:41.498] <Wally>   (out) : 
[2025-10-05 13:15:41.498] <Wally>   (out) : = 1.0 
[2025-10-05 13:15:41.498] <Wally>   (out) : 
[2025-10-05 13:15:41.498] <Wally>   (out) : = 1
[2025-10-05 13:15:41.498] <Wally>   (out) : 
[2025-10-05 13:15:41.499] <Wally>   (out) : = protocol_version
[2025-10-05 13:15:41.499] <Wally>   (out) : 
[2025-10-05 13:15:41.499] <Wally>   (out) : =
[2025-10-05 13:15:41.499] <Wally>   (out) : 
[2025-10-05 13:15:41.499] <Wally>   (out) : =
[2025-10-05 13:15:41.499] <Wally>   (out) : 
[2025-10-05 13:15:41.499] <Wally>   (out) : =
[2025-10-05 13:15:41.499] <Wally>   (out) : 
[2025-10-05 13:15:41.499] <Wally>   (out) : =
[2025-10-05 13:15:41.499] <Wally>   (out) : 
[2025-10-05 13:15:41.499] <Wally>   (out) : =
[2025-10-05 13:15:41.499] <Wally>   (out) : 
[2025-10-05 13:15:41.500] <Wally>   (out) : =
[2025-10-05 13:15:41.500] <Wally>   (out) : 
[2025-10-05 13:15:41.500] <Wally>   (out) : =
[2025-10-05 13:15:41.500] <Wally>   (out) : 
[2025-10-05 13:15:42.565] <Wally>    (in) : quit
[2025-10-05 13:15:42.591] <Wally>  (meta) : Engine Stopped
[2025-10-05 13:15:42.602] <Wally>  (meta) : Connection Failed
[2025-10-05 13:15:42.602] <Wally>  (meta) : Connection Failed
[2025-10-05 13:15:42.765] <Wally>    (in) : name
[2025-10-05 13:15:42.766] <Wally>    (in) : version
[2025-10-05 13:15:42.766] <Wally>    (in) : protocol_version
[2025-10-05 13:15:42.766] <Wally>    (in) : list_commands
[2025-10-05 13:15:42.766] <Wally>  (meta) : Engine Started
[2025-10-05 13:15:42.767] <Wally>    (in) : komi 6.5
[2025-10-05 13:15:44.181] <Wally>   (out) : = Wally
[2025-10-05 13:15:44.182] <Wally>   (out) : 
[2025-10-05 13:15:44.182] <Wally>   (out) : = 1.0 
[2025-10-05 13:15:44.182] <Wally>   (out) : 
[2025-10-05 13:15:44.183] <Wally>   (out) : = 1
[2025-10-05 13:15:44.187] <Wally>   (out) : 
[2025-10-05 13:15:44.191] <Wally>   (out) : = protocol_version
[2025-10-05 13:15:44.191] <Wally>   (out) : 
[2025-10-05 13:15:44.191] <Wally>   (out) : =
[2025-10-05 13:15:44.192] <Wally>   (out) : 
[2025-10-05 13:15:44.217] <Wally>    (in) : boardsize 9
[2025-10-05 13:15:44.240] <Wally>   (out) : =
[2025-10-05 13:15:44.242] <Wally>   (out) : 
[2025-10-05 13:15:44.275] <Wally>    (in) : clear_board
[2025-10-05 13:15:44.276] <Wally>    (in) : play B E7
[2025-10-05 13:15:44.276] <Wally>    (in) : play W E4
[2025-10-05 13:15:44.277] <Wally>    (in) : play B E5
[2025-10-05 13:15:44.278] <Wally>    (in) : play W F4
[2025-10-05 13:15:44.279] <Wally>    (in) : play B F5
[2025-10-05 13:15:44.280] <Wally>    (in) : play W G5
[2025-10-05 13:15:44.280] <Wally>    (in) : play B D5
[2025-10-05 13:15:44.281] <Wally>    (in) : play W D4
[2025-10-05 13:15:44.282] <Wally>    (in) : play B C5
[2025-10-05 13:15:44.300] <Wally>   (out) : =
[2025-10-05 13:15:44.300] <Wally>   (out) : 
[2025-10-05 13:15:44.301] <Wally>   (out) : =
[2025-10-05 13:15:44.301] <Wally>   (out) : 
[2025-10-05 13:15:44.301] <Wally>   (out) : =
[2025-10-05 13:15:44.302] <Wally>   (out) : 
[2025-10-05 13:15:44.302] <Wally>   (out) : =
[2025-10-05 13:15:44.302] <Wally>   (out) : 
[2025-10-05 13:15:44.303] <Wally>   (out) : =
[2025-10-05 13:15:44.303] <Wally>   (out) : 
[2025-10-05 13:15:44.303] <Wally>   (out) : =
[2025-10-05 13:15:44.304] <Wally>   (out) : 
[2025-10-05 13:15:44.304] <Wally>   (out) : =
[2025-10-05 13:15:44.304] <Wally>   (out) : 
[2025-10-05 13:15:44.304] <Wally>   (out) : =
[2025-10-05 13:15:44.305] <Wally>   (out) : 
[2025-10-05 13:15:44.305] <Wally>   (out) : =
[2025-10-05 13:15:44.305] <Wally>   (out) : 
[2025-10-05 13:15:49.535] <Wally>    (in) : name
[2025-10-05 13:15:49.536] <Wally>    (in) : version
[2025-10-05 13:15:49.536] <Wally>    (in) : protocol_version
[2025-10-05 13:15:49.536] <Wally>    (in) : list_commands
[2025-10-05 13:15:49.537] <Wally>  (meta) : Engine Started
[2025-10-05 13:15:49.623] <Wally>   (out) : = Wally
[2025-10-05 13:15:49.623] <Wally>   (out) : 
[2025-10-05 13:15:49.623] <Wally>   (out) : = 1.0 
[2025-10-05 13:15:49.623] <Wally>   (out) : 
[2025-10-05 13:15:49.623] <Wally>   (out) : = 1
[2025-10-05 13:15:49.623] <Wally>   (out) : 
[2025-10-05 13:15:49.623] <Wally>   (out) : = protocol_version
[2025-10-05 13:15:49.623] <Wally>   (out) : 
[2025-10-05 13:15:52.216] <Wally>    (in) : komi 6.5
[2025-10-05 13:15:52.239] <Wally>   (out) : =
[2025-10-05 13:15:52.239] <Wally>   (out) : 
[2025-10-05 13:15:52.248] <Wally>    (in) : boardsize 9
[2025-10-05 13:15:52.258] <Wally>   (out) : =
[2025-10-05 13:15:52.259] <Wally>   (out) : 
[2025-10-05 13:15:52.268] <Wally>    (in) : clear_board
[2025-10-05 13:15:52.268] <Wally>    (in) : play B E7
[2025-10-05 13:15:52.269] <Wally>    (in) : play W E4
[2025-10-05 13:15:52.269] <Wally>    (in) : play B E5
[2025-10-05 13:15:52.269] <Wally>    (in) : play W F4
[2025-10-05 13:15:52.269] <Wally>    (in) : play B F5
[2025-10-05 13:15:52.270] <Wally>    (in) : play W G5
[2025-10-05 13:15:52.270] <Wally>    (in) : play B D5
[2025-10-05 13:15:52.270] <Wally>    (in) : play W D4
[2025-10-05 13:15:52.270] <Wally>    (in) : play B H5
[2025-10-05 13:15:52.294] <Wally>   (out) : =
[2025-10-05 13:15:52.294] <Wally>   (out) : 
[2025-10-05 13:15:52.294] <Wally>   (out) : =
[2025-10-05 13:15:52.295] <Wally>   (out) : 
[2025-10-05 13:15:52.295] <Wally>   (out) : =
[2025-10-05 13:15:52.295] <Wally>   (out) : 
[2025-10-05 13:15:52.296] <Wally>   (out) : =
[2025-10-05 13:15:52.296] <Wally>   (out) : 
[2025-10-05 13:15:52.296] <Wally>   (out) : =
[2025-10-05 13:15:52.296] <Wally>   (out) : 
[2025-10-05 13:15:52.297] <Wally>   (out) : =
[2025-10-05 13:15:52.297] <Wally>   (out) : 
[2025-10-05 13:15:52.297] <Wally>   (out) : =
[2025-10-05 13:15:52.297] <Wally>   (out) : 
[2025-10-05 13:15:52.298] <Wally>   (out) : =
[2025-10-05 13:15:52.298] <Wally>   (out) : 
[2025-10-05 13:15:52.298] <Wally>   (out) : =
[2025-10-05 13:15:52.298] <Wally>   (out) : 
[2025-10-05 13:16:11.482] <Wally>    (in) : quit
[2025-10-05 13:16:11.511] <Wally>  (meta) : Engine Stopped
[2025-10-05 13:16:11.512] <Wally>  (meta) : Connection Failed
[2025-10-05 13:16:11.512] <Wally>  (meta) : Connection Failed
[2025-10-05 13:16:28.434] <Wally>    (in) : name
[2025-10-05 13:16:28.435] <Wally>    (in) : version
[2025-10-05 13:16:28.435] <Wally>    (in) : protocol_version
[2025-10-05 13:16:28.435] <Wally>    (in) : list_commands
[2025-10-05 13:16:28.436] <Wally>  (meta) : Engine Started
[2025-10-05 13:16:28.558] <Wally>   (out) : = Wally
[2025-10-05 13:16:28.558] <Wally>   (out) : 
[2025-10-05 13:16:28.558] <Wally>   (out) : = 1.0 
[2025-10-05 13:16:28.559] <Wally>   (out) : 
[2025-10-05 13:16:28.559] <Wally>   (out) : = 1
[2025-10-05 13:16:28.559] <Wally>   (out) : 
[2025-10-05 13:16:28.559] <Wally>   (out) : = protocol_version
[2025-10-05 13:16:28.559] <Wally>   (out) : 
[2025-10-05 13:16:31.545] <Wally>    (in) : komi 6.5
[2025-10-05 13:16:31.566] <Wally>   (out) : =
[2025-10-05 13:16:31.567] <Wally>   (out) : 
[2025-10-05 13:16:31.575] <Wally>    (in) : boardsize 9
[2025-10-05 13:16:31.584] <Wally>   (out) : =
[2025-10-05 13:16:31.585] <Wally>   (out) : 
[2025-10-05 13:16:31.590] <Wally>    (in) : clear_board
[2025-10-05 13:16:31.591] <Wally>    (in) : play B E5
[2025-10-05 13:16:31.598] <Wally>   (out) : =
[2025-10-05 13:16:31.598] <Wally>   (out) : 
[2025-10-05 13:18:13.957] <Wally>    (in) : quit
[2025-10-05 13:18:13.980] <Wally>  (meta) : Engine Stopped
[2025-10-05 13:18:13.981] <Wally>  (meta) : Connection Failed
[2025-10-05 13:18:13.982] <Wally>  (meta) : Connection Failed
[2025-10-05 13:18:21.667] <Wally>    (in) : name
[2025-10-05 13:18:21.668] <Wally>    (in) : version
[2025-10-05 13:18:21.668] <Wally>    (in) : protocol_version
[2025-10-05 13:18:21.668] <Wally>    (in) : list_commands
[2025-10-05 13:18:21.668] <Wally>  (meta) : Engine Started
[2025-10-05 13:18:21.791] <Wally>   (out) : = Wally
[2025-10-05 13:18:21.793] <Wally>   (out) : 
[2025-10-05 13:18:21.793] <Wally>   (out) : = 1.0 
[2025-10-05 13:18:21.793] <Wally>   (out) : 
[2025-10-05 13:18:21.793] <Wally>   (out) : = 1
[2025-10-05 13:18:21.793] <Wally>   (out) : 
[2025-10-05 13:18:21.793] <Wally>   (out) : = protocol_version
[2025-10-05 13:18:21.793] <Wally>   (out) : 
[2025-10-05 13:18:29.244] <Wally>    (in) : komi 6.5
[2025-10-05 13:18:29.263] <Wally>   (out) : =
[2025-10-05 13:18:29.264] <Wally>   (out) : 
[2025-10-05 13:18:29.271] <Wally>    (in) : boardsize 9
[2025-10-05 13:18:29.280] <Wally>   (out) : =
[2025-10-05 13:18:29.281] <Wally>   (out) : 
[2025-10-05 13:18:29.286] <Wally>    (in) : clear_board
[2025-10-05 13:18:29.286] <Wally>    (in) : play B E7
[2025-10-05 13:18:29.286] <Wally>    (in) : play W E5
[2025-10-05 13:18:29.287] <Wally>    (in) : play B F5
[2025-10-05 13:18:29.287] <Wally>    (in) : play W D5
[2025-10-05 13:18:29.287] <Wally>    (in) : play B D6
[2025-10-05 13:18:29.294] <Wally>   (out) : =
[2025-10-05 13:18:29.295] <Wally>   (out) : =
[2025-10-05 13:18:29.295] <Wally>   (out) : 
[2025-10-05 13:18:29.295] <Wally>   (out) : =
[2025-10-05 13:18:29.295] <Wally>   (out) : 
[2025-10-05 13:18:29.295] <Wally>   (out) : =
[2025-10-05 13:18:29.295] <Wally>   (out) : 
[2025-10-05 13:18:29.295] <Wally>   (out) : =
[2025-10-05 13:18:29.295] <Wally>   (out) : 
[2025-10-05 13:18:29.296] <Wally>   (out) : =
[2025-10-05 13:18:29.296] <Wally>   (out) : 
[2025-10-05 13:18:30.510] <Wally>    (in) : protocol_version
[2025-10-05 13:18:30.530] <Wally>   (out) : = 1
[2025-10-05 13:18:30.530] <Wally>   (out) : 
[2025-10-05 13:18:30.537] <Wally>    (in) : play W E6
[2025-10-05 13:18:30.537] <Wally>    (in) : play B G6
[2025-10-05 13:18:30.544] <Wally>    (in) : protocol_version
[2025-10-05 13:18:30.552] <Wally>   (out) : =
[2025-10-05 13:18:30.552] <Wally>   (out) : 
[2025-10-05 13:18:30.552] <Wally>   (out) : =
[2025-10-05 13:18:30.553] <Wally>   (out) : 
[2025-10-05 13:18:30.553] <Wally>   (out) : = 1
[2025-10-05 13:18:30.553] <Wally>   (out) : 
[2025-10-05 13:18:30.559] <Wally>    (in) : genmove W
[2025-10-05 13:18:30.566] <Wally>    (in) : protocol_version
[2025-10-05 13:18:30.575] <Wally>   (out) : = E2
[2025-10-05 13:18:30.575] <Wally>   (out) : 
[2025-10-05 13:18:30.575] <Wally>   (out) : = 1
[2025-10-05 13:18:30.576] <Wally>   (out) : 
[2025-10-05 13:18:30.585] <Wally>    (in) : genmove W
[2025-10-05 13:18:30.611] <Wally>   (out) : = E2
[2025-10-05 13:18:30.612] <Wally>   (out) : 
[2025-10-05 13:18:31.312] <Wally>    (in) : protocol_version
[2025-10-05 13:18:31.334] <Wally>   (out) : = 1
[2025-10-05 13:18:31.334] <Wally>   (out) : 
[2025-10-05 13:18:31.341] <Wally>    (in) : clear_board
[2025-10-05 13:18:31.341] <Wally>    (in) : play B E7
[2025-10-05 13:18:31.342] <Wally>    (in) : play W E5
[2025-10-05 13:18:31.342] <Wally>    (in) : play B F5
[2025-10-05 13:18:31.342] <Wally>    (in) : play W D5
[2025-10-05 13:18:31.343] <Wally>    (in) : play B D6
[2025-10-05 13:18:31.343] <Wally>    (in) : play W E6
[2025-10-05 13:18:31.343] <Wally>    (in) : play B G6
[2025-10-05 13:18:31.343] <Wally>    (in) : play W H5
[2025-10-05 13:18:31.344] <Wally>    (in) : play B G4
[2025-10-05 13:18:31.358] <Wally>   (out) : =
[2025-10-05 13:18:31.358] <Wally>   (out) : =
[2025-10-05 13:18:31.358] <Wally>   (out) : 
[2025-10-05 13:18:31.359] <Wally>   (out) : =
[2025-10-05 13:18:31.359] <Wally>   (out) : 
[2025-10-05 13:18:31.359] <Wally>   (out) : =
[2025-10-05 13:18:31.359] <Wally>   (out) : 
[2025-10-05 13:18:31.359] <Wally>   (out) : =
[2025-10-05 13:18:31.359] <Wally>   (out) : 
[2025-10-05 13:18:31.359] <Wally>   (out) : =
[2025-10-05 13:18:31.359] <Wally>   (out) : 
[2025-10-05 13:18:31.359] <Wally>   (out) : =
[2025-10-05 13:18:31.360] <Wally>   (out) : 
[2025-10-05 13:18:31.360] <Wally>   (out) : =
[2025-10-05 13:18:31.360] <Wally>   (out) : 
[2025-10-05 13:18:31.360] <Wally>   (out) : =
[2025-10-05 13:18:31.360] <Wally>   (out) : 
[2025-10-05 13:18:31.360] <Wally>   (out) : =
[2025-10-05 13:18:31.360] <Wally>   (out) : 
[2025-10-05 14:59:12.356] <Wally>    (in) : quit
[2025-10-05 14:59:12.410] <Wally>  (meta) : Connection Failed
[2025-10-05 14:59:12.410] <Wally>  (meta) : Connection Failed
[2025-10-05 14:59:12.411] <Wally>  (meta) : Connection Failed
[2025-10-05 14:59:13.901] <Wally>  (meta) : Engine Stopped
[2025-10-05 14:59:19.611] <Wally>    (in) : name
[2025-10-05 14:59:19.611] <Wally>    (in) : version
[2025-10-05 14:59:19.612] <Wally>    (in) : protocol_version
[2025-10-05 14:59:19.612] <Wally>    (in) : list_commands
[2025-10-05 14:59:19.612] <Wally>  (meta) : Engine Started
[2025-10-05 14:59:19.780] <Wally>   (out) : = Wally
[2025-10-05 14:59:19.780] <Wally>   (out) : 
[2025-10-05 14:59:19.780] <Wally>   (out) : = 1.0 
[2025-10-05 14:59:19.781] <Wally>   (out) : 
[2025-10-05 14:59:19.781] <Wally>   (out) : = 1
[2025-10-05 14:59:19.781] <Wally>   (out) : 
[2025-10-05 14:59:19.781] <Wally>   (out) : = protocol_version
[2025-10-05 14:59:19.781] <Wally>   (out) : 
[2025-10-05 14:59:22.474] <Wally>    (in) : komi 6.5
[2025-10-05 14:59:22.497] <Wally>   (out) : =
[2025-10-05 14:59:22.498] <Wally>   (out) : 
[2025-10-05 14:59:22.506] <Wally>    (in) : boardsize 9
[2025-10-05 14:59:22.515] <Wally>   (out) : =
[2025-10-05 14:59:22.516] <Wally>   (out) : 
[2025-10-05 14:59:22.521] <Wally>    (in) : clear_board
[2025-10-05 14:59:22.521] <Wally>    (in) : play B E7
[2025-10-05 14:59:22.529] <Wally>   (out) : =
[2025-10-05 14:59:22.529] <Wally>   (out) : =
[2025-10-05 14:59:22.529] <Wally>   (out) : 
[2025-10-05 14:59:53.529] <Wally>    (in) : quit
[2025-10-05 14:59:53.543] <Wally>  (meta) : Engine Stopped
[2025-10-05 14:59:53.544] <Wally>  (meta) : Connection Failed
[2025-10-05 14:59:53.544] <Wally>  (meta) : Connection Failed
[2025-10-05 14:59:56.883] <Wally>    (in) : name
[2025-10-05 14:59:56.883] <Wally>    (in) : version
[2025-10-05 14:59:56.883] <Wally>    (in) : protocol_version
[2025-10-05 14:59:56.883] <Wally>    (in) : list_commands
[2025-10-05 14:59:56.883] <Wally>  (meta) : Engine Started
[2025-10-05 14:59:56.973] <Wally>   (out) : = Wally
[2025-10-05 14:59:56.973] <Wally>   (out) : 
[2025-10-05 14:59:56.973] <Wally>   (out) : = 1.0 
[2025-10-05 14:59:56.973] <Wally>   (out) : 
[2025-10-05 14:59:56.973] <Wally>   (out) : = 1
[2025-10-05 14:59:56.973] <Wally>   (out) : 
[2025-10-05 14:59:56.974] <Wally>   (out) : = protocol_version
[2025-10-05 14:59:56.974] <Wally>   (out) : 
[2025-10-05 15:00:02.958] <Wally>    (in) : quit
[2025-10-05 15:00:02.981] <Wally>  (meta) : Engine Stopped
[2025-10-05 15:00:02.987] <Wally>  (meta) : Connection Failed
[2025-10-05 15:00:04.641] <Wally>    (in) : name
[2025-10-05 15:00:04.641] <Wally>    (in) : version
[2025-10-05 15:00:04.641] <Wally>    (in) : protocol_version
[2025-10-05 15:00:04.641] <Wally>    (in) : list_commands
[2025-10-05 15:00:04.641] <Wally>  (meta) : Engine Started
[2025-10-05 15:00:04.717] <Wally>   (out) : = Wally
[2025-10-05 15:00:04.717] <Wally>   (out) : 
[2025-10-05 15:00:04.717] <Wally>   (out) : = 1.0 
[2025-10-05 15:00:04.718] <Wally>   (out) : 
[2025-10-05 15:00:04.718] <Wally>   (out) : = 1
[2025-10-05 15:00:04.718] <Wally>   (out) : 
[2025-10-05 15:00:04.718] <Wally>   (out) : = protocol_version
[2025-10-05 15:00:04.718] <Wally>   (out) : 
[2025-10-05 15:00:13.119] <Wally>    (in) : quit
[2025-10-05 15:00:13.143] <Wally>  (meta) : Engine Stopped
[2025-10-05 15:00:13.145] <Wally>  (meta) : Connection Failed
[2025-10-05 15:00:16.355] <Wally>    (in) : name
[2025-10-05 15:00:16.355] <Wally>    (in) : version
[2025-10-05 15:00:16.356] <Wally>    (in) : protocol_version
[2025-10-05 15:00:16.356] <Wally>    (in) : list_commands
[2025-10-05 15:00:16.356] <Wally>  (meta) : Engine Started
[2025-10-05 15:00:16.431] <Wally>   (out) : = Wally
[2025-10-05 15:00:16.431] <Wally>   (out) : 
[2025-10-05 15:00:16.431] <Wally>   (out) : = 1.0 
[2025-10-05 15:00:16.431] <Wally>   (out) : 
[2025-10-05 15:00:16.431] <Wally>   (out) : = 1
[2025-10-05 15:00:16.431] <Wally>   (out) : 
[2025-10-05 15:00:16.431] <Wally>   (out) : = protocol_version
[2025-10-05 15:00:16.431] <Wally>   (out) : 
[2025-10-05 15:00:37.437] <Wally>    (in) : quit
[2025-10-05 15:00:37.461] <Wally>  (meta) : Engine Stopped
[2025-10-05 15:00:37.462] <Wally>  (meta) : Connection Failed
[2025-10-05 15:01:22.421] <Wally>    (in) : name
[2025-10-05 15:01:22.421] <Wally>    (in) : version
[2025-10-05 15:01:22.421] <Wally>    (in) : protocol_version
[2025-10-05 15:01:22.422] <Wally>    (in) : list_commands
[2025-10-05 15:01:22.422] <Wally>  (meta) : Engine Started
[2025-10-05 15:01:22.512] <Wally>   (out) : = Wally
[2025-10-05 15:01:22.513] <Wally>   (out) : 
[2025-10-05 15:01:22.513] <Wally>   (out) : = 1.0 
[2025-10-05 15:01:22.513] <Wally>   (out) : 
[2025-10-05 15:01:22.513] <Wally>   (out) : = 1
[2025-10-05 15:01:22.513] <Wally>   (out) : 
[2025-10-05 15:01:22.513] <Wally>   (out) : = protocol_version
[2025-10-05 15:01:22.513] <Wally>   (out) : 
[2025-10-05 15:01:25.320] <Wally>    (in) : komi 6.5
[2025-10-05 15:01:25.341] <Wally>   (out) : =
[2025-10-05 15:01:25.341] <Wally>   (out) : 
[2025-10-05 15:01:25.349] <Wally>    (in) : boardsize 9
[2025-10-05 15:01:25.359] <Wally>   (out) : =
[2025-10-05 15:01:29.693] <Wally>    (in) : protocol_version
[2025-10-05 15:01:29.713] <Wally>   (out) : = 1
[2025-10-05 15:01:29.714] <Wally>   (out) : 
[2025-10-05 15:01:29.721] <Wally>    (in) : clear_board
[2025-10-05 15:01:29.721] <Wally>    (in) : play B E7
[2025-10-05 15:01:29.732] <Wally>   (out) : =
[2025-10-05 15:01:29.732] <Wally>   (out) : =
[2025-10-05 15:01:29.732] <Wally>   (out) : 
[2025-10-05 15:01:36.150] <Wally>    (in) : protocol_version
[2025-10-05 15:01:36.159] <Wally>   (out) : = 1
[2025-10-05 15:01:36.160] <Wally>   (out) : 
[2025-10-05 15:01:38.514] <Wally>    (in) : protocol_version
[2025-10-05 15:01:38.520] <Wally>   (out) : = 1
[2025-10-05 15:01:38.521] <Wally>   (out) : 
[2025-10-05 15:01:38.527] <Wally>    (in) : play W E3
[2025-10-05 15:01:38.527] <Wally>    (in) : play B F5
[2025-10-05 15:01:38.534] <Wally>    (in) : protocol_version
[2025-10-05 15:01:38.540] <Wally>   (out) : =
[2025-10-05 15:01:38.540] <Wally>   (out) : 
[2025-10-05 15:01:38.540] <Wally>   (out) : =
[2025-10-05 15:01:38.541] <Wally>   (out) : 
[2025-10-05 15:01:38.541] <Wally>   (out) : = 1
[2025-10-05 15:01:38.541] <Wally>   (out) : 
